ARM GAS  T:\msys\tmp\ccCJ210c.s 			page 1


   1              		.cpu cortex-m4
   2              		.eabi_attribute 27, 1
   3              		.eabi_attribute 28, 1
   4              		.eabi_attribute 20, 1
   5              		.eabi_attribute 21, 1
   6              		.eabi_attribute 23, 3
   7              		.eabi_attribute 24, 1
   8              		.eabi_attribute 25, 1
   9              		.eabi_attribute 26, 1
  10              		.eabi_attribute 30, 2
  11              		.eabi_attribute 34, 1
  12              		.eabi_attribute 18, 4
  13              		.file	"hal_flash.c"
  14              		.text
  15              	.Ltext0:
  16              		.cfi_sections	.debug_frame
  17              		.section	.text.hal_flash_read,"ax",%progbits
  18              		.align	1
  19              		.p2align 2,,3
  20              		.global	hal_flash_read
  21              		.arch armv7e-m
  22              		.syntax unified
  23              		.thumb
  24              		.thumb_func
  25              		.fpu fpv4-sp-d16
  27              	hal_flash_read:
  28              	.LVL0:
  29              	.LFB123:
  30              		.file 1 "D:/fchai/work/i-cube/I-CUBE-HUAWEI/Middlewares/Third_Party/Huawei/targets/NUCLEO-L496ZG/S
   1:D:/fchai/work/i-cube/I-CUBE-HUAWEI/Middlewares/Third_Party/Huawei/targets/NUCLEO-L496ZG/Src/ota_flash\hal_flash.c **** /*----------------------------------------------------------------------------
   2:D:/fchai/work/i-cube/I-CUBE-HUAWEI/Middlewares/Third_Party/Huawei/targets/NUCLEO-L496ZG/Src/ota_flash\hal_flash.c ****  * Copyright (c) <2016-2018>, <Huawei Technologies Co., Ltd>
   3:D:/fchai/work/i-cube/I-CUBE-HUAWEI/Middlewares/Third_Party/Huawei/targets/NUCLEO-L496ZG/Src/ota_flash\hal_flash.c ****  * All rights reserved.
   4:D:/fchai/work/i-cube/I-CUBE-HUAWEI/Middlewares/Third_Party/Huawei/targets/NUCLEO-L496ZG/Src/ota_flash\hal_flash.c ****  * Redistribution and use in source and binary forms, with or without modification,
   5:D:/fchai/work/i-cube/I-CUBE-HUAWEI/Middlewares/Third_Party/Huawei/targets/NUCLEO-L496ZG/Src/ota_flash\hal_flash.c ****  * are permitted provided that the following conditions are met:
   6:D:/fchai/work/i-cube/I-CUBE-HUAWEI/Middlewares/Third_Party/Huawei/targets/NUCLEO-L496ZG/Src/ota_flash\hal_flash.c ****  * 1. Redistributions of source code must retain the above copyright notice, this list of
   7:D:/fchai/work/i-cube/I-CUBE-HUAWEI/Middlewares/Third_Party/Huawei/targets/NUCLEO-L496ZG/Src/ota_flash\hal_flash.c ****  * conditions and the following disclaimer.
   8:D:/fchai/work/i-cube/I-CUBE-HUAWEI/Middlewares/Third_Party/Huawei/targets/NUCLEO-L496ZG/Src/ota_flash\hal_flash.c ****  * 2. Redistributions in binary form must reproduce the above copyright notice, this list
   9:D:/fchai/work/i-cube/I-CUBE-HUAWEI/Middlewares/Third_Party/Huawei/targets/NUCLEO-L496ZG/Src/ota_flash\hal_flash.c ****  * of conditions and the following disclaimer in the documentation and/or other materials
  10:D:/fchai/work/i-cube/I-CUBE-HUAWEI/Middlewares/Third_Party/Huawei/targets/NUCLEO-L496ZG/Src/ota_flash\hal_flash.c ****  * provided with the distribution.
  11:D:/fchai/work/i-cube/I-CUBE-HUAWEI/Middlewares/Third_Party/Huawei/targets/NUCLEO-L496ZG/Src/ota_flash\hal_flash.c ****  * 3. Neither the name of the copyright holder nor the names of its contributors may be used
  12:D:/fchai/work/i-cube/I-CUBE-HUAWEI/Middlewares/Third_Party/Huawei/targets/NUCLEO-L496ZG/Src/ota_flash\hal_flash.c ****  * to endorse or promote products derived from this software without specific prior written
  13:D:/fchai/work/i-cube/I-CUBE-HUAWEI/Middlewares/Third_Party/Huawei/targets/NUCLEO-L496ZG/Src/ota_flash\hal_flash.c ****  * permission.
  14:D:/fchai/work/i-cube/I-CUBE-HUAWEI/Middlewares/Third_Party/Huawei/targets/NUCLEO-L496ZG/Src/ota_flash\hal_flash.c ****  * THIS SOFTWARE IS PROVIDED BY THE COPYRIGHT HOLDERS AND CONTRIBUTORS
  15:D:/fchai/work/i-cube/I-CUBE-HUAWEI/Middlewares/Third_Party/Huawei/targets/NUCLEO-L496ZG/Src/ota_flash\hal_flash.c ****  * "AS IS" AND ANY EXPRESS OR IMPLIED WARRANTIES, INCLUDING, BUT NOT LIMITED TO,
  16:D:/fchai/work/i-cube/I-CUBE-HUAWEI/Middlewares/Third_Party/Huawei/targets/NUCLEO-L496ZG/Src/ota_flash\hal_flash.c ****  * THE IMPLIED WARRANTIES OF MERCHANTABILITY AND FITNESS FOR A PARTICULAR
  17:D:/fchai/work/i-cube/I-CUBE-HUAWEI/Middlewares/Third_Party/Huawei/targets/NUCLEO-L496ZG/Src/ota_flash\hal_flash.c ****  * PURPOSE ARE DISCLAIMED. IN NO EVENT SHALL THE COPYRIGHT HOLDER OR
  18:D:/fchai/work/i-cube/I-CUBE-HUAWEI/Middlewares/Third_Party/Huawei/targets/NUCLEO-L496ZG/Src/ota_flash\hal_flash.c ****  * CONTRIBUTORS BE LIABLE FOR ANY DIRECT, INDIRECT, INCIDENTAL, SPECIAL,
  19:D:/fchai/work/i-cube/I-CUBE-HUAWEI/Middlewares/Third_Party/Huawei/targets/NUCLEO-L496ZG/Src/ota_flash\hal_flash.c ****  * EXEMPLARY, OR CONSEQUENTIAL DAMAGES (INCLUDING, BUT NOT LIMITED TO,
  20:D:/fchai/work/i-cube/I-CUBE-HUAWEI/Middlewares/Third_Party/Huawei/targets/NUCLEO-L496ZG/Src/ota_flash\hal_flash.c ****  * PROCUREMENT OF SUBSTITUTE GOODS OR SERVICES; LOSS OF USE, DATA, OR PROFITS;
  21:D:/fchai/work/i-cube/I-CUBE-HUAWEI/Middlewares/Third_Party/Huawei/targets/NUCLEO-L496ZG/Src/ota_flash\hal_flash.c ****  * OR BUSINESS INTERRUPTION) HOWEVER CAUSED AND ON ANY THEORY OF LIABILITY,
  22:D:/fchai/work/i-cube/I-CUBE-HUAWEI/Middlewares/Third_Party/Huawei/targets/NUCLEO-L496ZG/Src/ota_flash\hal_flash.c ****  * WHETHER IN CONTRACT, STRICT LIABILITY, OR TORT (INCLUDING NEGLIGENCE OR
  23:D:/fchai/work/i-cube/I-CUBE-HUAWEI/Middlewares/Third_Party/Huawei/targets/NUCLEO-L496ZG/Src/ota_flash\hal_flash.c ****  * OTHERWISE) ARISING IN ANY WAY OUT OF THE USE OF THIS SOFTWARE, EVEN IF
  24:D:/fchai/work/i-cube/I-CUBE-HUAWEI/Middlewares/Third_Party/Huawei/targets/NUCLEO-L496ZG/Src/ota_flash\hal_flash.c ****  * ADVISED OF THE POSSIBILITY OF SUCH DAMAGE.
  25:D:/fchai/work/i-cube/I-CUBE-HUAWEI/Middlewares/Third_Party/Huawei/targets/NUCLEO-L496ZG/Src/ota_flash\hal_flash.c ****  *---------------------------------------------------------------------------*/
  26:D:/fchai/work/i-cube/I-CUBE-HUAWEI/Middlewares/Third_Party/Huawei/targets/NUCLEO-L496ZG/Src/ota_flash\hal_flash.c **** /*----------------------------------------------------------------------------
  27:D:/fchai/work/i-cube/I-CUBE-HUAWEI/Middlewares/Third_Party/Huawei/targets/NUCLEO-L496ZG/Src/ota_flash\hal_flash.c ****  * Notice of Export Control Law
  28:D:/fchai/work/i-cube/I-CUBE-HUAWEI/Middlewares/Third_Party/Huawei/targets/NUCLEO-L496ZG/Src/ota_flash\hal_flash.c ****  * ===============================================
ARM GAS  T:\msys\tmp\ccCJ210c.s 			page 2


  29:D:/fchai/work/i-cube/I-CUBE-HUAWEI/Middlewares/Third_Party/Huawei/targets/NUCLEO-L496ZG/Src/ota_flash\hal_flash.c ****  * Huawei LiteOS may be subject to applicable export control laws and regulations, which might
  30:D:/fchai/work/i-cube/I-CUBE-HUAWEI/Middlewares/Third_Party/Huawei/targets/NUCLEO-L496ZG/Src/ota_flash\hal_flash.c ****  * include those applicable to Huawei LiteOS of U.S. and the country in which you are located.
  31:D:/fchai/work/i-cube/I-CUBE-HUAWEI/Middlewares/Third_Party/Huawei/targets/NUCLEO-L496ZG/Src/ota_flash\hal_flash.c ****  * Import, export and usage of Huawei LiteOS in any manner by you shall be in compliance with such
  32:D:/fchai/work/i-cube/I-CUBE-HUAWEI/Middlewares/Third_Party/Huawei/targets/NUCLEO-L496ZG/Src/ota_flash\hal_flash.c ****  * applicable export control laws and regulations.
  33:D:/fchai/work/i-cube/I-CUBE-HUAWEI/Middlewares/Third_Party/Huawei/targets/NUCLEO-L496ZG/Src/ota_flash\hal_flash.c ****  *---------------------------------------------------------------------------*/
  34:D:/fchai/work/i-cube/I-CUBE-HUAWEI/Middlewares/Third_Party/Huawei/targets/NUCLEO-L496ZG/Src/ota_flash\hal_flash.c **** 
  35:D:/fchai/work/i-cube/I-CUBE-HUAWEI/Middlewares/Third_Party/Huawei/targets/NUCLEO-L496ZG/Src/ota_flash\hal_flash.c **** #include <string.h>
  36:D:/fchai/work/i-cube/I-CUBE-HUAWEI/Middlewares/Third_Party/Huawei/targets/NUCLEO-L496ZG/Src/ota_flash\hal_flash.c **** #include "hal_flash.h"
  37:D:/fchai/work/i-cube/I-CUBE-HUAWEI/Middlewares/Third_Party/Huawei/targets/NUCLEO-L496ZG/Src/ota_flash\hal_flash.c **** #include "stm32l4xx.h"
  38:D:/fchai/work/i-cube/I-CUBE-HUAWEI/Middlewares/Third_Party/Huawei/targets/NUCLEO-L496ZG/Src/ota_flash\hal_flash.c **** #include "stm32l4xx_hal.h"
  39:D:/fchai/work/i-cube/I-CUBE-HUAWEI/Middlewares/Third_Party/Huawei/targets/NUCLEO-L496ZG/Src/ota_flash\hal_flash.c **** #include "stm32l4xx_hal_flash.h"
  40:D:/fchai/work/i-cube/I-CUBE-HUAWEI/Middlewares/Third_Party/Huawei/targets/NUCLEO-L496ZG/Src/ota_flash\hal_flash.c **** #include "stm32l4xx_hal_flash_ex.h"
  41:D:/fchai/work/i-cube/I-CUBE-HUAWEI/Middlewares/Third_Party/Huawei/targets/NUCLEO-L496ZG/Src/ota_flash\hal_flash.c **** 
  42:D:/fchai/work/i-cube/I-CUBE-HUAWEI/Middlewares/Third_Party/Huawei/targets/NUCLEO-L496ZG/Src/ota_flash\hal_flash.c **** #ifdef HAL_FLASH_MODULE_ENABLED
  43:D:/fchai/work/i-cube/I-CUBE-HUAWEI/Middlewares/Third_Party/Huawei/targets/NUCLEO-L496ZG/Src/ota_flash\hal_flash.c **** 
  44:D:/fchai/work/i-cube/I-CUBE-HUAWEI/Middlewares/Third_Party/Huawei/targets/NUCLEO-L496ZG/Src/ota_flash\hal_flash.c **** #define FLASH_PAGE_SIZE_MASK        (FLASH_PAGE_SIZE - 1)
  45:D:/fchai/work/i-cube/I-CUBE-HUAWEI/Middlewares/Third_Party/Huawei/targets/NUCLEO-L496ZG/Src/ota_flash\hal_flash.c **** 
  46:D:/fchai/work/i-cube/I-CUBE-HUAWEI/Middlewares/Third_Party/Huawei/targets/NUCLEO-L496ZG/Src/ota_flash\hal_flash.c **** int hal_flash_read(void* buf, int32_t len, uint32_t location)
  47:D:/fchai/work/i-cube/I-CUBE-HUAWEI/Middlewares/Third_Party/Huawei/targets/NUCLEO-L496ZG/Src/ota_flash\hal_flash.c **** {
  31              		.loc 1 47 1 view -0
  32              		.cfi_startproc
  33              		@ args = 0, pretend = 0, frame = 0
  34              		@ frame_needed = 0, uses_anonymous_args = 0
  48:D:/fchai/work/i-cube/I-CUBE-HUAWEI/Middlewares/Third_Party/Huawei/targets/NUCLEO-L496ZG/Src/ota_flash\hal_flash.c ****     memcpy(buf, (uint8_t*)location, len);
  35              		.loc 1 48 5 view .LVU1
  47:D:/fchai/work/i-cube/I-CUBE-HUAWEI/Middlewares/Third_Party/Huawei/targets/NUCLEO-L496ZG/Src/ota_flash\hal_flash.c ****     memcpy(buf, (uint8_t*)location, len);
  36              		.loc 1 47 1 is_stmt 0 view .LVU2
  37 0000 08B5     		push	{r3, lr}
  38              	.LCFI0:
  39              		.cfi_def_cfa_offset 8
  40              		.cfi_offset 3, -8
  41              		.cfi_offset 14, -4
  47:D:/fchai/work/i-cube/I-CUBE-HUAWEI/Middlewares/Third_Party/Huawei/targets/NUCLEO-L496ZG/Src/ota_flash\hal_flash.c ****     memcpy(buf, (uint8_t*)location, len);
  42              		.loc 1 47 1 view .LVU3
  43 0002 0B46     		mov	r3, r1
  44              		.loc 1 48 5 view .LVU4
  45 0004 1146     		mov	r1, r2
  46              	.LVL1:
  47              		.loc 1 48 5 view .LVU5
  48 0006 1A46     		mov	r2, r3
  49              	.LVL2:
  50              		.loc 1 48 5 view .LVU6
  51 0008 FFF7FEFF 		bl	memcpy
  52              	.LVL3:
  49:D:/fchai/work/i-cube/I-CUBE-HUAWEI/Middlewares/Third_Party/Huawei/targets/NUCLEO-L496ZG/Src/ota_flash\hal_flash.c ****     return 0;
  53              		.loc 1 49 5 is_stmt 1 view .LVU7
  50:D:/fchai/work/i-cube/I-CUBE-HUAWEI/Middlewares/Third_Party/Huawei/targets/NUCLEO-L496ZG/Src/ota_flash\hal_flash.c **** }
  54              		.loc 1 50 1 is_stmt 0 view .LVU8
  55 000c 0020     		movs	r0, #0
  56 000e 08BD     		pop	{r3, pc}
  57              		.cfi_endproc
  58              	.LFE123:
  60              		.section	.text.hal_flash_erase,"ax",%progbits
  61              		.align	1
  62              		.p2align 2,,3
  63              		.global	hal_flash_erase
  64              		.syntax unified
ARM GAS  T:\msys\tmp\ccCJ210c.s 			page 3


  65              		.thumb
  66              		.thumb_func
  67              		.fpu fpv4-sp-d16
  69              	hal_flash_erase:
  70              	.LVL4:
  71              	.LFB127:
  51:D:/fchai/work/i-cube/I-CUBE-HUAWEI/Middlewares/Third_Party/Huawei/targets/NUCLEO-L496ZG/Src/ota_flash\hal_flash.c **** 
  52:D:/fchai/work/i-cube/I-CUBE-HUAWEI/Middlewares/Third_Party/Huawei/targets/NUCLEO-L496ZG/Src/ota_flash\hal_flash.c **** static uint32_t __get_bank(uint32_t addr)
  53:D:/fchai/work/i-cube/I-CUBE-HUAWEI/Middlewares/Third_Party/Huawei/targets/NUCLEO-L496ZG/Src/ota_flash\hal_flash.c **** {
  54:D:/fchai/work/i-cube/I-CUBE-HUAWEI/Middlewares/Third_Party/Huawei/targets/NUCLEO-L496ZG/Src/ota_flash\hal_flash.c ****     uint32_t bank = 0;
  55:D:/fchai/work/i-cube/I-CUBE-HUAWEI/Middlewares/Third_Party/Huawei/targets/NUCLEO-L496ZG/Src/ota_flash\hal_flash.c **** 
  56:D:/fchai/work/i-cube/I-CUBE-HUAWEI/Middlewares/Third_Party/Huawei/targets/NUCLEO-L496ZG/Src/ota_flash\hal_flash.c ****     if (READ_BIT(SYSCFG->MEMRMP, SYSCFG_MEMRMP_FB_MODE) == 0)
  57:D:/fchai/work/i-cube/I-CUBE-HUAWEI/Middlewares/Third_Party/Huawei/targets/NUCLEO-L496ZG/Src/ota_flash\hal_flash.c ****     {
  58:D:/fchai/work/i-cube/I-CUBE-HUAWEI/Middlewares/Third_Party/Huawei/targets/NUCLEO-L496ZG/Src/ota_flash\hal_flash.c ****         /* No Bank swap */
  59:D:/fchai/work/i-cube/I-CUBE-HUAWEI/Middlewares/Third_Party/Huawei/targets/NUCLEO-L496ZG/Src/ota_flash\hal_flash.c ****         if (addr < (FLASH_BASE + FLASH_BANK_SIZE))
  60:D:/fchai/work/i-cube/I-CUBE-HUAWEI/Middlewares/Third_Party/Huawei/targets/NUCLEO-L496ZG/Src/ota_flash\hal_flash.c ****         {
  61:D:/fchai/work/i-cube/I-CUBE-HUAWEI/Middlewares/Third_Party/Huawei/targets/NUCLEO-L496ZG/Src/ota_flash\hal_flash.c ****             bank = FLASH_BANK_1;
  62:D:/fchai/work/i-cube/I-CUBE-HUAWEI/Middlewares/Third_Party/Huawei/targets/NUCLEO-L496ZG/Src/ota_flash\hal_flash.c ****         }
  63:D:/fchai/work/i-cube/I-CUBE-HUAWEI/Middlewares/Third_Party/Huawei/targets/NUCLEO-L496ZG/Src/ota_flash\hal_flash.c ****         else
  64:D:/fchai/work/i-cube/I-CUBE-HUAWEI/Middlewares/Third_Party/Huawei/targets/NUCLEO-L496ZG/Src/ota_flash\hal_flash.c ****         {
  65:D:/fchai/work/i-cube/I-CUBE-HUAWEI/Middlewares/Third_Party/Huawei/targets/NUCLEO-L496ZG/Src/ota_flash\hal_flash.c ****             bank = FLASH_BANK_2;
  66:D:/fchai/work/i-cube/I-CUBE-HUAWEI/Middlewares/Third_Party/Huawei/targets/NUCLEO-L496ZG/Src/ota_flash\hal_flash.c ****         }
  67:D:/fchai/work/i-cube/I-CUBE-HUAWEI/Middlewares/Third_Party/Huawei/targets/NUCLEO-L496ZG/Src/ota_flash\hal_flash.c ****     }
  68:D:/fchai/work/i-cube/I-CUBE-HUAWEI/Middlewares/Third_Party/Huawei/targets/NUCLEO-L496ZG/Src/ota_flash\hal_flash.c ****     else
  69:D:/fchai/work/i-cube/I-CUBE-HUAWEI/Middlewares/Third_Party/Huawei/targets/NUCLEO-L496ZG/Src/ota_flash\hal_flash.c ****     {
  70:D:/fchai/work/i-cube/I-CUBE-HUAWEI/Middlewares/Third_Party/Huawei/targets/NUCLEO-L496ZG/Src/ota_flash\hal_flash.c ****         /* Bank swap */
  71:D:/fchai/work/i-cube/I-CUBE-HUAWEI/Middlewares/Third_Party/Huawei/targets/NUCLEO-L496ZG/Src/ota_flash\hal_flash.c ****         if (addr < (FLASH_BASE + FLASH_BANK_SIZE))
  72:D:/fchai/work/i-cube/I-CUBE-HUAWEI/Middlewares/Third_Party/Huawei/targets/NUCLEO-L496ZG/Src/ota_flash\hal_flash.c ****         {
  73:D:/fchai/work/i-cube/I-CUBE-HUAWEI/Middlewares/Third_Party/Huawei/targets/NUCLEO-L496ZG/Src/ota_flash\hal_flash.c ****             bank = FLASH_BANK_2;
  74:D:/fchai/work/i-cube/I-CUBE-HUAWEI/Middlewares/Third_Party/Huawei/targets/NUCLEO-L496ZG/Src/ota_flash\hal_flash.c ****         }
  75:D:/fchai/work/i-cube/I-CUBE-HUAWEI/Middlewares/Third_Party/Huawei/targets/NUCLEO-L496ZG/Src/ota_flash\hal_flash.c ****         else
  76:D:/fchai/work/i-cube/I-CUBE-HUAWEI/Middlewares/Third_Party/Huawei/targets/NUCLEO-L496ZG/Src/ota_flash\hal_flash.c ****         {
  77:D:/fchai/work/i-cube/I-CUBE-HUAWEI/Middlewares/Third_Party/Huawei/targets/NUCLEO-L496ZG/Src/ota_flash\hal_flash.c ****             bank = FLASH_BANK_1;
  78:D:/fchai/work/i-cube/I-CUBE-HUAWEI/Middlewares/Third_Party/Huawei/targets/NUCLEO-L496ZG/Src/ota_flash\hal_flash.c ****         }
  79:D:/fchai/work/i-cube/I-CUBE-HUAWEI/Middlewares/Third_Party/Huawei/targets/NUCLEO-L496ZG/Src/ota_flash\hal_flash.c ****     }
  80:D:/fchai/work/i-cube/I-CUBE-HUAWEI/Middlewares/Third_Party/Huawei/targets/NUCLEO-L496ZG/Src/ota_flash\hal_flash.c **** 
  81:D:/fchai/work/i-cube/I-CUBE-HUAWEI/Middlewares/Third_Party/Huawei/targets/NUCLEO-L496ZG/Src/ota_flash\hal_flash.c ****     return bank;
  82:D:/fchai/work/i-cube/I-CUBE-HUAWEI/Middlewares/Third_Party/Huawei/targets/NUCLEO-L496ZG/Src/ota_flash\hal_flash.c **** }
  83:D:/fchai/work/i-cube/I-CUBE-HUAWEI/Middlewares/Third_Party/Huawei/targets/NUCLEO-L496ZG/Src/ota_flash\hal_flash.c **** 
  84:D:/fchai/work/i-cube/I-CUBE-HUAWEI/Middlewares/Third_Party/Huawei/targets/NUCLEO-L496ZG/Src/ota_flash\hal_flash.c **** static uint32_t __get_page(uint32_t addr)
  85:D:/fchai/work/i-cube/I-CUBE-HUAWEI/Middlewares/Third_Party/Huawei/targets/NUCLEO-L496ZG/Src/ota_flash\hal_flash.c **** {
  86:D:/fchai/work/i-cube/I-CUBE-HUAWEI/Middlewares/Third_Party/Huawei/targets/NUCLEO-L496ZG/Src/ota_flash\hal_flash.c ****     uint32_t page = 0;
  87:D:/fchai/work/i-cube/I-CUBE-HUAWEI/Middlewares/Third_Party/Huawei/targets/NUCLEO-L496ZG/Src/ota_flash\hal_flash.c **** 
  88:D:/fchai/work/i-cube/I-CUBE-HUAWEI/Middlewares/Third_Party/Huawei/targets/NUCLEO-L496ZG/Src/ota_flash\hal_flash.c ****     if (addr < (FLASH_BASE + FLASH_BANK_SIZE))
  89:D:/fchai/work/i-cube/I-CUBE-HUAWEI/Middlewares/Third_Party/Huawei/targets/NUCLEO-L496ZG/Src/ota_flash\hal_flash.c ****     {
  90:D:/fchai/work/i-cube/I-CUBE-HUAWEI/Middlewares/Third_Party/Huawei/targets/NUCLEO-L496ZG/Src/ota_flash\hal_flash.c ****         /* Bank 1 */
  91:D:/fchai/work/i-cube/I-CUBE-HUAWEI/Middlewares/Third_Party/Huawei/targets/NUCLEO-L496ZG/Src/ota_flash\hal_flash.c ****         page = (addr - FLASH_BASE) / FLASH_PAGE_SIZE;
  92:D:/fchai/work/i-cube/I-CUBE-HUAWEI/Middlewares/Third_Party/Huawei/targets/NUCLEO-L496ZG/Src/ota_flash\hal_flash.c ****     }
  93:D:/fchai/work/i-cube/I-CUBE-HUAWEI/Middlewares/Third_Party/Huawei/targets/NUCLEO-L496ZG/Src/ota_flash\hal_flash.c ****     else
  94:D:/fchai/work/i-cube/I-CUBE-HUAWEI/Middlewares/Third_Party/Huawei/targets/NUCLEO-L496ZG/Src/ota_flash\hal_flash.c ****     {
  95:D:/fchai/work/i-cube/I-CUBE-HUAWEI/Middlewares/Third_Party/Huawei/targets/NUCLEO-L496ZG/Src/ota_flash\hal_flash.c ****         /* Bank 2 */
  96:D:/fchai/work/i-cube/I-CUBE-HUAWEI/Middlewares/Third_Party/Huawei/targets/NUCLEO-L496ZG/Src/ota_flash\hal_flash.c ****         page = (addr - (FLASH_BASE + FLASH_BANK_SIZE)) / FLASH_PAGE_SIZE;
  97:D:/fchai/work/i-cube/I-CUBE-HUAWEI/Middlewares/Third_Party/Huawei/targets/NUCLEO-L496ZG/Src/ota_flash\hal_flash.c ****     }
  98:D:/fchai/work/i-cube/I-CUBE-HUAWEI/Middlewares/Third_Party/Huawei/targets/NUCLEO-L496ZG/Src/ota_flash\hal_flash.c **** 
  99:D:/fchai/work/i-cube/I-CUBE-HUAWEI/Middlewares/Third_Party/Huawei/targets/NUCLEO-L496ZG/Src/ota_flash\hal_flash.c ****     return page;
 100:D:/fchai/work/i-cube/I-CUBE-HUAWEI/Middlewares/Third_Party/Huawei/targets/NUCLEO-L496ZG/Src/ota_flash\hal_flash.c **** }
 101:D:/fchai/work/i-cube/I-CUBE-HUAWEI/Middlewares/Third_Party/Huawei/targets/NUCLEO-L496ZG/Src/ota_flash\hal_flash.c **** 
ARM GAS  T:\msys\tmp\ccCJ210c.s 			page 4


 102:D:/fchai/work/i-cube/I-CUBE-HUAWEI/Middlewares/Third_Party/Huawei/targets/NUCLEO-L496ZG/Src/ota_flash\hal_flash.c **** static int hal_flash_erase_one_page (uint32_t addr)
 103:D:/fchai/work/i-cube/I-CUBE-HUAWEI/Middlewares/Third_Party/Huawei/targets/NUCLEO-L496ZG/Src/ota_flash\hal_flash.c **** {
 104:D:/fchai/work/i-cube/I-CUBE-HUAWEI/Middlewares/Third_Party/Huawei/targets/NUCLEO-L496ZG/Src/ota_flash\hal_flash.c ****     uint32_t PageError = 0;
 105:D:/fchai/work/i-cube/I-CUBE-HUAWEI/Middlewares/Third_Party/Huawei/targets/NUCLEO-L496ZG/Src/ota_flash\hal_flash.c ****     HAL_StatusTypeDef status;
 106:D:/fchai/work/i-cube/I-CUBE-HUAWEI/Middlewares/Third_Party/Huawei/targets/NUCLEO-L496ZG/Src/ota_flash\hal_flash.c ****     FLASH_EraseInitTypeDef eraseinitstruct;
 107:D:/fchai/work/i-cube/I-CUBE-HUAWEI/Middlewares/Third_Party/Huawei/targets/NUCLEO-L496ZG/Src/ota_flash\hal_flash.c **** 
 108:D:/fchai/work/i-cube/I-CUBE-HUAWEI/Middlewares/Third_Party/Huawei/targets/NUCLEO-L496ZG/Src/ota_flash\hal_flash.c ****     HAL_FLASH_Unlock ();
 109:D:/fchai/work/i-cube/I-CUBE-HUAWEI/Middlewares/Third_Party/Huawei/targets/NUCLEO-L496ZG/Src/ota_flash\hal_flash.c **** 
 110:D:/fchai/work/i-cube/I-CUBE-HUAWEI/Middlewares/Third_Party/Huawei/targets/NUCLEO-L496ZG/Src/ota_flash\hal_flash.c ****     __HAL_FLASH_CLEAR_FLAG(FLASH_FLAG_OPTVERR | FLASH_FLAG_PGAERR | FLASH_FLAG_PGSERR);
 111:D:/fchai/work/i-cube/I-CUBE-HUAWEI/Middlewares/Third_Party/Huawei/targets/NUCLEO-L496ZG/Src/ota_flash\hal_flash.c **** 
 112:D:/fchai/work/i-cube/I-CUBE-HUAWEI/Middlewares/Third_Party/Huawei/targets/NUCLEO-L496ZG/Src/ota_flash\hal_flash.c ****     eraseinitstruct.Banks = __get_bank(addr);
 113:D:/fchai/work/i-cube/I-CUBE-HUAWEI/Middlewares/Third_Party/Huawei/targets/NUCLEO-L496ZG/Src/ota_flash\hal_flash.c ****     eraseinitstruct.TypeErase = FLASH_TYPEERASE_PAGES;
 114:D:/fchai/work/i-cube/I-CUBE-HUAWEI/Middlewares/Third_Party/Huawei/targets/NUCLEO-L496ZG/Src/ota_flash\hal_flash.c ****     eraseinitstruct.Page = __get_page(addr);
 115:D:/fchai/work/i-cube/I-CUBE-HUAWEI/Middlewares/Third_Party/Huawei/targets/NUCLEO-L496ZG/Src/ota_flash\hal_flash.c ****     eraseinitstruct.NbPages = 1;
 116:D:/fchai/work/i-cube/I-CUBE-HUAWEI/Middlewares/Third_Party/Huawei/targets/NUCLEO-L496ZG/Src/ota_flash\hal_flash.c ****     status = HAL_FLASHEx_Erase(&eraseinitstruct, &PageError);
 117:D:/fchai/work/i-cube/I-CUBE-HUAWEI/Middlewares/Third_Party/Huawei/targets/NUCLEO-L496ZG/Src/ota_flash\hal_flash.c **** 
 118:D:/fchai/work/i-cube/I-CUBE-HUAWEI/Middlewares/Third_Party/Huawei/targets/NUCLEO-L496ZG/Src/ota_flash\hal_flash.c ****     HAL_FLASH_Lock ();
 119:D:/fchai/work/i-cube/I-CUBE-HUAWEI/Middlewares/Third_Party/Huawei/targets/NUCLEO-L496ZG/Src/ota_flash\hal_flash.c **** 
 120:D:/fchai/work/i-cube/I-CUBE-HUAWEI/Middlewares/Third_Party/Huawei/targets/NUCLEO-L496ZG/Src/ota_flash\hal_flash.c ****     if (status != HAL_OK)
 121:D:/fchai/work/i-cube/I-CUBE-HUAWEI/Middlewares/Third_Party/Huawei/targets/NUCLEO-L496ZG/Src/ota_flash\hal_flash.c ****     {
 122:D:/fchai/work/i-cube/I-CUBE-HUAWEI/Middlewares/Third_Party/Huawei/targets/NUCLEO-L496ZG/Src/ota_flash\hal_flash.c ****         return -1;
 123:D:/fchai/work/i-cube/I-CUBE-HUAWEI/Middlewares/Third_Party/Huawei/targets/NUCLEO-L496ZG/Src/ota_flash\hal_flash.c ****     }
 124:D:/fchai/work/i-cube/I-CUBE-HUAWEI/Middlewares/Third_Party/Huawei/targets/NUCLEO-L496ZG/Src/ota_flash\hal_flash.c **** 
 125:D:/fchai/work/i-cube/I-CUBE-HUAWEI/Middlewares/Third_Party/Huawei/targets/NUCLEO-L496ZG/Src/ota_flash\hal_flash.c ****     return 0;
 126:D:/fchai/work/i-cube/I-CUBE-HUAWEI/Middlewares/Third_Party/Huawei/targets/NUCLEO-L496ZG/Src/ota_flash\hal_flash.c **** }
 127:D:/fchai/work/i-cube/I-CUBE-HUAWEI/Middlewares/Third_Party/Huawei/targets/NUCLEO-L496ZG/Src/ota_flash\hal_flash.c **** 
 128:D:/fchai/work/i-cube/I-CUBE-HUAWEI/Middlewares/Third_Party/Huawei/targets/NUCLEO-L496ZG/Src/ota_flash\hal_flash.c **** int hal_flash_erase(uint32_t addr, int32_t len)
 129:D:/fchai/work/i-cube/I-CUBE-HUAWEI/Middlewares/Third_Party/Huawei/targets/NUCLEO-L496ZG/Src/ota_flash\hal_flash.c **** {
  72              		.loc 1 129 1 is_stmt 1 view -0
  73              		.cfi_startproc
  74              		@ args = 0, pretend = 0, frame = 24
  75              		@ frame_needed = 0, uses_anonymous_args = 0
 130:D:/fchai/work/i-cube/I-CUBE-HUAWEI/Middlewares/Third_Party/Huawei/targets/NUCLEO-L496ZG/Src/ota_flash\hal_flash.c ****     int32_t i;
  76              		.loc 1 130 5 view .LVU10
 131:D:/fchai/work/i-cube/I-CUBE-HUAWEI/Middlewares/Third_Party/Huawei/targets/NUCLEO-L496ZG/Src/ota_flash\hal_flash.c **** 
 132:D:/fchai/work/i-cube/I-CUBE-HUAWEI/Middlewares/Third_Party/Huawei/targets/NUCLEO-L496ZG/Src/ota_flash\hal_flash.c ****     if (((addr & FLASH_PAGE_SIZE_MASK) != 0) || (len < 0) || ((len & FLASH_PAGE_SIZE_MASK) != 0))
  77              		.loc 1 132 5 view .LVU11
  78              		.loc 1 132 46 is_stmt 0 view .LVU12
  79 0000 0029     		cmp	r1, #0
  80              		.loc 1 132 46 view .LVU13
  81 0002 65DB     		blt	.L18
 129:D:/fchai/work/i-cube/I-CUBE-HUAWEI/Middlewares/Third_Party/Huawei/targets/NUCLEO-L496ZG/Src/ota_flash\hal_flash.c ****     int32_t i;
  82              		.loc 1 129 1 discriminator 2 view .LVU14
  83 0004 2DE9F043 		push	{r4, r5, r6, r7, r8, r9, lr}
  84              	.LCFI1:
  85              		.cfi_def_cfa_offset 28
  86              		.cfi_offset 4, -28
  87              		.cfi_offset 5, -24
  88              		.cfi_offset 6, -20
  89              		.cfi_offset 7, -16
  90              		.cfi_offset 8, -12
  91              		.cfi_offset 9, -8
  92              		.cfi_offset 14, -4
  93              		.loc 1 132 59 discriminator 2 view .LVU15
  94 0008 41EA0004 		orr	r4, r1, r0
  95 000c C4F30A04 		ubfx	r4, r4, #0, #11
 129:D:/fchai/work/i-cube/I-CUBE-HUAWEI/Middlewares/Third_Party/Huawei/targets/NUCLEO-L496ZG/Src/ota_flash\hal_flash.c ****     int32_t i;
ARM GAS  T:\msys\tmp\ccCJ210c.s 			page 5


  96              		.loc 1 129 1 discriminator 2 view .LVU16
  97 0010 87B0     		sub	sp, sp, #28
  98              	.LCFI2:
  99              		.cfi_def_cfa_offset 56
 100 0012 8046     		mov	r8, r0
 101              		.loc 1 132 59 discriminator 2 view .LVU17
 102 0014 002C     		cmp	r4, #0
 103 0016 58D1     		bne	.L19
 104              	.LVL5:
 133:D:/fchai/work/i-cube/I-CUBE-HUAWEI/Middlewares/Third_Party/Huawei/targets/NUCLEO-L496ZG/Src/ota_flash\hal_flash.c ****     {
 134:D:/fchai/work/i-cube/I-CUBE-HUAWEI/Middlewares/Third_Party/Huawei/targets/NUCLEO-L496ZG/Src/ota_flash\hal_flash.c ****         return -1;
 135:D:/fchai/work/i-cube/I-CUBE-HUAWEI/Middlewares/Third_Party/Huawei/targets/NUCLEO-L496ZG/Src/ota_flash\hal_flash.c ****     }
 136:D:/fchai/work/i-cube/I-CUBE-HUAWEI/Middlewares/Third_Party/Huawei/targets/NUCLEO-L496ZG/Src/ota_flash\hal_flash.c **** 
 137:D:/fchai/work/i-cube/I-CUBE-HUAWEI/Middlewares/Third_Party/Huawei/targets/NUCLEO-L496ZG/Src/ota_flash\hal_flash.c ****     for (i = 0; i < len / (int32_t) FLASH_PAGE_SIZE; i++)
 105              		.loc 1 137 17 is_stmt 1 view .LVU18
 106              		.loc 1 137 5 is_stmt 0 view .LVU19
 107 0018 C912     		asrs	r1, r1, #11
 108              	.LVL6:
 109              		.loc 1 137 5 view .LVU20
 110 001a 52D0     		beq	.L17
 111              	.LBB10:
 112              	.LBB11:
 110:D:/fchai/work/i-cube/I-CUBE-HUAWEI/Middlewares/Third_Party/Huawei/targets/NUCLEO-L496ZG/Src/ota_flash\hal_flash.c **** 
 113              		.loc 1 110 5 view .LVU21
 114 001c 2E4F     		ldr	r7, .L32
 115              	.LBB12:
 116              	.LBB13:
  71:D:/fchai/work/i-cube/I-CUBE-HUAWEI/Middlewares/Third_Party/Huawei/targets/NUCLEO-L496ZG/Src/ota_flash\hal_flash.c ****         {
 117              		.loc 1 71 34 view .LVU22
 118 001e 2F4E     		ldr	r6, .L32+4
 119 0020 08EBC125 		add	r5, r8, r1, lsl #11
 120 0024 31E0     		b	.L15
 121              	.LVL7:
 122              	.L31:
  59:D:/fchai/work/i-cube/I-CUBE-HUAWEI/Middlewares/Third_Party/Huawei/targets/NUCLEO-L496ZG/Src/ota_flash\hal_flash.c ****         {
 123              		.loc 1 59 9 is_stmt 1 view .LVU23
  59:D:/fchai/work/i-cube/I-CUBE-HUAWEI/Middlewares/Third_Party/Huawei/targets/NUCLEO-L496ZG/Src/ota_flash\hal_flash.c ****         {
 124              		.loc 1 59 32 is_stmt 0 view .LVU24
 125 0026 9942     		cmp	r1, r3
  59:D:/fchai/work/i-cube/I-CUBE-HUAWEI/Middlewares/Third_Party/Huawei/targets/NUCLEO-L496ZG/Src/ota_flash\hal_flash.c ****         {
 126              		.loc 1 59 34 view .LVU25
 127 0028 17BF     		itett	ne
 128 002a 2D4B     		ldrne	r3, .L32+8
  59:D:/fchai/work/i-cube/I-CUBE-HUAWEI/Middlewares/Third_Party/Huawei/targets/NUCLEO-L496ZG/Src/ota_flash\hal_flash.c ****         {
 129              		.loc 1 59 32 view .LVU26
 130 002c 2D4B     		ldreq	r3, .L32+12
  59:D:/fchai/work/i-cube/I-CUBE-HUAWEI/Middlewares/Third_Party/Huawei/targets/NUCLEO-L496ZG/Src/ota_flash\hal_flash.c ****         {
 131              		.loc 1 59 34 view .LVU27
 132 002e 03EA4223 		andne	r3, r3, r2, lsl #9
  59:D:/fchai/work/i-cube/I-CUBE-HUAWEI/Middlewares/Third_Party/Huawei/targets/NUCLEO-L496ZG/Src/ota_flash\hal_flash.c ****         {
 133              		.loc 1 59 32 view .LVU28
 134 0032 03F10063 		addne	r3, r3, #134217728
  73:D:/fchai/work/i-cube/I-CUBE-HUAWEI/Middlewares/Third_Party/Huawei/targets/NUCLEO-L496ZG/Src/ota_flash\hal_flash.c ****         }
 135              		.loc 1 73 18 view .LVU29
 136 0036 4345     		cmp	r3, r8
 137 0038 8CBF     		ite	hi
 138 003a 0123     		movhi	r3, #1
ARM GAS  T:\msys\tmp\ccCJ210c.s 			page 6


 139 003c 0223     		movls	r3, #2
 140              	.L9:
 141              	.LVL8:
  81:D:/fchai/work/i-cube/I-CUBE-HUAWEI/Middlewares/Third_Party/Huawei/targets/NUCLEO-L496ZG/Src/ota_flash\hal_flash.c **** }
 142              		.loc 1 81 5 is_stmt 1 view .LVU30
  81:D:/fchai/work/i-cube/I-CUBE-HUAWEI/Middlewares/Third_Party/Huawei/targets/NUCLEO-L496ZG/Src/ota_flash\hal_flash.c **** }
 143              		.loc 1 81 5 is_stmt 0 view .LVU31
 144              	.LBE13:
 145              	.LBE12:
 113:D:/fchai/work/i-cube/I-CUBE-HUAWEI/Middlewares/Third_Party/Huawei/targets/NUCLEO-L496ZG/Src/ota_flash\hal_flash.c ****     eraseinitstruct.Page = __get_page(addr);
 146              		.loc 1 113 31 view .LVU32
 147 003e CDE90243 		strd	r4, r3, [sp, #8]
 114:D:/fchai/work/i-cube/I-CUBE-HUAWEI/Middlewares/Third_Party/Huawei/targets/NUCLEO-L496ZG/Src/ota_flash\hal_flash.c ****     eraseinitstruct.NbPages = 1;
 148              		.loc 1 114 5 is_stmt 1 view .LVU33
 149              	.LVL9:
 150              	.LBB16:
 151              	.LBI16:
  84:D:/fchai/work/i-cube/I-CUBE-HUAWEI/Middlewares/Third_Party/Huawei/targets/NUCLEO-L496ZG/Src/ota_flash\hal_flash.c **** {
 152              		.loc 1 84 17 view .LVU34
 153              	.LBB17:
  86:D:/fchai/work/i-cube/I-CUBE-HUAWEI/Middlewares/Third_Party/Huawei/targets/NUCLEO-L496ZG/Src/ota_flash\hal_flash.c **** 
 154              		.loc 1 86 5 view .LVU35
  88:D:/fchai/work/i-cube/I-CUBE-HUAWEI/Middlewares/Third_Party/Huawei/targets/NUCLEO-L496ZG/Src/ota_flash\hal_flash.c ****     {
 155              		.loc 1 88 5 view .LVU36
  88:D:/fchai/work/i-cube/I-CUBE-HUAWEI/Middlewares/Third_Party/Huawei/targets/NUCLEO-L496ZG/Src/ota_flash\hal_flash.c ****     {
 156              		.loc 1 88 30 is_stmt 0 view .LVU37
 157 0042 3268     		ldr	r2, [r6]
 158 0044 4FF6FF73 		movw	r3, #65535
 159 0048 91B2     		uxth	r1, r2
  88:D:/fchai/work/i-cube/I-CUBE-HUAWEI/Middlewares/Third_Party/Huawei/targets/NUCLEO-L496ZG/Src/ota_flash\hal_flash.c ****     {
 160              		.loc 1 88 28 view .LVU38
 161 004a 9942     		cmp	r1, r3
  88:D:/fchai/work/i-cube/I-CUBE-HUAWEI/Middlewares/Third_Party/Huawei/targets/NUCLEO-L496ZG/Src/ota_flash\hal_flash.c ****     {
 162              		.loc 1 88 30 view .LVU39
 163 004c 17BF     		itett	ne
 164 004e 244B     		ldrne	r3, .L32+8
  88:D:/fchai/work/i-cube/I-CUBE-HUAWEI/Middlewares/Third_Party/Huawei/targets/NUCLEO-L496ZG/Src/ota_flash\hal_flash.c ****     {
 165              		.loc 1 88 28 view .LVU40
 166 0050 244B     		ldreq	r3, .L32+12
  88:D:/fchai/work/i-cube/I-CUBE-HUAWEI/Middlewares/Third_Party/Huawei/targets/NUCLEO-L496ZG/Src/ota_flash\hal_flash.c ****     {
 167              		.loc 1 88 30 view .LVU41
 168 0052 03EA4223 		andne	r3, r3, r2, lsl #9
  88:D:/fchai/work/i-cube/I-CUBE-HUAWEI/Middlewares/Third_Party/Huawei/targets/NUCLEO-L496ZG/Src/ota_flash\hal_flash.c ****     {
 169              		.loc 1 88 28 view .LVU42
 170 0056 03F10063 		addne	r3, r3, #134217728
  88:D:/fchai/work/i-cube/I-CUBE-HUAWEI/Middlewares/Third_Party/Huawei/targets/NUCLEO-L496ZG/Src/ota_flash\hal_flash.c ****     {
 171              		.loc 1 88 8 view .LVU43
 172 005a 4345     		cmp	r3, r8
  91:D:/fchai/work/i-cube/I-CUBE-HUAWEI/Middlewares/Third_Party/Huawei/targets/NUCLEO-L496ZG/Src/ota_flash\hal_flash.c ****     }
 173              		.loc 1 91 9 is_stmt 1 view .LVU44
  91:D:/fchai/work/i-cube/I-CUBE-HUAWEI/Middlewares/Third_Party/Huawei/targets/NUCLEO-L496ZG/Src/ota_flash\hal_flash.c ****     }
 174              		.loc 1 91 14 is_stmt 0 view .LVU45
 175 005c 8CBF     		ite	hi
 176 005e 08F17843 		addhi	r3, r8, #-134217728
  96:D:/fchai/work/i-cube/I-CUBE-HUAWEI/Middlewares/Third_Party/Huawei/targets/NUCLEO-L496ZG/Src/ota_flash\hal_flash.c ****     }
 177              		.loc 1 96 9 is_stmt 1 view .LVU46
  96:D:/fchai/work/i-cube/I-CUBE-HUAWEI/Middlewares/Third_Party/Huawei/targets/NUCLEO-L496ZG/Src/ota_flash\hal_flash.c ****     }
ARM GAS  T:\msys\tmp\ccCJ210c.s 			page 7


 178              		.loc 1 96 22 is_stmt 0 view .LVU47
 179 0062 A8EB0303 		subls	r3, r8, r3
  96:D:/fchai/work/i-cube/I-CUBE-HUAWEI/Middlewares/Third_Party/Huawei/targets/NUCLEO-L496ZG/Src/ota_flash\hal_flash.c ****     }
 180              		.loc 1 96 14 view .LVU48
 181 0066 DB0A     		lsrs	r3, r3, #11
 182              	.LVL10:
  99:D:/fchai/work/i-cube/I-CUBE-HUAWEI/Middlewares/Third_Party/Huawei/targets/NUCLEO-L496ZG/Src/ota_flash\hal_flash.c **** }
 183              		.loc 1 99 5 is_stmt 1 view .LVU49
  99:D:/fchai/work/i-cube/I-CUBE-HUAWEI/Middlewares/Third_Party/Huawei/targets/NUCLEO-L496ZG/Src/ota_flash\hal_flash.c **** }
 184              		.loc 1 99 5 is_stmt 0 view .LVU50
 185              	.LBE17:
 186              	.LBE16:
 115:D:/fchai/work/i-cube/I-CUBE-HUAWEI/Middlewares/Third_Party/Huawei/targets/NUCLEO-L496ZG/Src/ota_flash\hal_flash.c ****     status = HAL_FLASHEx_Erase(&eraseinitstruct, &PageError);
 187              		.loc 1 115 29 view .LVU51
 188 0068 0122     		movs	r2, #1
 116:D:/fchai/work/i-cube/I-CUBE-HUAWEI/Middlewares/Third_Party/Huawei/targets/NUCLEO-L496ZG/Src/ota_flash\hal_flash.c **** 
 189              		.loc 1 116 14 view .LVU52
 190 006a 01A9     		add	r1, sp, #4
 191 006c 02A8     		add	r0, sp, #8
 115:D:/fchai/work/i-cube/I-CUBE-HUAWEI/Middlewares/Third_Party/Huawei/targets/NUCLEO-L496ZG/Src/ota_flash\hal_flash.c ****     status = HAL_FLASHEx_Erase(&eraseinitstruct, &PageError);
 192              		.loc 1 115 29 view .LVU53
 193 006e CDE90432 		strd	r3, r2, [sp, #16]
 116:D:/fchai/work/i-cube/I-CUBE-HUAWEI/Middlewares/Third_Party/Huawei/targets/NUCLEO-L496ZG/Src/ota_flash\hal_flash.c **** 
 194              		.loc 1 116 5 is_stmt 1 view .LVU54
 116:D:/fchai/work/i-cube/I-CUBE-HUAWEI/Middlewares/Third_Party/Huawei/targets/NUCLEO-L496ZG/Src/ota_flash\hal_flash.c **** 
 195              		.loc 1 116 14 is_stmt 0 view .LVU55
 196 0072 FFF7FEFF 		bl	HAL_FLASHEx_Erase
 197              	.LVL11:
 198 0076 8146     		mov	r9, r0
 199              	.LVL12:
 118:D:/fchai/work/i-cube/I-CUBE-HUAWEI/Middlewares/Third_Party/Huawei/targets/NUCLEO-L496ZG/Src/ota_flash\hal_flash.c **** 
 200              		.loc 1 118 5 is_stmt 1 view .LVU56
 201 0078 FFF7FEFF 		bl	HAL_FLASH_Lock
 202              	.LVL13:
 120:D:/fchai/work/i-cube/I-CUBE-HUAWEI/Middlewares/Third_Party/Huawei/targets/NUCLEO-L496ZG/Src/ota_flash\hal_flash.c ****     {
 203              		.loc 1 120 5 view .LVU57
 120:D:/fchai/work/i-cube/I-CUBE-HUAWEI/Middlewares/Third_Party/Huawei/targets/NUCLEO-L496ZG/Src/ota_flash\hal_flash.c ****     {
 204              		.loc 1 120 8 is_stmt 0 view .LVU58
 205 007c B9F1000F 		cmp	r9, #0
 206 0080 23D1     		bne	.L19
 207              	.LVL14:
 120:D:/fchai/work/i-cube/I-CUBE-HUAWEI/Middlewares/Third_Party/Huawei/targets/NUCLEO-L496ZG/Src/ota_flash\hal_flash.c ****     {
 208              		.loc 1 120 8 view .LVU59
 209              	.LBE11:
 210              	.LBE10:
 138:D:/fchai/work/i-cube/I-CUBE-HUAWEI/Middlewares/Third_Party/Huawei/targets/NUCLEO-L496ZG/Src/ota_flash\hal_flash.c ****     {
 139:D:/fchai/work/i-cube/I-CUBE-HUAWEI/Middlewares/Third_Party/Huawei/targets/NUCLEO-L496ZG/Src/ota_flash\hal_flash.c ****         if (hal_flash_erase_one_page(addr) != 0)
 140:D:/fchai/work/i-cube/I-CUBE-HUAWEI/Middlewares/Third_Party/Huawei/targets/NUCLEO-L496ZG/Src/ota_flash\hal_flash.c ****         {
 141:D:/fchai/work/i-cube/I-CUBE-HUAWEI/Middlewares/Third_Party/Huawei/targets/NUCLEO-L496ZG/Src/ota_flash\hal_flash.c ****             return -1;
 142:D:/fchai/work/i-cube/I-CUBE-HUAWEI/Middlewares/Third_Party/Huawei/targets/NUCLEO-L496ZG/Src/ota_flash\hal_flash.c ****         }
 143:D:/fchai/work/i-cube/I-CUBE-HUAWEI/Middlewares/Third_Party/Huawei/targets/NUCLEO-L496ZG/Src/ota_flash\hal_flash.c **** 
 144:D:/fchai/work/i-cube/I-CUBE-HUAWEI/Middlewares/Third_Party/Huawei/targets/NUCLEO-L496ZG/Src/ota_flash\hal_flash.c ****         addr += FLASH_PAGE_SIZE;
 211              		.loc 1 144 9 is_stmt 1 view .LVU60
 212              		.loc 1 144 14 is_stmt 0 view .LVU61
 213 0082 08F50068 		add	r8, r8, #2048
 214              	.LVL15:
 137:D:/fchai/work/i-cube/I-CUBE-HUAWEI/Middlewares/Third_Party/Huawei/targets/NUCLEO-L496ZG/Src/ota_flash\hal_flash.c ****     {
ARM GAS  T:\msys\tmp\ccCJ210c.s 			page 8


 215              		.loc 1 137 54 is_stmt 1 view .LVU62
 137:D:/fchai/work/i-cube/I-CUBE-HUAWEI/Middlewares/Third_Party/Huawei/targets/NUCLEO-L496ZG/Src/ota_flash\hal_flash.c ****     {
 216              		.loc 1 137 17 view .LVU63
 137:D:/fchai/work/i-cube/I-CUBE-HUAWEI/Middlewares/Third_Party/Huawei/targets/NUCLEO-L496ZG/Src/ota_flash\hal_flash.c ****     {
 217              		.loc 1 137 5 is_stmt 0 view .LVU64
 218 0086 4545     		cmp	r5, r8
 219 0088 1BD0     		beq	.L17
 220              	.L15:
 139:D:/fchai/work/i-cube/I-CUBE-HUAWEI/Middlewares/Third_Party/Huawei/targets/NUCLEO-L496ZG/Src/ota_flash\hal_flash.c ****         {
 221              		.loc 1 139 9 is_stmt 1 view .LVU65
 222              	.LVL16:
 223              	.LBB21:
 224              	.LBI10:
 102:D:/fchai/work/i-cube/I-CUBE-HUAWEI/Middlewares/Third_Party/Huawei/targets/NUCLEO-L496ZG/Src/ota_flash\hal_flash.c **** {
 225              		.loc 1 102 12 view .LVU66
 226              	.LBB20:
 104:D:/fchai/work/i-cube/I-CUBE-HUAWEI/Middlewares/Third_Party/Huawei/targets/NUCLEO-L496ZG/Src/ota_flash\hal_flash.c ****     HAL_StatusTypeDef status;
 227              		.loc 1 104 5 view .LVU67
 104:D:/fchai/work/i-cube/I-CUBE-HUAWEI/Middlewares/Third_Party/Huawei/targets/NUCLEO-L496ZG/Src/ota_flash\hal_flash.c ****     HAL_StatusTypeDef status;
 228              		.loc 1 104 14 is_stmt 0 view .LVU68
 229 008a 0194     		str	r4, [sp, #4]
 105:D:/fchai/work/i-cube/I-CUBE-HUAWEI/Middlewares/Third_Party/Huawei/targets/NUCLEO-L496ZG/Src/ota_flash\hal_flash.c ****     FLASH_EraseInitTypeDef eraseinitstruct;
 230              		.loc 1 105 5 is_stmt 1 view .LVU69
 106:D:/fchai/work/i-cube/I-CUBE-HUAWEI/Middlewares/Third_Party/Huawei/targets/NUCLEO-L496ZG/Src/ota_flash\hal_flash.c **** 
 231              		.loc 1 106 5 view .LVU70
 108:D:/fchai/work/i-cube/I-CUBE-HUAWEI/Middlewares/Third_Party/Huawei/targets/NUCLEO-L496ZG/Src/ota_flash\hal_flash.c **** 
 232              		.loc 1 108 5 view .LVU71
 233 008c FFF7FEFF 		bl	HAL_FLASH_Unlock
 234              	.LVL17:
 110:D:/fchai/work/i-cube/I-CUBE-HUAWEI/Middlewares/Third_Party/Huawei/targets/NUCLEO-L496ZG/Src/ota_flash\hal_flash.c **** 
 235              		.loc 1 110 5 view .LVU72
 110:D:/fchai/work/i-cube/I-CUBE-HUAWEI/Middlewares/Third_Party/Huawei/targets/NUCLEO-L496ZG/Src/ota_flash\hal_flash.c **** 
 236              		.loc 1 110 5 view .LVU73
 110:D:/fchai/work/i-cube/I-CUBE-HUAWEI/Middlewares/Third_Party/Huawei/targets/NUCLEO-L496ZG/Src/ota_flash\hal_flash.c **** 
 237              		.loc 1 110 5 view .LVU74
 110:D:/fchai/work/i-cube/I-CUBE-HUAWEI/Middlewares/Third_Party/Huawei/targets/NUCLEO-L496ZG/Src/ota_flash\hal_flash.c **** 
 238              		.loc 1 110 5 view .LVU75
 239 0090 48F2A002 		movw	r2, #32928
 240              	.LBB18:
 241              	.LBB14:
  56:D:/fchai/work/i-cube/I-CUBE-HUAWEI/Middlewares/Third_Party/Huawei/targets/NUCLEO-L496ZG/Src/ota_flash\hal_flash.c ****     {
 242              		.loc 1 56 9 is_stmt 0 view .LVU76
 243 0094 144B     		ldr	r3, .L32+16
 244              	.LBE14:
 245              	.LBE18:
 110:D:/fchai/work/i-cube/I-CUBE-HUAWEI/Middlewares/Third_Party/Huawei/targets/NUCLEO-L496ZG/Src/ota_flash\hal_flash.c **** 
 246              		.loc 1 110 5 view .LVU77
 247 0096 3A61     		str	r2, [r7, #16]
 110:D:/fchai/work/i-cube/I-CUBE-HUAWEI/Middlewares/Third_Party/Huawei/targets/NUCLEO-L496ZG/Src/ota_flash\hal_flash.c **** 
 248              		.loc 1 110 5 is_stmt 1 view .LVU78
 112:D:/fchai/work/i-cube/I-CUBE-HUAWEI/Middlewares/Third_Party/Huawei/targets/NUCLEO-L496ZG/Src/ota_flash\hal_flash.c ****     eraseinitstruct.TypeErase = FLASH_TYPEERASE_PAGES;
 249              		.loc 1 112 5 view .LVU79
 250              	.LVL18:
 251              	.LBB19:
 252              	.LBI12:
  52:D:/fchai/work/i-cube/I-CUBE-HUAWEI/Middlewares/Third_Party/Huawei/targets/NUCLEO-L496ZG/Src/ota_flash\hal_flash.c **** {
 253              		.loc 1 52 17 view .LVU80
ARM GAS  T:\msys\tmp\ccCJ210c.s 			page 9


 254              	.LBB15:
  54:D:/fchai/work/i-cube/I-CUBE-HUAWEI/Middlewares/Third_Party/Huawei/targets/NUCLEO-L496ZG/Src/ota_flash\hal_flash.c **** 
 255              		.loc 1 54 5 view .LVU81
  56:D:/fchai/work/i-cube/I-CUBE-HUAWEI/Middlewares/Third_Party/Huawei/targets/NUCLEO-L496ZG/Src/ota_flash\hal_flash.c ****     {
 256              		.loc 1 56 5 view .LVU82
  56:D:/fchai/work/i-cube/I-CUBE-HUAWEI/Middlewares/Third_Party/Huawei/targets/NUCLEO-L496ZG/Src/ota_flash\hal_flash.c ****     {
 257              		.loc 1 56 9 is_stmt 0 view .LVU83
 258 0098 1B68     		ldr	r3, [r3]
  59:D:/fchai/work/i-cube/I-CUBE-HUAWEI/Middlewares/Third_Party/Huawei/targets/NUCLEO-L496ZG/Src/ota_flash\hal_flash.c ****         {
 259              		.loc 1 59 34 view .LVU84
 260 009a 3268     		ldr	r2, [r6]
  56:D:/fchai/work/i-cube/I-CUBE-HUAWEI/Middlewares/Third_Party/Huawei/targets/NUCLEO-L496ZG/Src/ota_flash\hal_flash.c ****     {
 261              		.loc 1 56 8 view .LVU85
 262 009c 13F4807F 		tst	r3, #256
  59:D:/fchai/work/i-cube/I-CUBE-HUAWEI/Middlewares/Third_Party/Huawei/targets/NUCLEO-L496ZG/Src/ota_flash\hal_flash.c ****         {
 263              		.loc 1 59 34 view .LVU86
 264 00a0 91B2     		uxth	r1, r2
 265 00a2 4FF6FF73 		movw	r3, #65535
  56:D:/fchai/work/i-cube/I-CUBE-HUAWEI/Middlewares/Third_Party/Huawei/targets/NUCLEO-L496ZG/Src/ota_flash\hal_flash.c ****     {
 266              		.loc 1 56 8 view .LVU87
 267 00a6 BED0     		beq	.L31
  71:D:/fchai/work/i-cube/I-CUBE-HUAWEI/Middlewares/Third_Party/Huawei/targets/NUCLEO-L496ZG/Src/ota_flash\hal_flash.c ****         {
 268              		.loc 1 71 9 is_stmt 1 view .LVU88
  71:D:/fchai/work/i-cube/I-CUBE-HUAWEI/Middlewares/Third_Party/Huawei/targets/NUCLEO-L496ZG/Src/ota_flash\hal_flash.c ****         {
 269              		.loc 1 71 32 is_stmt 0 view .LVU89
 270 00a8 9942     		cmp	r1, r3
  71:D:/fchai/work/i-cube/I-CUBE-HUAWEI/Middlewares/Third_Party/Huawei/targets/NUCLEO-L496ZG/Src/ota_flash\hal_flash.c ****         {
 271              		.loc 1 71 34 view .LVU90
 272 00aa 17BF     		itett	ne
 273 00ac 0C4B     		ldrne	r3, .L32+8
  71:D:/fchai/work/i-cube/I-CUBE-HUAWEI/Middlewares/Third_Party/Huawei/targets/NUCLEO-L496ZG/Src/ota_flash\hal_flash.c ****         {
 274              		.loc 1 71 32 view .LVU91
 275 00ae 0D4B     		ldreq	r3, .L32+12
  71:D:/fchai/work/i-cube/I-CUBE-HUAWEI/Middlewares/Third_Party/Huawei/targets/NUCLEO-L496ZG/Src/ota_flash\hal_flash.c ****         {
 276              		.loc 1 71 34 view .LVU92
 277 00b0 03EA4223 		andne	r3, r3, r2, lsl #9
  71:D:/fchai/work/i-cube/I-CUBE-HUAWEI/Middlewares/Third_Party/Huawei/targets/NUCLEO-L496ZG/Src/ota_flash\hal_flash.c ****         {
 278              		.loc 1 71 32 view .LVU93
 279 00b4 03F10063 		addne	r3, r3, #134217728
  61:D:/fchai/work/i-cube/I-CUBE-HUAWEI/Middlewares/Third_Party/Huawei/targets/NUCLEO-L496ZG/Src/ota_flash\hal_flash.c ****         }
 280              		.loc 1 61 18 view .LVU94
 281 00b8 4345     		cmp	r3, r8
 282 00ba 8CBF     		ite	hi
 283 00bc 0223     		movhi	r3, #2
 284 00be 0123     		movls	r3, #1
 285 00c0 BDE7     		b	.L9
 286              	.LVL19:
 287              	.L17:
  61:D:/fchai/work/i-cube/I-CUBE-HUAWEI/Middlewares/Third_Party/Huawei/targets/NUCLEO-L496ZG/Src/ota_flash\hal_flash.c ****         }
 288              		.loc 1 61 18 view .LVU95
 289              	.LBE15:
 290              	.LBE19:
 291              	.LBE20:
 292              	.LBE21:
 145:D:/fchai/work/i-cube/I-CUBE-HUAWEI/Middlewares/Third_Party/Huawei/targets/NUCLEO-L496ZG/Src/ota_flash\hal_flash.c ****     }
 146:D:/fchai/work/i-cube/I-CUBE-HUAWEI/Middlewares/Third_Party/Huawei/targets/NUCLEO-L496ZG/Src/ota_flash\hal_flash.c **** 
 147:D:/fchai/work/i-cube/I-CUBE-HUAWEI/Middlewares/Third_Party/Huawei/targets/NUCLEO-L496ZG/Src/ota_flash\hal_flash.c ****     return 0;
ARM GAS  T:\msys\tmp\ccCJ210c.s 			page 10


 293              		.loc 1 147 12 view .LVU96
 294 00c2 0020     		movs	r0, #0
 295              	.L4:
 148:D:/fchai/work/i-cube/I-CUBE-HUAWEI/Middlewares/Third_Party/Huawei/targets/NUCLEO-L496ZG/Src/ota_flash\hal_flash.c **** }
 296              		.loc 1 148 1 view .LVU97
 297 00c4 07B0     		add	sp, sp, #28
 298              	.LCFI3:
 299              		.cfi_remember_state
 300              		.cfi_def_cfa_offset 28
 301              		@ sp needed
 302 00c6 BDE8F083 		pop	{r4, r5, r6, r7, r8, r9, pc}
 303              	.LVL20:
 304              	.L19:
 305              	.LCFI4:
 306              		.cfi_restore_state
 134:D:/fchai/work/i-cube/I-CUBE-HUAWEI/Middlewares/Third_Party/Huawei/targets/NUCLEO-L496ZG/Src/ota_flash\hal_flash.c ****     }
 307              		.loc 1 134 16 view .LVU98
 308 00ca 4FF0FF30 		mov	r0, #-1
 309 00ce F9E7     		b	.L4
 310              	.LVL21:
 311              	.L18:
 312              	.LCFI5:
 313              		.cfi_def_cfa_offset 0
 314              		.cfi_restore 4
 315              		.cfi_restore 5
 316              		.cfi_restore 6
 317              		.cfi_restore 7
 318              		.cfi_restore 8
 319              		.cfi_restore 9
 320              		.cfi_restore 14
 134:D:/fchai/work/i-cube/I-CUBE-HUAWEI/Middlewares/Third_Party/Huawei/targets/NUCLEO-L496ZG/Src/ota_flash\hal_flash.c ****     }
 321              		.loc 1 134 16 view .LVU99
 322 00d0 4FF0FF30 		mov	r0, #-1
 323              	.LVL22:
 324              		.loc 1 148 1 view .LVU100
 325 00d4 7047     		bx	lr
 326              	.L33:
 327 00d6 00BF     		.align	2
 328              	.L32:
 329 00d8 00200240 		.word	1073881088
 330 00dc E075FF1F 		.word	536835552
 331 00e0 00FEFF01 		.word	33553920
 332 00e4 00000808 		.word	134742016
 333 00e8 00000140 		.word	1073807360
 334              		.cfi_endproc
 335              	.LFE127:
 337              		.section	.text.hal_flash_write,"ax",%progbits
 338              		.align	1
 339              		.p2align 2,,3
 340              		.global	hal_flash_write
 341              		.syntax unified
 342              		.thumb
 343              		.thumb_func
 344              		.fpu fpv4-sp-d16
 346              	hal_flash_write:
 347              	.LVL23:
 348              	.LFB128:
ARM GAS  T:\msys\tmp\ccCJ210c.s 			page 11


 149:D:/fchai/work/i-cube/I-CUBE-HUAWEI/Middlewares/Third_Party/Huawei/targets/NUCLEO-L496ZG/Src/ota_flash\hal_flash.c **** 
 150:D:/fchai/work/i-cube/I-CUBE-HUAWEI/Middlewares/Third_Party/Huawei/targets/NUCLEO-L496ZG/Src/ota_flash\hal_flash.c **** int hal_flash_write(const void *buf, int32_t len, uint32_t* location)
 151:D:/fchai/work/i-cube/I-CUBE-HUAWEI/Middlewares/Third_Party/Huawei/targets/NUCLEO-L496ZG/Src/ota_flash\hal_flash.c **** {
 349              		.loc 1 151 1 is_stmt 1 view -0
 350              		.cfi_startproc
 351              		@ args = 0, pretend = 0, frame = 0
 352              		@ frame_needed = 0, uses_anonymous_args = 0
 152:D:/fchai/work/i-cube/I-CUBE-HUAWEI/Middlewares/Third_Party/Huawei/targets/NUCLEO-L496ZG/Src/ota_flash\hal_flash.c ****     int32_t i = 0;
 353              		.loc 1 152 5 view .LVU102
 153:D:/fchai/work/i-cube/I-CUBE-HUAWEI/Middlewares/Third_Party/Huawei/targets/NUCLEO-L496ZG/Src/ota_flash\hal_flash.c ****     char *dst = (char *)*location;
 354              		.loc 1 153 5 view .LVU103
 154:D:/fchai/work/i-cube/I-CUBE-HUAWEI/Middlewares/Third_Party/Huawei/targets/NUCLEO-L496ZG/Src/ota_flash\hal_flash.c ****     const char *src = (const char *)buf;
 155:D:/fchai/work/i-cube/I-CUBE-HUAWEI/Middlewares/Third_Party/Huawei/targets/NUCLEO-L496ZG/Src/ota_flash\hal_flash.c ****     int ret = 0;
 156:D:/fchai/work/i-cube/I-CUBE-HUAWEI/Middlewares/Third_Party/Huawei/targets/NUCLEO-L496ZG/Src/ota_flash\hal_flash.c **** 
 157:D:/fchai/work/i-cube/I-CUBE-HUAWEI/Middlewares/Third_Party/Huawei/targets/NUCLEO-L496ZG/Src/ota_flash\hal_flash.c ****     if ((((uint32_t)src | len) & 7) != 0)
 355              		.loc 1 157 25 is_stmt 0 view .LVU104
 356 0000 40EA0103 		orr	r3, r0, r1
 357              		.loc 1 157 8 view .LVU105
 358 0004 5B07     		lsls	r3, r3, #29
 151:D:/fchai/work/i-cube/I-CUBE-HUAWEI/Middlewares/Third_Party/Huawei/targets/NUCLEO-L496ZG/Src/ota_flash\hal_flash.c ****     int32_t i = 0;
 359              		.loc 1 151 1 view .LVU106
 360 0006 70B5     		push	{r4, r5, r6, lr}
 361              	.LCFI6:
 362              		.cfi_def_cfa_offset 16
 363              		.cfi_offset 4, -16
 364              		.cfi_offset 5, -12
 365              		.cfi_offset 6, -8
 366              		.cfi_offset 14, -4
 153:D:/fchai/work/i-cube/I-CUBE-HUAWEI/Middlewares/Third_Party/Huawei/targets/NUCLEO-L496ZG/Src/ota_flash\hal_flash.c ****     char *dst = (char *)*location;
 367              		.loc 1 153 25 view .LVU107
 368 0008 1568     		ldr	r5, [r2]
 369              	.LVL24:
 154:D:/fchai/work/i-cube/I-CUBE-HUAWEI/Middlewares/Third_Party/Huawei/targets/NUCLEO-L496ZG/Src/ota_flash\hal_flash.c ****     const char *src = (const char *)buf;
 370              		.loc 1 154 5 is_stmt 1 view .LVU108
 155:D:/fchai/work/i-cube/I-CUBE-HUAWEI/Middlewares/Third_Party/Huawei/targets/NUCLEO-L496ZG/Src/ota_flash\hal_flash.c **** 
 371              		.loc 1 155 5 view .LVU109
 372              		.loc 1 157 5 view .LVU110
 373              		.loc 1 157 8 is_stmt 0 view .LVU111
 374 000a 2BD1     		bne	.L39
 375 000c 0E46     		mov	r6, r1
 158:D:/fchai/work/i-cube/I-CUBE-HUAWEI/Middlewares/Third_Party/Huawei/targets/NUCLEO-L496ZG/Src/ota_flash\hal_flash.c ****     {
 159:D:/fchai/work/i-cube/I-CUBE-HUAWEI/Middlewares/Third_Party/Huawei/targets/NUCLEO-L496ZG/Src/ota_flash\hal_flash.c ****         return -1;
 160:D:/fchai/work/i-cube/I-CUBE-HUAWEI/Middlewares/Third_Party/Huawei/targets/NUCLEO-L496ZG/Src/ota_flash\hal_flash.c ****     }
 161:D:/fchai/work/i-cube/I-CUBE-HUAWEI/Middlewares/Third_Party/Huawei/targets/NUCLEO-L496ZG/Src/ota_flash\hal_flash.c **** 
 162:D:/fchai/work/i-cube/I-CUBE-HUAWEI/Middlewares/Third_Party/Huawei/targets/NUCLEO-L496ZG/Src/ota_flash\hal_flash.c ****     HAL_FLASH_Unlock ();
 376              		.loc 1 162 5 is_stmt 1 view .LVU112
 377 000e 0446     		mov	r4, r0
 378 0010 FFF7FEFF 		bl	HAL_FLASH_Unlock
 379              	.LVL25:
 163:D:/fchai/work/i-cube/I-CUBE-HUAWEI/Middlewares/Third_Party/Huawei/targets/NUCLEO-L496ZG/Src/ota_flash\hal_flash.c **** 
 164:D:/fchai/work/i-cube/I-CUBE-HUAWEI/Middlewares/Third_Party/Huawei/targets/NUCLEO-L496ZG/Src/ota_flash\hal_flash.c ****     /* Clear OPTVERR bit set on virgin samples */
 165:D:/fchai/work/i-cube/I-CUBE-HUAWEI/Middlewares/Third_Party/Huawei/targets/NUCLEO-L496ZG/Src/ota_flash\hal_flash.c ****     __HAL_FLASH_CLEAR_FLAG(FLASH_FLAG_OPTVERR | FLASH_FLAG_PGAERR | FLASH_FLAG_PGSERR);
 380              		.loc 1 165 5 view .LVU113
 381              		.loc 1 165 5 view .LVU114
 382              		.loc 1 165 5 view .LVU115
 383              		.loc 1 165 5 view .LVU116
 384 0014 154B     		ldr	r3, .L45
ARM GAS  T:\msys\tmp\ccCJ210c.s 			page 12


 385 0016 48F2A002 		movw	r2, #32928
 166:D:/fchai/work/i-cube/I-CUBE-HUAWEI/Middlewares/Third_Party/Huawei/targets/NUCLEO-L496ZG/Src/ota_flash\hal_flash.c **** 
 167:D:/fchai/work/i-cube/I-CUBE-HUAWEI/Middlewares/Third_Party/Huawei/targets/NUCLEO-L496ZG/Src/ota_flash\hal_flash.c ****     for(i = 0; i < len; i += 8)
 386              		.loc 1 167 5 is_stmt 0 view .LVU117
 387 001a 002E     		cmp	r6, #0
 165:D:/fchai/work/i-cube/I-CUBE-HUAWEI/Middlewares/Third_Party/Huawei/targets/NUCLEO-L496ZG/Src/ota_flash\hal_flash.c **** 
 388              		.loc 1 165 5 view .LVU118
 389 001c 1A61     		str	r2, [r3, #16]
 165:D:/fchai/work/i-cube/I-CUBE-HUAWEI/Middlewares/Third_Party/Huawei/targets/NUCLEO-L496ZG/Src/ota_flash\hal_flash.c **** 
 390              		.loc 1 165 5 is_stmt 1 view .LVU119
 391              		.loc 1 167 5 view .LVU120
 392              		.loc 1 167 16 view .LVU121
 393              		.loc 1 167 5 is_stmt 0 view .LVU122
 394 001e 1FDD     		ble	.L36
 395 0020 013E     		subs	r6, r6, #1
 396              	.LVL26:
 397              		.loc 1 167 5 view .LVU123
 398 0022 26F00706 		bic	r6, r6, #7
 399              	.LVL27:
 400              		.loc 1 167 5 view .LVU124
 401 0026 2644     		add	r6, r6, r4
 402 0028 083C     		subs	r4, r4, #8
 403              	.LVL28:
 404              		.loc 1 167 5 view .LVU125
 405 002a 0BE0     		b	.L38
 406              	.LVL29:
 407              	.L44:
 168:D:/fchai/work/i-cube/I-CUBE-HUAWEI/Middlewares/Third_Party/Huawei/targets/NUCLEO-L496ZG/Src/ota_flash\hal_flash.c ****     {
 169:D:/fchai/work/i-cube/I-CUBE-HUAWEI/Middlewares/Third_Party/Huawei/targets/NUCLEO-L496ZG/Src/ota_flash\hal_flash.c ****         if (HAL_FLASH_Program(FLASH_TYPEPROGRAM_DOUBLEWORD, (uint32_t)(dst+i), *(const uint64_t*)(s
 408              		.loc 1 169 117 discriminator 1 view .LVU126
 409 002c D5E90023 		ldrd	r2, [r5]
 410 0030 D4E90001 		ldrd	r0, [r4]
 411 0034 9942     		cmp	r1, r3
 412 0036 08BF     		it	eq
 413 0038 9042     		cmpeq	r0, r2
 414 003a 05F10805 		add	r5, r5, #8
 415 003e 09D1     		bne	.L41
 167:D:/fchai/work/i-cube/I-CUBE-HUAWEI/Middlewares/Third_Party/Huawei/targets/NUCLEO-L496ZG/Src/ota_flash\hal_flash.c ****     {
 416              		.loc 1 167 5 discriminator 2 view .LVU127
 417 0040 B442     		cmp	r4, r6
 418 0042 0DD0     		beq	.L36
 419              	.LVL30:
 420              	.L38:
 421              		.loc 1 169 9 is_stmt 1 view .LVU128
 422              		.loc 1 169 13 is_stmt 0 view .LVU129
 423 0044 F4E90223 		ldrd	r2, [r4, #8]!
 424              	.LVL31:
 425              		.loc 1 169 13 view .LVU130
 426 0048 2946     		mov	r1, r5
 427 004a 0020     		movs	r0, #0
 428 004c FFF7FEFF 		bl	HAL_FLASH_Program
 429              	.LVL32:
 167:D:/fchai/work/i-cube/I-CUBE-HUAWEI/Middlewares/Third_Party/Huawei/targets/NUCLEO-L496ZG/Src/ota_flash\hal_flash.c ****     {
 430              		.loc 1 167 25 is_stmt 1 view .LVU131
 167:D:/fchai/work/i-cube/I-CUBE-HUAWEI/Middlewares/Third_Party/Huawei/targets/NUCLEO-L496ZG/Src/ota_flash\hal_flash.c ****     {
 431              		.loc 1 167 16 view .LVU132
 432              		.loc 1 169 12 is_stmt 0 view .LVU133
ARM GAS  T:\msys\tmp\ccCJ210c.s 			page 13


 433 0050 0028     		cmp	r0, #0
 434 0052 EBD0     		beq	.L44
 435              	.L41:
 170:D:/fchai/work/i-cube/I-CUBE-HUAWEI/Middlewares/Third_Party/Huawei/targets/NUCLEO-L496ZG/Src/ota_flash\hal_flash.c ****             *(const uint64_t *)(src + i) != *(const uint64_t*)(dst+i))
 171:D:/fchai/work/i-cube/I-CUBE-HUAWEI/Middlewares/Third_Party/Huawei/targets/NUCLEO-L496ZG/Src/ota_flash\hal_flash.c ****         {
 172:D:/fchai/work/i-cube/I-CUBE-HUAWEI/Middlewares/Third_Party/Huawei/targets/NUCLEO-L496ZG/Src/ota_flash\hal_flash.c ****             ret = -1;
 436              		.loc 1 172 17 view .LVU134
 437 0054 4FF0FF34 		mov	r4, #-1
 438              	.LVL33:
 439              	.L37:
 173:D:/fchai/work/i-cube/I-CUBE-HUAWEI/Middlewares/Third_Party/Huawei/targets/NUCLEO-L496ZG/Src/ota_flash\hal_flash.c ****             break;
 174:D:/fchai/work/i-cube/I-CUBE-HUAWEI/Middlewares/Third_Party/Huawei/targets/NUCLEO-L496ZG/Src/ota_flash\hal_flash.c ****         }
 175:D:/fchai/work/i-cube/I-CUBE-HUAWEI/Middlewares/Third_Party/Huawei/targets/NUCLEO-L496ZG/Src/ota_flash\hal_flash.c ****     }
 176:D:/fchai/work/i-cube/I-CUBE-HUAWEI/Middlewares/Third_Party/Huawei/targets/NUCLEO-L496ZG/Src/ota_flash\hal_flash.c **** 
 177:D:/fchai/work/i-cube/I-CUBE-HUAWEI/Middlewares/Third_Party/Huawei/targets/NUCLEO-L496ZG/Src/ota_flash\hal_flash.c ****     (void)HAL_FLASH_Lock();
 440              		.loc 1 177 5 is_stmt 1 view .LVU135
 441              		.loc 1 177 11 is_stmt 0 view .LVU136
 442 0058 FFF7FEFF 		bl	HAL_FLASH_Lock
 443              	.LVL34:
 178:D:/fchai/work/i-cube/I-CUBE-HUAWEI/Middlewares/Third_Party/Huawei/targets/NUCLEO-L496ZG/Src/ota_flash\hal_flash.c **** 
 179:D:/fchai/work/i-cube/I-CUBE-HUAWEI/Middlewares/Third_Party/Huawei/targets/NUCLEO-L496ZG/Src/ota_flash\hal_flash.c ****     return ret;
 444              		.loc 1 179 5 is_stmt 1 view .LVU137
 445              	.L34:
 180:D:/fchai/work/i-cube/I-CUBE-HUAWEI/Middlewares/Third_Party/Huawei/targets/NUCLEO-L496ZG/Src/ota_flash\hal_flash.c **** }
 446              		.loc 1 180 1 is_stmt 0 view .LVU138
 447 005c 2046     		mov	r0, r4
 448 005e 70BD     		pop	{r4, r5, r6, pc}
 449              	.LVL35:
 450              	.L36:
 155:D:/fchai/work/i-cube/I-CUBE-HUAWEI/Middlewares/Third_Party/Huawei/targets/NUCLEO-L496ZG/Src/ota_flash\hal_flash.c **** 
 451              		.loc 1 155 9 view .LVU139
 452 0060 0024     		movs	r4, #0
 453 0062 F9E7     		b	.L37
 454              	.LVL36:
 455              	.L39:
 159:D:/fchai/work/i-cube/I-CUBE-HUAWEI/Middlewares/Third_Party/Huawei/targets/NUCLEO-L496ZG/Src/ota_flash\hal_flash.c ****     }
 456              		.loc 1 159 16 view .LVU140
 457 0064 4FF0FF34 		mov	r4, #-1
 458 0068 F8E7     		b	.L34
 459              	.L46:
 460 006a 00BF     		.align	2
 461              	.L45:
 462 006c 00200240 		.word	1073881088
 463              		.cfi_endproc
 464              	.LFE128:
 466              		.text
 467              	.Letext0:
 468              		.file 2 "t:\\msys\\3rd\\gcc-arm-none-eabi-9-2020-q2-update-win32\\lib\\gcc\\arm-none-eabi\\9.3.1\\
 469              		.file 3 "t:\\msys\\3rd\\gcc-arm-none-eabi-9-2020-q2-update-win32\\arm-none-eabi\\include\\machine\
 470              		.file 4 "t:\\msys\\3rd\\gcc-arm-none-eabi-9-2020-q2-update-win32\\arm-none-eabi\\include\\sys\\_ty
 471              		.file 5 "t:\\msys\\3rd\\gcc-arm-none-eabi-9-2020-q2-update-win32\\arm-none-eabi\\include\\sys\\ree
 472              		.file 6 "t:\\msys\\3rd\\gcc-arm-none-eabi-9-2020-q2-update-win32\\arm-none-eabi\\include\\sys\\loc
 473              		.file 7 "t:\\msys\\3rd\\gcc-arm-none-eabi-9-2020-q2-update-win32\\arm-none-eabi\\include\\sys\\_st
 474              		.file 8 "D:/fchai/work/i-cube/I-CUBE-HUAWEI/Middlewares/Third_Party/Huawei/iot_link/os/liteos/arch
 475              		.file 9 "D:/fchai/work/i-cube/I-CUBE-HUAWEI/Drivers/CMSIS/Device/ST/STM32L4xx/Include/system_stm32
 476              		.file 10 "D:/fchai/work/i-cube/I-CUBE-HUAWEI/Drivers/CMSIS/Device/ST/STM32L4xx/Include/stm32l496xx
 477              		.file 11 "D:/fchai/work/i-cube/I-CUBE-HUAWEI/Drivers/STM32L4xx_HAL_Driver/Inc/stm32l4xx_hal_def.h"
ARM GAS  T:\msys\tmp\ccCJ210c.s 			page 14


 478              		.file 12 "D:/fchai/work/i-cube/I-CUBE-HUAWEI/Drivers/STM32L4xx_HAL_Driver/Inc/stm32l4xx_hal_flash.
 479              		.file 13 "D:/fchai/work/i-cube/I-CUBE-HUAWEI/Drivers/STM32L4xx_HAL_Driver/Inc/stm32l4xx_hal.h"
 480              		.file 14 "D:/fchai/work/i-cube/I-CUBE-HUAWEI/Drivers/STM32L4xx_HAL_Driver/Inc/stm32l4xx_hal_flash_
 481              		.file 15 "<built-in>"
ARM GAS  T:\msys\tmp\ccCJ210c.s 			page 15


DEFINED SYMBOLS
                            *ABS*:00000000 hal_flash.c
T:\msys\tmp\ccCJ210c.s:18     .text.hal_flash_read:00000000 $t
T:\msys\tmp\ccCJ210c.s:27     .text.hal_flash_read:00000000 hal_flash_read
T:\msys\tmp\ccCJ210c.s:61     .text.hal_flash_erase:00000000 $t
T:\msys\tmp\ccCJ210c.s:69     .text.hal_flash_erase:00000000 hal_flash_erase
T:\msys\tmp\ccCJ210c.s:329    .text.hal_flash_erase:000000d8 $d
T:\msys\tmp\ccCJ210c.s:338    .text.hal_flash_write:00000000 $t
T:\msys\tmp\ccCJ210c.s:346    .text.hal_flash_write:00000000 hal_flash_write
T:\msys\tmp\ccCJ210c.s:462    .text.hal_flash_write:0000006c $d

UNDEFINED SYMBOLS
memcpy
HAL_FLASHEx_Erase
HAL_FLASH_Lock
HAL_FLASH_Unlock
HAL_FLASH_Program
