ARM GAS  T:\msys\tmp\ccyDvROL.s 			page 1


   1              		.cpu cortex-m4
   2              		.eabi_attribute 27, 1
   3              		.eabi_attribute 28, 1
   4              		.eabi_attribute 20, 1
   5              		.eabi_attribute 21, 1
   6              		.eabi_attribute 23, 3
   7              		.eabi_attribute 24, 1
   8              		.eabi_attribute 25, 1
   9              		.eabi_attribute 26, 1
  10              		.eabi_attribute 30, 2
  11              		.eabi_attribute 34, 1
  12              		.eabi_attribute 18, 4
  13              		.file	"los_swtmr.c"
  14              		.text
  15              	.Ltext0:
  16              		.cfi_sections	.debug_frame
  17              	.Letext0:
  18              		.file 1 "t:\\msys\\3rd\\gcc-arm-none-eabi-9-2020-q2-update-win32\\lib\\gcc\\arm-none-eabi\\9.3.1\\
  19              		.file 2 "t:\\msys\\3rd\\gcc-arm-none-eabi-9-2020-q2-update-win32\\arm-none-eabi\\include\\machine\
  20              		.file 3 "t:\\msys\\3rd\\gcc-arm-none-eabi-9-2020-q2-update-win32\\arm-none-eabi\\include\\sys\\_ty
  21              		.file 4 "t:\\msys\\3rd\\gcc-arm-none-eabi-9-2020-q2-update-win32\\arm-none-eabi\\include\\sys\\ree
  22              		.file 5 "t:\\msys\\3rd\\gcc-arm-none-eabi-9-2020-q2-update-win32\\arm-none-eabi\\include\\sys\\loc
  23              		.file 6 "D:/fchai/work/i-cube/I-CUBE-HUAWEI/Middlewares/Third_Party/Huawei/iot_link/os/liteos/incl
  24              		.file 7 "t:\\msys\\3rd\\gcc-arm-none-eabi-9-2020-q2-update-win32\\arm-none-eabi\\include\\sys\\_st
  25              		.file 8 "D:/fchai/work/i-cube/I-CUBE-HUAWEI/Middlewares/Third_Party/Huawei/iot_link/os/liteos/arch
  26              		.file 9 "D:/fchai/work/i-cube/I-CUBE-HUAWEI/Drivers/CMSIS/Device/ST/STM32L4xx/Include/system_stm32
  27              		.file 10 "D:/fchai/work/i-cube/I-CUBE-HUAWEI/Drivers/STM32L4xx_HAL_Driver/Inc/stm32l4xx_hal_def.h"
  28              		.file 11 "D:/fchai/work/i-cube/I-CUBE-HUAWEI/Drivers/STM32L4xx_HAL_Driver/Inc/stm32l4xx_hal_flash.
  29              		.file 12 "D:/fchai/work/i-cube/I-CUBE-HUAWEI/Drivers/STM32L4xx_HAL_Driver/Inc/stm32l4xx_hal.h"
  30              		.file 13 "D:/fchai/work/i-cube/I-CUBE-HUAWEI/Middlewares/Third_Party/Huawei/iot_link/os/liteos/inc
  31              		.file 14 "D:/fchai/work/i-cube/I-CUBE-HUAWEI/Middlewares/Third_Party/Huawei/iot_link/os/liteos/inc
  32              		.file 15 "D:/fchai/work/i-cube/I-CUBE-HUAWEI/Middlewares/Third_Party/Huawei/iot_link/os/liteos/inc
  33              		.file 16 "D:/fchai/work/i-cube/I-CUBE-HUAWEI/Middlewares/Third_Party/Huawei/iot_link/os/liteos/arc
  34              		.file 17 "D:/fchai/work/i-cube/I-CUBE-HUAWEI/Middlewares/Third_Party/Huawei/iot_link/os/liteos/inc
  35              		.file 18 "D:/fchai/work/i-cube/I-CUBE-HUAWEI/Middlewares/Third_Party/Huawei/iot_link/os/liteos/inc
  36              		.file 19 "D:/fchai/work/i-cube/I-CUBE-HUAWEI/Middlewares/Third_Party/Huawei/iot_link/os/liteos/inc
  37              		.file 20 "D:/fchai/work/i-cube/I-CUBE-HUAWEI/Middlewares/Third_Party/Huawei/iot_link/os/liteos/inc
  38              		.file 21 "D:/fchai/work/i-cube/I-CUBE-HUAWEI/Middlewares/Third_Party/Huawei/iot_link/os/liteos/bas
  39              		.file 22 "D:/fchai/work/i-cube/I-CUBE-HUAWEI/Middlewares/Third_Party/Huawei/iot_link/os/liteos/bas
  40              		.file 23 "D:/fchai/work/i-cube/I-CUBE-HUAWEI/Middlewares/Third_Party/Huawei/iot_link/os/liteos/inc
  41              		.file 24 "D:/fchai/work/i-cube/I-CUBE-HUAWEI/Middlewares/Third_Party/Huawei/iot_link/os/liteos/bas
  42              		.file 25 "D:/fchai/work/i-cube/I-CUBE-HUAWEI/Middlewares/Third_Party/Huawei/iot_link/os/liteos/bas
ARM GAS  T:\msys\tmp\ccyDvROL.s 			page 2


DEFINED SYMBOLS
                            *ABS*:00000000 los_swtmr.c

NO UNDEFINED SYMBOLS
