ARM GAS  T:\msys\tmp\ccoM3NIe.s 			page 1


   1              		.cpu cortex-m4
   2              		.eabi_attribute 27, 1
   3              		.eabi_attribute 28, 1
   4              		.eabi_attribute 20, 1
   5              		.eabi_attribute 21, 1
   6              		.eabi_attribute 23, 3
   7              		.eabi_attribute 24, 1
   8              		.eabi_attribute 25, 1
   9              		.eabi_attribute 26, 1
  10              		.eabi_attribute 30, 2
  11              		.eabi_attribute 34, 1
  12              		.eabi_attribute 18, 4
  13              		.file	"liteos_errno.c"
  14              		.text
  15              	.Ltext0:
  16              		.cfi_sections	.debug_frame
  17              		.section	.text.task_errno,"ax",%progbits
  18              		.align	1
  19              		.p2align 2,,3
  20              		.global	task_errno
  21              		.arch armv7e-m
  22              		.syntax unified
  23              		.thumb
  24              		.thumb_func
  25              		.fpu fpv4-sp-d16
  27              	task_errno:
  28              	.LFB133:
  29              		.file 1 "D:/fchai/work/i-cube/I-CUBE-HUAWEI/Middlewares/Third_Party/Huawei/iot_link/os/liteos/lite
   1:D:/fchai/work/i-cube/I-CUBE-HUAWEI/Middlewares/Third_Party/Huawei/iot_link/os/liteos\liteos_errno.c **** /*----------------------------------------------------------------------------
   2:D:/fchai/work/i-cube/I-CUBE-HUAWEI/Middlewares/Third_Party/Huawei/iot_link/os/liteos\liteos_errno.c ****  * Copyright (c) <2013-2018>, <Huawei Technologies Co., Ltd>
   3:D:/fchai/work/i-cube/I-CUBE-HUAWEI/Middlewares/Third_Party/Huawei/iot_link/os/liteos\liteos_errno.c ****  * All rights reserved.
   4:D:/fchai/work/i-cube/I-CUBE-HUAWEI/Middlewares/Third_Party/Huawei/iot_link/os/liteos\liteos_errno.c ****  * Redistribution and use in source and binary forms, with or without modification,
   5:D:/fchai/work/i-cube/I-CUBE-HUAWEI/Middlewares/Third_Party/Huawei/iot_link/os/liteos\liteos_errno.c ****  * are permitted provided that the following conditions are met:
   6:D:/fchai/work/i-cube/I-CUBE-HUAWEI/Middlewares/Third_Party/Huawei/iot_link/os/liteos\liteos_errno.c ****  * 1. Redistributions of source code must retain the above copyright notice, this list of
   7:D:/fchai/work/i-cube/I-CUBE-HUAWEI/Middlewares/Third_Party/Huawei/iot_link/os/liteos\liteos_errno.c ****  * conditions and the following disclaimer.
   8:D:/fchai/work/i-cube/I-CUBE-HUAWEI/Middlewares/Third_Party/Huawei/iot_link/os/liteos\liteos_errno.c ****  * 2. Redistributions in binary form must reproduce the above copyright notice, this list
   9:D:/fchai/work/i-cube/I-CUBE-HUAWEI/Middlewares/Third_Party/Huawei/iot_link/os/liteos\liteos_errno.c ****  * of conditions and the following disclaimer in the documentation and/or other materials
  10:D:/fchai/work/i-cube/I-CUBE-HUAWEI/Middlewares/Third_Party/Huawei/iot_link/os/liteos\liteos_errno.c ****  * provided with the distribution.
  11:D:/fchai/work/i-cube/I-CUBE-HUAWEI/Middlewares/Third_Party/Huawei/iot_link/os/liteos\liteos_errno.c ****  * 3. Neither the name of the copyright holder nor the names of its contributors may be used
  12:D:/fchai/work/i-cube/I-CUBE-HUAWEI/Middlewares/Third_Party/Huawei/iot_link/os/liteos\liteos_errno.c ****  * to endorse or promote products derived from this software without specific prior written
  13:D:/fchai/work/i-cube/I-CUBE-HUAWEI/Middlewares/Third_Party/Huawei/iot_link/os/liteos\liteos_errno.c ****  * permission.
  14:D:/fchai/work/i-cube/I-CUBE-HUAWEI/Middlewares/Third_Party/Huawei/iot_link/os/liteos\liteos_errno.c ****  * THIS SOFTWARE IS PROVIDED BY THE COPYRIGHT HOLDERS AND CONTRIBUTORS
  15:D:/fchai/work/i-cube/I-CUBE-HUAWEI/Middlewares/Third_Party/Huawei/iot_link/os/liteos\liteos_errno.c ****  * "AS IS" AND ANY EXPRESS OR IMPLIED WARRANTIES, INCLUDING, BUT NOT LIMITED TO,
  16:D:/fchai/work/i-cube/I-CUBE-HUAWEI/Middlewares/Third_Party/Huawei/iot_link/os/liteos\liteos_errno.c ****  * THE IMPLIED WARRANTIES OF MERCHANTABILITY AND FITNESS FOR A PARTICULAR
  17:D:/fchai/work/i-cube/I-CUBE-HUAWEI/Middlewares/Third_Party/Huawei/iot_link/os/liteos\liteos_errno.c ****  * PURPOSE ARE DISCLAIMED. IN NO EVENT SHALL THE COPYRIGHT HOLDER OR
  18:D:/fchai/work/i-cube/I-CUBE-HUAWEI/Middlewares/Third_Party/Huawei/iot_link/os/liteos\liteos_errno.c ****  * CONTRIBUTORS BE LIABLE FOR ANY DIRECT, INDIRECT, INCIDENTAL, SPECIAL,
  19:D:/fchai/work/i-cube/I-CUBE-HUAWEI/Middlewares/Third_Party/Huawei/iot_link/os/liteos\liteos_errno.c ****  * EXEMPLARY, OR CONSEQUENTIAL DAMAGES (INCLUDING, BUT NOT LIMITED TO,
  20:D:/fchai/work/i-cube/I-CUBE-HUAWEI/Middlewares/Third_Party/Huawei/iot_link/os/liteos\liteos_errno.c ****  * PROCUREMENT OF SUBSTITUTE GOODS OR SERVICES; LOSS OF USE, DATA, OR PROFITS;
  21:D:/fchai/work/i-cube/I-CUBE-HUAWEI/Middlewares/Third_Party/Huawei/iot_link/os/liteos\liteos_errno.c ****  * OR BUSINESS INTERRUPTION) HOWEVER CAUSED AND ON ANY THEORY OF LIABILITY,
  22:D:/fchai/work/i-cube/I-CUBE-HUAWEI/Middlewares/Third_Party/Huawei/iot_link/os/liteos\liteos_errno.c ****  * WHETHER IN CONTRACT, STRICT LIABILITY, OR TORT (INCLUDING NEGLIGENCE OR
  23:D:/fchai/work/i-cube/I-CUBE-HUAWEI/Middlewares/Third_Party/Huawei/iot_link/os/liteos\liteos_errno.c ****  * OTHERWISE) ARISING IN ANY WAY OUT OF THE USE OF THIS SOFTWARE, EVEN IF
  24:D:/fchai/work/i-cube/I-CUBE-HUAWEI/Middlewares/Third_Party/Huawei/iot_link/os/liteos\liteos_errno.c ****  * ADVISED OF THE POSSIBILITY OF SUCH DAMAGE.
  25:D:/fchai/work/i-cube/I-CUBE-HUAWEI/Middlewares/Third_Party/Huawei/iot_link/os/liteos\liteos_errno.c ****  *---------------------------------------------------------------------------*/
  26:D:/fchai/work/i-cube/I-CUBE-HUAWEI/Middlewares/Third_Party/Huawei/iot_link/os/liteos\liteos_errno.c **** /*----------------------------------------------------------------------------
  27:D:/fchai/work/i-cube/I-CUBE-HUAWEI/Middlewares/Third_Party/Huawei/iot_link/os/liteos\liteos_errno.c ****  * Notice of Export Control Law
  28:D:/fchai/work/i-cube/I-CUBE-HUAWEI/Middlewares/Third_Party/Huawei/iot_link/os/liteos\liteos_errno.c ****  * ===============================================
  29:D:/fchai/work/i-cube/I-CUBE-HUAWEI/Middlewares/Third_Party/Huawei/iot_link/os/liteos\liteos_errno.c ****  * Huawei LiteOS may be subject to applicable export control laws and regulations, which might
ARM GAS  T:\msys\tmp\ccoM3NIe.s 			page 2


  30:D:/fchai/work/i-cube/I-CUBE-HUAWEI/Middlewares/Third_Party/Huawei/iot_link/os/liteos\liteos_errno.c ****  * include those applicable to Huawei LiteOS of U.S. and the country in which you are located.
  31:D:/fchai/work/i-cube/I-CUBE-HUAWEI/Middlewares/Third_Party/Huawei/iot_link/os/liteos\liteos_errno.c ****  * Import, export and usage of Huawei LiteOS in any manner by you shall be in compliance with such
  32:D:/fchai/work/i-cube/I-CUBE-HUAWEI/Middlewares/Third_Party/Huawei/iot_link/os/liteos\liteos_errno.c ****  * applicable export control laws and regulations.
  33:D:/fchai/work/i-cube/I-CUBE-HUAWEI/Middlewares/Third_Party/Huawei/iot_link/os/liteos\liteos_errno.c ****  *---------------------------------------------------------------------------*/
  34:D:/fchai/work/i-cube/I-CUBE-HUAWEI/Middlewares/Third_Party/Huawei/iot_link/os/liteos\liteos_errno.c **** 
  35:D:/fchai/work/i-cube/I-CUBE-HUAWEI/Middlewares/Third_Party/Huawei/iot_link/os/liteos\liteos_errno.c **** /* Includes -----------------------------------------------------------------*/
  36:D:/fchai/work/i-cube/I-CUBE-HUAWEI/Middlewares/Third_Party/Huawei/iot_link/os/liteos\liteos_errno.c **** 
  37:D:/fchai/work/i-cube/I-CUBE-HUAWEI/Middlewares/Third_Party/Huawei/iot_link/os/liteos\liteos_errno.c **** #include "los_config.h"
  38:D:/fchai/work/i-cube/I-CUBE-HUAWEI/Middlewares/Third_Party/Huawei/iot_link/os/liteos\liteos_errno.c **** #include "los_task.h"
  39:D:/fchai/work/i-cube/I-CUBE-HUAWEI/Middlewares/Third_Party/Huawei/iot_link/os/liteos\liteos_errno.c **** #include "los_printf.h"
  40:D:/fchai/work/i-cube/I-CUBE-HUAWEI/Middlewares/Third_Party/Huawei/iot_link/os/liteos\liteos_errno.c **** 
  41:D:/fchai/work/i-cube/I-CUBE-HUAWEI/Middlewares/Third_Party/Huawei/iot_link/os/liteos\liteos_errno.c **** 
  42:D:/fchai/work/i-cube/I-CUBE-HUAWEI/Middlewares/Third_Party/Huawei/iot_link/os/liteos\liteos_errno.c **** /* Typedefs -----------------------------------------------------------------*/
  43:D:/fchai/work/i-cube/I-CUBE-HUAWEI/Middlewares/Third_Party/Huawei/iot_link/os/liteos\liteos_errno.c **** 
  44:D:/fchai/work/i-cube/I-CUBE-HUAWEI/Middlewares/Third_Party/Huawei/iot_link/os/liteos\liteos_errno.c **** typedef struct TaskReent
  45:D:/fchai/work/i-cube/I-CUBE-HUAWEI/Middlewares/Third_Party/Huawei/iot_link/os/liteos\liteos_errno.c **** {
  46:D:/fchai/work/i-cube/I-CUBE-HUAWEI/Middlewares/Third_Party/Huawei/iot_link/os/liteos\liteos_errno.c ****     int errno;
  47:D:/fchai/work/i-cube/I-CUBE-HUAWEI/Middlewares/Third_Party/Huawei/iot_link/os/liteos\liteos_errno.c **** } TaskReent;
  48:D:/fchai/work/i-cube/I-CUBE-HUAWEI/Middlewares/Third_Party/Huawei/iot_link/os/liteos\liteos_errno.c **** 
  49:D:/fchai/work/i-cube/I-CUBE-HUAWEI/Middlewares/Third_Party/Huawei/iot_link/os/liteos\liteos_errno.c **** 
  50:D:/fchai/work/i-cube/I-CUBE-HUAWEI/Middlewares/Third_Party/Huawei/iot_link/os/liteos\liteos_errno.c **** /* Local variables ----------------------------------------------------------*/
  51:D:/fchai/work/i-cube/I-CUBE-HUAWEI/Middlewares/Third_Party/Huawei/iot_link/os/liteos\liteos_errno.c **** 
  52:D:/fchai/work/i-cube/I-CUBE-HUAWEI/Middlewares/Third_Party/Huawei/iot_link/os/liteos\liteos_errno.c **** static TaskReent g_task_reent[LOSCFG_BASE_CORE_TSK_LIMIT + 1];
  53:D:/fchai/work/i-cube/I-CUBE-HUAWEI/Middlewares/Third_Party/Huawei/iot_link/os/liteos\liteos_errno.c **** 
  54:D:/fchai/work/i-cube/I-CUBE-HUAWEI/Middlewares/Third_Party/Huawei/iot_link/os/liteos\liteos_errno.c **** 
  55:D:/fchai/work/i-cube/I-CUBE-HUAWEI/Middlewares/Third_Party/Huawei/iot_link/os/liteos\liteos_errno.c **** /* Public functions ---------------------------------------------------------*/
  56:D:/fchai/work/i-cube/I-CUBE-HUAWEI/Middlewares/Third_Party/Huawei/iot_link/os/liteos\liteos_errno.c **** 
  57:D:/fchai/work/i-cube/I-CUBE-HUAWEI/Middlewares/Third_Party/Huawei/iot_link/os/liteos\liteos_errno.c **** int *task_errno(void)
  58:D:/fchai/work/i-cube/I-CUBE-HUAWEI/Middlewares/Third_Party/Huawei/iot_link/os/liteos\liteos_errno.c **** {
  30              		.loc 1 58 1 view -0
  31              		.cfi_startproc
  32              		@ args = 0, pretend = 0, frame = 0
  33              		@ frame_needed = 0, uses_anonymous_args = 0
  59:D:/fchai/work/i-cube/I-CUBE-HUAWEI/Middlewares/Third_Party/Huawei/iot_link/os/liteos\liteos_errno.c ****     UINT32 taskid = LOS_CurTaskIDGet();
  34              		.loc 1 59 5 view .LVU1
  58:D:/fchai/work/i-cube/I-CUBE-HUAWEI/Middlewares/Third_Party/Huawei/iot_link/os/liteos\liteos_errno.c ****     UINT32 taskid = LOS_CurTaskIDGet();
  35              		.loc 1 58 1 is_stmt 0 view .LVU2
  36 0000 08B5     		push	{r3, lr}
  37              	.LCFI0:
  38              		.cfi_def_cfa_offset 8
  39              		.cfi_offset 3, -8
  40              		.cfi_offset 14, -4
  41              		.loc 1 59 21 view .LVU3
  42 0002 FFF7FEFF 		bl	LOS_CurTaskIDGet
  43              	.LVL0:
  60:D:/fchai/work/i-cube/I-CUBE-HUAWEI/Middlewares/Third_Party/Huawei/iot_link/os/liteos\liteos_errno.c **** 
  61:D:/fchai/work/i-cube/I-CUBE-HUAWEI/Middlewares/Third_Party/Huawei/iot_link/os/liteos\liteos_errno.c ****     if (taskid <= LOSCFG_BASE_CORE_TSK_LIMIT)
  44              		.loc 1 61 5 is_stmt 1 view .LVU4
  62:D:/fchai/work/i-cube/I-CUBE-HUAWEI/Middlewares/Third_Party/Huawei/iot_link/os/liteos\liteos_errno.c ****     {
  63:D:/fchai/work/i-cube/I-CUBE-HUAWEI/Middlewares/Third_Party/Huawei/iot_link/os/liteos\liteos_errno.c ****         return &g_task_reent[taskid].errno;
  45              		.loc 1 63 9 view .LVU5
  61:D:/fchai/work/i-cube/I-CUBE-HUAWEI/Middlewares/Third_Party/Huawei/iot_link/os/liteos\liteos_errno.c ****     {
  46              		.loc 1 61 8 is_stmt 0 view .LVU6
  47 0006 0F28     		cmp	r0, #15
  48              		.loc 1 63 16 view .LVU7
  49 0008 96BF     		itet	ls
  50 000a 024B     		ldrls	r3, .L6
ARM GAS  T:\msys\tmp\ccoM3NIe.s 			page 3


  64:D:/fchai/work/i-cube/I-CUBE-HUAWEI/Middlewares/Third_Party/Huawei/iot_link/os/liteos\liteos_errno.c ****     }
  65:D:/fchai/work/i-cube/I-CUBE-HUAWEI/Middlewares/Third_Party/Huawei/iot_link/os/liteos\liteos_errno.c ****     else
  66:D:/fchai/work/i-cube/I-CUBE-HUAWEI/Middlewares/Third_Party/Huawei/iot_link/os/liteos\liteos_errno.c ****     {
  67:D:/fchai/work/i-cube/I-CUBE-HUAWEI/Middlewares/Third_Party/Huawei/iot_link/os/liteos\liteos_errno.c ****         PRINT_WARN("TaskID[%d] is invalid\n", taskid);
  68:D:/fchai/work/i-cube/I-CUBE-HUAWEI/Middlewares/Third_Party/Huawei/iot_link/os/liteos\liteos_errno.c ****         return &g_task_reent[0].errno;
  51              		.loc 1 68 16 view .LVU8
  52 000c 0148     		ldrhi	r0, .L6
  53              	.LVL1:
  63:D:/fchai/work/i-cube/I-CUBE-HUAWEI/Middlewares/Third_Party/Huawei/iot_link/os/liteos\liteos_errno.c ****     }
  54              		.loc 1 63 16 view .LVU9
  55 000e 03EB8000 		addls	r0, r3, r0, lsl #2
  69:D:/fchai/work/i-cube/I-CUBE-HUAWEI/Middlewares/Third_Party/Huawei/iot_link/os/liteos\liteos_errno.c ****     }
  70:D:/fchai/work/i-cube/I-CUBE-HUAWEI/Middlewares/Third_Party/Huawei/iot_link/os/liteos\liteos_errno.c **** }
  56              		.loc 1 70 1 view .LVU10
  57 0012 08BD     		pop	{r3, pc}
  58              	.L7:
  59              		.align	2
  60              	.L6:
  61 0014 00000000 		.word	.LANCHOR0
  62              		.cfi_endproc
  63              	.LFE133:
  65              		.section	.bss.g_task_reent,"aw",%nobits
  66              		.align	2
  67              		.set	.LANCHOR0,. + 0
  70              	g_task_reent:
  71 0000 00000000 		.space	64
  71      00000000 
  71      00000000 
  71      00000000 
  71      00000000 
  72              		.text
  73              	.Letext0:
  74              		.file 2 "t:\\msys\\3rd\\gcc-arm-none-eabi-9-2020-q2-update-win32\\lib\\gcc\\arm-none-eabi\\9.3.1\\
  75              		.file 3 "t:\\msys\\3rd\\gcc-arm-none-eabi-9-2020-q2-update-win32\\arm-none-eabi\\include\\machine\
  76              		.file 4 "t:\\msys\\3rd\\gcc-arm-none-eabi-9-2020-q2-update-win32\\arm-none-eabi\\include\\sys\\_ty
  77              		.file 5 "t:\\msys\\3rd\\gcc-arm-none-eabi-9-2020-q2-update-win32\\arm-none-eabi\\include\\sys\\ree
  78              		.file 6 "t:\\msys\\3rd\\gcc-arm-none-eabi-9-2020-q2-update-win32\\arm-none-eabi\\include\\sys\\loc
  79              		.file 7 "D:/fchai/work/i-cube/I-CUBE-HUAWEI/Middlewares/Third_Party/Huawei/iot_link/os/liteos/incl
  80              		.file 8 "t:\\msys\\3rd\\gcc-arm-none-eabi-9-2020-q2-update-win32\\arm-none-eabi\\include\\sys\\_st
  81              		.file 9 "D:/fchai/work/i-cube/I-CUBE-HUAWEI/Middlewares/Third_Party/Huawei/iot_link/os/liteos/arch
  82              		.file 10 "D:/fchai/work/i-cube/I-CUBE-HUAWEI/Drivers/CMSIS/Device/ST/STM32L4xx/Include/system_stm3
  83              		.file 11 "D:/fchai/work/i-cube/I-CUBE-HUAWEI/Drivers/STM32L4xx_HAL_Driver/Inc/stm32l4xx_hal_def.h"
  84              		.file 12 "D:/fchai/work/i-cube/I-CUBE-HUAWEI/Drivers/STM32L4xx_HAL_Driver/Inc/stm32l4xx_hal_flash.
  85              		.file 13 "D:/fchai/work/i-cube/I-CUBE-HUAWEI/Drivers/STM32L4xx_HAL_Driver/Inc/stm32l4xx_hal.h"
  86              		.file 14 "D:/fchai/work/i-cube/I-CUBE-HUAWEI/Middlewares/Third_Party/Huawei/iot_link/os/liteos/inc
  87              		.file 15 "D:/fchai/work/i-cube/I-CUBE-HUAWEI/Middlewares/Third_Party/Huawei/iot_link/os/liteos/inc
  88              		.file 16 "D:/fchai/work/i-cube/I-CUBE-HUAWEI/Middlewares/Third_Party/Huawei/iot_link/os/liteos/arc
  89              		.file 17 "D:/fchai/work/i-cube/I-CUBE-HUAWEI/Middlewares/Third_Party/Huawei/iot_link/os/liteos/inc
  90              		.file 18 "D:/fchai/work/i-cube/I-CUBE-HUAWEI/Middlewares/Third_Party/Huawei/iot_link/os/liteos/inc
ARM GAS  T:\msys\tmp\ccoM3NIe.s 			page 4


DEFINED SYMBOLS
                            *ABS*:00000000 liteos_errno.c
T:\msys\tmp\ccoM3NIe.s:18     .text.task_errno:00000000 $t
T:\msys\tmp\ccoM3NIe.s:27     .text.task_errno:00000000 task_errno
T:\msys\tmp\ccoM3NIe.s:61     .text.task_errno:00000014 $d
T:\msys\tmp\ccoM3NIe.s:66     .bss.g_task_reent:00000000 $d
T:\msys\tmp\ccoM3NIe.s:70     .bss.g_task_reent:00000000 g_task_reent

UNDEFINED SYMBOLS
LOS_CurTaskIDGet
