ARM GAS  T:\msys\tmp\cccBzLKg.s 			page 1


   1              		.cpu cortex-m4
   2              		.eabi_attribute 27, 1
   3              		.eabi_attribute 28, 1
   4              		.eabi_attribute 20, 1
   5              		.eabi_attribute 21, 1
   6              		.eabi_attribute 23, 3
   7              		.eabi_attribute 24, 1
   8              		.eabi_attribute 25, 1
   9              		.eabi_attribute 26, 1
  10              		.eabi_attribute 30, 2
  11              		.eabi_attribute 34, 1
  12              		.eabi_attribute 18, 4
  13              		.file	"MQTTSubscribeServer.c"
  14              		.text
  15              	.Ltext0:
  16              		.cfi_sections	.debug_frame
  17              		.section	.text.MQTTDeserialize_subscribe,"ax",%progbits
  18              		.align	1
  19              		.p2align 2,,3
  20              		.global	MQTTDeserialize_subscribe
  21              		.arch armv7e-m
  22              		.syntax unified
  23              		.thumb
  24              		.thumb_func
  25              		.fpu fpv4-sp-d16
  27              	MQTTDeserialize_subscribe:
  28              	.LVL0:
  29              	.LFB3:
  30              		.file 1 "D:/fchai/work/i-cube/I-CUBE-HUAWEI/Middlewares/Third_Party/Huawei/iot_link/network/mqtt/p
   1:D:/fchai/work/i-cube/I-CUBE-HUAWEI/Middlewares/Third_Party/Huawei/iot_link/network/mqtt/paho_mqtt/paho/MQTTPacket/src\MQTTSubscribeServer.c **** /*******************************************************************************
   2:D:/fchai/work/i-cube/I-CUBE-HUAWEI/Middlewares/Third_Party/Huawei/iot_link/network/mqtt/paho_mqtt/paho/MQTTPacket/src\MQTTSubscribeServer.c ****  * Copyright (c) 2014 IBM Corp.
   3:D:/fchai/work/i-cube/I-CUBE-HUAWEI/Middlewares/Third_Party/Huawei/iot_link/network/mqtt/paho_mqtt/paho/MQTTPacket/src\MQTTSubscribeServer.c ****  *
   4:D:/fchai/work/i-cube/I-CUBE-HUAWEI/Middlewares/Third_Party/Huawei/iot_link/network/mqtt/paho_mqtt/paho/MQTTPacket/src\MQTTSubscribeServer.c ****  * All rights reserved. This program and the accompanying materials
   5:D:/fchai/work/i-cube/I-CUBE-HUAWEI/Middlewares/Third_Party/Huawei/iot_link/network/mqtt/paho_mqtt/paho/MQTTPacket/src\MQTTSubscribeServer.c ****  * are made available under the terms of the Eclipse Public License v1.0
   6:D:/fchai/work/i-cube/I-CUBE-HUAWEI/Middlewares/Third_Party/Huawei/iot_link/network/mqtt/paho_mqtt/paho/MQTTPacket/src\MQTTSubscribeServer.c ****  * and Eclipse Distribution License v1.0 which accompany this distribution.
   7:D:/fchai/work/i-cube/I-CUBE-HUAWEI/Middlewares/Third_Party/Huawei/iot_link/network/mqtt/paho_mqtt/paho/MQTTPacket/src\MQTTSubscribeServer.c ****  *
   8:D:/fchai/work/i-cube/I-CUBE-HUAWEI/Middlewares/Third_Party/Huawei/iot_link/network/mqtt/paho_mqtt/paho/MQTTPacket/src\MQTTSubscribeServer.c ****  * The Eclipse Public License is available at
   9:D:/fchai/work/i-cube/I-CUBE-HUAWEI/Middlewares/Third_Party/Huawei/iot_link/network/mqtt/paho_mqtt/paho/MQTTPacket/src\MQTTSubscribeServer.c ****  *    http://www.eclipse.org/legal/epl-v10.html
  10:D:/fchai/work/i-cube/I-CUBE-HUAWEI/Middlewares/Third_Party/Huawei/iot_link/network/mqtt/paho_mqtt/paho/MQTTPacket/src\MQTTSubscribeServer.c ****  * and the Eclipse Distribution License is available at
  11:D:/fchai/work/i-cube/I-CUBE-HUAWEI/Middlewares/Third_Party/Huawei/iot_link/network/mqtt/paho_mqtt/paho/MQTTPacket/src\MQTTSubscribeServer.c ****  *   http://www.eclipse.org/org/documents/edl-v10.php.
  12:D:/fchai/work/i-cube/I-CUBE-HUAWEI/Middlewares/Third_Party/Huawei/iot_link/network/mqtt/paho_mqtt/paho/MQTTPacket/src\MQTTSubscribeServer.c ****  *
  13:D:/fchai/work/i-cube/I-CUBE-HUAWEI/Middlewares/Third_Party/Huawei/iot_link/network/mqtt/paho_mqtt/paho/MQTTPacket/src\MQTTSubscribeServer.c ****  * Contributors:
  14:D:/fchai/work/i-cube/I-CUBE-HUAWEI/Middlewares/Third_Party/Huawei/iot_link/network/mqtt/paho_mqtt/paho/MQTTPacket/src\MQTTSubscribeServer.c ****  *    Ian Craggs - initial API and implementation and/or initial documentation
  15:D:/fchai/work/i-cube/I-CUBE-HUAWEI/Middlewares/Third_Party/Huawei/iot_link/network/mqtt/paho_mqtt/paho/MQTTPacket/src\MQTTSubscribeServer.c ****  *******************************************************************************/
  16:D:/fchai/work/i-cube/I-CUBE-HUAWEI/Middlewares/Third_Party/Huawei/iot_link/network/mqtt/paho_mqtt/paho/MQTTPacket/src\MQTTSubscribeServer.c **** 
  17:D:/fchai/work/i-cube/I-CUBE-HUAWEI/Middlewares/Third_Party/Huawei/iot_link/network/mqtt/paho_mqtt/paho/MQTTPacket/src\MQTTSubscribeServer.c **** #include "MQTTPacket.h"
  18:D:/fchai/work/i-cube/I-CUBE-HUAWEI/Middlewares/Third_Party/Huawei/iot_link/network/mqtt/paho_mqtt/paho/MQTTPacket/src\MQTTSubscribeServer.c **** #include "StackTrace.h"
  19:D:/fchai/work/i-cube/I-CUBE-HUAWEI/Middlewares/Third_Party/Huawei/iot_link/network/mqtt/paho_mqtt/paho/MQTTPacket/src\MQTTSubscribeServer.c **** 
  20:D:/fchai/work/i-cube/I-CUBE-HUAWEI/Middlewares/Third_Party/Huawei/iot_link/network/mqtt/paho_mqtt/paho/MQTTPacket/src\MQTTSubscribeServer.c **** #include <string.h>
  21:D:/fchai/work/i-cube/I-CUBE-HUAWEI/Middlewares/Third_Party/Huawei/iot_link/network/mqtt/paho_mqtt/paho/MQTTPacket/src\MQTTSubscribeServer.c **** 
  22:D:/fchai/work/i-cube/I-CUBE-HUAWEI/Middlewares/Third_Party/Huawei/iot_link/network/mqtt/paho_mqtt/paho/MQTTPacket/src\MQTTSubscribeServer.c **** 
  23:D:/fchai/work/i-cube/I-CUBE-HUAWEI/Middlewares/Third_Party/Huawei/iot_link/network/mqtt/paho_mqtt/paho/MQTTPacket/src\MQTTSubscribeServer.c **** /**
  24:D:/fchai/work/i-cube/I-CUBE-HUAWEI/Middlewares/Third_Party/Huawei/iot_link/network/mqtt/paho_mqtt/paho/MQTTPacket/src\MQTTSubscribeServer.c ****   * Deserializes the supplied (wire) buffer into subscribe data
  25:D:/fchai/work/i-cube/I-CUBE-HUAWEI/Middlewares/Third_Party/Huawei/iot_link/network/mqtt/paho_mqtt/paho/MQTTPacket/src\MQTTSubscribeServer.c ****   * @param dup integer returned - the MQTT dup flag
  26:D:/fchai/work/i-cube/I-CUBE-HUAWEI/Middlewares/Third_Party/Huawei/iot_link/network/mqtt/paho_mqtt/paho/MQTTPacket/src\MQTTSubscribeServer.c ****   * @param packetid integer returned - the MQTT packet identifier
  27:D:/fchai/work/i-cube/I-CUBE-HUAWEI/Middlewares/Third_Party/Huawei/iot_link/network/mqtt/paho_mqtt/paho/MQTTPacket/src\MQTTSubscribeServer.c ****   * @param maxcount - the maximum number of members allowed in the topicFilters and requestedQoSs a
  28:D:/fchai/work/i-cube/I-CUBE-HUAWEI/Middlewares/Third_Party/Huawei/iot_link/network/mqtt/paho_mqtt/paho/MQTTPacket/src\MQTTSubscribeServer.c ****   * @param count - number of members in the topicFilters and requestedQoSs arrays
ARM GAS  T:\msys\tmp\cccBzLKg.s 			page 2


  29:D:/fchai/work/i-cube/I-CUBE-HUAWEI/Middlewares/Third_Party/Huawei/iot_link/network/mqtt/paho_mqtt/paho/MQTTPacket/src\MQTTSubscribeServer.c ****   * @param topicFilters - array of topic filter names
  30:D:/fchai/work/i-cube/I-CUBE-HUAWEI/Middlewares/Third_Party/Huawei/iot_link/network/mqtt/paho_mqtt/paho/MQTTPacket/src\MQTTSubscribeServer.c ****   * @param requestedQoSs - array of requested QoS
  31:D:/fchai/work/i-cube/I-CUBE-HUAWEI/Middlewares/Third_Party/Huawei/iot_link/network/mqtt/paho_mqtt/paho/MQTTPacket/src\MQTTSubscribeServer.c ****   * @param buf the raw buffer data, of the correct length determined by the remaining length field
  32:D:/fchai/work/i-cube/I-CUBE-HUAWEI/Middlewares/Third_Party/Huawei/iot_link/network/mqtt/paho_mqtt/paho/MQTTPacket/src\MQTTSubscribeServer.c ****   * @param buflen the length in bytes of the data in the supplied buffer
  33:D:/fchai/work/i-cube/I-CUBE-HUAWEI/Middlewares/Third_Party/Huawei/iot_link/network/mqtt/paho_mqtt/paho/MQTTPacket/src\MQTTSubscribeServer.c ****   * @return the length of the serialized data.  <= 0 indicates error
  34:D:/fchai/work/i-cube/I-CUBE-HUAWEI/Middlewares/Third_Party/Huawei/iot_link/network/mqtt/paho_mqtt/paho/MQTTPacket/src\MQTTSubscribeServer.c ****   */
  35:D:/fchai/work/i-cube/I-CUBE-HUAWEI/Middlewares/Third_Party/Huawei/iot_link/network/mqtt/paho_mqtt/paho/MQTTPacket/src\MQTTSubscribeServer.c **** int MQTTDeserialize_subscribe(unsigned char* dup, unsigned short* packetid, int maxcount, int* coun
  36:D:/fchai/work/i-cube/I-CUBE-HUAWEI/Middlewares/Third_Party/Huawei/iot_link/network/mqtt/paho_mqtt/paho/MQTTPacket/src\MQTTSubscribeServer.c **** 	int requestedQoSs[], unsigned char* buf, int buflen)
  37:D:/fchai/work/i-cube/I-CUBE-HUAWEI/Middlewares/Third_Party/Huawei/iot_link/network/mqtt/paho_mqtt/paho/MQTTPacket/src\MQTTSubscribeServer.c **** {
  31              		.loc 1 37 1 view -0
  32              		.cfi_startproc
  33              		@ args = 16, pretend = 0, frame = 8
  34              		@ frame_needed = 0, uses_anonymous_args = 0
  38:D:/fchai/work/i-cube/I-CUBE-HUAWEI/Middlewares/Third_Party/Huawei/iot_link/network/mqtt/paho_mqtt/paho/MQTTPacket/src\MQTTSubscribeServer.c **** 	MQTTHeader header = {0};
  35              		.loc 1 38 2 view .LVU1
  39:D:/fchai/work/i-cube/I-CUBE-HUAWEI/Middlewares/Third_Party/Huawei/iot_link/network/mqtt/paho_mqtt/paho/MQTTPacket/src\MQTTSubscribeServer.c **** 	unsigned char* curdata = buf;
  36              		.loc 1 39 2 view .LVU2
  37:D:/fchai/work/i-cube/I-CUBE-HUAWEI/Middlewares/Third_Party/Huawei/iot_link/network/mqtt/paho_mqtt/paho/MQTTPacket/src\MQTTSubscribeServer.c **** 	MQTTHeader header = {0};
  37              		.loc 1 37 1 is_stmt 0 view .LVU3
  38 0000 2DE9F047 		push	{r4, r5, r6, r7, r8, r9, r10, lr}
  39              	.LCFI0:
  40              		.cfi_def_cfa_offset 32
  41              		.cfi_offset 4, -32
  42              		.cfi_offset 5, -28
  43              		.cfi_offset 6, -24
  44              		.cfi_offset 7, -20
  45              		.cfi_offset 8, -16
  46              		.cfi_offset 9, -12
  47              		.cfi_offset 10, -8
  48              		.cfi_offset 14, -4
  49 0004 82B0     		sub	sp, sp, #8
  50              	.LCFI1:
  51              		.cfi_def_cfa_offset 40
  40:D:/fchai/work/i-cube/I-CUBE-HUAWEI/Middlewares/Third_Party/Huawei/iot_link/network/mqtt/paho_mqtt/paho/MQTTPacket/src\MQTTSubscribeServer.c **** 	unsigned char* enddata = NULL;
  41:D:/fchai/work/i-cube/I-CUBE-HUAWEI/Middlewares/Third_Party/Huawei/iot_link/network/mqtt/paho_mqtt/paho/MQTTPacket/src\MQTTSubscribeServer.c **** 	int rc = -1;
  42:D:/fchai/work/i-cube/I-CUBE-HUAWEI/Middlewares/Third_Party/Huawei/iot_link/network/mqtt/paho_mqtt/paho/MQTTPacket/src\MQTTSubscribeServer.c **** 	int mylen = 0;
  52              		.loc 1 42 6 view .LVU4
  53 0006 0024     		movs	r4, #0
  37:D:/fchai/work/i-cube/I-CUBE-HUAWEI/Middlewares/Third_Party/Huawei/iot_link/network/mqtt/paho_mqtt/paho/MQTTPacket/src\MQTTSubscribeServer.c **** 	MQTTHeader header = {0};
  54              		.loc 1 37 1 view .LVU5
  55 0008 0C9A     		ldr	r2, [sp, #48]
  56              	.LVL1:
  39:D:/fchai/work/i-cube/I-CUBE-HUAWEI/Middlewares/Third_Party/Huawei/iot_link/network/mqtt/paho_mqtt/paho/MQTTPacket/src\MQTTSubscribeServer.c **** 	unsigned char* enddata = NULL;
  57              		.loc 1 39 17 view .LVU6
  58 000a 0092     		str	r2, [sp]
  40:D:/fchai/work/i-cube/I-CUBE-HUAWEI/Middlewares/Third_Party/Huawei/iot_link/network/mqtt/paho_mqtt/paho/MQTTPacket/src\MQTTSubscribeServer.c **** 	unsigned char* enddata = NULL;
  59              		.loc 1 40 2 is_stmt 1 view .LVU7
  60              	.LVL2:
  41:D:/fchai/work/i-cube/I-CUBE-HUAWEI/Middlewares/Third_Party/Huawei/iot_link/network/mqtt/paho_mqtt/paho/MQTTPacket/src\MQTTSubscribeServer.c **** 	int mylen = 0;
  61              		.loc 1 41 2 view .LVU8
  62              		.loc 1 42 2 view .LVU9
  37:D:/fchai/work/i-cube/I-CUBE-HUAWEI/Middlewares/Third_Party/Huawei/iot_link/network/mqtt/paho_mqtt/paho/MQTTPacket/src\MQTTSubscribeServer.c **** 	MQTTHeader header = {0};
  63              		.loc 1 37 1 is_stmt 0 view .LVU10
  64 000c 0546     		mov	r5, r0
  43:D:/fchai/work/i-cube/I-CUBE-HUAWEI/Middlewares/Third_Party/Huawei/iot_link/network/mqtt/paho_mqtt/paho/MQTTPacket/src\MQTTSubscribeServer.c **** 
  44:D:/fchai/work/i-cube/I-CUBE-HUAWEI/Middlewares/Third_Party/Huawei/iot_link/network/mqtt/paho_mqtt/paho/MQTTPacket/src\MQTTSubscribeServer.c **** 	FUNC_ENTRY;
  45:D:/fchai/work/i-cube/I-CUBE-HUAWEI/Middlewares/Third_Party/Huawei/iot_link/network/mqtt/paho_mqtt/paho/MQTTPacket/src\MQTTSubscribeServer.c **** 	header.byte = readChar(&curdata);
ARM GAS  T:\msys\tmp\cccBzLKg.s 			page 3


  65              		.loc 1 45 16 view .LVU11
  66 000e 6846     		mov	r0, sp
  67              	.LVL3:
  37:D:/fchai/work/i-cube/I-CUBE-HUAWEI/Middlewares/Third_Party/Huawei/iot_link/network/mqtt/paho_mqtt/paho/MQTTPacket/src\MQTTSubscribeServer.c **** 	MQTTHeader header = {0};
  68              		.loc 1 37 1 view .LVU12
  69 0010 9946     		mov	r9, r3
  70 0012 DDE90A67 		ldrd	r6, r7, [sp, #40]
  71 0016 8A46     		mov	r10, r1
  42:D:/fchai/work/i-cube/I-CUBE-HUAWEI/Middlewares/Third_Party/Huawei/iot_link/network/mqtt/paho_mqtt/paho/MQTTPacket/src\MQTTSubscribeServer.c **** 
  72              		.loc 1 42 6 view .LVU13
  73 0018 0194     		str	r4, [sp, #4]
  44:D:/fchai/work/i-cube/I-CUBE-HUAWEI/Middlewares/Third_Party/Huawei/iot_link/network/mqtt/paho_mqtt/paho/MQTTPacket/src\MQTTSubscribeServer.c **** 	header.byte = readChar(&curdata);
  74              		.loc 1 44 12 is_stmt 1 view .LVU14
  75              		.loc 1 45 2 view .LVU15
  76              		.loc 1 45 16 is_stmt 0 view .LVU16
  77 001a FFF7FEFF 		bl	readChar
  78              	.LVL4:
  46:D:/fchai/work/i-cube/I-CUBE-HUAWEI/Middlewares/Third_Party/Huawei/iot_link/network/mqtt/paho_mqtt/paho/MQTTPacket/src\MQTTSubscribeServer.c **** 	if (header.bits.type != SUBSCRIBE)
  79              		.loc 1 46 5 view .LVU17
  80 001e 00F0F002 		and	r2, r0, #240
  45:D:/fchai/work/i-cube/I-CUBE-HUAWEI/Middlewares/Third_Party/Huawei/iot_link/network/mqtt/paho_mqtt/paho/MQTTPacket/src\MQTTSubscribeServer.c **** 	if (header.bits.type != SUBSCRIBE)
  81              		.loc 1 45 14 view .LVU18
  82 0022 2346     		mov	r3, r4
  83              	.LVL5:
  84              		.loc 1 46 5 view .LVU19
  85 0024 802A     		cmp	r2, #128
  45:D:/fchai/work/i-cube/I-CUBE-HUAWEI/Middlewares/Third_Party/Huawei/iot_link/network/mqtt/paho_mqtt/paho/MQTTPacket/src\MQTTSubscribeServer.c **** 	if (header.bits.type != SUBSCRIBE)
  86              		.loc 1 45 14 view .LVU20
  87 0026 60F30703 		bfi	r3, r0, #0, #8
  88              	.LVL6:
  89              		.loc 1 46 2 is_stmt 1 view .LVU21
  90              		.loc 1 46 5 is_stmt 0 view .LVU22
  91 002a 41D1     		bne	.L5
  47:D:/fchai/work/i-cube/I-CUBE-HUAWEI/Middlewares/Third_Party/Huawei/iot_link/network/mqtt/paho_mqtt/paho/MQTTPacket/src\MQTTSubscribeServer.c **** 		goto exit;
  48:D:/fchai/work/i-cube/I-CUBE-HUAWEI/Middlewares/Third_Party/Huawei/iot_link/network/mqtt/paho_mqtt/paho/MQTTPacket/src\MQTTSubscribeServer.c **** 	*dup = header.bits.dup;
  92              		.loc 1 48 2 is_stmt 1 view .LVU23
  93              		.loc 1 48 20 is_stmt 0 view .LVU24
  94 002c C3F3C003 		ubfx	r3, r3, #3, #1
  95              	.LVL7:
  49:D:/fchai/work/i-cube/I-CUBE-HUAWEI/Middlewares/Third_Party/Huawei/iot_link/network/mqtt/paho_mqtt/paho/MQTTPacket/src\MQTTSubscribeServer.c **** 
  50:D:/fchai/work/i-cube/I-CUBE-HUAWEI/Middlewares/Third_Party/Huawei/iot_link/network/mqtt/paho_mqtt/paho/MQTTPacket/src\MQTTSubscribeServer.c **** 	curdata += (rc = MQTTPacket_decodeBuf(curdata, &mylen)); /* read remaining length */
  96              		.loc 1 50 19 view .LVU25
  97 0030 01A9     		add	r1, sp, #4
  48:D:/fchai/work/i-cube/I-CUBE-HUAWEI/Middlewares/Third_Party/Huawei/iot_link/network/mqtt/paho_mqtt/paho/MQTTPacket/src\MQTTSubscribeServer.c **** 
  98              		.loc 1 48 7 view .LVU26
  99 0032 2B70     		strb	r3, [r5]
 100              		.loc 1 50 2 is_stmt 1 view .LVU27
 101              		.loc 1 50 19 is_stmt 0 view .LVU28
 102 0034 0098     		ldr	r0, [sp]
 103 0036 FFF7FEFF 		bl	MQTTPacket_decodeBuf
 104              	.LVL8:
  51:D:/fchai/work/i-cube/I-CUBE-HUAWEI/Middlewares/Third_Party/Huawei/iot_link/network/mqtt/paho_mqtt/paho/MQTTPacket/src\MQTTSubscribeServer.c **** 	enddata = curdata + mylen;
 105              		.loc 1 51 10 view .LVU29
 106 003a DDE90053 		ldrd	r5, r3, [sp]
 107              	.LVL9:
  50:D:/fchai/work/i-cube/I-CUBE-HUAWEI/Middlewares/Third_Party/Huawei/iot_link/network/mqtt/paho_mqtt/paho/MQTTPacket/src\MQTTSubscribeServer.c **** 	enddata = curdata + mylen;
 108              		.loc 1 50 19 view .LVU30
ARM GAS  T:\msys\tmp\cccBzLKg.s 			page 4


 109 003e 8046     		mov	r8, r0
 110              	.LVL10:
  50:D:/fchai/work/i-cube/I-CUBE-HUAWEI/Middlewares/Third_Party/Huawei/iot_link/network/mqtt/paho_mqtt/paho/MQTTPacket/src\MQTTSubscribeServer.c **** 	enddata = curdata + mylen;
 111              		.loc 1 50 10 view .LVU31
 112 0040 0544     		add	r5, r5, r0
  52:D:/fchai/work/i-cube/I-CUBE-HUAWEI/Middlewares/Third_Party/Huawei/iot_link/network/mqtt/paho_mqtt/paho/MQTTPacket/src\MQTTSubscribeServer.c **** 
  53:D:/fchai/work/i-cube/I-CUBE-HUAWEI/Middlewares/Third_Party/Huawei/iot_link/network/mqtt/paho_mqtt/paho/MQTTPacket/src\MQTTSubscribeServer.c **** 	*packetid = readInt(&curdata);
 113              		.loc 1 53 14 view .LVU32
 114 0042 6846     		mov	r0, sp
 115              	.LVL11:
  50:D:/fchai/work/i-cube/I-CUBE-HUAWEI/Middlewares/Third_Party/Huawei/iot_link/network/mqtt/paho_mqtt/paho/MQTTPacket/src\MQTTSubscribeServer.c **** 	enddata = curdata + mylen;
 116              		.loc 1 50 10 view .LVU33
 117 0044 0095     		str	r5, [sp]
  51:D:/fchai/work/i-cube/I-CUBE-HUAWEI/Middlewares/Third_Party/Huawei/iot_link/network/mqtt/paho_mqtt/paho/MQTTPacket/src\MQTTSubscribeServer.c **** 
 118              		.loc 1 51 2 is_stmt 1 view .LVU34
  51:D:/fchai/work/i-cube/I-CUBE-HUAWEI/Middlewares/Third_Party/Huawei/iot_link/network/mqtt/paho_mqtt/paho/MQTTPacket/src\MQTTSubscribeServer.c **** 
 119              		.loc 1 51 10 is_stmt 0 view .LVU35
 120 0046 1D44     		add	r5, r5, r3
 121              	.LVL12:
 122              		.loc 1 53 2 is_stmt 1 view .LVU36
 123              		.loc 1 53 14 is_stmt 0 view .LVU37
 124 0048 FFF7FEFF 		bl	readInt
 125              	.LVL13:
  54:D:/fchai/work/i-cube/I-CUBE-HUAWEI/Middlewares/Third_Party/Huawei/iot_link/network/mqtt/paho_mqtt/paho/MQTTPacket/src\MQTTSubscribeServer.c **** 
  55:D:/fchai/work/i-cube/I-CUBE-HUAWEI/Middlewares/Third_Party/Huawei/iot_link/network/mqtt/paho_mqtt/paho/MQTTPacket/src\MQTTSubscribeServer.c **** 	*count = 0;
  56:D:/fchai/work/i-cube/I-CUBE-HUAWEI/Middlewares/Third_Party/Huawei/iot_link/network/mqtt/paho_mqtt/paho/MQTTPacket/src\MQTTSubscribeServer.c **** 	while (curdata < enddata)
 126              		.loc 1 56 8 view .LVU38
 127 004c 009B     		ldr	r3, [sp]
  53:D:/fchai/work/i-cube/I-CUBE-HUAWEI/Middlewares/Third_Party/Huawei/iot_link/network/mqtt/paho_mqtt/paho/MQTTPacket/src\MQTTSubscribeServer.c **** 
 128              		.loc 1 53 12 view .LVU39
 129 004e AAF80000 		strh	r0, [r10]	@ movhi
  55:D:/fchai/work/i-cube/I-CUBE-HUAWEI/Middlewares/Third_Party/Huawei/iot_link/network/mqtt/paho_mqtt/paho/MQTTPacket/src\MQTTSubscribeServer.c **** 	while (curdata < enddata)
 130              		.loc 1 55 2 is_stmt 1 view .LVU40
 131              		.loc 1 56 8 is_stmt 0 view .LVU41
 132 0052 9D42     		cmp	r5, r3
  55:D:/fchai/work/i-cube/I-CUBE-HUAWEI/Middlewares/Third_Party/Huawei/iot_link/network/mqtt/paho_mqtt/paho/MQTTPacket/src\MQTTSubscribeServer.c **** 	while (curdata < enddata)
 133              		.loc 1 55 9 view .LVU42
 134 0054 C9F80040 		str	r4, [r9]
 135              		.loc 1 56 2 is_stmt 1 view .LVU43
 136              		.loc 1 56 8 view .LVU44
 137 0058 88BF     		it	hi
 138 005a 2146     		movhi	r1, r4
 139 005c 12D8     		bhi	.L3
 140 005e 21E0     		b	.L4
 141              	.L13:
  57:D:/fchai/work/i-cube/I-CUBE-HUAWEI/Middlewares/Third_Party/Huawei/iot_link/network/mqtt/paho_mqtt/paho/MQTTPacket/src\MQTTSubscribeServer.c **** 	{
  58:D:/fchai/work/i-cube/I-CUBE-HUAWEI/Middlewares/Third_Party/Huawei/iot_link/network/mqtt/paho_mqtt/paho/MQTTPacket/src\MQTTSubscribeServer.c **** 		if (!readMQTTLenString(&topicFilters[*count], &curdata, enddata))
  59:D:/fchai/work/i-cube/I-CUBE-HUAWEI/Middlewares/Third_Party/Huawei/iot_link/network/mqtt/paho_mqtt/paho/MQTTPacket/src\MQTTSubscribeServer.c **** 			goto exit;
  60:D:/fchai/work/i-cube/I-CUBE-HUAWEI/Middlewares/Third_Party/Huawei/iot_link/network/mqtt/paho_mqtt/paho/MQTTPacket/src\MQTTSubscribeServer.c **** 		if (curdata >= enddata) /* do we have enough data to read the req_qos version byte? */
 142              		.loc 1 60 6 is_stmt 0 view .LVU45
 143 0060 009B     		ldr	r3, [sp]
 144 0062 AB42     		cmp	r3, r5
 145 0064 1AD2     		bcs	.L1
  61:D:/fchai/work/i-cube/I-CUBE-HUAWEI/Middlewares/Third_Party/Huawei/iot_link/network/mqtt/paho_mqtt/paho/MQTTPacket/src\MQTTSubscribeServer.c **** 			goto exit;
  62:D:/fchai/work/i-cube/I-CUBE-HUAWEI/Middlewares/Third_Party/Huawei/iot_link/network/mqtt/paho_mqtt/paho/MQTTPacket/src\MQTTSubscribeServer.c **** 		requestedQoSs[*count] = readChar(&curdata);
 146              		.loc 1 62 27 view .LVU46
 147 0066 FFF7FEFF 		bl	readChar
ARM GAS  T:\msys\tmp\cccBzLKg.s 			page 5


 148              	.LVL14:
 149              		.loc 1 62 16 view .LVU47
 150 006a D9F80020 		ldr	r2, [r9]
  56:D:/fchai/work/i-cube/I-CUBE-HUAWEI/Middlewares/Third_Party/Huawei/iot_link/network/mqtt/paho_mqtt/paho/MQTTPacket/src\MQTTSubscribeServer.c **** 	{
 151              		.loc 1 56 8 view .LVU48
 152 006e 009B     		ldr	r3, [sp]
 153              		.loc 1 62 27 view .LVU49
 154 0070 47F82200 		str	r0, [r7, r2, lsl #2]
  63:D:/fchai/work/i-cube/I-CUBE-HUAWEI/Middlewares/Third_Party/Huawei/iot_link/network/mqtt/paho_mqtt/paho/MQTTPacket/src\MQTTSubscribeServer.c **** 		(*count)++;
 155              		.loc 1 63 3 is_stmt 1 view .LVU50
 156              		.loc 1 63 11 is_stmt 0 view .LVU51
 157 0074 D9F80010 		ldr	r1, [r9]
  56:D:/fchai/work/i-cube/I-CUBE-HUAWEI/Middlewares/Third_Party/Huawei/iot_link/network/mqtt/paho_mqtt/paho/MQTTPacket/src\MQTTSubscribeServer.c **** 	{
 158              		.loc 1 56 8 view .LVU52
 159 0078 AB42     		cmp	r3, r5
 160              		.loc 1 63 11 view .LVU53
 161 007a 01F10101 		add	r1, r1, #1
 162 007e C9F80010 		str	r1, [r9]
  56:D:/fchai/work/i-cube/I-CUBE-HUAWEI/Middlewares/Third_Party/Huawei/iot_link/network/mqtt/paho_mqtt/paho/MQTTPacket/src\MQTTSubscribeServer.c **** 	{
 163              		.loc 1 56 8 is_stmt 1 view .LVU54
 164 0082 0FD2     		bcs	.L4
 165              	.L3:
  58:D:/fchai/work/i-cube/I-CUBE-HUAWEI/Middlewares/Third_Party/Huawei/iot_link/network/mqtt/paho_mqtt/paho/MQTTPacket/src\MQTTSubscribeServer.c **** 			goto exit;
 166              		.loc 1 58 3 view .LVU55
  58:D:/fchai/work/i-cube/I-CUBE-HUAWEI/Middlewares/Third_Party/Huawei/iot_link/network/mqtt/paho_mqtt/paho/MQTTPacket/src\MQTTSubscribeServer.c **** 			goto exit;
 167              		.loc 1 58 39 is_stmt 0 view .LVU56
 168 0084 01EB4101 		add	r1, r1, r1, lsl #1
  58:D:/fchai/work/i-cube/I-CUBE-HUAWEI/Middlewares/Third_Party/Huawei/iot_link/network/mqtt/paho_mqtt/paho/MQTTPacket/src\MQTTSubscribeServer.c **** 			goto exit;
 169              		.loc 1 58 8 view .LVU57
 170 0088 06EB8100 		add	r0, r6, r1, lsl #2
 171 008c 2A46     		mov	r2, r5
 172 008e 6946     		mov	r1, sp
 173 0090 FFF7FEFF 		bl	readMQTTLenString
 174              	.LVL15:
  60:D:/fchai/work/i-cube/I-CUBE-HUAWEI/Middlewares/Third_Party/Huawei/iot_link/network/mqtt/paho_mqtt/paho/MQTTPacket/src\MQTTSubscribeServer.c **** 			goto exit;
 175              		.loc 1 60 3 is_stmt 1 view .LVU58
  62:D:/fchai/work/i-cube/I-CUBE-HUAWEI/Middlewares/Third_Party/Huawei/iot_link/network/mqtt/paho_mqtt/paho/MQTTPacket/src\MQTTSubscribeServer.c **** 		(*count)++;
 176              		.loc 1 62 3 view .LVU59
  58:D:/fchai/work/i-cube/I-CUBE-HUAWEI/Middlewares/Third_Party/Huawei/iot_link/network/mqtt/paho_mqtt/paho/MQTTPacket/src\MQTTSubscribeServer.c **** 			goto exit;
 177              		.loc 1 58 8 is_stmt 0 view .LVU60
 178 0094 0346     		mov	r3, r0
  62:D:/fchai/work/i-cube/I-CUBE-HUAWEI/Middlewares/Third_Party/Huawei/iot_link/network/mqtt/paho_mqtt/paho/MQTTPacket/src\MQTTSubscribeServer.c **** 		(*count)++;
 179              		.loc 1 62 27 view .LVU61
 180 0096 6846     		mov	r0, sp
  58:D:/fchai/work/i-cube/I-CUBE-HUAWEI/Middlewares/Third_Party/Huawei/iot_link/network/mqtt/paho_mqtt/paho/MQTTPacket/src\MQTTSubscribeServer.c **** 			goto exit;
 181              		.loc 1 58 6 view .LVU62
 182 0098 002B     		cmp	r3, #0
 183 009a E1D1     		bne	.L13
 184              	.LVL16:
 185              	.L1:
  64:D:/fchai/work/i-cube/I-CUBE-HUAWEI/Middlewares/Third_Party/Huawei/iot_link/network/mqtt/paho_mqtt/paho/MQTTPacket/src\MQTTSubscribeServer.c **** 	}
  65:D:/fchai/work/i-cube/I-CUBE-HUAWEI/Middlewares/Third_Party/Huawei/iot_link/network/mqtt/paho_mqtt/paho/MQTTPacket/src\MQTTSubscribeServer.c **** 
  66:D:/fchai/work/i-cube/I-CUBE-HUAWEI/Middlewares/Third_Party/Huawei/iot_link/network/mqtt/paho_mqtt/paho/MQTTPacket/src\MQTTSubscribeServer.c **** 	rc = 1;
  67:D:/fchai/work/i-cube/I-CUBE-HUAWEI/Middlewares/Third_Party/Huawei/iot_link/network/mqtt/paho_mqtt/paho/MQTTPacket/src\MQTTSubscribeServer.c **** exit:
  68:D:/fchai/work/i-cube/I-CUBE-HUAWEI/Middlewares/Third_Party/Huawei/iot_link/network/mqtt/paho_mqtt/paho/MQTTPacket/src\MQTTSubscribeServer.c **** 	FUNC_EXIT_RC(rc);
  69:D:/fchai/work/i-cube/I-CUBE-HUAWEI/Middlewares/Third_Party/Huawei/iot_link/network/mqtt/paho_mqtt/paho/MQTTPacket/src\MQTTSubscribeServer.c **** 	return rc;
  70:D:/fchai/work/i-cube/I-CUBE-HUAWEI/Middlewares/Third_Party/Huawei/iot_link/network/mqtt/paho_mqtt/paho/MQTTPacket/src\MQTTSubscribeServer.c **** }
ARM GAS  T:\msys\tmp\cccBzLKg.s 			page 6


 186              		.loc 1 70 1 view .LVU63
 187 009c 4046     		mov	r0, r8
 188 009e 02B0     		add	sp, sp, #8
 189              	.LCFI2:
 190              		.cfi_remember_state
 191              		.cfi_def_cfa_offset 32
 192              		@ sp needed
 193 00a0 BDE8F087 		pop	{r4, r5, r6, r7, r8, r9, r10, pc}
 194              	.LVL17:
 195              	.L4:
 196              	.LCFI3:
 197              		.cfi_restore_state
  66:D:/fchai/work/i-cube/I-CUBE-HUAWEI/Middlewares/Third_Party/Huawei/iot_link/network/mqtt/paho_mqtt/paho/MQTTPacket/src\MQTTSubscribeServer.c **** exit:
 198              		.loc 1 66 5 view .LVU64
 199 00a4 4FF00108 		mov	r8, #1
 200              	.LVL18:
 201              		.loc 1 70 1 view .LVU65
 202 00a8 4046     		mov	r0, r8
 203 00aa 02B0     		add	sp, sp, #8
 204              	.LCFI4:
 205              		.cfi_remember_state
 206              		.cfi_def_cfa_offset 32
 207              		@ sp needed
 208 00ac BDE8F087 		pop	{r4, r5, r6, r7, r8, r9, r10, pc}
 209              	.LVL19:
 210              	.L5:
 211              	.LCFI5:
 212              		.cfi_restore_state
 213              	.L2:
  41:D:/fchai/work/i-cube/I-CUBE-HUAWEI/Middlewares/Third_Party/Huawei/iot_link/network/mqtt/paho_mqtt/paho/MQTTPacket/src\MQTTSubscribeServer.c **** 	int mylen = 0;
 214              		.loc 1 41 6 view .LVU66
 215 00b0 4FF0FF38 		mov	r8, #-1
  68:D:/fchai/work/i-cube/I-CUBE-HUAWEI/Middlewares/Third_Party/Huawei/iot_link/network/mqtt/paho_mqtt/paho/MQTTPacket/src\MQTTSubscribeServer.c **** 	return rc;
 216              		.loc 1 68 18 is_stmt 1 view .LVU67
  69:D:/fchai/work/i-cube/I-CUBE-HUAWEI/Middlewares/Third_Party/Huawei/iot_link/network/mqtt/paho_mqtt/paho/MQTTPacket/src\MQTTSubscribeServer.c **** }
 217              		.loc 1 69 2 view .LVU68
  69:D:/fchai/work/i-cube/I-CUBE-HUAWEI/Middlewares/Third_Party/Huawei/iot_link/network/mqtt/paho_mqtt/paho/MQTTPacket/src\MQTTSubscribeServer.c **** }
 218              		.loc 1 69 9 is_stmt 0 view .LVU69
 219 00b4 F2E7     		b	.L1
 220              		.cfi_endproc
 221              	.LFE3:
 223 00b6 00BF     		.section	.text.MQTTSerialize_suback,"ax",%progbits
 224              		.align	1
 225              		.p2align 2,,3
 226              		.global	MQTTSerialize_suback
 227              		.syntax unified
 228              		.thumb
 229              		.thumb_func
 230              		.fpu fpv4-sp-d16
 232              	MQTTSerialize_suback:
 233              	.LVL20:
 234              	.LFB4:
  71:D:/fchai/work/i-cube/I-CUBE-HUAWEI/Middlewares/Third_Party/Huawei/iot_link/network/mqtt/paho_mqtt/paho/MQTTPacket/src\MQTTSubscribeServer.c **** 
  72:D:/fchai/work/i-cube/I-CUBE-HUAWEI/Middlewares/Third_Party/Huawei/iot_link/network/mqtt/paho_mqtt/paho/MQTTPacket/src\MQTTSubscribeServer.c **** 
  73:D:/fchai/work/i-cube/I-CUBE-HUAWEI/Middlewares/Third_Party/Huawei/iot_link/network/mqtt/paho_mqtt/paho/MQTTPacket/src\MQTTSubscribeServer.c **** /**
  74:D:/fchai/work/i-cube/I-CUBE-HUAWEI/Middlewares/Third_Party/Huawei/iot_link/network/mqtt/paho_mqtt/paho/MQTTPacket/src\MQTTSubscribeServer.c ****   * Serializes the supplied suback data into the supplied buffer, ready for sending
  75:D:/fchai/work/i-cube/I-CUBE-HUAWEI/Middlewares/Third_Party/Huawei/iot_link/network/mqtt/paho_mqtt/paho/MQTTPacket/src\MQTTSubscribeServer.c ****   * @param buf the buffer into which the packet will be serialized
ARM GAS  T:\msys\tmp\cccBzLKg.s 			page 7


  76:D:/fchai/work/i-cube/I-CUBE-HUAWEI/Middlewares/Third_Party/Huawei/iot_link/network/mqtt/paho_mqtt/paho/MQTTPacket/src\MQTTSubscribeServer.c ****   * @param buflen the length in bytes of the supplied buffer
  77:D:/fchai/work/i-cube/I-CUBE-HUAWEI/Middlewares/Third_Party/Huawei/iot_link/network/mqtt/paho_mqtt/paho/MQTTPacket/src\MQTTSubscribeServer.c ****   * @param packetid integer - the MQTT packet identifier
  78:D:/fchai/work/i-cube/I-CUBE-HUAWEI/Middlewares/Third_Party/Huawei/iot_link/network/mqtt/paho_mqtt/paho/MQTTPacket/src\MQTTSubscribeServer.c ****   * @param count - number of members in the grantedQoSs array
  79:D:/fchai/work/i-cube/I-CUBE-HUAWEI/Middlewares/Third_Party/Huawei/iot_link/network/mqtt/paho_mqtt/paho/MQTTPacket/src\MQTTSubscribeServer.c ****   * @param grantedQoSs - array of granted QoS
  80:D:/fchai/work/i-cube/I-CUBE-HUAWEI/Middlewares/Third_Party/Huawei/iot_link/network/mqtt/paho_mqtt/paho/MQTTPacket/src\MQTTSubscribeServer.c ****   * @return the length of the serialized data.  <= 0 indicates error
  81:D:/fchai/work/i-cube/I-CUBE-HUAWEI/Middlewares/Third_Party/Huawei/iot_link/network/mqtt/paho_mqtt/paho/MQTTPacket/src\MQTTSubscribeServer.c ****   */
  82:D:/fchai/work/i-cube/I-CUBE-HUAWEI/Middlewares/Third_Party/Huawei/iot_link/network/mqtt/paho_mqtt/paho/MQTTPacket/src\MQTTSubscribeServer.c **** int MQTTSerialize_suback(unsigned char* buf, int buflen, unsigned short packetid, int count, int* g
  83:D:/fchai/work/i-cube/I-CUBE-HUAWEI/Middlewares/Third_Party/Huawei/iot_link/network/mqtt/paho_mqtt/paho/MQTTPacket/src\MQTTSubscribeServer.c **** {
 235              		.loc 1 83 1 is_stmt 1 view -0
 236              		.cfi_startproc
 237              		@ args = 4, pretend = 0, frame = 8
 238              		@ frame_needed = 0, uses_anonymous_args = 0
  84:D:/fchai/work/i-cube/I-CUBE-HUAWEI/Middlewares/Third_Party/Huawei/iot_link/network/mqtt/paho_mqtt/paho/MQTTPacket/src\MQTTSubscribeServer.c **** 	MQTTHeader header = {0};
 239              		.loc 1 84 2 view .LVU71
  85:D:/fchai/work/i-cube/I-CUBE-HUAWEI/Middlewares/Third_Party/Huawei/iot_link/network/mqtt/paho_mqtt/paho/MQTTPacket/src\MQTTSubscribeServer.c **** 	int rc = -1;
 240              		.loc 1 85 2 view .LVU72
  86:D:/fchai/work/i-cube/I-CUBE-HUAWEI/Middlewares/Third_Party/Huawei/iot_link/network/mqtt/paho_mqtt/paho/MQTTPacket/src\MQTTSubscribeServer.c **** 	unsigned char *ptr = buf;
 241              		.loc 1 86 2 view .LVU73
  83:D:/fchai/work/i-cube/I-CUBE-HUAWEI/Middlewares/Third_Party/Huawei/iot_link/network/mqtt/paho_mqtt/paho/MQTTPacket/src\MQTTSubscribeServer.c **** 	MQTTHeader header = {0};
 242              		.loc 1 83 1 is_stmt 0 view .LVU74
 243 0000 70B5     		push	{r4, r5, r6, lr}
 244              	.LCFI6:
 245              		.cfi_def_cfa_offset 16
 246              		.cfi_offset 4, -16
 247              		.cfi_offset 5, -12
 248              		.cfi_offset 6, -8
 249              		.cfi_offset 14, -4
 250 0002 1D46     		mov	r5, r3
 251 0004 82B0     		sub	sp, sp, #8
 252              	.LCFI7:
 253              		.cfi_def_cfa_offset 24
  87:D:/fchai/work/i-cube/I-CUBE-HUAWEI/Middlewares/Third_Party/Huawei/iot_link/network/mqtt/paho_mqtt/paho/MQTTPacket/src\MQTTSubscribeServer.c **** 	int i;
  88:D:/fchai/work/i-cube/I-CUBE-HUAWEI/Middlewares/Third_Party/Huawei/iot_link/network/mqtt/paho_mqtt/paho/MQTTPacket/src\MQTTSubscribeServer.c **** 
  89:D:/fchai/work/i-cube/I-CUBE-HUAWEI/Middlewares/Third_Party/Huawei/iot_link/network/mqtt/paho_mqtt/paho/MQTTPacket/src\MQTTSubscribeServer.c **** 	FUNC_ENTRY;
  90:D:/fchai/work/i-cube/I-CUBE-HUAWEI/Middlewares/Third_Party/Huawei/iot_link/network/mqtt/paho_mqtt/paho/MQTTPacket/src\MQTTSubscribeServer.c **** 	if (buflen < 2 + count)
 254              		.loc 1 90 13 view .LVU75
 255 0006 0133     		adds	r3, r3, #1
 256              	.LVL21:
 257              		.loc 1 90 5 view .LVU76
 258 0008 8B42     		cmp	r3, r1
  86:D:/fchai/work/i-cube/I-CUBE-HUAWEI/Middlewares/Third_Party/Huawei/iot_link/network/mqtt/paho_mqtt/paho/MQTTPacket/src\MQTTSubscribeServer.c **** 	int i;
 259              		.loc 1 86 17 view .LVU77
 260 000a 0190     		str	r0, [sp, #4]
  87:D:/fchai/work/i-cube/I-CUBE-HUAWEI/Middlewares/Third_Party/Huawei/iot_link/network/mqtt/paho_mqtt/paho/MQTTPacket/src\MQTTSubscribeServer.c **** 	int i;
 261              		.loc 1 87 2 is_stmt 1 view .LVU78
  89:D:/fchai/work/i-cube/I-CUBE-HUAWEI/Middlewares/Third_Party/Huawei/iot_link/network/mqtt/paho_mqtt/paho/MQTTPacket/src\MQTTSubscribeServer.c **** 	if (buflen < 2 + count)
 262              		.loc 1 89 12 view .LVU79
 263              		.loc 1 90 2 view .LVU80
 264              		.loc 1 90 5 is_stmt 0 view .LVU81
 265 000c 22DA     		bge	.L18
  91:D:/fchai/work/i-cube/I-CUBE-HUAWEI/Middlewares/Third_Party/Huawei/iot_link/network/mqtt/paho_mqtt/paho/MQTTPacket/src\MQTTSubscribeServer.c **** 	{
  92:D:/fchai/work/i-cube/I-CUBE-HUAWEI/Middlewares/Third_Party/Huawei/iot_link/network/mqtt/paho_mqtt/paho/MQTTPacket/src\MQTTSubscribeServer.c **** 		rc = MQTTPACKET_BUFFER_TOO_SHORT;
  93:D:/fchai/work/i-cube/I-CUBE-HUAWEI/Middlewares/Third_Party/Huawei/iot_link/network/mqtt/paho_mqtt/paho/MQTTPacket/src\MQTTSubscribeServer.c **** 		goto exit;
  94:D:/fchai/work/i-cube/I-CUBE-HUAWEI/Middlewares/Third_Party/Huawei/iot_link/network/mqtt/paho_mqtt/paho/MQTTPacket/src\MQTTSubscribeServer.c **** 	}
  95:D:/fchai/work/i-cube/I-CUBE-HUAWEI/Middlewares/Third_Party/Huawei/iot_link/network/mqtt/paho_mqtt/paho/MQTTPacket/src\MQTTSubscribeServer.c **** 	header.byte = 0;
 266              		.loc 1 95 2 is_stmt 1 view .LVU82
  96:D:/fchai/work/i-cube/I-CUBE-HUAWEI/Middlewares/Third_Party/Huawei/iot_link/network/mqtt/paho_mqtt/paho/MQTTPacket/src\MQTTSubscribeServer.c **** 	header.bits.type = SUBACK;
ARM GAS  T:\msys\tmp\cccBzLKg.s 			page 8


 267              		.loc 1 96 2 view .LVU83
  97:D:/fchai/work/i-cube/I-CUBE-HUAWEI/Middlewares/Third_Party/Huawei/iot_link/network/mqtt/paho_mqtt/paho/MQTTPacket/src\MQTTSubscribeServer.c **** 	writeChar(&ptr, header.byte); /* write header */
 268              		.loc 1 97 2 view .LVU84
 269 000e 9021     		movs	r1, #144
 270              	.LVL22:
 271              		.loc 1 97 2 is_stmt 0 view .LVU85
 272 0010 0646     		mov	r6, r0
 273 0012 01A8     		add	r0, sp, #4
 274              	.LVL23:
 275              		.loc 1 97 2 view .LVU86
 276 0014 1446     		mov	r4, r2
 277 0016 FFF7FEFF 		bl	writeChar
 278              	.LVL24:
  98:D:/fchai/work/i-cube/I-CUBE-HUAWEI/Middlewares/Third_Party/Huawei/iot_link/network/mqtt/paho_mqtt/paho/MQTTPacket/src\MQTTSubscribeServer.c **** 
  99:D:/fchai/work/i-cube/I-CUBE-HUAWEI/Middlewares/Third_Party/Huawei/iot_link/network/mqtt/paho_mqtt/paho/MQTTPacket/src\MQTTSubscribeServer.c **** 	ptr += MQTTPacket_encode(ptr, 2 + count); /* write remaining length */
 279              		.loc 1 99 2 is_stmt 1 view .LVU87
 280              		.loc 1 99 9 is_stmt 0 view .LVU88
 281 001a A91C     		adds	r1, r5, #2
 282 001c 0198     		ldr	r0, [sp, #4]
 283 001e FFF7FEFF 		bl	MQTTPacket_encode
 284              	.LVL25:
 285              		.loc 1 99 6 view .LVU89
 286 0022 019B     		ldr	r3, [sp, #4]
 100:D:/fchai/work/i-cube/I-CUBE-HUAWEI/Middlewares/Third_Party/Huawei/iot_link/network/mqtt/paho_mqtt/paho/MQTTPacket/src\MQTTSubscribeServer.c **** 
 101:D:/fchai/work/i-cube/I-CUBE-HUAWEI/Middlewares/Third_Party/Huawei/iot_link/network/mqtt/paho_mqtt/paho/MQTTPacket/src\MQTTSubscribeServer.c **** 	writeInt(&ptr, packetid);
 287              		.loc 1 101 2 view .LVU90
 288 0024 2146     		mov	r1, r4
  99:D:/fchai/work/i-cube/I-CUBE-HUAWEI/Middlewares/Third_Party/Huawei/iot_link/network/mqtt/paho_mqtt/paho/MQTTPacket/src\MQTTSubscribeServer.c **** 
 289              		.loc 1 99 6 view .LVU91
 290 0026 0344     		add	r3, r3, r0
 291              		.loc 1 101 2 view .LVU92
 292 0028 01A8     		add	r0, sp, #4
  99:D:/fchai/work/i-cube/I-CUBE-HUAWEI/Middlewares/Third_Party/Huawei/iot_link/network/mqtt/paho_mqtt/paho/MQTTPacket/src\MQTTSubscribeServer.c **** 
 293              		.loc 1 99 6 view .LVU93
 294 002a 0193     		str	r3, [sp, #4]
 295              		.loc 1 101 2 is_stmt 1 view .LVU94
 296 002c FFF7FEFF 		bl	writeInt
 297              	.LVL26:
 102:D:/fchai/work/i-cube/I-CUBE-HUAWEI/Middlewares/Third_Party/Huawei/iot_link/network/mqtt/paho_mqtt/paho/MQTTPacket/src\MQTTSubscribeServer.c **** 
 103:D:/fchai/work/i-cube/I-CUBE-HUAWEI/Middlewares/Third_Party/Huawei/iot_link/network/mqtt/paho_mqtt/paho/MQTTPacket/src\MQTTSubscribeServer.c **** 	for (i = 0; i < count; ++i)
 298              		.loc 1 103 2 view .LVU95
 299              		.loc 1 103 14 view .LVU96
 300              		.loc 1 103 2 is_stmt 0 view .LVU97
 301 0030 002D     		cmp	r5, #0
 302 0032 0BDD     		ble	.L16
 303 0034 069B     		ldr	r3, [sp, #24]
 304 0036 1C1F     		subs	r4, r3, #4
 305 0038 04EB8505 		add	r5, r4, r5, lsl #2
 306              	.LVL27:
 307              	.L17:
 104:D:/fchai/work/i-cube/I-CUBE-HUAWEI/Middlewares/Third_Party/Huawei/iot_link/network/mqtt/paho_mqtt/paho/MQTTPacket/src\MQTTSubscribeServer.c **** 		writeChar(&ptr, grantedQoSs[i]);
 308              		.loc 1 104 3 is_stmt 1 discriminator 3 view .LVU98
 309 003c 54F8041F 		ldr	r1, [r4, #4]!
 310 0040 01A8     		add	r0, sp, #4
 311 0042 C9B2     		uxtb	r1, r1
 312 0044 FFF7FEFF 		bl	writeChar
 313              	.LVL28:
ARM GAS  T:\msys\tmp\cccBzLKg.s 			page 9


 103:D:/fchai/work/i-cube/I-CUBE-HUAWEI/Middlewares/Third_Party/Huawei/iot_link/network/mqtt/paho_mqtt/paho/MQTTPacket/src\MQTTSubscribeServer.c **** 		writeChar(&ptr, grantedQoSs[i]);
 314              		.loc 1 103 25 discriminator 3 view .LVU99
 103:D:/fchai/work/i-cube/I-CUBE-HUAWEI/Middlewares/Third_Party/Huawei/iot_link/network/mqtt/paho_mqtt/paho/MQTTPacket/src\MQTTSubscribeServer.c **** 		writeChar(&ptr, grantedQoSs[i]);
 315              		.loc 1 103 14 discriminator 3 view .LVU100
 103:D:/fchai/work/i-cube/I-CUBE-HUAWEI/Middlewares/Third_Party/Huawei/iot_link/network/mqtt/paho_mqtt/paho/MQTTPacket/src\MQTTSubscribeServer.c **** 		writeChar(&ptr, grantedQoSs[i]);
 316              		.loc 1 103 2 is_stmt 0 discriminator 3 view .LVU101
 317 0048 AC42     		cmp	r4, r5
 318 004a F7D1     		bne	.L17
 319              	.L16:
 105:D:/fchai/work/i-cube/I-CUBE-HUAWEI/Middlewares/Third_Party/Huawei/iot_link/network/mqtt/paho_mqtt/paho/MQTTPacket/src\MQTTSubscribeServer.c **** 
 106:D:/fchai/work/i-cube/I-CUBE-HUAWEI/Middlewares/Third_Party/Huawei/iot_link/network/mqtt/paho_mqtt/paho/MQTTPacket/src\MQTTSubscribeServer.c **** 	rc = ptr - buf;
 320              		.loc 1 106 2 is_stmt 1 view .LVU102
 321              		.loc 1 106 5 is_stmt 0 view .LVU103
 322 004c 0198     		ldr	r0, [sp, #4]
 323 004e 801B     		subs	r0, r0, r6
 324              	.LVL29:
 325              	.L14:
 107:D:/fchai/work/i-cube/I-CUBE-HUAWEI/Middlewares/Third_Party/Huawei/iot_link/network/mqtt/paho_mqtt/paho/MQTTPacket/src\MQTTSubscribeServer.c **** exit:
 108:D:/fchai/work/i-cube/I-CUBE-HUAWEI/Middlewares/Third_Party/Huawei/iot_link/network/mqtt/paho_mqtt/paho/MQTTPacket/src\MQTTSubscribeServer.c **** 	FUNC_EXIT_RC(rc);
 109:D:/fchai/work/i-cube/I-CUBE-HUAWEI/Middlewares/Third_Party/Huawei/iot_link/network/mqtt/paho_mqtt/paho/MQTTPacket/src\MQTTSubscribeServer.c **** 	return rc;
 110:D:/fchai/work/i-cube/I-CUBE-HUAWEI/Middlewares/Third_Party/Huawei/iot_link/network/mqtt/paho_mqtt/paho/MQTTPacket/src\MQTTSubscribeServer.c **** }
 326              		.loc 1 110 1 view .LVU104
 327 0050 02B0     		add	sp, sp, #8
 328              	.LCFI8:
 329              		.cfi_remember_state
 330              		.cfi_def_cfa_offset 16
 331              		@ sp needed
 332 0052 70BD     		pop	{r4, r5, r6, pc}
 333              	.LVL30:
 334              	.L18:
 335              	.LCFI9:
 336              		.cfi_restore_state
 337              	.L15:
  92:D:/fchai/work/i-cube/I-CUBE-HUAWEI/Middlewares/Third_Party/Huawei/iot_link/network/mqtt/paho_mqtt/paho/MQTTPacket/src\MQTTSubscribeServer.c **** 		goto exit;
 338              		.loc 1 92 6 view .LVU105
 339 0054 6FF00100 		mvn	r0, #1
 340              	.LVL31:
 108:D:/fchai/work/i-cube/I-CUBE-HUAWEI/Middlewares/Third_Party/Huawei/iot_link/network/mqtt/paho_mqtt/paho/MQTTPacket/src\MQTTSubscribeServer.c **** 	return rc;
 341              		.loc 1 108 18 is_stmt 1 view .LVU106
 109:D:/fchai/work/i-cube/I-CUBE-HUAWEI/Middlewares/Third_Party/Huawei/iot_link/network/mqtt/paho_mqtt/paho/MQTTPacket/src\MQTTSubscribeServer.c **** }
 342              		.loc 1 109 2 view .LVU107
 109:D:/fchai/work/i-cube/I-CUBE-HUAWEI/Middlewares/Third_Party/Huawei/iot_link/network/mqtt/paho_mqtt/paho/MQTTPacket/src\MQTTSubscribeServer.c **** }
 343              		.loc 1 109 9 is_stmt 0 view .LVU108
 344 0058 FAE7     		b	.L14
 345              		.cfi_endproc
 346              	.LFE4:
 348 005a 00BF     		.text
 349              	.Letext0:
 350              		.file 2 "D:/fchai/work/i-cube/I-CUBE-HUAWEI/Middlewares/Third_Party/Huawei/iot_link/network/mqtt/p
 351              		.file 3 "t:\\msys\\3rd\\gcc-arm-none-eabi-9-2020-q2-update-win32\\lib\\gcc\\arm-none-eabi\\9.3.1\\
 352              		.file 4 "t:\\msys\\3rd\\gcc-arm-none-eabi-9-2020-q2-update-win32\\arm-none-eabi\\include\\sys\\_ty
 353              		.file 5 "t:\\msys\\3rd\\gcc-arm-none-eabi-9-2020-q2-update-win32\\arm-none-eabi\\include\\sys\\ree
 354              		.file 6 "t:\\msys\\3rd\\gcc-arm-none-eabi-9-2020-q2-update-win32\\arm-none-eabi\\include\\sys\\loc
ARM GAS  T:\msys\tmp\cccBzLKg.s 			page 10


DEFINED SYMBOLS
                            *ABS*:00000000 MQTTSubscribeServer.c
T:\msys\tmp\cccBzLKg.s:18     .text.MQTTDeserialize_subscribe:00000000 $t
T:\msys\tmp\cccBzLKg.s:27     .text.MQTTDeserialize_subscribe:00000000 MQTTDeserialize_subscribe
T:\msys\tmp\cccBzLKg.s:224    .text.MQTTSerialize_suback:00000000 $t
T:\msys\tmp\cccBzLKg.s:232    .text.MQTTSerialize_suback:00000000 MQTTSerialize_suback

UNDEFINED SYMBOLS
readChar
MQTTPacket_decodeBuf
readInt
readMQTTLenString
writeChar
MQTTPacket_encode
writeInt
