ARM GAS  T:\msys\tmp\ccmL49WV.s 			page 1


   1              		.cpu cortex-m4
   2              		.eabi_attribute 27, 1
   3              		.eabi_attribute 28, 1
   4              		.eabi_attribute 20, 1
   5              		.eabi_attribute 21, 1
   6              		.eabi_attribute 23, 3
   7              		.eabi_attribute 24, 1
   8              		.eabi_attribute 25, 1
   9              		.eabi_attribute 26, 1
  10              		.eabi_attribute 30, 2
  11              		.eabi_attribute 34, 1
  12              		.eabi_attribute 18, 4
  13              		.file	"app_x-cube-mems1.c"
  14              		.text
  15              	.Ltext0:
  16              		.cfi_sections	.debug_frame
  17              		.section	.text.MX_MEMS_Init,"ax",%progbits
  18              		.align	1
  19              		.p2align 2,,3
  20              		.global	MX_MEMS_Init
  21              		.arch armv7e-m
  22              		.syntax unified
  23              		.thumb
  24              		.thumb_func
  25              		.fpu fpv4-sp-d16
  27              	MX_MEMS_Init:
  28              	.LFB126:
  29              		.file 1 "D:/fchai/work/i-cube/I-CUBE-HUAWEI/Projects/NUCLEO-L496ZG/Applications/Cloud/mqtt-ota/Src
   1:D:/fchai/work/i-cube/I-CUBE-HUAWEI/Projects/NUCLEO-L496ZG/Applications/Cloud/mqtt-ota/Src\app_x-cube-mems1.c **** /**
   2:D:/fchai/work/i-cube/I-CUBE-HUAWEI/Projects/NUCLEO-L496ZG/Applications/Cloud/mqtt-ota/Src\app_x-cube-mems1.c ****   ******************************************************************************
   3:D:/fchai/work/i-cube/I-CUBE-HUAWEI/Projects/NUCLEO-L496ZG/Applications/Cloud/mqtt-ota/Src\app_x-cube-mems1.c ****   * File Name          : stmicroelectronics_x-cube-mems1_7_1_0.c
   4:D:/fchai/work/i-cube/I-CUBE-HUAWEI/Projects/NUCLEO-L496ZG/Applications/Cloud/mqtt-ota/Src\app_x-cube-mems1.c ****   * Description        : This file provides code for the configuration
   5:D:/fchai/work/i-cube/I-CUBE-HUAWEI/Projects/NUCLEO-L496ZG/Applications/Cloud/mqtt-ota/Src\app_x-cube-mems1.c ****   *                      of the STMicroelectronics.X-CUBE-MEMS1.7.1.0 instances.
   6:D:/fchai/work/i-cube/I-CUBE-HUAWEI/Projects/NUCLEO-L496ZG/Applications/Cloud/mqtt-ota/Src\app_x-cube-mems1.c ****   ******************************************************************************
   7:D:/fchai/work/i-cube/I-CUBE-HUAWEI/Projects/NUCLEO-L496ZG/Applications/Cloud/mqtt-ota/Src\app_x-cube-mems1.c ****   *
   8:D:/fchai/work/i-cube/I-CUBE-HUAWEI/Projects/NUCLEO-L496ZG/Applications/Cloud/mqtt-ota/Src\app_x-cube-mems1.c ****   * COPYRIGHT 2020 STMicroelectronics
   9:D:/fchai/work/i-cube/I-CUBE-HUAWEI/Projects/NUCLEO-L496ZG/Applications/Cloud/mqtt-ota/Src\app_x-cube-mems1.c ****   *
  10:D:/fchai/work/i-cube/I-CUBE-HUAWEI/Projects/NUCLEO-L496ZG/Applications/Cloud/mqtt-ota/Src\app_x-cube-mems1.c ****   * Licensed under MCD-ST Liberty SW License Agreement V2, (the "License");
  11:D:/fchai/work/i-cube/I-CUBE-HUAWEI/Projects/NUCLEO-L496ZG/Applications/Cloud/mqtt-ota/Src\app_x-cube-mems1.c ****   * You may not use this file except in compliance with the License.
  12:D:/fchai/work/i-cube/I-CUBE-HUAWEI/Projects/NUCLEO-L496ZG/Applications/Cloud/mqtt-ota/Src\app_x-cube-mems1.c ****   * You may obtain a copy of the License at:
  13:D:/fchai/work/i-cube/I-CUBE-HUAWEI/Projects/NUCLEO-L496ZG/Applications/Cloud/mqtt-ota/Src\app_x-cube-mems1.c ****   *
  14:D:/fchai/work/i-cube/I-CUBE-HUAWEI/Projects/NUCLEO-L496ZG/Applications/Cloud/mqtt-ota/Src\app_x-cube-mems1.c ****   *        http://www.st.com/software_license_agreement_liberty_v2
  15:D:/fchai/work/i-cube/I-CUBE-HUAWEI/Projects/NUCLEO-L496ZG/Applications/Cloud/mqtt-ota/Src\app_x-cube-mems1.c ****   *
  16:D:/fchai/work/i-cube/I-CUBE-HUAWEI/Projects/NUCLEO-L496ZG/Applications/Cloud/mqtt-ota/Src\app_x-cube-mems1.c ****   * Unless required by applicable law or agreed to in writing, software
  17:D:/fchai/work/i-cube/I-CUBE-HUAWEI/Projects/NUCLEO-L496ZG/Applications/Cloud/mqtt-ota/Src\app_x-cube-mems1.c ****   * distributed under the License is distributed on an "AS IS" BASIS,
  18:D:/fchai/work/i-cube/I-CUBE-HUAWEI/Projects/NUCLEO-L496ZG/Applications/Cloud/mqtt-ota/Src\app_x-cube-mems1.c ****   * WITHOUT WARRANTIES OR CONDITIONS OF ANY KIND, either express or implied.
  19:D:/fchai/work/i-cube/I-CUBE-HUAWEI/Projects/NUCLEO-L496ZG/Applications/Cloud/mqtt-ota/Src\app_x-cube-mems1.c ****   * See the License for the specific language governing permissions and
  20:D:/fchai/work/i-cube/I-CUBE-HUAWEI/Projects/NUCLEO-L496ZG/Applications/Cloud/mqtt-ota/Src\app_x-cube-mems1.c ****   * limitations under the License.
  21:D:/fchai/work/i-cube/I-CUBE-HUAWEI/Projects/NUCLEO-L496ZG/Applications/Cloud/mqtt-ota/Src\app_x-cube-mems1.c ****   ******************************************************************************
  22:D:/fchai/work/i-cube/I-CUBE-HUAWEI/Projects/NUCLEO-L496ZG/Applications/Cloud/mqtt-ota/Src\app_x-cube-mems1.c ****   */
  23:D:/fchai/work/i-cube/I-CUBE-HUAWEI/Projects/NUCLEO-L496ZG/Applications/Cloud/mqtt-ota/Src\app_x-cube-mems1.c **** 
  24:D:/fchai/work/i-cube/I-CUBE-HUAWEI/Projects/NUCLEO-L496ZG/Applications/Cloud/mqtt-ota/Src\app_x-cube-mems1.c **** #ifdef __cplusplus
  25:D:/fchai/work/i-cube/I-CUBE-HUAWEI/Projects/NUCLEO-L496ZG/Applications/Cloud/mqtt-ota/Src\app_x-cube-mems1.c **** extern "C" {
  26:D:/fchai/work/i-cube/I-CUBE-HUAWEI/Projects/NUCLEO-L496ZG/Applications/Cloud/mqtt-ota/Src\app_x-cube-mems1.c **** #endif
  27:D:/fchai/work/i-cube/I-CUBE-HUAWEI/Projects/NUCLEO-L496ZG/Applications/Cloud/mqtt-ota/Src\app_x-cube-mems1.c **** 
  28:D:/fchai/work/i-cube/I-CUBE-HUAWEI/Projects/NUCLEO-L496ZG/Applications/Cloud/mqtt-ota/Src\app_x-cube-mems1.c **** /* Includes ------------------------------------------------------------------*/
  29:D:/fchai/work/i-cube/I-CUBE-HUAWEI/Projects/NUCLEO-L496ZG/Applications/Cloud/mqtt-ota/Src\app_x-cube-mems1.c **** #include "stdio.h"
ARM GAS  T:\msys\tmp\ccmL49WV.s 			page 2


  30:D:/fchai/work/i-cube/I-CUBE-HUAWEI/Projects/NUCLEO-L496ZG/Applications/Cloud/mqtt-ota/Src\app_x-cube-mems1.c **** #include "main.h"
  31:D:/fchai/work/i-cube/I-CUBE-HUAWEI/Projects/NUCLEO-L496ZG/Applications/Cloud/mqtt-ota/Src\app_x-cube-mems1.c **** #include "app_x-cube-mems1.h"
  32:D:/fchai/work/i-cube/I-CUBE-HUAWEI/Projects/NUCLEO-L496ZG/Applications/Cloud/mqtt-ota/Src\app_x-cube-mems1.c **** #include "iks01a3_env_sensors.h"
  33:D:/fchai/work/i-cube/I-CUBE-HUAWEI/Projects/NUCLEO-L496ZG/Applications/Cloud/mqtt-ota/Src\app_x-cube-mems1.c **** #include "iks01a3_motion_sensors.h"
  34:D:/fchai/work/i-cube/I-CUBE-HUAWEI/Projects/NUCLEO-L496ZG/Applications/Cloud/mqtt-ota/Src\app_x-cube-mems1.c **** 
  35:D:/fchai/work/i-cube/I-CUBE-HUAWEI/Projects/NUCLEO-L496ZG/Applications/Cloud/mqtt-ota/Src\app_x-cube-mems1.c **** int32_t MX_MEMS_Init(void)
  36:D:/fchai/work/i-cube/I-CUBE-HUAWEI/Projects/NUCLEO-L496ZG/Applications/Cloud/mqtt-ota/Src\app_x-cube-mems1.c **** {
  30              		.loc 1 36 1 view -0
  31              		.cfi_startproc
  32              		@ args = 0, pretend = 0, frame = 0
  33              		@ frame_needed = 0, uses_anonymous_args = 0
  37:D:/fchai/work/i-cube/I-CUBE-HUAWEI/Projects/NUCLEO-L496ZG/Applications/Cloud/mqtt-ota/Src\app_x-cube-mems1.c ****     int ret;
  34              		.loc 1 37 5 view .LVU1
  38:D:/fchai/work/i-cube/I-CUBE-HUAWEI/Projects/NUCLEO-L496ZG/Applications/Cloud/mqtt-ota/Src\app_x-cube-mems1.c **** 
  39:D:/fchai/work/i-cube/I-CUBE-HUAWEI/Projects/NUCLEO-L496ZG/Applications/Cloud/mqtt-ota/Src\app_x-cube-mems1.c ****     /*env sensor init*/
  40:D:/fchai/work/i-cube/I-CUBE-HUAWEI/Projects/NUCLEO-L496ZG/Applications/Cloud/mqtt-ota/Src\app_x-cube-mems1.c **** #if (USE_IKS01A3_ENV_SENSOR_HTS221_0 == 1)
  41:D:/fchai/work/i-cube/I-CUBE-HUAWEI/Projects/NUCLEO-L496ZG/Applications/Cloud/mqtt-ota/Src\app_x-cube-mems1.c ****     ret = IKS01A3_ENV_SENSOR_Init(IKS01A3_HTS221_0, ENV_TEMPERATURE);
  35              		.loc 1 41 5 view .LVU2
  36:D:/fchai/work/i-cube/I-CUBE-HUAWEI/Projects/NUCLEO-L496ZG/Applications/Cloud/mqtt-ota/Src\app_x-cube-mems1.c ****     int ret;
  36              		.loc 1 36 1 is_stmt 0 view .LVU3
  37 0000 08B5     		push	{r3, lr}
  38              	.LCFI0:
  39              		.cfi_def_cfa_offset 8
  40              		.cfi_offset 3, -8
  41              		.cfi_offset 14, -4
  42              		.loc 1 41 11 view .LVU4
  43 0002 0121     		movs	r1, #1
  44 0004 0020     		movs	r0, #0
  45 0006 FFF7FEFF 		bl	IKS01A3_ENV_SENSOR_Init
  46              	.LVL0:
  42:D:/fchai/work/i-cube/I-CUBE-HUAWEI/Projects/NUCLEO-L496ZG/Applications/Cloud/mqtt-ota/Src\app_x-cube-mems1.c ****     if (BSP_ERROR_NONE == ret) {
  47              		.loc 1 42 5 is_stmt 1 view .LVU5
  48              		.loc 1 42 8 is_stmt 0 view .LVU6
  49 000a 0346     		mov	r3, r0
  50 000c 08B1     		cbz	r0, .L5
  51              	.L2:
  52              	.L1:
  43:D:/fchai/work/i-cube/I-CUBE-HUAWEI/Projects/NUCLEO-L496ZG/Applications/Cloud/mqtt-ota/Src\app_x-cube-mems1.c ****         ret = IKS01A3_ENV_SENSOR_Enable(IKS01A3_HTS221_0, ENV_TEMPERATURE);
  44:D:/fchai/work/i-cube/I-CUBE-HUAWEI/Projects/NUCLEO-L496ZG/Applications/Cloud/mqtt-ota/Src\app_x-cube-mems1.c ****         if (BSP_ERROR_NONE != ret) {
  45:D:/fchai/work/i-cube/I-CUBE-HUAWEI/Projects/NUCLEO-L496ZG/Applications/Cloud/mqtt-ota/Src\app_x-cube-mems1.c ****             goto exit;
  46:D:/fchai/work/i-cube/I-CUBE-HUAWEI/Projects/NUCLEO-L496ZG/Applications/Cloud/mqtt-ota/Src\app_x-cube-mems1.c ****         }
  47:D:/fchai/work/i-cube/I-CUBE-HUAWEI/Projects/NUCLEO-L496ZG/Applications/Cloud/mqtt-ota/Src\app_x-cube-mems1.c ****     } else {
  48:D:/fchai/work/i-cube/I-CUBE-HUAWEI/Projects/NUCLEO-L496ZG/Applications/Cloud/mqtt-ota/Src\app_x-cube-mems1.c ****         goto exit;
  49:D:/fchai/work/i-cube/I-CUBE-HUAWEI/Projects/NUCLEO-L496ZG/Applications/Cloud/mqtt-ota/Src\app_x-cube-mems1.c ****     }
  50:D:/fchai/work/i-cube/I-CUBE-HUAWEI/Projects/NUCLEO-L496ZG/Applications/Cloud/mqtt-ota/Src\app_x-cube-mems1.c **** 
  51:D:/fchai/work/i-cube/I-CUBE-HUAWEI/Projects/NUCLEO-L496ZG/Applications/Cloud/mqtt-ota/Src\app_x-cube-mems1.c ****     ret = IKS01A3_ENV_SENSOR_Init(IKS01A3_HTS221_0, ENV_HUMIDITY);
  52:D:/fchai/work/i-cube/I-CUBE-HUAWEI/Projects/NUCLEO-L496ZG/Applications/Cloud/mqtt-ota/Src\app_x-cube-mems1.c ****     if (BSP_ERROR_NONE == ret) {
  53:D:/fchai/work/i-cube/I-CUBE-HUAWEI/Projects/NUCLEO-L496ZG/Applications/Cloud/mqtt-ota/Src\app_x-cube-mems1.c ****         ret = IKS01A3_ENV_SENSOR_Enable(IKS01A3_HTS221_0, ENV_HUMIDITY);
  54:D:/fchai/work/i-cube/I-CUBE-HUAWEI/Projects/NUCLEO-L496ZG/Applications/Cloud/mqtt-ota/Src\app_x-cube-mems1.c ****         if (BSP_ERROR_NONE != ret) {
  55:D:/fchai/work/i-cube/I-CUBE-HUAWEI/Projects/NUCLEO-L496ZG/Applications/Cloud/mqtt-ota/Src\app_x-cube-mems1.c ****             goto exit;
  56:D:/fchai/work/i-cube/I-CUBE-HUAWEI/Projects/NUCLEO-L496ZG/Applications/Cloud/mqtt-ota/Src\app_x-cube-mems1.c ****         }
  57:D:/fchai/work/i-cube/I-CUBE-HUAWEI/Projects/NUCLEO-L496ZG/Applications/Cloud/mqtt-ota/Src\app_x-cube-mems1.c ****     } else {
  58:D:/fchai/work/i-cube/I-CUBE-HUAWEI/Projects/NUCLEO-L496ZG/Applications/Cloud/mqtt-ota/Src\app_x-cube-mems1.c ****         goto exit;
  59:D:/fchai/work/i-cube/I-CUBE-HUAWEI/Projects/NUCLEO-L496ZG/Applications/Cloud/mqtt-ota/Src\app_x-cube-mems1.c ****     }
  60:D:/fchai/work/i-cube/I-CUBE-HUAWEI/Projects/NUCLEO-L496ZG/Applications/Cloud/mqtt-ota/Src\app_x-cube-mems1.c **** #endif
  61:D:/fchai/work/i-cube/I-CUBE-HUAWEI/Projects/NUCLEO-L496ZG/Applications/Cloud/mqtt-ota/Src\app_x-cube-mems1.c **** 
  62:D:/fchai/work/i-cube/I-CUBE-HUAWEI/Projects/NUCLEO-L496ZG/Applications/Cloud/mqtt-ota/Src\app_x-cube-mems1.c **** #if (USE_IKS01A3_ENV_SENSOR_LPS22HH_0 == 1)
ARM GAS  T:\msys\tmp\ccmL49WV.s 			page 3


  63:D:/fchai/work/i-cube/I-CUBE-HUAWEI/Projects/NUCLEO-L496ZG/Applications/Cloud/mqtt-ota/Src\app_x-cube-mems1.c ****     ret = IKS01A3_ENV_SENSOR_Init(IKS01A3_LPS22HH_0, ENV_PRESSURE);
  64:D:/fchai/work/i-cube/I-CUBE-HUAWEI/Projects/NUCLEO-L496ZG/Applications/Cloud/mqtt-ota/Src\app_x-cube-mems1.c ****     if (BSP_ERROR_NONE == ret) {
  65:D:/fchai/work/i-cube/I-CUBE-HUAWEI/Projects/NUCLEO-L496ZG/Applications/Cloud/mqtt-ota/Src\app_x-cube-mems1.c ****         ret = IKS01A3_ENV_SENSOR_Enable(IKS01A3_LPS22HH_0, ENV_PRESSURE);
  66:D:/fchai/work/i-cube/I-CUBE-HUAWEI/Projects/NUCLEO-L496ZG/Applications/Cloud/mqtt-ota/Src\app_x-cube-mems1.c ****         if (BSP_ERROR_NONE != ret) {
  67:D:/fchai/work/i-cube/I-CUBE-HUAWEI/Projects/NUCLEO-L496ZG/Applications/Cloud/mqtt-ota/Src\app_x-cube-mems1.c ****             goto exit;
  68:D:/fchai/work/i-cube/I-CUBE-HUAWEI/Projects/NUCLEO-L496ZG/Applications/Cloud/mqtt-ota/Src\app_x-cube-mems1.c ****         }
  69:D:/fchai/work/i-cube/I-CUBE-HUAWEI/Projects/NUCLEO-L496ZG/Applications/Cloud/mqtt-ota/Src\app_x-cube-mems1.c ****     } else {
  70:D:/fchai/work/i-cube/I-CUBE-HUAWEI/Projects/NUCLEO-L496ZG/Applications/Cloud/mqtt-ota/Src\app_x-cube-mems1.c ****         goto exit;
  71:D:/fchai/work/i-cube/I-CUBE-HUAWEI/Projects/NUCLEO-L496ZG/Applications/Cloud/mqtt-ota/Src\app_x-cube-mems1.c ****     }
  72:D:/fchai/work/i-cube/I-CUBE-HUAWEI/Projects/NUCLEO-L496ZG/Applications/Cloud/mqtt-ota/Src\app_x-cube-mems1.c **** #endif
  73:D:/fchai/work/i-cube/I-CUBE-HUAWEI/Projects/NUCLEO-L496ZG/Applications/Cloud/mqtt-ota/Src\app_x-cube-mems1.c **** 
  74:D:/fchai/work/i-cube/I-CUBE-HUAWEI/Projects/NUCLEO-L496ZG/Applications/Cloud/mqtt-ota/Src\app_x-cube-mems1.c **** #if (USE_IKS01A3_ENV_SENSOR_STTS751_0 == 1)
  75:D:/fchai/work/i-cube/I-CUBE-HUAWEI/Projects/NUCLEO-L496ZG/Applications/Cloud/mqtt-ota/Src\app_x-cube-mems1.c ****     ret = IKS01A3_ENV_SENSOR_Init(IKS01A3_STTS751_0, ENV_TEMPERATURE);
  76:D:/fchai/work/i-cube/I-CUBE-HUAWEI/Projects/NUCLEO-L496ZG/Applications/Cloud/mqtt-ota/Src\app_x-cube-mems1.c ****     if (BSP_ERROR_NONE == ret) {
  77:D:/fchai/work/i-cube/I-CUBE-HUAWEI/Projects/NUCLEO-L496ZG/Applications/Cloud/mqtt-ota/Src\app_x-cube-mems1.c ****         ret = IKS01A3_ENV_SENSOR_Enable(IKS01A3_STTS751_0, ENV_TEMPERATURE);
  78:D:/fchai/work/i-cube/I-CUBE-HUAWEI/Projects/NUCLEO-L496ZG/Applications/Cloud/mqtt-ota/Src\app_x-cube-mems1.c ****         if (BSP_ERROR_NONE != ret) {
  79:D:/fchai/work/i-cube/I-CUBE-HUAWEI/Projects/NUCLEO-L496ZG/Applications/Cloud/mqtt-ota/Src\app_x-cube-mems1.c ****             goto exit;
  80:D:/fchai/work/i-cube/I-CUBE-HUAWEI/Projects/NUCLEO-L496ZG/Applications/Cloud/mqtt-ota/Src\app_x-cube-mems1.c ****         }
  81:D:/fchai/work/i-cube/I-CUBE-HUAWEI/Projects/NUCLEO-L496ZG/Applications/Cloud/mqtt-ota/Src\app_x-cube-mems1.c ****     } else {
  82:D:/fchai/work/i-cube/I-CUBE-HUAWEI/Projects/NUCLEO-L496ZG/Applications/Cloud/mqtt-ota/Src\app_x-cube-mems1.c ****         goto exit;
  83:D:/fchai/work/i-cube/I-CUBE-HUAWEI/Projects/NUCLEO-L496ZG/Applications/Cloud/mqtt-ota/Src\app_x-cube-mems1.c ****     }
  84:D:/fchai/work/i-cube/I-CUBE-HUAWEI/Projects/NUCLEO-L496ZG/Applications/Cloud/mqtt-ota/Src\app_x-cube-mems1.c **** #endif
  85:D:/fchai/work/i-cube/I-CUBE-HUAWEI/Projects/NUCLEO-L496ZG/Applications/Cloud/mqtt-ota/Src\app_x-cube-mems1.c **** 
  86:D:/fchai/work/i-cube/I-CUBE-HUAWEI/Projects/NUCLEO-L496ZG/Applications/Cloud/mqtt-ota/Src\app_x-cube-mems1.c ****     /*motion sensor init*/
  87:D:/fchai/work/i-cube/I-CUBE-HUAWEI/Projects/NUCLEO-L496ZG/Applications/Cloud/mqtt-ota/Src\app_x-cube-mems1.c **** #if (USE_IKS01A3_MOTION_SENSOR_LSM6DSO_0 == 1)
  88:D:/fchai/work/i-cube/I-CUBE-HUAWEI/Projects/NUCLEO-L496ZG/Applications/Cloud/mqtt-ota/Src\app_x-cube-mems1.c ****     ret = IKS01A3_MOTION_SENSOR_Init(IKS01A3_LSM6DSO_0, MOTION_ACCELERO);
  89:D:/fchai/work/i-cube/I-CUBE-HUAWEI/Projects/NUCLEO-L496ZG/Applications/Cloud/mqtt-ota/Src\app_x-cube-mems1.c ****     if (BSP_ERROR_NONE == ret) {
  90:D:/fchai/work/i-cube/I-CUBE-HUAWEI/Projects/NUCLEO-L496ZG/Applications/Cloud/mqtt-ota/Src\app_x-cube-mems1.c ****         ret = IKS01A3_MOTION_SENSOR_Enable(IKS01A3_LSM6DSO_0, MOTION_ACCELERO);
  91:D:/fchai/work/i-cube/I-CUBE-HUAWEI/Projects/NUCLEO-L496ZG/Applications/Cloud/mqtt-ota/Src\app_x-cube-mems1.c ****         if (BSP_ERROR_NONE != ret) {
  92:D:/fchai/work/i-cube/I-CUBE-HUAWEI/Projects/NUCLEO-L496ZG/Applications/Cloud/mqtt-ota/Src\app_x-cube-mems1.c ****             goto exit;
  93:D:/fchai/work/i-cube/I-CUBE-HUAWEI/Projects/NUCLEO-L496ZG/Applications/Cloud/mqtt-ota/Src\app_x-cube-mems1.c ****         }
  94:D:/fchai/work/i-cube/I-CUBE-HUAWEI/Projects/NUCLEO-L496ZG/Applications/Cloud/mqtt-ota/Src\app_x-cube-mems1.c ****     } else {
  95:D:/fchai/work/i-cube/I-CUBE-HUAWEI/Projects/NUCLEO-L496ZG/Applications/Cloud/mqtt-ota/Src\app_x-cube-mems1.c ****         goto exit;
  96:D:/fchai/work/i-cube/I-CUBE-HUAWEI/Projects/NUCLEO-L496ZG/Applications/Cloud/mqtt-ota/Src\app_x-cube-mems1.c ****     }
  97:D:/fchai/work/i-cube/I-CUBE-HUAWEI/Projects/NUCLEO-L496ZG/Applications/Cloud/mqtt-ota/Src\app_x-cube-mems1.c **** 
  98:D:/fchai/work/i-cube/I-CUBE-HUAWEI/Projects/NUCLEO-L496ZG/Applications/Cloud/mqtt-ota/Src\app_x-cube-mems1.c **** #endif
  99:D:/fchai/work/i-cube/I-CUBE-HUAWEI/Projects/NUCLEO-L496ZG/Applications/Cloud/mqtt-ota/Src\app_x-cube-mems1.c **** 
 100:D:/fchai/work/i-cube/I-CUBE-HUAWEI/Projects/NUCLEO-L496ZG/Applications/Cloud/mqtt-ota/Src\app_x-cube-mems1.c **** #if (USE_IKS01A3_MOTION_SENSOR_LIS2DW12_0 == 1)
 101:D:/fchai/work/i-cube/I-CUBE-HUAWEI/Projects/NUCLEO-L496ZG/Applications/Cloud/mqtt-ota/Src\app_x-cube-mems1.c ****     ret = IKS01A3_MOTION_SENSOR_Init(IKS01A3_LIS2DW12_0, MOTION_ACCELERO);
 102:D:/fchai/work/i-cube/I-CUBE-HUAWEI/Projects/NUCLEO-L496ZG/Applications/Cloud/mqtt-ota/Src\app_x-cube-mems1.c ****     if (BSP_ERROR_NONE == ret) {
 103:D:/fchai/work/i-cube/I-CUBE-HUAWEI/Projects/NUCLEO-L496ZG/Applications/Cloud/mqtt-ota/Src\app_x-cube-mems1.c ****         ret = IKS01A3_MOTION_SENSOR_Enable(IKS01A3_LIS2DW12_0, MOTION_ACCELERO);
 104:D:/fchai/work/i-cube/I-CUBE-HUAWEI/Projects/NUCLEO-L496ZG/Applications/Cloud/mqtt-ota/Src\app_x-cube-mems1.c ****         if (BSP_ERROR_NONE != ret) {
 105:D:/fchai/work/i-cube/I-CUBE-HUAWEI/Projects/NUCLEO-L496ZG/Applications/Cloud/mqtt-ota/Src\app_x-cube-mems1.c ****             goto exit;
 106:D:/fchai/work/i-cube/I-CUBE-HUAWEI/Projects/NUCLEO-L496ZG/Applications/Cloud/mqtt-ota/Src\app_x-cube-mems1.c ****         }
 107:D:/fchai/work/i-cube/I-CUBE-HUAWEI/Projects/NUCLEO-L496ZG/Applications/Cloud/mqtt-ota/Src\app_x-cube-mems1.c ****     } else {
 108:D:/fchai/work/i-cube/I-CUBE-HUAWEI/Projects/NUCLEO-L496ZG/Applications/Cloud/mqtt-ota/Src\app_x-cube-mems1.c ****         goto exit;
 109:D:/fchai/work/i-cube/I-CUBE-HUAWEI/Projects/NUCLEO-L496ZG/Applications/Cloud/mqtt-ota/Src\app_x-cube-mems1.c ****     }
 110:D:/fchai/work/i-cube/I-CUBE-HUAWEI/Projects/NUCLEO-L496ZG/Applications/Cloud/mqtt-ota/Src\app_x-cube-mems1.c **** #endif
 111:D:/fchai/work/i-cube/I-CUBE-HUAWEI/Projects/NUCLEO-L496ZG/Applications/Cloud/mqtt-ota/Src\app_x-cube-mems1.c **** 
 112:D:/fchai/work/i-cube/I-CUBE-HUAWEI/Projects/NUCLEO-L496ZG/Applications/Cloud/mqtt-ota/Src\app_x-cube-mems1.c **** #if (USE_IKS01A3_MOTION_SENSOR_LIS2MDL_0 == 1)
 113:D:/fchai/work/i-cube/I-CUBE-HUAWEI/Projects/NUCLEO-L496ZG/Applications/Cloud/mqtt-ota/Src\app_x-cube-mems1.c ****     ret = IKS01A3_MOTION_SENSOR_Init(IKS01A3_LIS2MDL_0, MOTION_MAGNETO);
 114:D:/fchai/work/i-cube/I-CUBE-HUAWEI/Projects/NUCLEO-L496ZG/Applications/Cloud/mqtt-ota/Src\app_x-cube-mems1.c ****     if (BSP_ERROR_NONE == ret) {
 115:D:/fchai/work/i-cube/I-CUBE-HUAWEI/Projects/NUCLEO-L496ZG/Applications/Cloud/mqtt-ota/Src\app_x-cube-mems1.c ****         ret = IKS01A3_MOTION_SENSOR_Enable(IKS01A3_LIS2MDL_0, MOTION_MAGNETO);
 116:D:/fchai/work/i-cube/I-CUBE-HUAWEI/Projects/NUCLEO-L496ZG/Applications/Cloud/mqtt-ota/Src\app_x-cube-mems1.c ****         if (BSP_ERROR_NONE != ret) {
 117:D:/fchai/work/i-cube/I-CUBE-HUAWEI/Projects/NUCLEO-L496ZG/Applications/Cloud/mqtt-ota/Src\app_x-cube-mems1.c ****             goto exit;
 118:D:/fchai/work/i-cube/I-CUBE-HUAWEI/Projects/NUCLEO-L496ZG/Applications/Cloud/mqtt-ota/Src\app_x-cube-mems1.c ****         }
 119:D:/fchai/work/i-cube/I-CUBE-HUAWEI/Projects/NUCLEO-L496ZG/Applications/Cloud/mqtt-ota/Src\app_x-cube-mems1.c ****     } else {
ARM GAS  T:\msys\tmp\ccmL49WV.s 			page 4


 120:D:/fchai/work/i-cube/I-CUBE-HUAWEI/Projects/NUCLEO-L496ZG/Applications/Cloud/mqtt-ota/Src\app_x-cube-mems1.c ****         goto exit;
 121:D:/fchai/work/i-cube/I-CUBE-HUAWEI/Projects/NUCLEO-L496ZG/Applications/Cloud/mqtt-ota/Src\app_x-cube-mems1.c ****     }
 122:D:/fchai/work/i-cube/I-CUBE-HUAWEI/Projects/NUCLEO-L496ZG/Applications/Cloud/mqtt-ota/Src\app_x-cube-mems1.c **** #endif
 123:D:/fchai/work/i-cube/I-CUBE-HUAWEI/Projects/NUCLEO-L496ZG/Applications/Cloud/mqtt-ota/Src\app_x-cube-mems1.c **** 
 124:D:/fchai/work/i-cube/I-CUBE-HUAWEI/Projects/NUCLEO-L496ZG/Applications/Cloud/mqtt-ota/Src\app_x-cube-mems1.c **** exit:
 125:D:/fchai/work/i-cube/I-CUBE-HUAWEI/Projects/NUCLEO-L496ZG/Applications/Cloud/mqtt-ota/Src\app_x-cube-mems1.c **** 
 126:D:/fchai/work/i-cube/I-CUBE-HUAWEI/Projects/NUCLEO-L496ZG/Applications/Cloud/mqtt-ota/Src\app_x-cube-mems1.c ****     return ret;
 127:D:/fchai/work/i-cube/I-CUBE-HUAWEI/Projects/NUCLEO-L496ZG/Applications/Cloud/mqtt-ota/Src\app_x-cube-mems1.c **** }
  53              		.loc 1 127 1 view .LVU7
  54 000e 1846     		mov	r0, r3
  55              	.LVL1:
  56              		.loc 1 127 1 view .LVU8
  57 0010 08BD     		pop	{r3, pc}
  58              	.LVL2:
  59              	.L5:
  43:D:/fchai/work/i-cube/I-CUBE-HUAWEI/Projects/NUCLEO-L496ZG/Applications/Cloud/mqtt-ota/Src\app_x-cube-mems1.c ****         ret = IKS01A3_ENV_SENSOR_Enable(IKS01A3_HTS221_0, ENV_TEMPERATURE);
  60              		.loc 1 43 9 is_stmt 1 view .LVU9
  43:D:/fchai/work/i-cube/I-CUBE-HUAWEI/Projects/NUCLEO-L496ZG/Applications/Cloud/mqtt-ota/Src\app_x-cube-mems1.c ****         ret = IKS01A3_ENV_SENSOR_Enable(IKS01A3_HTS221_0, ENV_TEMPERATURE);
  61              		.loc 1 43 15 is_stmt 0 view .LVU10
  62 0012 0121     		movs	r1, #1
  63 0014 FFF7FEFF 		bl	IKS01A3_ENV_SENSOR_Enable
  64              	.LVL3:
  44:D:/fchai/work/i-cube/I-CUBE-HUAWEI/Projects/NUCLEO-L496ZG/Applications/Cloud/mqtt-ota/Src\app_x-cube-mems1.c ****             goto exit;
  65              		.loc 1 44 9 is_stmt 1 view .LVU11
  44:D:/fchai/work/i-cube/I-CUBE-HUAWEI/Projects/NUCLEO-L496ZG/Applications/Cloud/mqtt-ota/Src\app_x-cube-mems1.c ****             goto exit;
  66              		.loc 1 44 12 is_stmt 0 view .LVU12
  67 0018 0346     		mov	r3, r0
  68 001a 0028     		cmp	r0, #0
  69 001c F7D1     		bne	.L1
  51:D:/fchai/work/i-cube/I-CUBE-HUAWEI/Projects/NUCLEO-L496ZG/Applications/Cloud/mqtt-ota/Src\app_x-cube-mems1.c ****     if (BSP_ERROR_NONE == ret) {
  70              		.loc 1 51 5 is_stmt 1 view .LVU13
  51:D:/fchai/work/i-cube/I-CUBE-HUAWEI/Projects/NUCLEO-L496ZG/Applications/Cloud/mqtt-ota/Src\app_x-cube-mems1.c ****     if (BSP_ERROR_NONE == ret) {
  71              		.loc 1 51 11 is_stmt 0 view .LVU14
  72 001e 0421     		movs	r1, #4
  73 0020 FFF7FEFF 		bl	IKS01A3_ENV_SENSOR_Init
  74              	.LVL4:
  52:D:/fchai/work/i-cube/I-CUBE-HUAWEI/Projects/NUCLEO-L496ZG/Applications/Cloud/mqtt-ota/Src\app_x-cube-mems1.c ****         ret = IKS01A3_ENV_SENSOR_Enable(IKS01A3_HTS221_0, ENV_HUMIDITY);
  75              		.loc 1 52 5 is_stmt 1 view .LVU15
  52:D:/fchai/work/i-cube/I-CUBE-HUAWEI/Projects/NUCLEO-L496ZG/Applications/Cloud/mqtt-ota/Src\app_x-cube-mems1.c ****         ret = IKS01A3_ENV_SENSOR_Enable(IKS01A3_HTS221_0, ENV_HUMIDITY);
  76              		.loc 1 52 8 is_stmt 0 view .LVU16
  77 0024 0346     		mov	r3, r0
  78 0026 0028     		cmp	r0, #0
  79 0028 F1D1     		bne	.L1
  53:D:/fchai/work/i-cube/I-CUBE-HUAWEI/Projects/NUCLEO-L496ZG/Applications/Cloud/mqtt-ota/Src\app_x-cube-mems1.c ****         if (BSP_ERROR_NONE != ret) {
  80              		.loc 1 53 9 is_stmt 1 view .LVU17
  53:D:/fchai/work/i-cube/I-CUBE-HUAWEI/Projects/NUCLEO-L496ZG/Applications/Cloud/mqtt-ota/Src\app_x-cube-mems1.c ****         if (BSP_ERROR_NONE != ret) {
  81              		.loc 1 53 15 is_stmt 0 view .LVU18
  82 002a 0421     		movs	r1, #4
  83 002c FFF7FEFF 		bl	IKS01A3_ENV_SENSOR_Enable
  84              	.LVL5:
  54:D:/fchai/work/i-cube/I-CUBE-HUAWEI/Projects/NUCLEO-L496ZG/Applications/Cloud/mqtt-ota/Src\app_x-cube-mems1.c ****             goto exit;
  85              		.loc 1 54 9 is_stmt 1 view .LVU19
  54:D:/fchai/work/i-cube/I-CUBE-HUAWEI/Projects/NUCLEO-L496ZG/Applications/Cloud/mqtt-ota/Src\app_x-cube-mems1.c ****             goto exit;
  86              		.loc 1 54 12 is_stmt 0 view .LVU20
  87 0030 0346     		mov	r3, r0
  88 0032 0028     		cmp	r0, #0
  89 0034 EBD1     		bne	.L1
ARM GAS  T:\msys\tmp\ccmL49WV.s 			page 5


  63:D:/fchai/work/i-cube/I-CUBE-HUAWEI/Projects/NUCLEO-L496ZG/Applications/Cloud/mqtt-ota/Src\app_x-cube-mems1.c ****     if (BSP_ERROR_NONE == ret) {
  90              		.loc 1 63 5 is_stmt 1 view .LVU21
  63:D:/fchai/work/i-cube/I-CUBE-HUAWEI/Projects/NUCLEO-L496ZG/Applications/Cloud/mqtt-ota/Src\app_x-cube-mems1.c ****     if (BSP_ERROR_NONE == ret) {
  91              		.loc 1 63 11 is_stmt 0 view .LVU22
  92 0036 0221     		movs	r1, #2
  93 0038 0120     		movs	r0, #1
  94              	.LVL6:
  63:D:/fchai/work/i-cube/I-CUBE-HUAWEI/Projects/NUCLEO-L496ZG/Applications/Cloud/mqtt-ota/Src\app_x-cube-mems1.c ****     if (BSP_ERROR_NONE == ret) {
  95              		.loc 1 63 11 view .LVU23
  96 003a FFF7FEFF 		bl	IKS01A3_ENV_SENSOR_Init
  97              	.LVL7:
  64:D:/fchai/work/i-cube/I-CUBE-HUAWEI/Projects/NUCLEO-L496ZG/Applications/Cloud/mqtt-ota/Src\app_x-cube-mems1.c ****         ret = IKS01A3_ENV_SENSOR_Enable(IKS01A3_LPS22HH_0, ENV_PRESSURE);
  98              		.loc 1 64 5 is_stmt 1 view .LVU24
  64:D:/fchai/work/i-cube/I-CUBE-HUAWEI/Projects/NUCLEO-L496ZG/Applications/Cloud/mqtt-ota/Src\app_x-cube-mems1.c ****         ret = IKS01A3_ENV_SENSOR_Enable(IKS01A3_LPS22HH_0, ENV_PRESSURE);
  99              		.loc 1 64 8 is_stmt 0 view .LVU25
 100 003e 0346     		mov	r3, r0
 101 0040 0028     		cmp	r0, #0
 102 0042 E4D1     		bne	.L1
  65:D:/fchai/work/i-cube/I-CUBE-HUAWEI/Projects/NUCLEO-L496ZG/Applications/Cloud/mqtt-ota/Src\app_x-cube-mems1.c ****         if (BSP_ERROR_NONE != ret) {
 103              		.loc 1 65 9 is_stmt 1 view .LVU26
  65:D:/fchai/work/i-cube/I-CUBE-HUAWEI/Projects/NUCLEO-L496ZG/Applications/Cloud/mqtt-ota/Src\app_x-cube-mems1.c ****         if (BSP_ERROR_NONE != ret) {
 104              		.loc 1 65 15 is_stmt 0 view .LVU27
 105 0044 0221     		movs	r1, #2
 106 0046 0120     		movs	r0, #1
 107              	.LVL8:
  65:D:/fchai/work/i-cube/I-CUBE-HUAWEI/Projects/NUCLEO-L496ZG/Applications/Cloud/mqtt-ota/Src\app_x-cube-mems1.c ****         if (BSP_ERROR_NONE != ret) {
 108              		.loc 1 65 15 view .LVU28
 109 0048 FFF7FEFF 		bl	IKS01A3_ENV_SENSOR_Enable
 110              	.LVL9:
  66:D:/fchai/work/i-cube/I-CUBE-HUAWEI/Projects/NUCLEO-L496ZG/Applications/Cloud/mqtt-ota/Src\app_x-cube-mems1.c ****             goto exit;
 111              		.loc 1 66 9 is_stmt 1 view .LVU29
  66:D:/fchai/work/i-cube/I-CUBE-HUAWEI/Projects/NUCLEO-L496ZG/Applications/Cloud/mqtt-ota/Src\app_x-cube-mems1.c ****             goto exit;
 112              		.loc 1 66 12 is_stmt 0 view .LVU30
 113 004c 0346     		mov	r3, r0
 114 004e 0028     		cmp	r0, #0
 115 0050 DDD1     		bne	.L1
  75:D:/fchai/work/i-cube/I-CUBE-HUAWEI/Projects/NUCLEO-L496ZG/Applications/Cloud/mqtt-ota/Src\app_x-cube-mems1.c ****     if (BSP_ERROR_NONE == ret) {
 116              		.loc 1 75 5 is_stmt 1 view .LVU31
  75:D:/fchai/work/i-cube/I-CUBE-HUAWEI/Projects/NUCLEO-L496ZG/Applications/Cloud/mqtt-ota/Src\app_x-cube-mems1.c ****     if (BSP_ERROR_NONE == ret) {
 117              		.loc 1 75 11 is_stmt 0 view .LVU32
 118 0052 0121     		movs	r1, #1
 119 0054 0220     		movs	r0, #2
 120              	.LVL10:
  75:D:/fchai/work/i-cube/I-CUBE-HUAWEI/Projects/NUCLEO-L496ZG/Applications/Cloud/mqtt-ota/Src\app_x-cube-mems1.c ****     if (BSP_ERROR_NONE == ret) {
 121              		.loc 1 75 11 view .LVU33
 122 0056 FFF7FEFF 		bl	IKS01A3_ENV_SENSOR_Init
 123              	.LVL11:
  76:D:/fchai/work/i-cube/I-CUBE-HUAWEI/Projects/NUCLEO-L496ZG/Applications/Cloud/mqtt-ota/Src\app_x-cube-mems1.c ****         ret = IKS01A3_ENV_SENSOR_Enable(IKS01A3_STTS751_0, ENV_TEMPERATURE);
 124              		.loc 1 76 5 is_stmt 1 view .LVU34
  76:D:/fchai/work/i-cube/I-CUBE-HUAWEI/Projects/NUCLEO-L496ZG/Applications/Cloud/mqtt-ota/Src\app_x-cube-mems1.c ****         ret = IKS01A3_ENV_SENSOR_Enable(IKS01A3_STTS751_0, ENV_TEMPERATURE);
 125              		.loc 1 76 8 is_stmt 0 view .LVU35
 126 005a 0346     		mov	r3, r0
 127 005c 0028     		cmp	r0, #0
 128 005e D6D1     		bne	.L1
  77:D:/fchai/work/i-cube/I-CUBE-HUAWEI/Projects/NUCLEO-L496ZG/Applications/Cloud/mqtt-ota/Src\app_x-cube-mems1.c ****         if (BSP_ERROR_NONE != ret) {
 129              		.loc 1 77 9 is_stmt 1 view .LVU36
  77:D:/fchai/work/i-cube/I-CUBE-HUAWEI/Projects/NUCLEO-L496ZG/Applications/Cloud/mqtt-ota/Src\app_x-cube-mems1.c ****         if (BSP_ERROR_NONE != ret) {
ARM GAS  T:\msys\tmp\ccmL49WV.s 			page 6


 130              		.loc 1 77 15 is_stmt 0 view .LVU37
 131 0060 0121     		movs	r1, #1
 132 0062 0220     		movs	r0, #2
 133              	.LVL12:
  77:D:/fchai/work/i-cube/I-CUBE-HUAWEI/Projects/NUCLEO-L496ZG/Applications/Cloud/mqtt-ota/Src\app_x-cube-mems1.c ****         if (BSP_ERROR_NONE != ret) {
 134              		.loc 1 77 15 view .LVU38
 135 0064 FFF7FEFF 		bl	IKS01A3_ENV_SENSOR_Enable
 136              	.LVL13:
  78:D:/fchai/work/i-cube/I-CUBE-HUAWEI/Projects/NUCLEO-L496ZG/Applications/Cloud/mqtt-ota/Src\app_x-cube-mems1.c ****             goto exit;
 137              		.loc 1 78 9 is_stmt 1 view .LVU39
  78:D:/fchai/work/i-cube/I-CUBE-HUAWEI/Projects/NUCLEO-L496ZG/Applications/Cloud/mqtt-ota/Src\app_x-cube-mems1.c ****             goto exit;
 138              		.loc 1 78 12 is_stmt 0 view .LVU40
 139 0068 0346     		mov	r3, r0
 140 006a 0028     		cmp	r0, #0
 141 006c CFD1     		bne	.L1
  88:D:/fchai/work/i-cube/I-CUBE-HUAWEI/Projects/NUCLEO-L496ZG/Applications/Cloud/mqtt-ota/Src\app_x-cube-mems1.c ****     if (BSP_ERROR_NONE == ret) {
 142              		.loc 1 88 5 is_stmt 1 view .LVU41
  88:D:/fchai/work/i-cube/I-CUBE-HUAWEI/Projects/NUCLEO-L496ZG/Applications/Cloud/mqtt-ota/Src\app_x-cube-mems1.c ****     if (BSP_ERROR_NONE == ret) {
 143              		.loc 1 88 11 is_stmt 0 view .LVU42
 144 006e 0221     		movs	r1, #2
 145 0070 FFF7FEFF 		bl	IKS01A3_MOTION_SENSOR_Init
 146              	.LVL14:
  89:D:/fchai/work/i-cube/I-CUBE-HUAWEI/Projects/NUCLEO-L496ZG/Applications/Cloud/mqtt-ota/Src\app_x-cube-mems1.c ****         ret = IKS01A3_MOTION_SENSOR_Enable(IKS01A3_LSM6DSO_0, MOTION_ACCELERO);
 147              		.loc 1 89 5 is_stmt 1 view .LVU43
  89:D:/fchai/work/i-cube/I-CUBE-HUAWEI/Projects/NUCLEO-L496ZG/Applications/Cloud/mqtt-ota/Src\app_x-cube-mems1.c ****         ret = IKS01A3_MOTION_SENSOR_Enable(IKS01A3_LSM6DSO_0, MOTION_ACCELERO);
 148              		.loc 1 89 8 is_stmt 0 view .LVU44
 149 0074 0346     		mov	r3, r0
 150 0076 0028     		cmp	r0, #0
 151 0078 C9D1     		bne	.L1
  90:D:/fchai/work/i-cube/I-CUBE-HUAWEI/Projects/NUCLEO-L496ZG/Applications/Cloud/mqtt-ota/Src\app_x-cube-mems1.c ****         if (BSP_ERROR_NONE != ret) {
 152              		.loc 1 90 9 is_stmt 1 view .LVU45
  90:D:/fchai/work/i-cube/I-CUBE-HUAWEI/Projects/NUCLEO-L496ZG/Applications/Cloud/mqtt-ota/Src\app_x-cube-mems1.c ****         if (BSP_ERROR_NONE != ret) {
 153              		.loc 1 90 15 is_stmt 0 view .LVU46
 154 007a 0221     		movs	r1, #2
 155 007c FFF7FEFF 		bl	IKS01A3_MOTION_SENSOR_Enable
 156              	.LVL15:
  91:D:/fchai/work/i-cube/I-CUBE-HUAWEI/Projects/NUCLEO-L496ZG/Applications/Cloud/mqtt-ota/Src\app_x-cube-mems1.c ****             goto exit;
 157              		.loc 1 91 9 is_stmt 1 view .LVU47
  91:D:/fchai/work/i-cube/I-CUBE-HUAWEI/Projects/NUCLEO-L496ZG/Applications/Cloud/mqtt-ota/Src\app_x-cube-mems1.c ****             goto exit;
 158              		.loc 1 91 12 is_stmt 0 view .LVU48
 159 0080 0346     		mov	r3, r0
 160 0082 0028     		cmp	r0, #0
 161 0084 C3D1     		bne	.L1
 101:D:/fchai/work/i-cube/I-CUBE-HUAWEI/Projects/NUCLEO-L496ZG/Applications/Cloud/mqtt-ota/Src\app_x-cube-mems1.c ****     if (BSP_ERROR_NONE == ret) {
 162              		.loc 1 101 5 is_stmt 1 view .LVU49
 101:D:/fchai/work/i-cube/I-CUBE-HUAWEI/Projects/NUCLEO-L496ZG/Applications/Cloud/mqtt-ota/Src\app_x-cube-mems1.c ****     if (BSP_ERROR_NONE == ret) {
 163              		.loc 1 101 11 is_stmt 0 view .LVU50
 164 0086 0221     		movs	r1, #2
 165 0088 0120     		movs	r0, #1
 166              	.LVL16:
 101:D:/fchai/work/i-cube/I-CUBE-HUAWEI/Projects/NUCLEO-L496ZG/Applications/Cloud/mqtt-ota/Src\app_x-cube-mems1.c ****     if (BSP_ERROR_NONE == ret) {
 167              		.loc 1 101 11 view .LVU51
 168 008a FFF7FEFF 		bl	IKS01A3_MOTION_SENSOR_Init
 169              	.LVL17:
 102:D:/fchai/work/i-cube/I-CUBE-HUAWEI/Projects/NUCLEO-L496ZG/Applications/Cloud/mqtt-ota/Src\app_x-cube-mems1.c ****         ret = IKS01A3_MOTION_SENSOR_Enable(IKS01A3_LIS2DW12_0, MOTION_ACCELERO);
 170              		.loc 1 102 5 is_stmt 1 view .LVU52
 102:D:/fchai/work/i-cube/I-CUBE-HUAWEI/Projects/NUCLEO-L496ZG/Applications/Cloud/mqtt-ota/Src\app_x-cube-mems1.c ****         ret = IKS01A3_MOTION_SENSOR_Enable(IKS01A3_LIS2DW12_0, MOTION_ACCELERO);
ARM GAS  T:\msys\tmp\ccmL49WV.s 			page 7


 171              		.loc 1 102 8 is_stmt 0 view .LVU53
 172 008e 0346     		mov	r3, r0
 173 0090 0028     		cmp	r0, #0
 174 0092 BCD1     		bne	.L1
 103:D:/fchai/work/i-cube/I-CUBE-HUAWEI/Projects/NUCLEO-L496ZG/Applications/Cloud/mqtt-ota/Src\app_x-cube-mems1.c ****         if (BSP_ERROR_NONE != ret) {
 175              		.loc 1 103 9 is_stmt 1 view .LVU54
 103:D:/fchai/work/i-cube/I-CUBE-HUAWEI/Projects/NUCLEO-L496ZG/Applications/Cloud/mqtt-ota/Src\app_x-cube-mems1.c ****         if (BSP_ERROR_NONE != ret) {
 176              		.loc 1 103 15 is_stmt 0 view .LVU55
 177 0094 0221     		movs	r1, #2
 178 0096 0120     		movs	r0, #1
 179              	.LVL18:
 103:D:/fchai/work/i-cube/I-CUBE-HUAWEI/Projects/NUCLEO-L496ZG/Applications/Cloud/mqtt-ota/Src\app_x-cube-mems1.c ****         if (BSP_ERROR_NONE != ret) {
 180              		.loc 1 103 15 view .LVU56
 181 0098 FFF7FEFF 		bl	IKS01A3_MOTION_SENSOR_Enable
 182              	.LVL19:
 104:D:/fchai/work/i-cube/I-CUBE-HUAWEI/Projects/NUCLEO-L496ZG/Applications/Cloud/mqtt-ota/Src\app_x-cube-mems1.c ****             goto exit;
 183              		.loc 1 104 9 is_stmt 1 view .LVU57
 104:D:/fchai/work/i-cube/I-CUBE-HUAWEI/Projects/NUCLEO-L496ZG/Applications/Cloud/mqtt-ota/Src\app_x-cube-mems1.c ****             goto exit;
 184              		.loc 1 104 12 is_stmt 0 view .LVU58
 185 009c 0346     		mov	r3, r0
 186 009e 0028     		cmp	r0, #0
 187 00a0 B5D1     		bne	.L1
 113:D:/fchai/work/i-cube/I-CUBE-HUAWEI/Projects/NUCLEO-L496ZG/Applications/Cloud/mqtt-ota/Src\app_x-cube-mems1.c ****     if (BSP_ERROR_NONE == ret) {
 188              		.loc 1 113 5 is_stmt 1 view .LVU59
 113:D:/fchai/work/i-cube/I-CUBE-HUAWEI/Projects/NUCLEO-L496ZG/Applications/Cloud/mqtt-ota/Src\app_x-cube-mems1.c ****     if (BSP_ERROR_NONE == ret) {
 189              		.loc 1 113 11 is_stmt 0 view .LVU60
 190 00a2 0421     		movs	r1, #4
 191 00a4 0220     		movs	r0, #2
 192              	.LVL20:
 113:D:/fchai/work/i-cube/I-CUBE-HUAWEI/Projects/NUCLEO-L496ZG/Applications/Cloud/mqtt-ota/Src\app_x-cube-mems1.c ****     if (BSP_ERROR_NONE == ret) {
 193              		.loc 1 113 11 view .LVU61
 194 00a6 FFF7FEFF 		bl	IKS01A3_MOTION_SENSOR_Init
 195              	.LVL21:
 114:D:/fchai/work/i-cube/I-CUBE-HUAWEI/Projects/NUCLEO-L496ZG/Applications/Cloud/mqtt-ota/Src\app_x-cube-mems1.c ****         ret = IKS01A3_MOTION_SENSOR_Enable(IKS01A3_LIS2MDL_0, MOTION_MAGNETO);
 196              		.loc 1 114 5 is_stmt 1 view .LVU62
 114:D:/fchai/work/i-cube/I-CUBE-HUAWEI/Projects/NUCLEO-L496ZG/Applications/Cloud/mqtt-ota/Src\app_x-cube-mems1.c ****         ret = IKS01A3_MOTION_SENSOR_Enable(IKS01A3_LIS2MDL_0, MOTION_MAGNETO);
 197              		.loc 1 114 8 is_stmt 0 view .LVU63
 198 00aa 0346     		mov	r3, r0
 199 00ac 0028     		cmp	r0, #0
 200 00ae AED1     		bne	.L1
 115:D:/fchai/work/i-cube/I-CUBE-HUAWEI/Projects/NUCLEO-L496ZG/Applications/Cloud/mqtt-ota/Src\app_x-cube-mems1.c ****         if (BSP_ERROR_NONE != ret) {
 201              		.loc 1 115 9 is_stmt 1 view .LVU64
 202              		.loc 1 127 1 is_stmt 0 view .LVU65
 203 00b0 BDE80840 		pop	{r3, lr}
 204              	.LCFI1:
 205              		.cfi_restore 14
 206              		.cfi_restore 3
 207              		.cfi_def_cfa_offset 0
 115:D:/fchai/work/i-cube/I-CUBE-HUAWEI/Projects/NUCLEO-L496ZG/Applications/Cloud/mqtt-ota/Src\app_x-cube-mems1.c ****         if (BSP_ERROR_NONE != ret) {
 208              		.loc 1 115 15 view .LVU66
 209 00b4 0421     		movs	r1, #4
 210 00b6 0220     		movs	r0, #2
 211              	.LVL22:
 115:D:/fchai/work/i-cube/I-CUBE-HUAWEI/Projects/NUCLEO-L496ZG/Applications/Cloud/mqtt-ota/Src\app_x-cube-mems1.c ****         if (BSP_ERROR_NONE != ret) {
 212              		.loc 1 115 15 view .LVU67
 213 00b8 FFF7FEBF 		b	IKS01A3_MOTION_SENSOR_Enable
 214              	.LVL23:
ARM GAS  T:\msys\tmp\ccmL49WV.s 			page 8


 215              		.cfi_endproc
 216              	.LFE126:
 218              		.section	.text.MX_MEMS_Getinfo,"ax",%progbits
 219              		.align	1
 220              		.p2align 2,,3
 221              		.global	MX_MEMS_Getinfo
 222              		.syntax unified
 223              		.thumb
 224              		.thumb_func
 225              		.fpu fpv4-sp-d16
 227              	MX_MEMS_Getinfo:
 228              	.LVL24:
 229              	.LFB127:
 128:D:/fchai/work/i-cube/I-CUBE-HUAWEI/Projects/NUCLEO-L496ZG/Applications/Cloud/mqtt-ota/Src\app_x-cube-mems1.c **** /*
 129:D:/fchai/work/i-cube/I-CUBE-HUAWEI/Projects/NUCLEO-L496ZG/Applications/Cloud/mqtt-ota/Src\app_x-cube-mems1.c ****  * LM background task
 130:D:/fchai/work/i-cube/I-CUBE-HUAWEI/Projects/NUCLEO-L496ZG/Applications/Cloud/mqtt-ota/Src\app_x-cube-mems1.c ****  */
 131:D:/fchai/work/i-cube/I-CUBE-HUAWEI/Projects/NUCLEO-L496ZG/Applications/Cloud/mqtt-ota/Src\app_x-cube-mems1.c **** void MX_MEMS_Getinfo(float * temp, float * hum, float * press, int * x, int * y, int * z)
 132:D:/fchai/work/i-cube/I-CUBE-HUAWEI/Projects/NUCLEO-L496ZG/Applications/Cloud/mqtt-ota/Src\app_x-cube-mems1.c **** {
 230              		.loc 1 132 1 is_stmt 1 view -0
 231              		.cfi_startproc
 232              		@ args = 8, pretend = 0, frame = 16
 233              		@ frame_needed = 0, uses_anonymous_args = 0
 133:D:/fchai/work/i-cube/I-CUBE-HUAWEI/Projects/NUCLEO-L496ZG/Applications/Cloud/mqtt-ota/Src\app_x-cube-mems1.c ****     IKS01A3_MOTION_SENSOR_Axes_t asex = {0,};
 234              		.loc 1 133 5 view .LVU69
 132:D:/fchai/work/i-cube/I-CUBE-HUAWEI/Projects/NUCLEO-L496ZG/Applications/Cloud/mqtt-ota/Src\app_x-cube-mems1.c ****     IKS01A3_MOTION_SENSOR_Axes_t asex = {0,};
 235              		.loc 1 132 1 is_stmt 0 view .LVU70
 236 0000 2DE9F043 		push	{r4, r5, r6, r7, r8, r9, lr}
 237              	.LCFI2:
 238              		.cfi_def_cfa_offset 28
 239              		.cfi_offset 4, -28
 240              		.cfi_offset 5, -24
 241              		.cfi_offset 6, -20
 242              		.cfi_offset 7, -16
 243              		.cfi_offset 8, -12
 244              		.cfi_offset 9, -8
 245              		.cfi_offset 14, -4
 246 0004 1546     		mov	r5, r2
 247 0006 85B0     		sub	sp, sp, #20
 248              	.LCFI3:
 249              		.cfi_def_cfa_offset 48
 134:D:/fchai/work/i-cube/I-CUBE-HUAWEI/Projects/NUCLEO-L496ZG/Applications/Cloud/mqtt-ota/Src\app_x-cube-mems1.c **** 
 135:D:/fchai/work/i-cube/I-CUBE-HUAWEI/Projects/NUCLEO-L496ZG/Applications/Cloud/mqtt-ota/Src\app_x-cube-mems1.c ****     *temp  = 0.0;
 250              		.loc 1 135 12 view .LVU71
 251 0008 4FF0000C 		mov	ip, #0
 133:D:/fchai/work/i-cube/I-CUBE-HUAWEI/Projects/NUCLEO-L496ZG/Applications/Cloud/mqtt-ota/Src\app_x-cube-mems1.c **** 
 252              		.loc 1 133 34 view .LVU72
 253 000c 0024     		movs	r4, #0
 254              		.loc 1 135 12 view .LVU73
 255 000e C0F800C0 		str	ip, [r0]	@ float
 132:D:/fchai/work/i-cube/I-CUBE-HUAWEI/Projects/NUCLEO-L496ZG/Applications/Cloud/mqtt-ota/Src\app_x-cube-mems1.c ****     IKS01A3_MOTION_SENSOR_Axes_t asex = {0,};
 256              		.loc 1 132 1 view .LVU74
 257 0012 8846     		mov	r8, r1
 136:D:/fchai/work/i-cube/I-CUBE-HUAWEI/Projects/NUCLEO-L496ZG/Applications/Cloud/mqtt-ota/Src\app_x-cube-mems1.c ****     *hum   = 0.0;
 258              		.loc 1 136 12 view .LVU75
 259 0014 C1F800C0 		str	ip, [r1]	@ float
 137:D:/fchai/work/i-cube/I-CUBE-HUAWEI/Projects/NUCLEO-L496ZG/Applications/Cloud/mqtt-ota/Src\app_x-cube-mems1.c ****     *press = 0.0;
 138:D:/fchai/work/i-cube/I-CUBE-HUAWEI/Projects/NUCLEO-L496ZG/Applications/Cloud/mqtt-ota/Src\app_x-cube-mems1.c **** 
ARM GAS  T:\msys\tmp\ccmL49WV.s 			page 9


 139:D:/fchai/work/i-cube/I-CUBE-HUAWEI/Projects/NUCLEO-L496ZG/Applications/Cloud/mqtt-ota/Src\app_x-cube-mems1.c ****     /*env sensor*/
 140:D:/fchai/work/i-cube/I-CUBE-HUAWEI/Projects/NUCLEO-L496ZG/Applications/Cloud/mqtt-ota/Src\app_x-cube-mems1.c **** #if (USE_IKS01A3_ENV_SENSOR_HTS221_0 == 1)
 141:D:/fchai/work/i-cube/I-CUBE-HUAWEI/Projects/NUCLEO-L496ZG/Applications/Cloud/mqtt-ota/Src\app_x-cube-mems1.c ****     IKS01A3_ENV_SENSOR_GetValue(IKS01A3_HTS221_0, ENV_TEMPERATURE, temp);
 260              		.loc 1 141 5 view .LVU76
 261 0018 0246     		mov	r2, r0
 262              	.LVL25:
 137:D:/fchai/work/i-cube/I-CUBE-HUAWEI/Projects/NUCLEO-L496ZG/Applications/Cloud/mqtt-ota/Src\app_x-cube-mems1.c ****     *press = 0.0;
 263              		.loc 1 137 12 view .LVU77
 264 001a C5F800C0 		str	ip, [r5]	@ float
 265              		.loc 1 141 5 view .LVU78
 266 001e 2046     		mov	r0, r4
 267              	.LVL26:
 268              		.loc 1 141 5 view .LVU79
 269 0020 0121     		movs	r1, #1
 270              	.LVL27:
 132:D:/fchai/work/i-cube/I-CUBE-HUAWEI/Projects/NUCLEO-L496ZG/Applications/Cloud/mqtt-ota/Src\app_x-cube-mems1.c ****     IKS01A3_MOTION_SENSOR_Axes_t asex = {0,};
 271              		.loc 1 132 1 view .LVU80
 272 0022 9946     		mov	r9, r3
 273 0024 DDE90C76 		ldrd	r7, r6, [sp, #48]
 133:D:/fchai/work/i-cube/I-CUBE-HUAWEI/Projects/NUCLEO-L496ZG/Applications/Cloud/mqtt-ota/Src\app_x-cube-mems1.c **** 
 274              		.loc 1 133 34 view .LVU81
 275 0028 CDE90144 		strd	r4, r4, [sp, #4]
 276 002c 0394     		str	r4, [sp, #12]
 135:D:/fchai/work/i-cube/I-CUBE-HUAWEI/Projects/NUCLEO-L496ZG/Applications/Cloud/mqtt-ota/Src\app_x-cube-mems1.c ****     *hum   = 0.0;
 277              		.loc 1 135 5 is_stmt 1 view .LVU82
 136:D:/fchai/work/i-cube/I-CUBE-HUAWEI/Projects/NUCLEO-L496ZG/Applications/Cloud/mqtt-ota/Src\app_x-cube-mems1.c ****     *press = 0.0;
 278              		.loc 1 136 5 view .LVU83
 137:D:/fchai/work/i-cube/I-CUBE-HUAWEI/Projects/NUCLEO-L496ZG/Applications/Cloud/mqtt-ota/Src\app_x-cube-mems1.c **** 
 279              		.loc 1 137 5 view .LVU84
 280              		.loc 1 141 5 view .LVU85
 281 002e FFF7FEFF 		bl	IKS01A3_ENV_SENSOR_GetValue
 282              	.LVL28:
 142:D:/fchai/work/i-cube/I-CUBE-HUAWEI/Projects/NUCLEO-L496ZG/Applications/Cloud/mqtt-ota/Src\app_x-cube-mems1.c ****     IKS01A3_ENV_SENSOR_GetValue(IKS01A3_HTS221_0, ENV_HUMIDITY, hum);
 283              		.loc 1 142 5 view .LVU86
 284 0032 4246     		mov	r2, r8
 285 0034 2046     		mov	r0, r4
 286 0036 0421     		movs	r1, #4
 287 0038 FFF7FEFF 		bl	IKS01A3_ENV_SENSOR_GetValue
 288              	.LVL29:
 143:D:/fchai/work/i-cube/I-CUBE-HUAWEI/Projects/NUCLEO-L496ZG/Applications/Cloud/mqtt-ota/Src\app_x-cube-mems1.c **** #endif
 144:D:/fchai/work/i-cube/I-CUBE-HUAWEI/Projects/NUCLEO-L496ZG/Applications/Cloud/mqtt-ota/Src\app_x-cube-mems1.c **** 
 145:D:/fchai/work/i-cube/I-CUBE-HUAWEI/Projects/NUCLEO-L496ZG/Applications/Cloud/mqtt-ota/Src\app_x-cube-mems1.c **** #if (USE_IKS01A3_ENV_SENSOR_LPS22HH_0 == 1)
 146:D:/fchai/work/i-cube/I-CUBE-HUAWEI/Projects/NUCLEO-L496ZG/Applications/Cloud/mqtt-ota/Src\app_x-cube-mems1.c ****     IKS01A3_ENV_SENSOR_GetValue(IKS01A3_LPS22HH_0, ENV_PRESSURE, press);
 289              		.loc 1 146 5 view .LVU87
 290 003c 2A46     		mov	r2, r5
 291 003e 0221     		movs	r1, #2
 292 0040 0120     		movs	r0, #1
 293 0042 FFF7FEFF 		bl	IKS01A3_ENV_SENSOR_GetValue
 294              	.LVL30:
 147:D:/fchai/work/i-cube/I-CUBE-HUAWEI/Projects/NUCLEO-L496ZG/Applications/Cloud/mqtt-ota/Src\app_x-cube-mems1.c **** #endif
 148:D:/fchai/work/i-cube/I-CUBE-HUAWEI/Projects/NUCLEO-L496ZG/Applications/Cloud/mqtt-ota/Src\app_x-cube-mems1.c **** 
 149:D:/fchai/work/i-cube/I-CUBE-HUAWEI/Projects/NUCLEO-L496ZG/Applications/Cloud/mqtt-ota/Src\app_x-cube-mems1.c ****     /*motion sensor*/
 150:D:/fchai/work/i-cube/I-CUBE-HUAWEI/Projects/NUCLEO-L496ZG/Applications/Cloud/mqtt-ota/Src\app_x-cube-mems1.c **** #if (USE_IKS01A3_MOTION_SENSOR_LSM6DSO_0 == 1)
 151:D:/fchai/work/i-cube/I-CUBE-HUAWEI/Projects/NUCLEO-L496ZG/Applications/Cloud/mqtt-ota/Src\app_x-cube-mems1.c ****     IKS01A3_MOTION_SENSOR_GetAxes(IKS01A3_LSM6DSO_0, MOTION_ACCELERO, &asex);
 295              		.loc 1 151 5 view .LVU88
 296 0046 01AA     		add	r2, sp, #4
 297 0048 2046     		mov	r0, r4
ARM GAS  T:\msys\tmp\ccmL49WV.s 			page 10


 298 004a 0221     		movs	r1, #2
 299 004c FFF7FEFF 		bl	IKS01A3_MOTION_SENSOR_GetAxes
 300              	.LVL31:
 152:D:/fchai/work/i-cube/I-CUBE-HUAWEI/Projects/NUCLEO-L496ZG/Applications/Cloud/mqtt-ota/Src\app_x-cube-mems1.c **** #endif
 153:D:/fchai/work/i-cube/I-CUBE-HUAWEI/Projects/NUCLEO-L496ZG/Applications/Cloud/mqtt-ota/Src\app_x-cube-mems1.c ****     
 154:D:/fchai/work/i-cube/I-CUBE-HUAWEI/Projects/NUCLEO-L496ZG/Applications/Cloud/mqtt-ota/Src\app_x-cube-mems1.c ****     *x = asex.x;
 301              		.loc 1 154 5 view .LVU89
 155:D:/fchai/work/i-cube/I-CUBE-HUAWEI/Projects/NUCLEO-L496ZG/Applications/Cloud/mqtt-ota/Src\app_x-cube-mems1.c ****     *y = asex.y;
 302              		.loc 1 155 8 is_stmt 0 view .LVU90
 303 0050 DDE90112 		ldrd	r1, r2, [sp, #4]
 156:D:/fchai/work/i-cube/I-CUBE-HUAWEI/Projects/NUCLEO-L496ZG/Applications/Cloud/mqtt-ota/Src\app_x-cube-mems1.c ****     *z = asex.z;
 304              		.loc 1 156 8 view .LVU91
 305 0054 039B     		ldr	r3, [sp, #12]
 154:D:/fchai/work/i-cube/I-CUBE-HUAWEI/Projects/NUCLEO-L496ZG/Applications/Cloud/mqtt-ota/Src\app_x-cube-mems1.c ****     *y = asex.y;
 306              		.loc 1 154 8 view .LVU92
 307 0056 C9F80010 		str	r1, [r9]
 155:D:/fchai/work/i-cube/I-CUBE-HUAWEI/Projects/NUCLEO-L496ZG/Applications/Cloud/mqtt-ota/Src\app_x-cube-mems1.c ****     *y = asex.y;
 308              		.loc 1 155 5 is_stmt 1 view .LVU93
 155:D:/fchai/work/i-cube/I-CUBE-HUAWEI/Projects/NUCLEO-L496ZG/Applications/Cloud/mqtt-ota/Src\app_x-cube-mems1.c ****     *y = asex.y;
 309              		.loc 1 155 8 is_stmt 0 view .LVU94
 310 005a 3A60     		str	r2, [r7]
 311              		.loc 1 156 5 is_stmt 1 view .LVU95
 312              		.loc 1 156 8 is_stmt 0 view .LVU96
 313 005c 3360     		str	r3, [r6]
 157:D:/fchai/work/i-cube/I-CUBE-HUAWEI/Projects/NUCLEO-L496ZG/Applications/Cloud/mqtt-ota/Src\app_x-cube-mems1.c **** }
 314              		.loc 1 157 1 view .LVU97
 315 005e 05B0     		add	sp, sp, #20
 316              	.LCFI4:
 317              		.cfi_def_cfa_offset 28
 318              		@ sp needed
 319 0060 BDE8F083 		pop	{r4, r5, r6, r7, r8, r9, pc}
 320              		.loc 1 157 1 view .LVU98
 321              		.cfi_endproc
 322              	.LFE127:
 324              		.text
 325              	.Letext0:
 326              		.file 2 "t:\\msys\\3rd\\gcc-arm-none-eabi-9-2020-q2-update-win32\\arm-none-eabi\\include\\machine\
 327              		.file 3 "t:\\msys\\3rd\\gcc-arm-none-eabi-9-2020-q2-update-win32\\lib\\gcc\\arm-none-eabi\\9.3.1\\
 328              		.file 4 "t:\\msys\\3rd\\gcc-arm-none-eabi-9-2020-q2-update-win32\\arm-none-eabi\\include\\sys\\_ty
 329              		.file 5 "t:\\msys\\3rd\\gcc-arm-none-eabi-9-2020-q2-update-win32\\arm-none-eabi\\include\\sys\\ree
 330              		.file 6 "t:\\msys\\3rd\\gcc-arm-none-eabi-9-2020-q2-update-win32\\arm-none-eabi\\include\\sys\\loc
 331              		.file 7 "t:\\msys\\3rd\\gcc-arm-none-eabi-9-2020-q2-update-win32\\arm-none-eabi\\include\\sys\\_st
 332              		.file 8 "D:/fchai/work/i-cube/I-CUBE-HUAWEI/Middlewares/Third_Party/Huawei/iot_link/os/liteos/arch
 333              		.file 9 "D:/fchai/work/i-cube/I-CUBE-HUAWEI/Drivers/CMSIS/Device/ST/STM32L4xx/Include/system_stm32
 334              		.file 10 "D:/fchai/work/i-cube/I-CUBE-HUAWEI/Drivers/CMSIS/Device/ST/STM32L4xx/Include/stm32l496xx
 335              		.file 11 "D:/fchai/work/i-cube/I-CUBE-HUAWEI/Drivers/STM32L4xx_HAL_Driver/Inc/stm32l4xx_hal_def.h"
 336              		.file 12 "D:/fchai/work/i-cube/I-CUBE-HUAWEI/Drivers/STM32L4xx_HAL_Driver/Inc/stm32l4xx_hal_dma.h"
 337              		.file 13 "D:/fchai/work/i-cube/I-CUBE-HUAWEI/Drivers/STM32L4xx_HAL_Driver/Inc/stm32l4xx_hal_flash.
 338              		.file 14 "D:/fchai/work/i-cube/I-CUBE-HUAWEI/Drivers/STM32L4xx_HAL_Driver/Inc/stm32l4xx_hal_i2c.h"
 339              		.file 15 "D:/fchai/work/i-cube/I-CUBE-HUAWEI/Drivers/STM32L4xx_HAL_Driver/Inc/stm32l4xx_hal.h"
 340              		.file 16 "D:/fchai/work/i-cube/I-CUBE-HUAWEI/Projects/NUCLEO-L496ZG/Applications/Cloud/mqtt-ota/In
 341              		.file 17 "t:\\msys\\3rd\\gcc-arm-none-eabi-9-2020-q2-update-win32\\arm-none-eabi\\include\\math.h"
 342              		.file 18 "D:/fchai/work/i-cube/I-CUBE-HUAWEI/Drivers/BSP/Components/hts221/hts221_reg.h"
 343              		.file 19 "D:/fchai/work/i-cube/I-CUBE-HUAWEI/Drivers/BSP/Components/hts221/hts221.h"
 344              		.file 20 "D:/fchai/work/i-cube/I-CUBE-HUAWEI/Drivers/BSP/Components/lps22hh/lps22hh_reg.h"
 345              		.file 21 "D:/fchai/work/i-cube/I-CUBE-HUAWEI/Drivers/BSP/Components/lps22hh/lps22hh.h"
 346              		.file 22 "D:/fchai/work/i-cube/I-CUBE-HUAWEI/Drivers/BSP/Components/stts751/stts751.h"
ARM GAS  T:\msys\tmp\ccmL49WV.s 			page 11


 347              		.file 23 "D:/fchai/work/i-cube/I-CUBE-HUAWEI/Drivers/BSP/Components/lsm6dso/lsm6dso_reg.h"
 348              		.file 24 "D:/fchai/work/i-cube/I-CUBE-HUAWEI/Drivers/BSP/Components/lsm6dso/lsm6dso.h"
 349              		.file 25 "D:/fchai/work/i-cube/I-CUBE-HUAWEI/Drivers/BSP/Components/lis2dw12/lis2dw12.h"
 350              		.file 26 "D:/fchai/work/i-cube/I-CUBE-HUAWEI/Drivers/BSP/Components/lis2mdl/lis2mdl.h"
 351              		.file 27 "D:/fchai/work/i-cube/I-CUBE-HUAWEI/Drivers/BSP/IKS01A3/iks01a3_motion_sensors.h"
 352              		.file 28 "D:/fchai/work/i-cube/I-CUBE-HUAWEI/Drivers/BSP/IKS01A3/iks01a3_env_sensors.h"
ARM GAS  T:\msys\tmp\ccmL49WV.s 			page 12


DEFINED SYMBOLS
                            *ABS*:00000000 app_x-cube-mems1.c
T:\msys\tmp\ccmL49WV.s:18     .text.MX_MEMS_Init:00000000 $t
T:\msys\tmp\ccmL49WV.s:27     .text.MX_MEMS_Init:00000000 MX_MEMS_Init
T:\msys\tmp\ccmL49WV.s:219    .text.MX_MEMS_Getinfo:00000000 $t
T:\msys\tmp\ccmL49WV.s:227    .text.MX_MEMS_Getinfo:00000000 MX_MEMS_Getinfo

UNDEFINED SYMBOLS
IKS01A3_ENV_SENSOR_Init
IKS01A3_ENV_SENSOR_Enable
IKS01A3_MOTION_SENSOR_Init
IKS01A3_MOTION_SENSOR_Enable
IKS01A3_ENV_SENSOR_GetValue
IKS01A3_MOTION_SENSOR_GetAxes
