ARM GAS  T:\msys\tmp\cckRQtJ5.s 			page 1


   1              		.cpu cortex-m4
   2              		.eabi_attribute 27, 1
   3              		.eabi_attribute 28, 1
   4              		.eabi_attribute 20, 1
   5              		.eabi_attribute 21, 1
   6              		.eabi_attribute 23, 3
   7              		.eabi_attribute 24, 1
   8              		.eabi_attribute 25, 1
   9              		.eabi_attribute 26, 1
  10              		.eabi_attribute 30, 2
  11              		.eabi_attribute 34, 1
  12              		.eabi_attribute 18, 4
  13              		.file	"iot_main.c"
  14              		.text
  15              	.Ltext0:
  16              		.cfi_sections	.debug_frame
  17              		.section	.rodata.main.str1.4,"aMS",%progbits,1
  18              		.align	2
  19              	.LC0:
  20 0000 6C696E6B 		.ascii	"link_main\000"
  20      5F6D6169 
  20      6E00
  21              		.section	.text.startup.main,"ax",%progbits
  22              		.align	1
  23              		.p2align 2,,3
  24              		.global	main
  25              		.arch armv7e-m
  26              		.syntax unified
  27              		.thumb
  28              		.thumb_func
  29              		.fpu fpv4-sp-d16
  31              	main:
  32              	.LFB161:
  33              		.file 1 "D:/fchai/work/i-cube/I-CUBE-HUAWEI/Middlewares/Third_Party/Huawei/targets/NUCLEO-L496ZG/S
   1:D:/fchai/work/i-cube/I-CUBE-HUAWEI/Middlewares/Third_Party/Huawei/targets/NUCLEO-L496ZG/Src\iot_main.c **** /*----------------------------------------------------------------------------
   2:D:/fchai/work/i-cube/I-CUBE-HUAWEI/Middlewares/Third_Party/Huawei/targets/NUCLEO-L496ZG/Src\iot_main.c ****  * Copyright (c) <2016-2018>, <Huawei Technologies Co., Ltd>
   3:D:/fchai/work/i-cube/I-CUBE-HUAWEI/Middlewares/Third_Party/Huawei/targets/NUCLEO-L496ZG/Src\iot_main.c ****  * All rights reserved.
   4:D:/fchai/work/i-cube/I-CUBE-HUAWEI/Middlewares/Third_Party/Huawei/targets/NUCLEO-L496ZG/Src\iot_main.c ****  * Redistribution and use in source and binary forms, with or without modification,
   5:D:/fchai/work/i-cube/I-CUBE-HUAWEI/Middlewares/Third_Party/Huawei/targets/NUCLEO-L496ZG/Src\iot_main.c ****  * are permitted provided that the following conditions are met:
   6:D:/fchai/work/i-cube/I-CUBE-HUAWEI/Middlewares/Third_Party/Huawei/targets/NUCLEO-L496ZG/Src\iot_main.c ****  * 1. Redistributions of source code must retain the above copyright notice, this list of
   7:D:/fchai/work/i-cube/I-CUBE-HUAWEI/Middlewares/Third_Party/Huawei/targets/NUCLEO-L496ZG/Src\iot_main.c ****  * conditions and the following disclaimer.
   8:D:/fchai/work/i-cube/I-CUBE-HUAWEI/Middlewares/Third_Party/Huawei/targets/NUCLEO-L496ZG/Src\iot_main.c ****  * 2. Redistributions in binary form must reproduce the above copyright notice, this list
   9:D:/fchai/work/i-cube/I-CUBE-HUAWEI/Middlewares/Third_Party/Huawei/targets/NUCLEO-L496ZG/Src\iot_main.c ****  * of conditions and the following disclaimer in the documentation and/or other materials
  10:D:/fchai/work/i-cube/I-CUBE-HUAWEI/Middlewares/Third_Party/Huawei/targets/NUCLEO-L496ZG/Src\iot_main.c ****  * provided with the distribution.
  11:D:/fchai/work/i-cube/I-CUBE-HUAWEI/Middlewares/Third_Party/Huawei/targets/NUCLEO-L496ZG/Src\iot_main.c ****  * 3. Neither the name of the copyright holder nor the names of its contributors may be used
  12:D:/fchai/work/i-cube/I-CUBE-HUAWEI/Middlewares/Third_Party/Huawei/targets/NUCLEO-L496ZG/Src\iot_main.c ****  * to endorse or promote products derived from this software without specific prior written
  13:D:/fchai/work/i-cube/I-CUBE-HUAWEI/Middlewares/Third_Party/Huawei/targets/NUCLEO-L496ZG/Src\iot_main.c ****  * permission.
  14:D:/fchai/work/i-cube/I-CUBE-HUAWEI/Middlewares/Third_Party/Huawei/targets/NUCLEO-L496ZG/Src\iot_main.c ****  * THIS SOFTWARE IS PROVIDED BY THE COPYRIGHT HOLDERS AND CONTRIBUTORS
  15:D:/fchai/work/i-cube/I-CUBE-HUAWEI/Middlewares/Third_Party/Huawei/targets/NUCLEO-L496ZG/Src\iot_main.c ****  * "AS IS" AND ANY EXPRESS OR IMPLIED WARRANTIES, INCLUDING, BUT NOT LIMITED TO,
  16:D:/fchai/work/i-cube/I-CUBE-HUAWEI/Middlewares/Third_Party/Huawei/targets/NUCLEO-L496ZG/Src\iot_main.c ****  * THE IMPLIED WARRANTIES OF MERCHANTABILITY AND FITNESS FOR A PARTICULAR
  17:D:/fchai/work/i-cube/I-CUBE-HUAWEI/Middlewares/Third_Party/Huawei/targets/NUCLEO-L496ZG/Src\iot_main.c ****  * PURPOSE ARE DISCLAIMED. IN NO EVENT SHALL THE COPYRIGHT HOLDER OR
  18:D:/fchai/work/i-cube/I-CUBE-HUAWEI/Middlewares/Third_Party/Huawei/targets/NUCLEO-L496ZG/Src\iot_main.c ****  * CONTRIBUTORS BE LIABLE FOR ANY DIRECT, INDIRECT, INCIDENTAL, SPECIAL,
  19:D:/fchai/work/i-cube/I-CUBE-HUAWEI/Middlewares/Third_Party/Huawei/targets/NUCLEO-L496ZG/Src\iot_main.c ****  * EXEMPLARY, OR CONSEQUENTIAL DAMAGES (INCLUDING, BUT NOT LIMITED TO,
  20:D:/fchai/work/i-cube/I-CUBE-HUAWEI/Middlewares/Third_Party/Huawei/targets/NUCLEO-L496ZG/Src\iot_main.c ****  * PROCUREMENT OF SUBSTITUTE GOODS OR SERVICES; LOSS OF USE, DATA, OR PROFITS;
  21:D:/fchai/work/i-cube/I-CUBE-HUAWEI/Middlewares/Third_Party/Huawei/targets/NUCLEO-L496ZG/Src\iot_main.c ****  * OR BUSINESS INTERRUPTION) HOWEVER CAUSED AND ON ANY THEORY OF LIABILITY,
  22:D:/fchai/work/i-cube/I-CUBE-HUAWEI/Middlewares/Third_Party/Huawei/targets/NUCLEO-L496ZG/Src\iot_main.c ****  * WHETHER IN CONTRACT, STRICT LIABILITY, OR TORT (INCLUDING NEGLIGENCE OR
  23:D:/fchai/work/i-cube/I-CUBE-HUAWEI/Middlewares/Third_Party/Huawei/targets/NUCLEO-L496ZG/Src\iot_main.c ****  * OTHERWISE) ARISING IN ANY WAY OUT OF THE USE OF THIS SOFTWARE, EVEN IF
ARM GAS  T:\msys\tmp\cckRQtJ5.s 			page 2


  24:D:/fchai/work/i-cube/I-CUBE-HUAWEI/Middlewares/Third_Party/Huawei/targets/NUCLEO-L496ZG/Src\iot_main.c ****  * ADVISED OF THE POSSIBILITY OF SUCH DAMAGE.
  25:D:/fchai/work/i-cube/I-CUBE-HUAWEI/Middlewares/Third_Party/Huawei/targets/NUCLEO-L496ZG/Src\iot_main.c ****  *---------------------------------------------------------------------------*/
  26:D:/fchai/work/i-cube/I-CUBE-HUAWEI/Middlewares/Third_Party/Huawei/targets/NUCLEO-L496ZG/Src\iot_main.c **** /*----------------------------------------------------------------------------
  27:D:/fchai/work/i-cube/I-CUBE-HUAWEI/Middlewares/Third_Party/Huawei/targets/NUCLEO-L496ZG/Src\iot_main.c ****  * Notice of Export Control Law
  28:D:/fchai/work/i-cube/I-CUBE-HUAWEI/Middlewares/Third_Party/Huawei/targets/NUCLEO-L496ZG/Src\iot_main.c ****  * ===============================================
  29:D:/fchai/work/i-cube/I-CUBE-HUAWEI/Middlewares/Third_Party/Huawei/targets/NUCLEO-L496ZG/Src\iot_main.c ****  * Huawei LiteOS may be subject to applicable export control laws and regulations, which might
  30:D:/fchai/work/i-cube/I-CUBE-HUAWEI/Middlewares/Third_Party/Huawei/targets/NUCLEO-L496ZG/Src\iot_main.c ****  * include those applicable to Huawei LiteOS of U.S. and the country in which you are located.
  31:D:/fchai/work/i-cube/I-CUBE-HUAWEI/Middlewares/Third_Party/Huawei/targets/NUCLEO-L496ZG/Src\iot_main.c ****  * Import, export and usage of Huawei LiteOS in any manner by you shall be in compliance with such
  32:D:/fchai/work/i-cube/I-CUBE-HUAWEI/Middlewares/Third_Party/Huawei/targets/NUCLEO-L496ZG/Src\iot_main.c ****  * applicable export control laws and regulations.
  33:D:/fchai/work/i-cube/I-CUBE-HUAWEI/Middlewares/Third_Party/Huawei/targets/NUCLEO-L496ZG/Src\iot_main.c ****  *---------------------------------------------------------------------------*/
  34:D:/fchai/work/i-cube/I-CUBE-HUAWEI/Middlewares/Third_Party/Huawei/targets/NUCLEO-L496ZG/Src\iot_main.c **** #include "mem.h"
  35:D:/fchai/work/i-cube/I-CUBE-HUAWEI/Middlewares/Third_Party/Huawei/targets/NUCLEO-L496ZG/Src\iot_main.c **** 
  36:D:/fchai/work/i-cube/I-CUBE-HUAWEI/Middlewares/Third_Party/Huawei/targets/NUCLEO-L496ZG/Src\iot_main.c **** #include "los_base.h"
  37:D:/fchai/work/i-cube/I-CUBE-HUAWEI/Middlewares/Third_Party/Huawei/targets/NUCLEO-L496ZG/Src\iot_main.c **** #include "los_task.ph"
  38:D:/fchai/work/i-cube/I-CUBE-HUAWEI/Middlewares/Third_Party/Huawei/targets/NUCLEO-L496ZG/Src\iot_main.c **** #include "los_typedef.h"
  39:D:/fchai/work/i-cube/I-CUBE-HUAWEI/Middlewares/Third_Party/Huawei/targets/NUCLEO-L496ZG/Src\iot_main.c **** #include "los_sys.h"
  40:D:/fchai/work/i-cube/I-CUBE-HUAWEI/Middlewares/Third_Party/Huawei/targets/NUCLEO-L496ZG/Src\iot_main.c **** 
  41:D:/fchai/work/i-cube/I-CUBE-HUAWEI/Middlewares/Third_Party/Huawei/targets/NUCLEO-L496ZG/Src\iot_main.c **** #if defined (__CC_ARM)
  42:D:/fchai/work/i-cube/I-CUBE-HUAWEI/Middlewares/Third_Party/Huawei/targets/NUCLEO-L496ZG/Src\iot_main.c **** extern char Image$$RW_IRAM1$$ZI$$Limit [];
  43:D:/fchai/work/i-cube/I-CUBE-HUAWEI/Middlewares/Third_Party/Huawei/targets/NUCLEO-L496ZG/Src\iot_main.c **** extern char Image$$ARM_LIB_STACKHEAP$$Base [];
  44:D:/fchai/work/i-cube/I-CUBE-HUAWEI/Middlewares/Third_Party/Huawei/targets/NUCLEO-L496ZG/Src\iot_main.c **** #elif defined (__GNUC__)
  45:D:/fchai/work/i-cube/I-CUBE-HUAWEI/Middlewares/Third_Party/Huawei/targets/NUCLEO-L496ZG/Src\iot_main.c **** extern char __los_heap_addr_start__ [];
  46:D:/fchai/work/i-cube/I-CUBE-HUAWEI/Middlewares/Third_Party/Huawei/targets/NUCLEO-L496ZG/Src\iot_main.c **** extern char __los_heap_addr_end__ [];
  47:D:/fchai/work/i-cube/I-CUBE-HUAWEI/Middlewares/Third_Party/Huawei/targets/NUCLEO-L496ZG/Src\iot_main.c **** #else
  48:D:/fchai/work/i-cube/I-CUBE-HUAWEI/Middlewares/Third_Party/Huawei/targets/NUCLEO-L496ZG/Src\iot_main.c **** #error "fix me"
  49:D:/fchai/work/i-cube/I-CUBE-HUAWEI/Middlewares/Third_Party/Huawei/targets/NUCLEO-L496ZG/Src\iot_main.c **** #endif
  50:D:/fchai/work/i-cube/I-CUBE-HUAWEI/Middlewares/Third_Party/Huawei/targets/NUCLEO-L496ZG/Src\iot_main.c **** 
  51:D:/fchai/work/i-cube/I-CUBE-HUAWEI/Middlewares/Third_Party/Huawei/targets/NUCLEO-L496ZG/Src\iot_main.c **** const struct phys_mem system_phys_mem [] =
  52:D:/fchai/work/i-cube/I-CUBE-HUAWEI/Middlewares/Third_Party/Huawei/targets/NUCLEO-L496ZG/Src\iot_main.c ****     {
  53:D:/fchai/work/i-cube/I-CUBE-HUAWEI/Middlewares/Third_Party/Huawei/targets/NUCLEO-L496ZG/Src\iot_main.c **** #if defined (__CC_ARM)
  54:D:/fchai/work/i-cube/I-CUBE-HUAWEI/Middlewares/Third_Party/Huawei/targets/NUCLEO-L496ZG/Src\iot_main.c ****         { Image$$RW_IRAM1$$ZI$$Limit, Image$$ARM_LIB_STACKHEAP$$Base },
  55:D:/fchai/work/i-cube/I-CUBE-HUAWEI/Middlewares/Third_Party/Huawei/targets/NUCLEO-L496ZG/Src\iot_main.c **** #elif defined (__GNUC__)
  56:D:/fchai/work/i-cube/I-CUBE-HUAWEI/Middlewares/Third_Party/Huawei/targets/NUCLEO-L496ZG/Src\iot_main.c ****         {(unsigned long) __los_heap_addr_start__,(unsigned long) __los_heap_addr_end__ },
  57:D:/fchai/work/i-cube/I-CUBE-HUAWEI/Middlewares/Third_Party/Huawei/targets/NUCLEO-L496ZG/Src\iot_main.c **** #else
  58:D:/fchai/work/i-cube/I-CUBE-HUAWEI/Middlewares/Third_Party/Huawei/targets/NUCLEO-L496ZG/Src\iot_main.c **** #error "fix me"
  59:D:/fchai/work/i-cube/I-CUBE-HUAWEI/Middlewares/Third_Party/Huawei/targets/NUCLEO-L496ZG/Src\iot_main.c **** #endif
  60:D:/fchai/work/i-cube/I-CUBE-HUAWEI/Middlewares/Third_Party/Huawei/targets/NUCLEO-L496ZG/Src\iot_main.c ****         { 0, 0 }
  61:D:/fchai/work/i-cube/I-CUBE-HUAWEI/Middlewares/Third_Party/Huawei/targets/NUCLEO-L496ZG/Src\iot_main.c ****     };
  62:D:/fchai/work/i-cube/I-CUBE-HUAWEI/Middlewares/Third_Party/Huawei/targets/NUCLEO-L496ZG/Src\iot_main.c **** 
  63:D:/fchai/work/i-cube/I-CUBE-HUAWEI/Middlewares/Third_Party/Huawei/targets/NUCLEO-L496ZG/Src\iot_main.c **** extern int link_main(void *args);
  64:D:/fchai/work/i-cube/I-CUBE-HUAWEI/Middlewares/Third_Party/Huawei/targets/NUCLEO-L496ZG/Src\iot_main.c **** static int link_test()
  65:D:/fchai/work/i-cube/I-CUBE-HUAWEI/Middlewares/Third_Party/Huawei/targets/NUCLEO-L496ZG/Src\iot_main.c **** {
  66:D:/fchai/work/i-cube/I-CUBE-HUAWEI/Middlewares/Third_Party/Huawei/targets/NUCLEO-L496ZG/Src\iot_main.c ****     int ret = -1;
  67:D:/fchai/work/i-cube/I-CUBE-HUAWEI/Middlewares/Third_Party/Huawei/targets/NUCLEO-L496ZG/Src\iot_main.c ****     UINT32 uwRet = LOS_OK;
  68:D:/fchai/work/i-cube/I-CUBE-HUAWEI/Middlewares/Third_Party/Huawei/targets/NUCLEO-L496ZG/Src\iot_main.c ****     UINT32  handle;
  69:D:/fchai/work/i-cube/I-CUBE-HUAWEI/Middlewares/Third_Party/Huawei/targets/NUCLEO-L496ZG/Src\iot_main.c ****     TSK_INIT_PARAM_S task_init_param;
  70:D:/fchai/work/i-cube/I-CUBE-HUAWEI/Middlewares/Third_Party/Huawei/targets/NUCLEO-L496ZG/Src\iot_main.c **** 
  71:D:/fchai/work/i-cube/I-CUBE-HUAWEI/Middlewares/Third_Party/Huawei/targets/NUCLEO-L496ZG/Src\iot_main.c ****     memset (&task_init_param, 0, sizeof (TSK_INIT_PARAM_S));
  72:D:/fchai/work/i-cube/I-CUBE-HUAWEI/Middlewares/Third_Party/Huawei/targets/NUCLEO-L496ZG/Src\iot_main.c ****     task_init_param.uwArg = (unsigned int)NULL;
  73:D:/fchai/work/i-cube/I-CUBE-HUAWEI/Middlewares/Third_Party/Huawei/targets/NUCLEO-L496ZG/Src\iot_main.c ****     task_init_param.usTaskPrio = 2;
  74:D:/fchai/work/i-cube/I-CUBE-HUAWEI/Middlewares/Third_Party/Huawei/targets/NUCLEO-L496ZG/Src\iot_main.c ****     task_init_param.pcName =(char *) "link_main";
  75:D:/fchai/work/i-cube/I-CUBE-HUAWEI/Middlewares/Third_Party/Huawei/targets/NUCLEO-L496ZG/Src\iot_main.c ****     task_init_param.pfnTaskEntry = (TSK_ENTRY_FUNC)link_main;
  76:D:/fchai/work/i-cube/I-CUBE-HUAWEI/Middlewares/Third_Party/Huawei/targets/NUCLEO-L496ZG/Src\iot_main.c ****     task_init_param.uwStackSize = 0x1000;
  77:D:/fchai/work/i-cube/I-CUBE-HUAWEI/Middlewares/Third_Party/Huawei/targets/NUCLEO-L496ZG/Src\iot_main.c ****     uwRet = LOS_TaskCreate(&handle, &task_init_param);
  78:D:/fchai/work/i-cube/I-CUBE-HUAWEI/Middlewares/Third_Party/Huawei/targets/NUCLEO-L496ZG/Src\iot_main.c ****     if(LOS_OK == uwRet){
  79:D:/fchai/work/i-cube/I-CUBE-HUAWEI/Middlewares/Third_Party/Huawei/targets/NUCLEO-L496ZG/Src\iot_main.c ****         ret = 0;
  80:D:/fchai/work/i-cube/I-CUBE-HUAWEI/Middlewares/Third_Party/Huawei/targets/NUCLEO-L496ZG/Src\iot_main.c ****     }
ARM GAS  T:\msys\tmp\cckRQtJ5.s 			page 3


  81:D:/fchai/work/i-cube/I-CUBE-HUAWEI/Middlewares/Third_Party/Huawei/targets/NUCLEO-L496ZG/Src\iot_main.c ****     return ret;
  82:D:/fchai/work/i-cube/I-CUBE-HUAWEI/Middlewares/Third_Party/Huawei/targets/NUCLEO-L496ZG/Src\iot_main.c **** }
  83:D:/fchai/work/i-cube/I-CUBE-HUAWEI/Middlewares/Third_Party/Huawei/targets/NUCLEO-L496ZG/Src\iot_main.c **** 
  84:D:/fchai/work/i-cube/I-CUBE-HUAWEI/Middlewares/Third_Party/Huawei/targets/NUCLEO-L496ZG/Src\iot_main.c **** int main(void)
  85:D:/fchai/work/i-cube/I-CUBE-HUAWEI/Middlewares/Third_Party/Huawei/targets/NUCLEO-L496ZG/Src\iot_main.c **** {
  34              		.loc 1 85 1 view -0
  35              		.cfi_startproc
  36              		@ args = 0, pretend = 0, frame = 32
  37              		@ frame_needed = 0, uses_anonymous_args = 0
  86:D:/fchai/work/i-cube/I-CUBE-HUAWEI/Middlewares/Third_Party/Huawei/targets/NUCLEO-L496ZG/Src\iot_main.c ****     UINT32 uwRet = LOS_OK;
  38              		.loc 1 86 5 view .LVU1
  39              	.LVL0:
  87:D:/fchai/work/i-cube/I-CUBE-HUAWEI/Middlewares/Third_Party/Huawei/targets/NUCLEO-L496ZG/Src\iot_main.c ****     void HardWare_Init(void);
  40              		.loc 1 87 5 view .LVU2
  88:D:/fchai/work/i-cube/I-CUBE-HUAWEI/Middlewares/Third_Party/Huawei/targets/NUCLEO-L496ZG/Src\iot_main.c ****     HardWare_Init();
  41              		.loc 1 88 5 view .LVU3
  85:D:/fchai/work/i-cube/I-CUBE-HUAWEI/Middlewares/Third_Party/Huawei/targets/NUCLEO-L496ZG/Src\iot_main.c ****     UINT32 uwRet = LOS_OK;
  42              		.loc 1 85 1 is_stmt 0 view .LVU4
  43 0000 30B5     		push	{r4, r5, lr}
  44              	.LCFI0:
  45              		.cfi_def_cfa_offset 12
  46              		.cfi_offset 4, -12
  47              		.cfi_offset 5, -8
  48              		.cfi_offset 14, -4
  49 0002 89B0     		sub	sp, sp, #36
  50              	.LCFI1:
  51              		.cfi_def_cfa_offset 48
  52              		.loc 1 88 5 view .LVU5
  53 0004 FFF7FEFF 		bl	HardWare_Init
  54              	.LVL1:
  89:D:/fchai/work/i-cube/I-CUBE-HUAWEI/Middlewares/Third_Party/Huawei/targets/NUCLEO-L496ZG/Src\iot_main.c ****     uwRet = LOS_KernelInit();
  55              		.loc 1 89 5 is_stmt 1 view .LVU6
  56              		.loc 1 89 13 is_stmt 0 view .LVU7
  57 0008 FFF7FEFF 		bl	LOS_KernelInit
  58              	.LVL2:
  90:D:/fchai/work/i-cube/I-CUBE-HUAWEI/Middlewares/Third_Party/Huawei/targets/NUCLEO-L496ZG/Src\iot_main.c ****     if (uwRet != LOS_OK)
  59              		.loc 1 90 5 is_stmt 1 view .LVU8
  60              		.loc 1 90 8 is_stmt 0 view .LVU9
  61 000c 10B1     		cbz	r0, .L6
  91:D:/fchai/work/i-cube/I-CUBE-HUAWEI/Middlewares/Third_Party/Huawei/targets/NUCLEO-L496ZG/Src\iot_main.c ****     {
  92:D:/fchai/work/i-cube/I-CUBE-HUAWEI/Middlewares/Third_Party/Huawei/targets/NUCLEO-L496ZG/Src\iot_main.c ****         return LOS_NOK;
  62              		.loc 1 92 16 view .LVU10
  63 000e 0120     		movs	r0, #1
  64              	.LVL3:
  65              	.L1:
  93:D:/fchai/work/i-cube/I-CUBE-HUAWEI/Middlewares/Third_Party/Huawei/targets/NUCLEO-L496ZG/Src\iot_main.c ****     }
  94:D:/fchai/work/i-cube/I-CUBE-HUAWEI/Middlewares/Third_Party/Huawei/targets/NUCLEO-L496ZG/Src\iot_main.c **** 
  95:D:/fchai/work/i-cube/I-CUBE-HUAWEI/Middlewares/Third_Party/Huawei/targets/NUCLEO-L496ZG/Src\iot_main.c ****     extern void shell_uart_init(int baud);
  96:D:/fchai/work/i-cube/I-CUBE-HUAWEI/Middlewares/Third_Party/Huawei/targets/NUCLEO-L496ZG/Src\iot_main.c ****     shell_uart_init(115200);
  97:D:/fchai/work/i-cube/I-CUBE-HUAWEI/Middlewares/Third_Party/Huawei/targets/NUCLEO-L496ZG/Src\iot_main.c **** 
  98:D:/fchai/work/i-cube/I-CUBE-HUAWEI/Middlewares/Third_Party/Huawei/targets/NUCLEO-L496ZG/Src\iot_main.c ****     link_test();
  99:D:/fchai/work/i-cube/I-CUBE-HUAWEI/Middlewares/Third_Party/Huawei/targets/NUCLEO-L496ZG/Src\iot_main.c **** 
 100:D:/fchai/work/i-cube/I-CUBE-HUAWEI/Middlewares/Third_Party/Huawei/targets/NUCLEO-L496ZG/Src\iot_main.c ****     (void)LOS_Start();
 101:D:/fchai/work/i-cube/I-CUBE-HUAWEI/Middlewares/Third_Party/Huawei/targets/NUCLEO-L496ZG/Src\iot_main.c ****     return 0;
 102:D:/fchai/work/i-cube/I-CUBE-HUAWEI/Middlewares/Third_Party/Huawei/targets/NUCLEO-L496ZG/Src\iot_main.c **** }
  66              		.loc 1 102 1 view .LVU11
  67 0010 09B0     		add	sp, sp, #36
ARM GAS  T:\msys\tmp\cckRQtJ5.s 			page 4


  68              	.LCFI2:
  69              		.cfi_remember_state
  70              		.cfi_def_cfa_offset 12
  71              		@ sp needed
  72 0012 30BD     		pop	{r4, r5, pc}
  73              	.LVL4:
  74              	.L6:
  75              	.LCFI3:
  76              		.cfi_restore_state
  95:D:/fchai/work/i-cube/I-CUBE-HUAWEI/Middlewares/Third_Party/Huawei/targets/NUCLEO-L496ZG/Src\iot_main.c ****     shell_uart_init(115200);
  77              		.loc 1 95 5 is_stmt 1 view .LVU12
  96:D:/fchai/work/i-cube/I-CUBE-HUAWEI/Middlewares/Third_Party/Huawei/targets/NUCLEO-L496ZG/Src\iot_main.c **** 
  78              		.loc 1 96 5 view .LVU13
  79 0014 0446     		mov	r4, r0
  80 0016 4FF4E130 		mov	r0, #115200
  81              	.LVL5:
  96:D:/fchai/work/i-cube/I-CUBE-HUAWEI/Middlewares/Third_Party/Huawei/targets/NUCLEO-L496ZG/Src\iot_main.c **** 
  82              		.loc 1 96 5 is_stmt 0 view .LVU14
  83 001a FFF7FEFF 		bl	shell_uart_init
  84              	.LVL6:
  98:D:/fchai/work/i-cube/I-CUBE-HUAWEI/Middlewares/Third_Party/Huawei/targets/NUCLEO-L496ZG/Src\iot_main.c **** 
  85              		.loc 1 98 5 is_stmt 1 view .LVU15
  86              	.LBB4:
  87              	.LBI4:
  64:D:/fchai/work/i-cube/I-CUBE-HUAWEI/Middlewares/Third_Party/Huawei/targets/NUCLEO-L496ZG/Src\iot_main.c **** {
  88              		.loc 1 64 12 view .LVU16
  89              	.LBB5:
  66:D:/fchai/work/i-cube/I-CUBE-HUAWEI/Middlewares/Third_Party/Huawei/targets/NUCLEO-L496ZG/Src\iot_main.c ****     UINT32 uwRet = LOS_OK;
  90              		.loc 1 66 5 view .LVU17
  67:D:/fchai/work/i-cube/I-CUBE-HUAWEI/Middlewares/Third_Party/Huawei/targets/NUCLEO-L496ZG/Src\iot_main.c ****     UINT32  handle;
  91              		.loc 1 67 5 view .LVU18
  68:D:/fchai/work/i-cube/I-CUBE-HUAWEI/Middlewares/Third_Party/Huawei/targets/NUCLEO-L496ZG/Src\iot_main.c ****     TSK_INIT_PARAM_S task_init_param;
  92              		.loc 1 68 5 view .LVU19
  69:D:/fchai/work/i-cube/I-CUBE-HUAWEI/Middlewares/Third_Party/Huawei/targets/NUCLEO-L496ZG/Src\iot_main.c **** 
  93              		.loc 1 69 5 view .LVU20
  71:D:/fchai/work/i-cube/I-CUBE-HUAWEI/Middlewares/Third_Party/Huawei/targets/NUCLEO-L496ZG/Src\iot_main.c ****     task_init_param.uwArg = (unsigned int)NULL;
  94              		.loc 1 71 5 view .LVU21
  73:D:/fchai/work/i-cube/I-CUBE-HUAWEI/Middlewares/Third_Party/Huawei/targets/NUCLEO-L496ZG/Src\iot_main.c ****     task_init_param.pcName =(char *) "link_main";
  95              		.loc 1 73 32 is_stmt 0 view .LVU22
  96 001e 0220     		movs	r0, #2
  75:D:/fchai/work/i-cube/I-CUBE-HUAWEI/Middlewares/Third_Party/Huawei/targets/NUCLEO-L496ZG/Src\iot_main.c ****     task_init_param.uwStackSize = 0x1000;
  97              		.loc 1 75 34 view .LVU23
  98 0020 094A     		ldr	r2, .L7
  71:D:/fchai/work/i-cube/I-CUBE-HUAWEI/Middlewares/Third_Party/Huawei/targets/NUCLEO-L496ZG/Src\iot_main.c ****     task_init_param.uwArg = (unsigned int)NULL;
  99              		.loc 1 71 5 view .LVU24
 100 0022 0394     		str	r4, [sp, #12]
  76:D:/fchai/work/i-cube/I-CUBE-HUAWEI/Middlewares/Third_Party/Huawei/targets/NUCLEO-L496ZG/Src\iot_main.c ****     uwRet = LOS_TaskCreate(&handle, &task_init_param);
 101              		.loc 1 76 33 view .LVU25
 102 0024 4FF48053 		mov	r3, #4096
  77:D:/fchai/work/i-cube/I-CUBE-HUAWEI/Middlewares/Third_Party/Huawei/targets/NUCLEO-L496ZG/Src\iot_main.c ****     if(LOS_OK == uwRet){
 103              		.loc 1 77 13 view .LVU26
 104 0028 02A9     		add	r1, sp, #8
  73:D:/fchai/work/i-cube/I-CUBE-HUAWEI/Middlewares/Third_Party/Huawei/targets/NUCLEO-L496ZG/Src\iot_main.c ****     task_init_param.pcName =(char *) "link_main";
 105              		.loc 1 73 32 view .LVU27
 106 002a ADF80C00 		strh	r0, [sp, #12]	@ movhi
  74:D:/fchai/work/i-cube/I-CUBE-HUAWEI/Middlewares/Third_Party/Huawei/targets/NUCLEO-L496ZG/Src\iot_main.c ****     task_init_param.pfnTaskEntry = (TSK_ENTRY_FUNC)link_main;
 107              		.loc 1 74 28 view .LVU28
ARM GAS  T:\msys\tmp\cckRQtJ5.s 			page 5


 108 002e 074D     		ldr	r5, .L7+4
  75:D:/fchai/work/i-cube/I-CUBE-HUAWEI/Middlewares/Third_Party/Huawei/targets/NUCLEO-L496ZG/Src\iot_main.c ****     task_init_param.uwStackSize = 0x1000;
 109              		.loc 1 75 34 view .LVU29
 110 0030 0292     		str	r2, [sp, #8]
  77:D:/fchai/work/i-cube/I-CUBE-HUAWEI/Middlewares/Third_Party/Huawei/targets/NUCLEO-L496ZG/Src\iot_main.c ****     if(LOS_OK == uwRet){
 111              		.loc 1 77 13 view .LVU30
 112 0032 01A8     		add	r0, sp, #4
  76:D:/fchai/work/i-cube/I-CUBE-HUAWEI/Middlewares/Third_Party/Huawei/targets/NUCLEO-L496ZG/Src\iot_main.c ****     uwRet = LOS_TaskCreate(&handle, &task_init_param);
 113              		.loc 1 76 33 view .LVU31
 114 0034 0593     		str	r3, [sp, #20]
  71:D:/fchai/work/i-cube/I-CUBE-HUAWEI/Middlewares/Third_Party/Huawei/targets/NUCLEO-L496ZG/Src\iot_main.c ****     task_init_param.uwArg = (unsigned int)NULL;
 115              		.loc 1 71 5 view .LVU32
 116 0036 0794     		str	r4, [sp, #28]
  72:D:/fchai/work/i-cube/I-CUBE-HUAWEI/Middlewares/Third_Party/Huawei/targets/NUCLEO-L496ZG/Src\iot_main.c ****     task_init_param.usTaskPrio = 2;
 117              		.loc 1 72 5 is_stmt 1 view .LVU33
  72:D:/fchai/work/i-cube/I-CUBE-HUAWEI/Middlewares/Third_Party/Huawei/targets/NUCLEO-L496ZG/Src\iot_main.c ****     task_init_param.usTaskPrio = 2;
 118              		.loc 1 72 27 is_stmt 0 view .LVU34
 119 0038 0494     		str	r4, [sp, #16]
  73:D:/fchai/work/i-cube/I-CUBE-HUAWEI/Middlewares/Third_Party/Huawei/targets/NUCLEO-L496ZG/Src\iot_main.c ****     task_init_param.pcName =(char *) "link_main";
 120              		.loc 1 73 5 is_stmt 1 view .LVU35
  74:D:/fchai/work/i-cube/I-CUBE-HUAWEI/Middlewares/Third_Party/Huawei/targets/NUCLEO-L496ZG/Src\iot_main.c ****     task_init_param.pfnTaskEntry = (TSK_ENTRY_FUNC)link_main;
 121              		.loc 1 74 5 view .LVU36
  74:D:/fchai/work/i-cube/I-CUBE-HUAWEI/Middlewares/Third_Party/Huawei/targets/NUCLEO-L496ZG/Src\iot_main.c ****     task_init_param.pfnTaskEntry = (TSK_ENTRY_FUNC)link_main;
 122              		.loc 1 74 28 is_stmt 0 view .LVU37
 123 003a 0695     		str	r5, [sp, #24]
  75:D:/fchai/work/i-cube/I-CUBE-HUAWEI/Middlewares/Third_Party/Huawei/targets/NUCLEO-L496ZG/Src\iot_main.c ****     task_init_param.uwStackSize = 0x1000;
 124              		.loc 1 75 5 is_stmt 1 view .LVU38
  76:D:/fchai/work/i-cube/I-CUBE-HUAWEI/Middlewares/Third_Party/Huawei/targets/NUCLEO-L496ZG/Src\iot_main.c ****     uwRet = LOS_TaskCreate(&handle, &task_init_param);
 125              		.loc 1 76 5 view .LVU39
  77:D:/fchai/work/i-cube/I-CUBE-HUAWEI/Middlewares/Third_Party/Huawei/targets/NUCLEO-L496ZG/Src\iot_main.c ****     if(LOS_OK == uwRet){
 126              		.loc 1 77 5 view .LVU40
  77:D:/fchai/work/i-cube/I-CUBE-HUAWEI/Middlewares/Third_Party/Huawei/targets/NUCLEO-L496ZG/Src\iot_main.c ****     if(LOS_OK == uwRet){
 127              		.loc 1 77 13 is_stmt 0 view .LVU41
 128 003c FFF7FEFF 		bl	LOS_TaskCreate
 129              	.LVL7:
  78:D:/fchai/work/i-cube/I-CUBE-HUAWEI/Middlewares/Third_Party/Huawei/targets/NUCLEO-L496ZG/Src\iot_main.c ****         ret = 0;
 130              		.loc 1 78 5 is_stmt 1 view .LVU42
  81:D:/fchai/work/i-cube/I-CUBE-HUAWEI/Middlewares/Third_Party/Huawei/targets/NUCLEO-L496ZG/Src\iot_main.c **** }
 131              		.loc 1 81 5 view .LVU43
 132              	.LBE5:
 133              	.LBE4:
 100:D:/fchai/work/i-cube/I-CUBE-HUAWEI/Middlewares/Third_Party/Huawei/targets/NUCLEO-L496ZG/Src\iot_main.c ****     return 0;
 134              		.loc 1 100 5 view .LVU44
 100:D:/fchai/work/i-cube/I-CUBE-HUAWEI/Middlewares/Third_Party/Huawei/targets/NUCLEO-L496ZG/Src\iot_main.c ****     return 0;
 135              		.loc 1 100 11 is_stmt 0 view .LVU45
 136 0040 FFF7FEFF 		bl	LOS_Start
 137              	.LVL8:
 101:D:/fchai/work/i-cube/I-CUBE-HUAWEI/Middlewares/Third_Party/Huawei/targets/NUCLEO-L496ZG/Src\iot_main.c **** }
 138              		.loc 1 101 5 is_stmt 1 view .LVU46
 101:D:/fchai/work/i-cube/I-CUBE-HUAWEI/Middlewares/Third_Party/Huawei/targets/NUCLEO-L496ZG/Src\iot_main.c **** }
 139              		.loc 1 101 12 is_stmt 0 view .LVU47
 140 0044 2046     		mov	r0, r4
 141 0046 E3E7     		b	.L1
 142              	.L8:
 143              		.align	2
 144              	.L7:
 145 0048 00000000 		.word	link_main
ARM GAS  T:\msys\tmp\cckRQtJ5.s 			page 6


 146 004c 00000000 		.word	.LC0
 147              		.cfi_endproc
 148              	.LFE161:
 150              		.global	system_phys_mem
 151              		.section	.rodata.system_phys_mem,"a"
 152              		.align	2
 155              	system_phys_mem:
 156 0000 00000000 		.word	__los_heap_addr_start__
 157 0004 00000000 		.word	__los_heap_addr_end__
 158 0008 00000000 		.word	0
 159 000c 00000000 		.word	0
 160              		.text
 161              	.Letext0:
 162              		.file 2 "t:\\msys\\3rd\\gcc-arm-none-eabi-9-2020-q2-update-win32\\lib\\gcc\\arm-none-eabi\\9.3.1\\
 163              		.file 3 "t:\\msys\\3rd\\gcc-arm-none-eabi-9-2020-q2-update-win32\\arm-none-eabi\\include\\machine\
 164              		.file 4 "t:\\msys\\3rd\\gcc-arm-none-eabi-9-2020-q2-update-win32\\arm-none-eabi\\include\\sys\\_ty
 165              		.file 5 "t:\\msys\\3rd\\gcc-arm-none-eabi-9-2020-q2-update-win32\\arm-none-eabi\\include\\sys\\ree
 166              		.file 6 "t:\\msys\\3rd\\gcc-arm-none-eabi-9-2020-q2-update-win32\\arm-none-eabi\\include\\sys\\loc
 167              		.file 7 "D:/fchai/work/i-cube/I-CUBE-HUAWEI/Middlewares/Third_Party/Huawei/iot_link/os/liteos/incl
 168              		.file 8 "t:\\msys\\3rd\\gcc-arm-none-eabi-9-2020-q2-update-win32\\arm-none-eabi\\include\\sys\\_st
 169              		.file 9 "D:/fchai/work/i-cube/I-CUBE-HUAWEI/Middlewares/Third_Party/Huawei/iot_link/os/liteos/arch
 170              		.file 10 "D:/fchai/work/i-cube/I-CUBE-HUAWEI/Drivers/CMSIS/Device/ST/STM32L4xx/Include/system_stm3
 171              		.file 11 "D:/fchai/work/i-cube/I-CUBE-HUAWEI/Drivers/STM32L4xx_HAL_Driver/Inc/stm32l4xx_hal_def.h"
 172              		.file 12 "D:/fchai/work/i-cube/I-CUBE-HUAWEI/Drivers/STM32L4xx_HAL_Driver/Inc/stm32l4xx_hal_flash.
 173              		.file 13 "D:/fchai/work/i-cube/I-CUBE-HUAWEI/Drivers/STM32L4xx_HAL_Driver/Inc/stm32l4xx_hal.h"
 174              		.file 14 "D:/fchai/work/i-cube/I-CUBE-HUAWEI/Middlewares/Third_Party/Huawei/iot_link/os/liteos/inc
 175              		.file 15 "D:/fchai/work/i-cube/I-CUBE-HUAWEI/Middlewares/Third_Party/Huawei/iot_link/os/liteos/inc
 176              		.file 16 "D:/fchai/work/i-cube/I-CUBE-HUAWEI/Middlewares/Third_Party/Huawei/iot_link/os/liteos/inc
 177              		.file 17 "D:/fchai/work/i-cube/I-CUBE-HUAWEI/Middlewares/Third_Party/Huawei/iot_link/os/liteos/arc
 178              		.file 18 "D:/fchai/work/i-cube/I-CUBE-HUAWEI/Middlewares/Third_Party/Huawei/iot_link/os/liteos/inc
 179              		.file 19 "D:/fchai/work/i-cube/I-CUBE-HUAWEI/Middlewares/Third_Party/Huawei/iot_link/os/liteos/inc
 180              		.file 20 "D:/fchai/work/i-cube/I-CUBE-HUAWEI/Middlewares/Third_Party/Huawei/iot_link/os/liteos/inc
 181              		.file 21 "D:/fchai/work/i-cube/I-CUBE-HUAWEI/Middlewares/Third_Party/Huawei/iot_link/os/liteos/bas
 182              		.file 22 "D:/fchai/work/i-cube/I-CUBE-HUAWEI/Middlewares/Third_Party/Huawei/iot_link/os/liteos/inc
 183              		.file 23 "D:/fchai/work/i-cube/I-CUBE-HUAWEI/Middlewares/Third_Party/Huawei/iot_link/os/liteos/bas
 184              		.file 24 "D:/fchai/work/i-cube/I-CUBE-HUAWEI/Middlewares/Third_Party/Huawei/iot_link/os/liteos/bas
 185              		.file 25 "D:/fchai/work/i-cube/I-CUBE-HUAWEI/Middlewares/Third_Party/Huawei/iot_link/os/liteos/bas
 186              		.file 26 "D:/fchai/work/i-cube/I-CUBE-HUAWEI/Middlewares/Third_Party/Huawei/iot_link/os/liteos/bas
 187              		.file 27 "D:/fchai/work/i-cube/I-CUBE-HUAWEI/Middlewares/Third_Party/Huawei/iot_link/os/liteos/bas
 188              		.file 28 "D:/fchai/work/i-cube/I-CUBE-HUAWEI/Middlewares/Third_Party/Huawei/iot_link/os/liteos/inc
ARM GAS  T:\msys\tmp\cckRQtJ5.s 			page 7


DEFINED SYMBOLS
                            *ABS*:00000000 iot_main.c
T:\msys\tmp\cckRQtJ5.s:18     .rodata.main.str1.4:00000000 $d
T:\msys\tmp\cckRQtJ5.s:22     .text.startup.main:00000000 $t
T:\msys\tmp\cckRQtJ5.s:31     .text.startup.main:00000000 main
T:\msys\tmp\cckRQtJ5.s:145    .text.startup.main:00000048 $d
T:\msys\tmp\cckRQtJ5.s:155    .rodata.system_phys_mem:00000000 system_phys_mem
T:\msys\tmp\cckRQtJ5.s:152    .rodata.system_phys_mem:00000000 $d

UNDEFINED SYMBOLS
HardWare_Init
LOS_KernelInit
shell_uart_init
LOS_TaskCreate
LOS_Start
link_main
__los_heap_addr_start__
__los_heap_addr_end__
