ARM GAS  T:\msys\tmp\ccIO9lE9.s 			page 1


   1              		.cpu cortex-m4
   2              		.eabi_attribute 27, 1
   3              		.eabi_attribute 28, 1
   4              		.eabi_attribute 20, 1
   5              		.eabi_attribute 21, 1
   6              		.eabi_attribute 23, 3
   7              		.eabi_attribute 24, 1
   8              		.eabi_attribute 25, 1
   9              		.eabi_attribute 26, 1
  10              		.eabi_attribute 30, 2
  11              		.eabi_attribute 34, 1
  12              		.eabi_attribute 18, 4
  13              		.file	"platform_util.c"
  14              		.text
  15              	.Ltext0:
  16              		.cfi_sections	.debug_frame
  17              		.section	.text.mbedtls_platform_zeroize,"ax",%progbits
  18              		.align	1
  19              		.p2align 2,,3
  20              		.global	mbedtls_platform_zeroize
  21              		.arch armv7e-m
  22              		.syntax unified
  23              		.thumb
  24              		.thumb_func
  25              		.fpu fpv4-sp-d16
  27              	mbedtls_platform_zeroize:
  28              	.LVL0:
  29              	.LFB3:
  30              		.file 1 "D:/fchai/work/i-cube/I-CUBE-HUAWEI/Middlewares/Third_Party/Huawei/iot_link/network/dtls/m
   1:D:/fchai/work/i-cube/I-CUBE-HUAWEI/Middlewares/Third_Party/Huawei/iot_link/network/dtls/mbedtls/mbedtls-2.16.2/library\platform_util.c **** /*
   2:D:/fchai/work/i-cube/I-CUBE-HUAWEI/Middlewares/Third_Party/Huawei/iot_link/network/dtls/mbedtls/mbedtls-2.16.2/library\platform_util.c ****  * Common and shared functions used by multiple modules in the Mbed TLS
   3:D:/fchai/work/i-cube/I-CUBE-HUAWEI/Middlewares/Third_Party/Huawei/iot_link/network/dtls/mbedtls/mbedtls-2.16.2/library\platform_util.c ****  * library.
   4:D:/fchai/work/i-cube/I-CUBE-HUAWEI/Middlewares/Third_Party/Huawei/iot_link/network/dtls/mbedtls/mbedtls-2.16.2/library\platform_util.c ****  *
   5:D:/fchai/work/i-cube/I-CUBE-HUAWEI/Middlewares/Third_Party/Huawei/iot_link/network/dtls/mbedtls/mbedtls-2.16.2/library\platform_util.c ****  *  Copyright (C) 2018, Arm Limited, All Rights Reserved
   6:D:/fchai/work/i-cube/I-CUBE-HUAWEI/Middlewares/Third_Party/Huawei/iot_link/network/dtls/mbedtls/mbedtls-2.16.2/library\platform_util.c ****  *  SPDX-License-Identifier: Apache-2.0
   7:D:/fchai/work/i-cube/I-CUBE-HUAWEI/Middlewares/Third_Party/Huawei/iot_link/network/dtls/mbedtls/mbedtls-2.16.2/library\platform_util.c ****  *
   8:D:/fchai/work/i-cube/I-CUBE-HUAWEI/Middlewares/Third_Party/Huawei/iot_link/network/dtls/mbedtls/mbedtls-2.16.2/library\platform_util.c ****  *  Licensed under the Apache License, Version 2.0 (the "License"); you may
   9:D:/fchai/work/i-cube/I-CUBE-HUAWEI/Middlewares/Third_Party/Huawei/iot_link/network/dtls/mbedtls/mbedtls-2.16.2/library\platform_util.c ****  *  not use this file except in compliance with the License.
  10:D:/fchai/work/i-cube/I-CUBE-HUAWEI/Middlewares/Third_Party/Huawei/iot_link/network/dtls/mbedtls/mbedtls-2.16.2/library\platform_util.c ****  *  You may obtain a copy of the License at
  11:D:/fchai/work/i-cube/I-CUBE-HUAWEI/Middlewares/Third_Party/Huawei/iot_link/network/dtls/mbedtls/mbedtls-2.16.2/library\platform_util.c ****  *
  12:D:/fchai/work/i-cube/I-CUBE-HUAWEI/Middlewares/Third_Party/Huawei/iot_link/network/dtls/mbedtls/mbedtls-2.16.2/library\platform_util.c ****  *  http://www.apache.org/licenses/LICENSE-2.0
  13:D:/fchai/work/i-cube/I-CUBE-HUAWEI/Middlewares/Third_Party/Huawei/iot_link/network/dtls/mbedtls/mbedtls-2.16.2/library\platform_util.c ****  *
  14:D:/fchai/work/i-cube/I-CUBE-HUAWEI/Middlewares/Third_Party/Huawei/iot_link/network/dtls/mbedtls/mbedtls-2.16.2/library\platform_util.c ****  *  Unless required by applicable law or agreed to in writing, software
  15:D:/fchai/work/i-cube/I-CUBE-HUAWEI/Middlewares/Third_Party/Huawei/iot_link/network/dtls/mbedtls/mbedtls-2.16.2/library\platform_util.c ****  *  distributed under the License is distributed on an "AS IS" BASIS, WITHOUT
  16:D:/fchai/work/i-cube/I-CUBE-HUAWEI/Middlewares/Third_Party/Huawei/iot_link/network/dtls/mbedtls/mbedtls-2.16.2/library\platform_util.c ****  *  WARRANTIES OR CONDITIONS OF ANY KIND, either express or implied.
  17:D:/fchai/work/i-cube/I-CUBE-HUAWEI/Middlewares/Third_Party/Huawei/iot_link/network/dtls/mbedtls/mbedtls-2.16.2/library\platform_util.c ****  *  See the License for the specific language governing permissions and
  18:D:/fchai/work/i-cube/I-CUBE-HUAWEI/Middlewares/Third_Party/Huawei/iot_link/network/dtls/mbedtls/mbedtls-2.16.2/library\platform_util.c ****  *  limitations under the License.
  19:D:/fchai/work/i-cube/I-CUBE-HUAWEI/Middlewares/Third_Party/Huawei/iot_link/network/dtls/mbedtls/mbedtls-2.16.2/library\platform_util.c ****  *
  20:D:/fchai/work/i-cube/I-CUBE-HUAWEI/Middlewares/Third_Party/Huawei/iot_link/network/dtls/mbedtls/mbedtls-2.16.2/library\platform_util.c ****  *  This file is part of Mbed TLS (https://tls.mbed.org)
  21:D:/fchai/work/i-cube/I-CUBE-HUAWEI/Middlewares/Third_Party/Huawei/iot_link/network/dtls/mbedtls/mbedtls-2.16.2/library\platform_util.c ****  */
  22:D:/fchai/work/i-cube/I-CUBE-HUAWEI/Middlewares/Third_Party/Huawei/iot_link/network/dtls/mbedtls/mbedtls-2.16.2/library\platform_util.c **** 
  23:D:/fchai/work/i-cube/I-CUBE-HUAWEI/Middlewares/Third_Party/Huawei/iot_link/network/dtls/mbedtls/mbedtls-2.16.2/library\platform_util.c **** /*
  24:D:/fchai/work/i-cube/I-CUBE-HUAWEI/Middlewares/Third_Party/Huawei/iot_link/network/dtls/mbedtls/mbedtls-2.16.2/library\platform_util.c ****  * Ensure gmtime_r is available even with -std=c99; must be defined before
  25:D:/fchai/work/i-cube/I-CUBE-HUAWEI/Middlewares/Third_Party/Huawei/iot_link/network/dtls/mbedtls/mbedtls-2.16.2/library\platform_util.c ****  * config.h, which pulls in glibc's features.h. Harmless on other platforms.
  26:D:/fchai/work/i-cube/I-CUBE-HUAWEI/Middlewares/Third_Party/Huawei/iot_link/network/dtls/mbedtls/mbedtls-2.16.2/library\platform_util.c ****  */
  27:D:/fchai/work/i-cube/I-CUBE-HUAWEI/Middlewares/Third_Party/Huawei/iot_link/network/dtls/mbedtls/mbedtls-2.16.2/library\platform_util.c **** #if !defined(_POSIX_C_SOURCE)
  28:D:/fchai/work/i-cube/I-CUBE-HUAWEI/Middlewares/Third_Party/Huawei/iot_link/network/dtls/mbedtls/mbedtls-2.16.2/library\platform_util.c **** #define _POSIX_C_SOURCE 200112L
ARM GAS  T:\msys\tmp\ccIO9lE9.s 			page 2


  29:D:/fchai/work/i-cube/I-CUBE-HUAWEI/Middlewares/Third_Party/Huawei/iot_link/network/dtls/mbedtls/mbedtls-2.16.2/library\platform_util.c **** #endif
  30:D:/fchai/work/i-cube/I-CUBE-HUAWEI/Middlewares/Third_Party/Huawei/iot_link/network/dtls/mbedtls/mbedtls-2.16.2/library\platform_util.c **** 
  31:D:/fchai/work/i-cube/I-CUBE-HUAWEI/Middlewares/Third_Party/Huawei/iot_link/network/dtls/mbedtls/mbedtls-2.16.2/library\platform_util.c **** #if !defined(MBEDTLS_CONFIG_FILE)
  32:D:/fchai/work/i-cube/I-CUBE-HUAWEI/Middlewares/Third_Party/Huawei/iot_link/network/dtls/mbedtls/mbedtls-2.16.2/library\platform_util.c **** #include "mbedtls/config.h"
  33:D:/fchai/work/i-cube/I-CUBE-HUAWEI/Middlewares/Third_Party/Huawei/iot_link/network/dtls/mbedtls/mbedtls-2.16.2/library\platform_util.c **** #else
  34:D:/fchai/work/i-cube/I-CUBE-HUAWEI/Middlewares/Third_Party/Huawei/iot_link/network/dtls/mbedtls/mbedtls-2.16.2/library\platform_util.c **** #include MBEDTLS_CONFIG_FILE
  35:D:/fchai/work/i-cube/I-CUBE-HUAWEI/Middlewares/Third_Party/Huawei/iot_link/network/dtls/mbedtls/mbedtls-2.16.2/library\platform_util.c **** #endif
  36:D:/fchai/work/i-cube/I-CUBE-HUAWEI/Middlewares/Third_Party/Huawei/iot_link/network/dtls/mbedtls/mbedtls-2.16.2/library\platform_util.c **** 
  37:D:/fchai/work/i-cube/I-CUBE-HUAWEI/Middlewares/Third_Party/Huawei/iot_link/network/dtls/mbedtls/mbedtls-2.16.2/library\platform_util.c **** #include "mbedtls/platform_util.h"
  38:D:/fchai/work/i-cube/I-CUBE-HUAWEI/Middlewares/Third_Party/Huawei/iot_link/network/dtls/mbedtls/mbedtls-2.16.2/library\platform_util.c **** #include "mbedtls/platform.h"
  39:D:/fchai/work/i-cube/I-CUBE-HUAWEI/Middlewares/Third_Party/Huawei/iot_link/network/dtls/mbedtls/mbedtls-2.16.2/library\platform_util.c **** #include "mbedtls/threading.h"
  40:D:/fchai/work/i-cube/I-CUBE-HUAWEI/Middlewares/Third_Party/Huawei/iot_link/network/dtls/mbedtls/mbedtls-2.16.2/library\platform_util.c **** 
  41:D:/fchai/work/i-cube/I-CUBE-HUAWEI/Middlewares/Third_Party/Huawei/iot_link/network/dtls/mbedtls/mbedtls-2.16.2/library\platform_util.c **** #include <stddef.h>
  42:D:/fchai/work/i-cube/I-CUBE-HUAWEI/Middlewares/Third_Party/Huawei/iot_link/network/dtls/mbedtls/mbedtls-2.16.2/library\platform_util.c **** #include <string.h>
  43:D:/fchai/work/i-cube/I-CUBE-HUAWEI/Middlewares/Third_Party/Huawei/iot_link/network/dtls/mbedtls/mbedtls-2.16.2/library\platform_util.c **** 
  44:D:/fchai/work/i-cube/I-CUBE-HUAWEI/Middlewares/Third_Party/Huawei/iot_link/network/dtls/mbedtls/mbedtls-2.16.2/library\platform_util.c **** #if !defined(MBEDTLS_PLATFORM_ZEROIZE_ALT)
  45:D:/fchai/work/i-cube/I-CUBE-HUAWEI/Middlewares/Third_Party/Huawei/iot_link/network/dtls/mbedtls/mbedtls-2.16.2/library\platform_util.c **** /*
  46:D:/fchai/work/i-cube/I-CUBE-HUAWEI/Middlewares/Third_Party/Huawei/iot_link/network/dtls/mbedtls/mbedtls-2.16.2/library\platform_util.c ****  * This implementation should never be optimized out by the compiler
  47:D:/fchai/work/i-cube/I-CUBE-HUAWEI/Middlewares/Third_Party/Huawei/iot_link/network/dtls/mbedtls/mbedtls-2.16.2/library\platform_util.c ****  *
  48:D:/fchai/work/i-cube/I-CUBE-HUAWEI/Middlewares/Third_Party/Huawei/iot_link/network/dtls/mbedtls/mbedtls-2.16.2/library\platform_util.c ****  * This implementation for mbedtls_platform_zeroize() was inspired from Colin
  49:D:/fchai/work/i-cube/I-CUBE-HUAWEI/Middlewares/Third_Party/Huawei/iot_link/network/dtls/mbedtls/mbedtls-2.16.2/library\platform_util.c ****  * Percival's blog article at:
  50:D:/fchai/work/i-cube/I-CUBE-HUAWEI/Middlewares/Third_Party/Huawei/iot_link/network/dtls/mbedtls/mbedtls-2.16.2/library\platform_util.c ****  *
  51:D:/fchai/work/i-cube/I-CUBE-HUAWEI/Middlewares/Third_Party/Huawei/iot_link/network/dtls/mbedtls/mbedtls-2.16.2/library\platform_util.c ****  * http://www.daemonology.net/blog/2014-09-04-how-to-zero-a-buffer.html
  52:D:/fchai/work/i-cube/I-CUBE-HUAWEI/Middlewares/Third_Party/Huawei/iot_link/network/dtls/mbedtls/mbedtls-2.16.2/library\platform_util.c ****  *
  53:D:/fchai/work/i-cube/I-CUBE-HUAWEI/Middlewares/Third_Party/Huawei/iot_link/network/dtls/mbedtls/mbedtls-2.16.2/library\platform_util.c ****  * It uses a volatile function pointer to the standard memset(). Because the
  54:D:/fchai/work/i-cube/I-CUBE-HUAWEI/Middlewares/Third_Party/Huawei/iot_link/network/dtls/mbedtls/mbedtls-2.16.2/library\platform_util.c ****  * pointer is volatile the compiler expects it to change at
  55:D:/fchai/work/i-cube/I-CUBE-HUAWEI/Middlewares/Third_Party/Huawei/iot_link/network/dtls/mbedtls/mbedtls-2.16.2/library\platform_util.c ****  * any time and will not optimize out the call that could potentially perform
  56:D:/fchai/work/i-cube/I-CUBE-HUAWEI/Middlewares/Third_Party/Huawei/iot_link/network/dtls/mbedtls/mbedtls-2.16.2/library\platform_util.c ****  * other operations on the input buffer instead of just setting it to 0.
  57:D:/fchai/work/i-cube/I-CUBE-HUAWEI/Middlewares/Third_Party/Huawei/iot_link/network/dtls/mbedtls/mbedtls-2.16.2/library\platform_util.c ****  * Nevertheless, as pointed out by davidtgoldblatt on Hacker News
  58:D:/fchai/work/i-cube/I-CUBE-HUAWEI/Middlewares/Third_Party/Huawei/iot_link/network/dtls/mbedtls/mbedtls-2.16.2/library\platform_util.c ****  * (refer to http://www.daemonology.net/blog/2014-09-05-erratum.html for
  59:D:/fchai/work/i-cube/I-CUBE-HUAWEI/Middlewares/Third_Party/Huawei/iot_link/network/dtls/mbedtls/mbedtls-2.16.2/library\platform_util.c ****  * details), optimizations of the following form are still possible:
  60:D:/fchai/work/i-cube/I-CUBE-HUAWEI/Middlewares/Third_Party/Huawei/iot_link/network/dtls/mbedtls/mbedtls-2.16.2/library\platform_util.c ****  *
  61:D:/fchai/work/i-cube/I-CUBE-HUAWEI/Middlewares/Third_Party/Huawei/iot_link/network/dtls/mbedtls/mbedtls-2.16.2/library\platform_util.c ****  * if( memset_func != memset )
  62:D:/fchai/work/i-cube/I-CUBE-HUAWEI/Middlewares/Third_Party/Huawei/iot_link/network/dtls/mbedtls/mbedtls-2.16.2/library\platform_util.c ****  *     memset_func( buf, 0, len );
  63:D:/fchai/work/i-cube/I-CUBE-HUAWEI/Middlewares/Third_Party/Huawei/iot_link/network/dtls/mbedtls/mbedtls-2.16.2/library\platform_util.c ****  *
  64:D:/fchai/work/i-cube/I-CUBE-HUAWEI/Middlewares/Third_Party/Huawei/iot_link/network/dtls/mbedtls/mbedtls-2.16.2/library\platform_util.c ****  * Note that it is extremely difficult to guarantee that
  65:D:/fchai/work/i-cube/I-CUBE-HUAWEI/Middlewares/Third_Party/Huawei/iot_link/network/dtls/mbedtls/mbedtls-2.16.2/library\platform_util.c ****  * mbedtls_platform_zeroize() will not be optimized out by aggressive compilers
  66:D:/fchai/work/i-cube/I-CUBE-HUAWEI/Middlewares/Third_Party/Huawei/iot_link/network/dtls/mbedtls/mbedtls-2.16.2/library\platform_util.c ****  * in a portable way. For this reason, Mbed TLS also provides the configuration
  67:D:/fchai/work/i-cube/I-CUBE-HUAWEI/Middlewares/Third_Party/Huawei/iot_link/network/dtls/mbedtls/mbedtls-2.16.2/library\platform_util.c ****  * option MBEDTLS_PLATFORM_ZEROIZE_ALT, which allows users to configure
  68:D:/fchai/work/i-cube/I-CUBE-HUAWEI/Middlewares/Third_Party/Huawei/iot_link/network/dtls/mbedtls/mbedtls-2.16.2/library\platform_util.c ****  * mbedtls_platform_zeroize() to use a suitable implementation for their
  69:D:/fchai/work/i-cube/I-CUBE-HUAWEI/Middlewares/Third_Party/Huawei/iot_link/network/dtls/mbedtls/mbedtls-2.16.2/library\platform_util.c ****  * platform and needs.
  70:D:/fchai/work/i-cube/I-CUBE-HUAWEI/Middlewares/Third_Party/Huawei/iot_link/network/dtls/mbedtls/mbedtls-2.16.2/library\platform_util.c ****  */
  71:D:/fchai/work/i-cube/I-CUBE-HUAWEI/Middlewares/Third_Party/Huawei/iot_link/network/dtls/mbedtls/mbedtls-2.16.2/library\platform_util.c **** static void * (* const volatile memset_func)( void *, int, size_t ) = memset;
  72:D:/fchai/work/i-cube/I-CUBE-HUAWEI/Middlewares/Third_Party/Huawei/iot_link/network/dtls/mbedtls/mbedtls-2.16.2/library\platform_util.c **** 
  73:D:/fchai/work/i-cube/I-CUBE-HUAWEI/Middlewares/Third_Party/Huawei/iot_link/network/dtls/mbedtls/mbedtls-2.16.2/library\platform_util.c **** void mbedtls_platform_zeroize( void *buf, size_t len )
  74:D:/fchai/work/i-cube/I-CUBE-HUAWEI/Middlewares/Third_Party/Huawei/iot_link/network/dtls/mbedtls/mbedtls-2.16.2/library\platform_util.c **** {
  31              		.loc 1 74 1 view -0
  32              		.cfi_startproc
  33              		@ args = 0, pretend = 0, frame = 0
  34              		@ frame_needed = 0, uses_anonymous_args = 0
  35              		@ link register save eliminated.
  75:D:/fchai/work/i-cube/I-CUBE-HUAWEI/Middlewares/Third_Party/Huawei/iot_link/network/dtls/mbedtls/mbedtls-2.16.2/library\platform_util.c ****     memset_func( buf, 0, len );
  36              		.loc 1 75 5 view .LVU1
  37 0000 024B     		ldr	r3, .L3
  74:D:/fchai/work/i-cube/I-CUBE-HUAWEI/Middlewares/Third_Party/Huawei/iot_link/network/dtls/mbedtls/mbedtls-2.16.2/library\platform_util.c ****     memset_func( buf, 0, len );
  38              		.loc 1 74 1 is_stmt 0 view .LVU2
  39 0002 0A46     		mov	r2, r1
ARM GAS  T:\msys\tmp\ccIO9lE9.s 			page 3


  40              		.loc 1 75 5 view .LVU3
  41 0004 1B68     		ldr	r3, [r3]
  42 0006 0021     		movs	r1, #0
  43              	.LVL1:
  44              		.loc 1 75 5 view .LVU4
  45 0008 1847     		bx	r3
  46              	.LVL2:
  47              	.L4:
  48              		.loc 1 75 5 view .LVU5
  49 000a 00BF     		.align	2
  50              	.L3:
  51 000c 00000000 		.word	.LANCHOR0
  52              		.cfi_endproc
  53              	.LFE3:
  55              		.section	.data.memset_func,"aw"
  56              		.align	2
  57              		.set	.LANCHOR0,. + 0
  60              	memset_func:
  61 0000 00000000 		.word	memset
  62              		.text
  63              	.Letext0:
  64              		.file 2 "t:\\msys\\3rd\\gcc-arm-none-eabi-9-2020-q2-update-win32\\lib\\gcc\\arm-none-eabi\\9.3.1\\
  65              		.file 3 "t:\\msys\\3rd\\gcc-arm-none-eabi-9-2020-q2-update-win32\\arm-none-eabi\\include\\sys\\_ty
  66              		.file 4 "t:\\msys\\3rd\\gcc-arm-none-eabi-9-2020-q2-update-win32\\arm-none-eabi\\include\\sys\\ree
  67              		.file 5 "t:\\msys\\3rd\\gcc-arm-none-eabi-9-2020-q2-update-win32\\arm-none-eabi\\include\\sys\\loc
  68              		.file 6 "t:\\msys\\3rd\\gcc-arm-none-eabi-9-2020-q2-update-win32\\arm-none-eabi\\include\\time.h"
  69              		.file 7 "D:/fchai/work/i-cube/I-CUBE-HUAWEI/Middlewares/Third_Party/Huawei/iot_link/network/dtls/m
ARM GAS  T:\msys\tmp\ccIO9lE9.s 			page 4


DEFINED SYMBOLS
                            *ABS*:00000000 platform_util.c
T:\msys\tmp\ccIO9lE9.s:18     .text.mbedtls_platform_zeroize:00000000 $t
T:\msys\tmp\ccIO9lE9.s:27     .text.mbedtls_platform_zeroize:00000000 mbedtls_platform_zeroize
T:\msys\tmp\ccIO9lE9.s:51     .text.mbedtls_platform_zeroize:0000000c $d
T:\msys\tmp\ccIO9lE9.s:56     .data.memset_func:00000000 $d
T:\msys\tmp\ccIO9lE9.s:60     .data.memset_func:00000000 memset_func

UNDEFINED SYMBOLS
memset
