ARM GAS  T:\msys\tmp\ccHrqdzx.s 			page 1


   1              		.cpu cortex-m4
   2              		.eabi_attribute 27, 1
   3              		.eabi_attribute 28, 1
   4              		.eabi_attribute 20, 1
   5              		.eabi_attribute 21, 1
   6              		.eabi_attribute 23, 3
   7              		.eabi_attribute 24, 1
   8              		.eabi_attribute 25, 1
   9              		.eabi_attribute 26, 1
  10              		.eabi_attribute 30, 2
  11              		.eabi_attribute 34, 1
  12              		.eabi_attribute 18, 4
  13              		.file	"ssl_cache.c"
  14              		.text
  15              	.Ltext0:
  16              		.cfi_sections	.debug_frame
  17              		.section	.text.mbedtls_ssl_cache_init,"ax",%progbits
  18              		.align	1
  19              		.p2align 2,,3
  20              		.global	mbedtls_ssl_cache_init
  21              		.arch armv7e-m
  22              		.syntax unified
  23              		.thumb
  24              		.thumb_func
  25              		.fpu fpv4-sp-d16
  27              	mbedtls_ssl_cache_init:
  28              	.LVL0:
  29              	.LFB18:
  30              		.file 1 "D:/fchai/work/i-cube/I-CUBE-HUAWEI/Middlewares/Third_Party/Huawei/iot_link/network/dtls/m
   1:D:/fchai/work/i-cube/I-CUBE-HUAWEI/Middlewares/Third_Party/Huawei/iot_link/network/dtls/mbedtls/mbedtls-2.16.2/library\ssl_cache.c **** /*
   2:D:/fchai/work/i-cube/I-CUBE-HUAWEI/Middlewares/Third_Party/Huawei/iot_link/network/dtls/mbedtls/mbedtls-2.16.2/library\ssl_cache.c ****  *  SSL session cache implementation
   3:D:/fchai/work/i-cube/I-CUBE-HUAWEI/Middlewares/Third_Party/Huawei/iot_link/network/dtls/mbedtls/mbedtls-2.16.2/library\ssl_cache.c ****  *
   4:D:/fchai/work/i-cube/I-CUBE-HUAWEI/Middlewares/Third_Party/Huawei/iot_link/network/dtls/mbedtls/mbedtls-2.16.2/library\ssl_cache.c ****  *  Copyright (C) 2006-2015, ARM Limited, All Rights Reserved
   5:D:/fchai/work/i-cube/I-CUBE-HUAWEI/Middlewares/Third_Party/Huawei/iot_link/network/dtls/mbedtls/mbedtls-2.16.2/library\ssl_cache.c ****  *  SPDX-License-Identifier: Apache-2.0
   6:D:/fchai/work/i-cube/I-CUBE-HUAWEI/Middlewares/Third_Party/Huawei/iot_link/network/dtls/mbedtls/mbedtls-2.16.2/library\ssl_cache.c ****  *
   7:D:/fchai/work/i-cube/I-CUBE-HUAWEI/Middlewares/Third_Party/Huawei/iot_link/network/dtls/mbedtls/mbedtls-2.16.2/library\ssl_cache.c ****  *  Licensed under the Apache License, Version 2.0 (the "License"); you may
   8:D:/fchai/work/i-cube/I-CUBE-HUAWEI/Middlewares/Third_Party/Huawei/iot_link/network/dtls/mbedtls/mbedtls-2.16.2/library\ssl_cache.c ****  *  not use this file except in compliance with the License.
   9:D:/fchai/work/i-cube/I-CUBE-HUAWEI/Middlewares/Third_Party/Huawei/iot_link/network/dtls/mbedtls/mbedtls-2.16.2/library\ssl_cache.c ****  *  You may obtain a copy of the License at
  10:D:/fchai/work/i-cube/I-CUBE-HUAWEI/Middlewares/Third_Party/Huawei/iot_link/network/dtls/mbedtls/mbedtls-2.16.2/library\ssl_cache.c ****  *
  11:D:/fchai/work/i-cube/I-CUBE-HUAWEI/Middlewares/Third_Party/Huawei/iot_link/network/dtls/mbedtls/mbedtls-2.16.2/library\ssl_cache.c ****  *  http://www.apache.org/licenses/LICENSE-2.0
  12:D:/fchai/work/i-cube/I-CUBE-HUAWEI/Middlewares/Third_Party/Huawei/iot_link/network/dtls/mbedtls/mbedtls-2.16.2/library\ssl_cache.c ****  *
  13:D:/fchai/work/i-cube/I-CUBE-HUAWEI/Middlewares/Third_Party/Huawei/iot_link/network/dtls/mbedtls/mbedtls-2.16.2/library\ssl_cache.c ****  *  Unless required by applicable law or agreed to in writing, software
  14:D:/fchai/work/i-cube/I-CUBE-HUAWEI/Middlewares/Third_Party/Huawei/iot_link/network/dtls/mbedtls/mbedtls-2.16.2/library\ssl_cache.c ****  *  distributed under the License is distributed on an "AS IS" BASIS, WITHOUT
  15:D:/fchai/work/i-cube/I-CUBE-HUAWEI/Middlewares/Third_Party/Huawei/iot_link/network/dtls/mbedtls/mbedtls-2.16.2/library\ssl_cache.c ****  *  WARRANTIES OR CONDITIONS OF ANY KIND, either express or implied.
  16:D:/fchai/work/i-cube/I-CUBE-HUAWEI/Middlewares/Third_Party/Huawei/iot_link/network/dtls/mbedtls/mbedtls-2.16.2/library\ssl_cache.c ****  *  See the License for the specific language governing permissions and
  17:D:/fchai/work/i-cube/I-CUBE-HUAWEI/Middlewares/Third_Party/Huawei/iot_link/network/dtls/mbedtls/mbedtls-2.16.2/library\ssl_cache.c ****  *  limitations under the License.
  18:D:/fchai/work/i-cube/I-CUBE-HUAWEI/Middlewares/Third_Party/Huawei/iot_link/network/dtls/mbedtls/mbedtls-2.16.2/library\ssl_cache.c ****  *
  19:D:/fchai/work/i-cube/I-CUBE-HUAWEI/Middlewares/Third_Party/Huawei/iot_link/network/dtls/mbedtls/mbedtls-2.16.2/library\ssl_cache.c ****  *  This file is part of mbed TLS (https://tls.mbed.org)
  20:D:/fchai/work/i-cube/I-CUBE-HUAWEI/Middlewares/Third_Party/Huawei/iot_link/network/dtls/mbedtls/mbedtls-2.16.2/library\ssl_cache.c ****  */
  21:D:/fchai/work/i-cube/I-CUBE-HUAWEI/Middlewares/Third_Party/Huawei/iot_link/network/dtls/mbedtls/mbedtls-2.16.2/library\ssl_cache.c **** /*
  22:D:/fchai/work/i-cube/I-CUBE-HUAWEI/Middlewares/Third_Party/Huawei/iot_link/network/dtls/mbedtls/mbedtls-2.16.2/library\ssl_cache.c ****  * These session callbacks use a simple chained list
  23:D:/fchai/work/i-cube/I-CUBE-HUAWEI/Middlewares/Third_Party/Huawei/iot_link/network/dtls/mbedtls/mbedtls-2.16.2/library\ssl_cache.c ****  * to store and retrieve the session information.
  24:D:/fchai/work/i-cube/I-CUBE-HUAWEI/Middlewares/Third_Party/Huawei/iot_link/network/dtls/mbedtls/mbedtls-2.16.2/library\ssl_cache.c ****  */
  25:D:/fchai/work/i-cube/I-CUBE-HUAWEI/Middlewares/Third_Party/Huawei/iot_link/network/dtls/mbedtls/mbedtls-2.16.2/library\ssl_cache.c **** 
  26:D:/fchai/work/i-cube/I-CUBE-HUAWEI/Middlewares/Third_Party/Huawei/iot_link/network/dtls/mbedtls/mbedtls-2.16.2/library\ssl_cache.c **** #if !defined(MBEDTLS_CONFIG_FILE)
  27:D:/fchai/work/i-cube/I-CUBE-HUAWEI/Middlewares/Third_Party/Huawei/iot_link/network/dtls/mbedtls/mbedtls-2.16.2/library\ssl_cache.c **** #include "mbedtls/config.h"
  28:D:/fchai/work/i-cube/I-CUBE-HUAWEI/Middlewares/Third_Party/Huawei/iot_link/network/dtls/mbedtls/mbedtls-2.16.2/library\ssl_cache.c **** #else
ARM GAS  T:\msys\tmp\ccHrqdzx.s 			page 2


  29:D:/fchai/work/i-cube/I-CUBE-HUAWEI/Middlewares/Third_Party/Huawei/iot_link/network/dtls/mbedtls/mbedtls-2.16.2/library\ssl_cache.c **** #include MBEDTLS_CONFIG_FILE
  30:D:/fchai/work/i-cube/I-CUBE-HUAWEI/Middlewares/Third_Party/Huawei/iot_link/network/dtls/mbedtls/mbedtls-2.16.2/library\ssl_cache.c **** #endif
  31:D:/fchai/work/i-cube/I-CUBE-HUAWEI/Middlewares/Third_Party/Huawei/iot_link/network/dtls/mbedtls/mbedtls-2.16.2/library\ssl_cache.c **** 
  32:D:/fchai/work/i-cube/I-CUBE-HUAWEI/Middlewares/Third_Party/Huawei/iot_link/network/dtls/mbedtls/mbedtls-2.16.2/library\ssl_cache.c **** #if defined(MBEDTLS_SSL_CACHE_C)
  33:D:/fchai/work/i-cube/I-CUBE-HUAWEI/Middlewares/Third_Party/Huawei/iot_link/network/dtls/mbedtls/mbedtls-2.16.2/library\ssl_cache.c **** 
  34:D:/fchai/work/i-cube/I-CUBE-HUAWEI/Middlewares/Third_Party/Huawei/iot_link/network/dtls/mbedtls/mbedtls-2.16.2/library\ssl_cache.c **** #if defined(MBEDTLS_PLATFORM_C)
  35:D:/fchai/work/i-cube/I-CUBE-HUAWEI/Middlewares/Third_Party/Huawei/iot_link/network/dtls/mbedtls/mbedtls-2.16.2/library\ssl_cache.c **** #include "mbedtls/platform.h"
  36:D:/fchai/work/i-cube/I-CUBE-HUAWEI/Middlewares/Third_Party/Huawei/iot_link/network/dtls/mbedtls/mbedtls-2.16.2/library\ssl_cache.c **** #else
  37:D:/fchai/work/i-cube/I-CUBE-HUAWEI/Middlewares/Third_Party/Huawei/iot_link/network/dtls/mbedtls/mbedtls-2.16.2/library\ssl_cache.c **** #include <stdlib.h>
  38:D:/fchai/work/i-cube/I-CUBE-HUAWEI/Middlewares/Third_Party/Huawei/iot_link/network/dtls/mbedtls/mbedtls-2.16.2/library\ssl_cache.c **** #define mbedtls_calloc    calloc
  39:D:/fchai/work/i-cube/I-CUBE-HUAWEI/Middlewares/Third_Party/Huawei/iot_link/network/dtls/mbedtls/mbedtls-2.16.2/library\ssl_cache.c **** #define mbedtls_free      free
  40:D:/fchai/work/i-cube/I-CUBE-HUAWEI/Middlewares/Third_Party/Huawei/iot_link/network/dtls/mbedtls/mbedtls-2.16.2/library\ssl_cache.c **** #endif
  41:D:/fchai/work/i-cube/I-CUBE-HUAWEI/Middlewares/Third_Party/Huawei/iot_link/network/dtls/mbedtls/mbedtls-2.16.2/library\ssl_cache.c **** 
  42:D:/fchai/work/i-cube/I-CUBE-HUAWEI/Middlewares/Third_Party/Huawei/iot_link/network/dtls/mbedtls/mbedtls-2.16.2/library\ssl_cache.c **** #include "mbedtls/ssl_cache.h"
  43:D:/fchai/work/i-cube/I-CUBE-HUAWEI/Middlewares/Third_Party/Huawei/iot_link/network/dtls/mbedtls/mbedtls-2.16.2/library\ssl_cache.c **** 
  44:D:/fchai/work/i-cube/I-CUBE-HUAWEI/Middlewares/Third_Party/Huawei/iot_link/network/dtls/mbedtls/mbedtls-2.16.2/library\ssl_cache.c **** #include <string.h>
  45:D:/fchai/work/i-cube/I-CUBE-HUAWEI/Middlewares/Third_Party/Huawei/iot_link/network/dtls/mbedtls/mbedtls-2.16.2/library\ssl_cache.c **** 
  46:D:/fchai/work/i-cube/I-CUBE-HUAWEI/Middlewares/Third_Party/Huawei/iot_link/network/dtls/mbedtls/mbedtls-2.16.2/library\ssl_cache.c **** void mbedtls_ssl_cache_init( mbedtls_ssl_cache_context *cache )
  47:D:/fchai/work/i-cube/I-CUBE-HUAWEI/Middlewares/Third_Party/Huawei/iot_link/network/dtls/mbedtls/mbedtls-2.16.2/library\ssl_cache.c **** {
  31              		.loc 1 47 1 view -0
  32              		.cfi_startproc
  33              		@ args = 0, pretend = 0, frame = 0
  34              		@ frame_needed = 0, uses_anonymous_args = 0
  35              		@ link register save eliminated.
  48:D:/fchai/work/i-cube/I-CUBE-HUAWEI/Middlewares/Third_Party/Huawei/iot_link/network/dtls/mbedtls/mbedtls-2.16.2/library\ssl_cache.c ****     memset( cache, 0, sizeof( mbedtls_ssl_cache_context ) );
  36              		.loc 1 48 5 view .LVU1
  37 0000 0023     		movs	r3, #0
  49:D:/fchai/work/i-cube/I-CUBE-HUAWEI/Middlewares/Third_Party/Huawei/iot_link/network/dtls/mbedtls/mbedtls-2.16.2/library\ssl_cache.c **** 
  50:D:/fchai/work/i-cube/I-CUBE-HUAWEI/Middlewares/Third_Party/Huawei/iot_link/network/dtls/mbedtls/mbedtls-2.16.2/library\ssl_cache.c ****     cache->timeout = MBEDTLS_SSL_CACHE_DEFAULT_TIMEOUT;
  38              		.loc 1 50 20 is_stmt 0 view .LVU2
  39 0002 034A     		ldr	r2, .L3
  48:D:/fchai/work/i-cube/I-CUBE-HUAWEI/Middlewares/Third_Party/Huawei/iot_link/network/dtls/mbedtls/mbedtls-2.16.2/library\ssl_cache.c ****     memset( cache, 0, sizeof( mbedtls_ssl_cache_context ) );
  40              		.loc 1 48 5 view .LVU3
  41 0004 0360     		str	r3, [r0]	@ unaligned
  42              		.loc 1 50 5 is_stmt 1 view .LVU4
  51:D:/fchai/work/i-cube/I-CUBE-HUAWEI/Middlewares/Third_Party/Huawei/iot_link/network/dtls/mbedtls/mbedtls-2.16.2/library\ssl_cache.c ****     cache->max_entries = MBEDTLS_SSL_CACHE_DEFAULT_MAX_ENTRIES;
  43              		.loc 1 51 24 is_stmt 0 view .LVU5
  44 0006 3223     		movs	r3, #50
  45 0008 C0E90123 		strd	r2, r3, [r0, #4]
  52:D:/fchai/work/i-cube/I-CUBE-HUAWEI/Middlewares/Third_Party/Huawei/iot_link/network/dtls/mbedtls/mbedtls-2.16.2/library\ssl_cache.c **** 
  53:D:/fchai/work/i-cube/I-CUBE-HUAWEI/Middlewares/Third_Party/Huawei/iot_link/network/dtls/mbedtls/mbedtls-2.16.2/library\ssl_cache.c **** #if defined(MBEDTLS_THREADING_C)
  54:D:/fchai/work/i-cube/I-CUBE-HUAWEI/Middlewares/Third_Party/Huawei/iot_link/network/dtls/mbedtls/mbedtls-2.16.2/library\ssl_cache.c ****     mbedtls_mutex_init( &cache->mutex );
  55:D:/fchai/work/i-cube/I-CUBE-HUAWEI/Middlewares/Third_Party/Huawei/iot_link/network/dtls/mbedtls/mbedtls-2.16.2/library\ssl_cache.c **** #endif
  56:D:/fchai/work/i-cube/I-CUBE-HUAWEI/Middlewares/Third_Party/Huawei/iot_link/network/dtls/mbedtls/mbedtls-2.16.2/library\ssl_cache.c **** }
  46              		.loc 1 56 1 view .LVU6
  47 000c 7047     		bx	lr
  48              	.L4:
  49 000e 00BF     		.align	2
  50              	.L3:
  51 0010 80510100 		.word	86400
  52              		.cfi_endproc
  53              	.LFE18:
  55              		.section	.text.mbedtls_ssl_cache_get,"ax",%progbits
  56              		.align	1
  57              		.p2align 2,,3
  58              		.global	mbedtls_ssl_cache_get
  59              		.syntax unified
ARM GAS  T:\msys\tmp\ccHrqdzx.s 			page 3


  60              		.thumb
  61              		.thumb_func
  62              		.fpu fpv4-sp-d16
  64              	mbedtls_ssl_cache_get:
  65              	.LVL1:
  66              	.LFB19:
  57:D:/fchai/work/i-cube/I-CUBE-HUAWEI/Middlewares/Third_Party/Huawei/iot_link/network/dtls/mbedtls/mbedtls-2.16.2/library\ssl_cache.c **** 
  58:D:/fchai/work/i-cube/I-CUBE-HUAWEI/Middlewares/Third_Party/Huawei/iot_link/network/dtls/mbedtls/mbedtls-2.16.2/library\ssl_cache.c **** int mbedtls_ssl_cache_get( void *data, mbedtls_ssl_session *session )
  59:D:/fchai/work/i-cube/I-CUBE-HUAWEI/Middlewares/Third_Party/Huawei/iot_link/network/dtls/mbedtls/mbedtls-2.16.2/library\ssl_cache.c **** {
  67              		.loc 1 59 1 is_stmt 1 view -0
  68              		.cfi_startproc
  69              		@ args = 0, pretend = 0, frame = 0
  70              		@ frame_needed = 0, uses_anonymous_args = 0
  60:D:/fchai/work/i-cube/I-CUBE-HUAWEI/Middlewares/Third_Party/Huawei/iot_link/network/dtls/mbedtls/mbedtls-2.16.2/library\ssl_cache.c ****     int ret = 1;
  71              		.loc 1 60 5 view .LVU8
  61:D:/fchai/work/i-cube/I-CUBE-HUAWEI/Middlewares/Third_Party/Huawei/iot_link/network/dtls/mbedtls/mbedtls-2.16.2/library\ssl_cache.c **** #if defined(MBEDTLS_HAVE_TIME)
  62:D:/fchai/work/i-cube/I-CUBE-HUAWEI/Middlewares/Third_Party/Huawei/iot_link/network/dtls/mbedtls/mbedtls-2.16.2/library\ssl_cache.c ****     mbedtls_time_t t = mbedtls_time( NULL );
  63:D:/fchai/work/i-cube/I-CUBE-HUAWEI/Middlewares/Third_Party/Huawei/iot_link/network/dtls/mbedtls/mbedtls-2.16.2/library\ssl_cache.c **** #endif
  64:D:/fchai/work/i-cube/I-CUBE-HUAWEI/Middlewares/Third_Party/Huawei/iot_link/network/dtls/mbedtls/mbedtls-2.16.2/library\ssl_cache.c ****     mbedtls_ssl_cache_context *cache = (mbedtls_ssl_cache_context *) data;
  72              		.loc 1 64 5 view .LVU9
  65:D:/fchai/work/i-cube/I-CUBE-HUAWEI/Middlewares/Third_Party/Huawei/iot_link/network/dtls/mbedtls/mbedtls-2.16.2/library\ssl_cache.c ****     mbedtls_ssl_cache_entry *cur, *entry;
  73              		.loc 1 65 5 view .LVU10
  66:D:/fchai/work/i-cube/I-CUBE-HUAWEI/Middlewares/Third_Party/Huawei/iot_link/network/dtls/mbedtls/mbedtls-2.16.2/library\ssl_cache.c **** 
  67:D:/fchai/work/i-cube/I-CUBE-HUAWEI/Middlewares/Third_Party/Huawei/iot_link/network/dtls/mbedtls/mbedtls-2.16.2/library\ssl_cache.c **** #if defined(MBEDTLS_THREADING_C)
  68:D:/fchai/work/i-cube/I-CUBE-HUAWEI/Middlewares/Third_Party/Huawei/iot_link/network/dtls/mbedtls/mbedtls-2.16.2/library\ssl_cache.c ****     if( mbedtls_mutex_lock( &cache->mutex ) != 0 )
  69:D:/fchai/work/i-cube/I-CUBE-HUAWEI/Middlewares/Third_Party/Huawei/iot_link/network/dtls/mbedtls/mbedtls-2.16.2/library\ssl_cache.c ****         return( 1 );
  70:D:/fchai/work/i-cube/I-CUBE-HUAWEI/Middlewares/Third_Party/Huawei/iot_link/network/dtls/mbedtls/mbedtls-2.16.2/library\ssl_cache.c **** #endif
  71:D:/fchai/work/i-cube/I-CUBE-HUAWEI/Middlewares/Third_Party/Huawei/iot_link/network/dtls/mbedtls/mbedtls-2.16.2/library\ssl_cache.c **** 
  72:D:/fchai/work/i-cube/I-CUBE-HUAWEI/Middlewares/Third_Party/Huawei/iot_link/network/dtls/mbedtls/mbedtls-2.16.2/library\ssl_cache.c ****     cur = cache->chain;
  74              		.loc 1 72 5 view .LVU11
  59:D:/fchai/work/i-cube/I-CUBE-HUAWEI/Middlewares/Third_Party/Huawei/iot_link/network/dtls/mbedtls/mbedtls-2.16.2/library\ssl_cache.c ****     int ret = 1;
  75              		.loc 1 59 1 is_stmt 0 view .LVU12
  76 0000 2DE9F843 		push	{r3, r4, r5, r6, r7, r8, r9, lr}
  77              	.LCFI0:
  78              		.cfi_def_cfa_offset 32
  79              		.cfi_offset 3, -32
  80              		.cfi_offset 4, -28
  81              		.cfi_offset 5, -24
  82              		.cfi_offset 6, -20
  83              		.cfi_offset 7, -16
  84              		.cfi_offset 8, -12
  85              		.cfi_offset 9, -8
  86              		.cfi_offset 14, -4
  87              		.loc 1 72 9 view .LVU13
  88 0004 0468     		ldr	r4, [r0]
  89              	.LVL2:
  73:D:/fchai/work/i-cube/I-CUBE-HUAWEI/Middlewares/Third_Party/Huawei/iot_link/network/dtls/mbedtls/mbedtls-2.16.2/library\ssl_cache.c ****     entry = NULL;
  90              		.loc 1 73 5 is_stmt 1 view .LVU14
  74:D:/fchai/work/i-cube/I-CUBE-HUAWEI/Middlewares/Third_Party/Huawei/iot_link/network/dtls/mbedtls/mbedtls-2.16.2/library\ssl_cache.c **** 
  75:D:/fchai/work/i-cube/I-CUBE-HUAWEI/Middlewares/Third_Party/Huawei/iot_link/network/dtls/mbedtls/mbedtls-2.16.2/library\ssl_cache.c ****     while( cur != NULL )
  91              		.loc 1 75 5 view .LVU15
  92              		.loc 1 75 10 view .LVU16
  93 0006 002C     		cmp	r4, #0
  94 0008 43D0     		beq	.L6
  76:D:/fchai/work/i-cube/I-CUBE-HUAWEI/Middlewares/Third_Party/Huawei/iot_link/network/dtls/mbedtls/mbedtls-2.16.2/library\ssl_cache.c ****     {
  77:D:/fchai/work/i-cube/I-CUBE-HUAWEI/Middlewares/Third_Party/Huawei/iot_link/network/dtls/mbedtls/mbedtls-2.16.2/library\ssl_cache.c ****         entry = cur;
  78:D:/fchai/work/i-cube/I-CUBE-HUAWEI/Middlewares/Third_Party/Huawei/iot_link/network/dtls/mbedtls/mbedtls-2.16.2/library\ssl_cache.c ****         cur = cur->next;
ARM GAS  T:\msys\tmp\ccHrqdzx.s 			page 4


  79:D:/fchai/work/i-cube/I-CUBE-HUAWEI/Middlewares/Third_Party/Huawei/iot_link/network/dtls/mbedtls/mbedtls-2.16.2/library\ssl_cache.c **** 
  80:D:/fchai/work/i-cube/I-CUBE-HUAWEI/Middlewares/Third_Party/Huawei/iot_link/network/dtls/mbedtls/mbedtls-2.16.2/library\ssl_cache.c **** #if defined(MBEDTLS_HAVE_TIME)
  81:D:/fchai/work/i-cube/I-CUBE-HUAWEI/Middlewares/Third_Party/Huawei/iot_link/network/dtls/mbedtls/mbedtls-2.16.2/library\ssl_cache.c ****         if( cache->timeout != 0 &&
  82:D:/fchai/work/i-cube/I-CUBE-HUAWEI/Middlewares/Third_Party/Huawei/iot_link/network/dtls/mbedtls/mbedtls-2.16.2/library\ssl_cache.c ****             (int) ( t - entry->timestamp ) > cache->timeout )
  83:D:/fchai/work/i-cube/I-CUBE-HUAWEI/Middlewares/Third_Party/Huawei/iot_link/network/dtls/mbedtls/mbedtls-2.16.2/library\ssl_cache.c ****             continue;
  84:D:/fchai/work/i-cube/I-CUBE-HUAWEI/Middlewares/Third_Party/Huawei/iot_link/network/dtls/mbedtls/mbedtls-2.16.2/library\ssl_cache.c **** #endif
  85:D:/fchai/work/i-cube/I-CUBE-HUAWEI/Middlewares/Third_Party/Huawei/iot_link/network/dtls/mbedtls/mbedtls-2.16.2/library\ssl_cache.c **** 
  86:D:/fchai/work/i-cube/I-CUBE-HUAWEI/Middlewares/Third_Party/Huawei/iot_link/network/dtls/mbedtls/mbedtls-2.16.2/library\ssl_cache.c ****         if( session->ciphersuite != entry->session.ciphersuite ||
  95              		.loc 1 86 20 is_stmt 0 view .LVU17
  96 000a 8846     		mov	r8, r1
  97 000c 0E46     		mov	r6, r1
  98 000e 58F80C7B 		ldr	r7, [r8], #12
  99              	.LVL3:
 100              	.L12:
  77:D:/fchai/work/i-cube/I-CUBE-HUAWEI/Middlewares/Third_Party/Huawei/iot_link/network/dtls/mbedtls/mbedtls-2.16.2/library\ssl_cache.c ****         cur = cur->next;
 101              		.loc 1 77 9 is_stmt 1 view .LVU18
  78:D:/fchai/work/i-cube/I-CUBE-HUAWEI/Middlewares/Third_Party/Huawei/iot_link/network/dtls/mbedtls/mbedtls-2.16.2/library\ssl_cache.c **** 
 102              		.loc 1 78 9 view .LVU19
 103 0012 2546     		mov	r5, r4
  78:D:/fchai/work/i-cube/I-CUBE-HUAWEI/Middlewares/Third_Party/Huawei/iot_link/network/dtls/mbedtls/mbedtls-2.16.2/library\ssl_cache.c **** 
 104              		.loc 1 78 13 is_stmt 0 view .LVU20
 105 0014 D4F88040 		ldr	r4, [r4, #128]
 106              	.LVL4:
 107              		.loc 1 86 9 is_stmt 1 view .LVU21
 108              		.loc 1 86 11 is_stmt 0 view .LVU22
 109 0018 2B68     		ldr	r3, [r5]
 110 001a 9F42     		cmp	r7, r3
 111 001c 37D1     		bne	.L7
 112              		.loc 1 86 64 discriminator 1 view .LVU23
 113 001e 7268     		ldr	r2, [r6, #4]
 114 0020 6B68     		ldr	r3, [r5, #4]
 115 0022 9A42     		cmp	r2, r3
 116 0024 33D1     		bne	.L7
  87:D:/fchai/work/i-cube/I-CUBE-HUAWEI/Middlewares/Third_Party/Huawei/iot_link/network/dtls/mbedtls/mbedtls-2.16.2/library\ssl_cache.c ****             session->compression != entry->session.compression ||
  88:D:/fchai/work/i-cube/I-CUBE-HUAWEI/Middlewares/Third_Party/Huawei/iot_link/network/dtls/mbedtls/mbedtls-2.16.2/library\ssl_cache.c ****             session->id_len != entry->session.id_len )
  89:D:/fchai/work/i-cube/I-CUBE-HUAWEI/Middlewares/Third_Party/Huawei/iot_link/network/dtls/mbedtls/mbedtls-2.16.2/library\ssl_cache.c ****             continue;
  90:D:/fchai/work/i-cube/I-CUBE-HUAWEI/Middlewares/Third_Party/Huawei/iot_link/network/dtls/mbedtls/mbedtls-2.16.2/library\ssl_cache.c **** 
  91:D:/fchai/work/i-cube/I-CUBE-HUAWEI/Middlewares/Third_Party/Huawei/iot_link/network/dtls/mbedtls/mbedtls-2.16.2/library\ssl_cache.c ****         if( memcmp( session->id, entry->session.id,
 117              		.loc 1 91 9 is_stmt 1 view .LVU24
  88:D:/fchai/work/i-cube/I-CUBE-HUAWEI/Middlewares/Third_Party/Huawei/iot_link/network/dtls/mbedtls/mbedtls-2.16.2/library\ssl_cache.c ****             continue;
 118              		.loc 1 88 46 is_stmt 0 view .LVU25
 119 0026 AB68     		ldr	r3, [r5, #8]
  87:D:/fchai/work/i-cube/I-CUBE-HUAWEI/Middlewares/Third_Party/Huawei/iot_link/network/dtls/mbedtls/mbedtls-2.16.2/library\ssl_cache.c ****             session->compression != entry->session.compression ||
 120              		.loc 1 87 64 view .LVU26
 121 0028 B268     		ldr	r2, [r6, #8]
 122 002a 9A42     		cmp	r2, r3
 123              		.loc 1 91 13 view .LVU27
 124 002c 05F10C01 		add	r1, r5, #12
 125 0030 4046     		mov	r0, r8
  87:D:/fchai/work/i-cube/I-CUBE-HUAWEI/Middlewares/Third_Party/Huawei/iot_link/network/dtls/mbedtls/mbedtls-2.16.2/library\ssl_cache.c ****             session->compression != entry->session.compression ||
 126              		.loc 1 87 64 view .LVU28
 127 0032 2CD1     		bne	.L7
 128              		.loc 1 91 13 view .LVU29
 129 0034 FFF7FEFF 		bl	memcmp
 130              	.LVL5:
 131              		.loc 1 91 11 view .LVU30
 132 0038 8146     		mov	r9, r0
ARM GAS  T:\msys\tmp\ccHrqdzx.s 			page 5


 133 003a 40BB     		cbnz	r0, .L7
  92:D:/fchai/work/i-cube/I-CUBE-HUAWEI/Middlewares/Third_Party/Huawei/iot_link/network/dtls/mbedtls/mbedtls-2.16.2/library\ssl_cache.c ****                     entry->session.id_len ) != 0 )
  93:D:/fchai/work/i-cube/I-CUBE-HUAWEI/Middlewares/Third_Party/Huawei/iot_link/network/dtls/mbedtls/mbedtls-2.16.2/library\ssl_cache.c ****             continue;
  94:D:/fchai/work/i-cube/I-CUBE-HUAWEI/Middlewares/Third_Party/Huawei/iot_link/network/dtls/mbedtls/mbedtls-2.16.2/library\ssl_cache.c **** 
  95:D:/fchai/work/i-cube/I-CUBE-HUAWEI/Middlewares/Third_Party/Huawei/iot_link/network/dtls/mbedtls/mbedtls-2.16.2/library\ssl_cache.c ****         memcpy( session->master, entry->session.master, 48 );
 134              		.loc 1 95 9 is_stmt 1 view .LVU31
 135 003c 05F12C03 		add	r3, r5, #44
 136 0040 06F12C02 		add	r2, r6, #44
 137 0044 05F15C0C 		add	ip, r5, #92
 138              	.LVL6:
 139              	.L8:
 140              		.loc 1 95 9 is_stmt 0 view .LVU32
 141 0048 1C68     		ldr	r4, [r3]	@ unaligned
 142 004a 5868     		ldr	r0, [r3, #4]	@ unaligned
 143 004c 9968     		ldr	r1, [r3, #8]	@ unaligned
 144 004e DF68     		ldr	r7, [r3, #12]	@ unaligned
 145 0050 D760     		str	r7, [r2, #12]	@ unaligned
 146 0052 1033     		adds	r3, r3, #16
 147 0054 6345     		cmp	r3, ip
 148 0056 1460     		str	r4, [r2]	@ unaligned
 149 0058 5060     		str	r0, [r2, #4]	@ unaligned
 150 005a 9160     		str	r1, [r2, #8]	@ unaligned
 151 005c 02F11002 		add	r2, r2, #16
 152 0060 F2D1     		bne	.L8
  96:D:/fchai/work/i-cube/I-CUBE-HUAWEI/Middlewares/Third_Party/Huawei/iot_link/network/dtls/mbedtls/mbedtls-2.16.2/library\ssl_cache.c **** 
  97:D:/fchai/work/i-cube/I-CUBE-HUAWEI/Middlewares/Third_Party/Huawei/iot_link/network/dtls/mbedtls/mbedtls-2.16.2/library\ssl_cache.c ****         session->verify_result = entry->session.verify_result;
 153              		.loc 1 97 9 is_stmt 1 view .LVU33
  98:D:/fchai/work/i-cube/I-CUBE-HUAWEI/Middlewares/Third_Party/Huawei/iot_link/network/dtls/mbedtls/mbedtls-2.16.2/library\ssl_cache.c **** 
  99:D:/fchai/work/i-cube/I-CUBE-HUAWEI/Middlewares/Third_Party/Huawei/iot_link/network/dtls/mbedtls/mbedtls-2.16.2/library\ssl_cache.c **** #if defined(MBEDTLS_X509_CRT_PARSE_C)
 100:D:/fchai/work/i-cube/I-CUBE-HUAWEI/Middlewares/Third_Party/Huawei/iot_link/network/dtls/mbedtls/mbedtls-2.16.2/library\ssl_cache.c ****         /*
 101:D:/fchai/work/i-cube/I-CUBE-HUAWEI/Middlewares/Third_Party/Huawei/iot_link/network/dtls/mbedtls/mbedtls-2.16.2/library\ssl_cache.c ****          * Restore peer certificate (without rest of the original chain)
 102:D:/fchai/work/i-cube/I-CUBE-HUAWEI/Middlewares/Third_Party/Huawei/iot_link/network/dtls/mbedtls/mbedtls-2.16.2/library\ssl_cache.c ****          */
 103:D:/fchai/work/i-cube/I-CUBE-HUAWEI/Middlewares/Third_Party/Huawei/iot_link/network/dtls/mbedtls/mbedtls-2.16.2/library\ssl_cache.c ****         if( entry->peer_cert.p != NULL )
 154              		.loc 1 103 11 is_stmt 0 view .LVU34
 155 0062 EB6F     		ldr	r3, [r5, #124]
  97:D:/fchai/work/i-cube/I-CUBE-HUAWEI/Middlewares/Third_Party/Huawei/iot_link/network/dtls/mbedtls/mbedtls-2.16.2/library\ssl_cache.c **** 
 156              		.loc 1 97 48 view .LVU35
 157 0064 2A6E     		ldr	r2, [r5, #96]
  97:D:/fchai/work/i-cube/I-CUBE-HUAWEI/Middlewares/Third_Party/Huawei/iot_link/network/dtls/mbedtls/mbedtls-2.16.2/library\ssl_cache.c **** 
 158              		.loc 1 97 32 view .LVU36
 159 0066 3266     		str	r2, [r6, #96]
 160              		.loc 1 103 9 is_stmt 1 view .LVU37
 161              		.loc 1 103 11 is_stmt 0 view .LVU38
 162 0068 73B1     		cbz	r3, .L5
 104:D:/fchai/work/i-cube/I-CUBE-HUAWEI/Middlewares/Third_Party/Huawei/iot_link/network/dtls/mbedtls/mbedtls-2.16.2/library\ssl_cache.c ****         {
 105:D:/fchai/work/i-cube/I-CUBE-HUAWEI/Middlewares/Third_Party/Huawei/iot_link/network/dtls/mbedtls/mbedtls-2.16.2/library\ssl_cache.c ****             if( ( session->peer_cert = mbedtls_calloc( 1,
 163              		.loc 1 105 13 is_stmt 1 view .LVU39
 164              		.loc 1 105 40 is_stmt 0 view .LVU40
 165 006a 4FF49A71 		mov	r1, #308
 166 006e 0120     		movs	r0, #1
 167 0070 FFF7FEFF 		bl	mbedtls_calloc
 168              	.LVL7:
 169              		.loc 1 105 38 view .LVU41
 170 0074 F065     		str	r0, [r6, #92]
 171              		.loc 1 105 15 view .LVU42
 172 0076 60B1     		cbz	r0, .L6
 106:D:/fchai/work/i-cube/I-CUBE-HUAWEI/Middlewares/Third_Party/Huawei/iot_link/network/dtls/mbedtls/mbedtls-2.16.2/library\ssl_cache.c ****                                  sizeof(mbedtls_x509_crt) ) ) == NULL )
ARM GAS  T:\msys\tmp\ccHrqdzx.s 			page 6


 107:D:/fchai/work/i-cube/I-CUBE-HUAWEI/Middlewares/Third_Party/Huawei/iot_link/network/dtls/mbedtls/mbedtls-2.16.2/library\ssl_cache.c ****             {
 108:D:/fchai/work/i-cube/I-CUBE-HUAWEI/Middlewares/Third_Party/Huawei/iot_link/network/dtls/mbedtls/mbedtls-2.16.2/library\ssl_cache.c ****                 ret = 1;
 109:D:/fchai/work/i-cube/I-CUBE-HUAWEI/Middlewares/Third_Party/Huawei/iot_link/network/dtls/mbedtls/mbedtls-2.16.2/library\ssl_cache.c ****                 goto exit;
 110:D:/fchai/work/i-cube/I-CUBE-HUAWEI/Middlewares/Third_Party/Huawei/iot_link/network/dtls/mbedtls/mbedtls-2.16.2/library\ssl_cache.c ****             }
 111:D:/fchai/work/i-cube/I-CUBE-HUAWEI/Middlewares/Third_Party/Huawei/iot_link/network/dtls/mbedtls/mbedtls-2.16.2/library\ssl_cache.c **** 
 112:D:/fchai/work/i-cube/I-CUBE-HUAWEI/Middlewares/Third_Party/Huawei/iot_link/network/dtls/mbedtls/mbedtls-2.16.2/library\ssl_cache.c ****             mbedtls_x509_crt_init( session->peer_cert );
 173              		.loc 1 112 13 is_stmt 1 view .LVU43
 174 0078 FFF7FEFF 		bl	mbedtls_x509_crt_init
 175              	.LVL8:
 113:D:/fchai/work/i-cube/I-CUBE-HUAWEI/Middlewares/Third_Party/Huawei/iot_link/network/dtls/mbedtls/mbedtls-2.16.2/library\ssl_cache.c ****             if( mbedtls_x509_crt_parse( session->peer_cert, entry->peer_cert.p,
 176              		.loc 1 113 13 view .LVU44
 177              		.loc 1 113 17 is_stmt 0 view .LVU45
 178 007c D5E91E21 		ldrd	r2, r1, [r5, #120]
 179 0080 F06D     		ldr	r0, [r6, #92]
 180 0082 FFF7FEFF 		bl	mbedtls_x509_crt_parse
 181              	.LVL9:
 182              		.loc 1 113 15 view .LVU46
 183 0086 48B9     		cbnz	r0, .L25
 184              	.L5:
 114:D:/fchai/work/i-cube/I-CUBE-HUAWEI/Middlewares/Third_Party/Huawei/iot_link/network/dtls/mbedtls/mbedtls-2.16.2/library\ssl_cache.c ****                                 entry->peer_cert.len ) != 0 )
 115:D:/fchai/work/i-cube/I-CUBE-HUAWEI/Middlewares/Third_Party/Huawei/iot_link/network/dtls/mbedtls/mbedtls-2.16.2/library\ssl_cache.c ****             {
 116:D:/fchai/work/i-cube/I-CUBE-HUAWEI/Middlewares/Third_Party/Huawei/iot_link/network/dtls/mbedtls/mbedtls-2.16.2/library\ssl_cache.c ****                 mbedtls_free( session->peer_cert );
 117:D:/fchai/work/i-cube/I-CUBE-HUAWEI/Middlewares/Third_Party/Huawei/iot_link/network/dtls/mbedtls/mbedtls-2.16.2/library\ssl_cache.c ****                 session->peer_cert = NULL;
 118:D:/fchai/work/i-cube/I-CUBE-HUAWEI/Middlewares/Third_Party/Huawei/iot_link/network/dtls/mbedtls/mbedtls-2.16.2/library\ssl_cache.c ****                 ret = 1;
 119:D:/fchai/work/i-cube/I-CUBE-HUAWEI/Middlewares/Third_Party/Huawei/iot_link/network/dtls/mbedtls/mbedtls-2.16.2/library\ssl_cache.c ****                 goto exit;
 120:D:/fchai/work/i-cube/I-CUBE-HUAWEI/Middlewares/Third_Party/Huawei/iot_link/network/dtls/mbedtls/mbedtls-2.16.2/library\ssl_cache.c ****             }
 121:D:/fchai/work/i-cube/I-CUBE-HUAWEI/Middlewares/Third_Party/Huawei/iot_link/network/dtls/mbedtls/mbedtls-2.16.2/library\ssl_cache.c ****         }
 122:D:/fchai/work/i-cube/I-CUBE-HUAWEI/Middlewares/Third_Party/Huawei/iot_link/network/dtls/mbedtls/mbedtls-2.16.2/library\ssl_cache.c **** #endif /* MBEDTLS_X509_CRT_PARSE_C */
 123:D:/fchai/work/i-cube/I-CUBE-HUAWEI/Middlewares/Third_Party/Huawei/iot_link/network/dtls/mbedtls/mbedtls-2.16.2/library\ssl_cache.c **** 
 124:D:/fchai/work/i-cube/I-CUBE-HUAWEI/Middlewares/Third_Party/Huawei/iot_link/network/dtls/mbedtls/mbedtls-2.16.2/library\ssl_cache.c ****         ret = 0;
 125:D:/fchai/work/i-cube/I-CUBE-HUAWEI/Middlewares/Third_Party/Huawei/iot_link/network/dtls/mbedtls/mbedtls-2.16.2/library\ssl_cache.c ****         goto exit;
 126:D:/fchai/work/i-cube/I-CUBE-HUAWEI/Middlewares/Third_Party/Huawei/iot_link/network/dtls/mbedtls/mbedtls-2.16.2/library\ssl_cache.c ****     }
 127:D:/fchai/work/i-cube/I-CUBE-HUAWEI/Middlewares/Third_Party/Huawei/iot_link/network/dtls/mbedtls/mbedtls-2.16.2/library\ssl_cache.c **** 
 128:D:/fchai/work/i-cube/I-CUBE-HUAWEI/Middlewares/Third_Party/Huawei/iot_link/network/dtls/mbedtls/mbedtls-2.16.2/library\ssl_cache.c **** exit:
 129:D:/fchai/work/i-cube/I-CUBE-HUAWEI/Middlewares/Third_Party/Huawei/iot_link/network/dtls/mbedtls/mbedtls-2.16.2/library\ssl_cache.c **** #if defined(MBEDTLS_THREADING_C)
 130:D:/fchai/work/i-cube/I-CUBE-HUAWEI/Middlewares/Third_Party/Huawei/iot_link/network/dtls/mbedtls/mbedtls-2.16.2/library\ssl_cache.c ****     if( mbedtls_mutex_unlock( &cache->mutex ) != 0 )
 131:D:/fchai/work/i-cube/I-CUBE-HUAWEI/Middlewares/Third_Party/Huawei/iot_link/network/dtls/mbedtls/mbedtls-2.16.2/library\ssl_cache.c ****         ret = 1;
 132:D:/fchai/work/i-cube/I-CUBE-HUAWEI/Middlewares/Third_Party/Huawei/iot_link/network/dtls/mbedtls/mbedtls-2.16.2/library\ssl_cache.c **** #endif
 133:D:/fchai/work/i-cube/I-CUBE-HUAWEI/Middlewares/Third_Party/Huawei/iot_link/network/dtls/mbedtls/mbedtls-2.16.2/library\ssl_cache.c **** 
 134:D:/fchai/work/i-cube/I-CUBE-HUAWEI/Middlewares/Third_Party/Huawei/iot_link/network/dtls/mbedtls/mbedtls-2.16.2/library\ssl_cache.c ****     return( ret );
 135:D:/fchai/work/i-cube/I-CUBE-HUAWEI/Middlewares/Third_Party/Huawei/iot_link/network/dtls/mbedtls/mbedtls-2.16.2/library\ssl_cache.c **** }
 185              		.loc 1 135 1 view .LVU47
 186 0088 4846     		mov	r0, r9
 187 008a BDE8F883 		pop	{r3, r4, r5, r6, r7, r8, r9, pc}
 188              	.LVL10:
 189              	.L7:
  75:D:/fchai/work/i-cube/I-CUBE-HUAWEI/Middlewares/Third_Party/Huawei/iot_link/network/dtls/mbedtls/mbedtls-2.16.2/library\ssl_cache.c ****     {
 190              		.loc 1 75 10 is_stmt 1 view .LVU48
 191 008e 002C     		cmp	r4, #0
 192 0090 BFD1     		bne	.L12
 193              	.LVL11:
 194              	.L6:
 195              	.L10:
  60:D:/fchai/work/i-cube/I-CUBE-HUAWEI/Middlewares/Third_Party/Huawei/iot_link/network/dtls/mbedtls/mbedtls-2.16.2/library\ssl_cache.c **** #if defined(MBEDTLS_HAVE_TIME)
 196              		.loc 1 60 9 is_stmt 0 view .LVU49
 197 0092 4FF00109 		mov	r9, #1
 134:D:/fchai/work/i-cube/I-CUBE-HUAWEI/Middlewares/Third_Party/Huawei/iot_link/network/dtls/mbedtls/mbedtls-2.16.2/library\ssl_cache.c **** }
ARM GAS  T:\msys\tmp\ccHrqdzx.s 			page 7


 198              		.loc 1 134 5 is_stmt 1 view .LVU50
 199              		.loc 1 135 1 is_stmt 0 view .LVU51
 200 0096 4846     		mov	r0, r9
 201 0098 BDE8F883 		pop	{r3, r4, r5, r6, r7, r8, r9, pc}
 202              	.LVL12:
 203              	.L25:
 116:D:/fchai/work/i-cube/I-CUBE-HUAWEI/Middlewares/Third_Party/Huawei/iot_link/network/dtls/mbedtls/mbedtls-2.16.2/library\ssl_cache.c ****                 session->peer_cert = NULL;
 204              		.loc 1 116 17 is_stmt 1 view .LVU52
 205 009c F06D     		ldr	r0, [r6, #92]
 206 009e FFF7FEFF 		bl	mbedtls_free
 207              	.LVL13:
 117:D:/fchai/work/i-cube/I-CUBE-HUAWEI/Middlewares/Third_Party/Huawei/iot_link/network/dtls/mbedtls/mbedtls-2.16.2/library\ssl_cache.c ****                 ret = 1;
 208              		.loc 1 117 17 view .LVU53
 117:D:/fchai/work/i-cube/I-CUBE-HUAWEI/Middlewares/Third_Party/Huawei/iot_link/network/dtls/mbedtls/mbedtls-2.16.2/library\ssl_cache.c ****                 ret = 1;
 209              		.loc 1 117 36 is_stmt 0 view .LVU54
 210 00a2 0023     		movs	r3, #0
 211 00a4 F365     		str	r3, [r6, #92]
 118:D:/fchai/work/i-cube/I-CUBE-HUAWEI/Middlewares/Third_Party/Huawei/iot_link/network/dtls/mbedtls/mbedtls-2.16.2/library\ssl_cache.c ****                 goto exit;
 212              		.loc 1 118 17 is_stmt 1 view .LVU55
 119:D:/fchai/work/i-cube/I-CUBE-HUAWEI/Middlewares/Third_Party/Huawei/iot_link/network/dtls/mbedtls/mbedtls-2.16.2/library\ssl_cache.c ****             }
 213              		.loc 1 119 17 view .LVU56
 118:D:/fchai/work/i-cube/I-CUBE-HUAWEI/Middlewares/Third_Party/Huawei/iot_link/network/dtls/mbedtls/mbedtls-2.16.2/library\ssl_cache.c ****                 goto exit;
 214              		.loc 1 118 21 is_stmt 0 view .LVU57
 215 00a6 4FF00109 		mov	r9, #1
 119:D:/fchai/work/i-cube/I-CUBE-HUAWEI/Middlewares/Third_Party/Huawei/iot_link/network/dtls/mbedtls/mbedtls-2.16.2/library\ssl_cache.c ****             }
 216              		.loc 1 119 17 view .LVU58
 217 00aa EDE7     		b	.L5
 218              		.cfi_endproc
 219              	.LFE19:
 221              		.section	.text.mbedtls_ssl_cache_set,"ax",%progbits
 222              		.align	1
 223              		.p2align 2,,3
 224              		.global	mbedtls_ssl_cache_set
 225              		.syntax unified
 226              		.thumb
 227              		.thumb_func
 228              		.fpu fpv4-sp-d16
 230              	mbedtls_ssl_cache_set:
 231              	.LVL14:
 232              	.LFB20:
 136:D:/fchai/work/i-cube/I-CUBE-HUAWEI/Middlewares/Third_Party/Huawei/iot_link/network/dtls/mbedtls/mbedtls-2.16.2/library\ssl_cache.c **** 
 137:D:/fchai/work/i-cube/I-CUBE-HUAWEI/Middlewares/Third_Party/Huawei/iot_link/network/dtls/mbedtls/mbedtls-2.16.2/library\ssl_cache.c **** int mbedtls_ssl_cache_set( void *data, const mbedtls_ssl_session *session )
 138:D:/fchai/work/i-cube/I-CUBE-HUAWEI/Middlewares/Third_Party/Huawei/iot_link/network/dtls/mbedtls/mbedtls-2.16.2/library\ssl_cache.c **** {
 233              		.loc 1 138 1 is_stmt 1 view -0
 234              		.cfi_startproc
 235              		@ args = 0, pretend = 0, frame = 0
 236              		@ frame_needed = 0, uses_anonymous_args = 0
 139:D:/fchai/work/i-cube/I-CUBE-HUAWEI/Middlewares/Third_Party/Huawei/iot_link/network/dtls/mbedtls/mbedtls-2.16.2/library\ssl_cache.c ****     int ret = 1;
 237              		.loc 1 139 5 view .LVU60
 140:D:/fchai/work/i-cube/I-CUBE-HUAWEI/Middlewares/Third_Party/Huawei/iot_link/network/dtls/mbedtls/mbedtls-2.16.2/library\ssl_cache.c **** #if defined(MBEDTLS_HAVE_TIME)
 141:D:/fchai/work/i-cube/I-CUBE-HUAWEI/Middlewares/Third_Party/Huawei/iot_link/network/dtls/mbedtls/mbedtls-2.16.2/library\ssl_cache.c ****     mbedtls_time_t t = mbedtls_time( NULL ), oldest = 0;
 142:D:/fchai/work/i-cube/I-CUBE-HUAWEI/Middlewares/Third_Party/Huawei/iot_link/network/dtls/mbedtls/mbedtls-2.16.2/library\ssl_cache.c ****     mbedtls_ssl_cache_entry *old = NULL;
 143:D:/fchai/work/i-cube/I-CUBE-HUAWEI/Middlewares/Third_Party/Huawei/iot_link/network/dtls/mbedtls/mbedtls-2.16.2/library\ssl_cache.c **** #endif
 144:D:/fchai/work/i-cube/I-CUBE-HUAWEI/Middlewares/Third_Party/Huawei/iot_link/network/dtls/mbedtls/mbedtls-2.16.2/library\ssl_cache.c ****     mbedtls_ssl_cache_context *cache = (mbedtls_ssl_cache_context *) data;
 238              		.loc 1 144 5 view .LVU61
 138:D:/fchai/work/i-cube/I-CUBE-HUAWEI/Middlewares/Third_Party/Huawei/iot_link/network/dtls/mbedtls/mbedtls-2.16.2/library\ssl_cache.c ****     int ret = 1;
 239              		.loc 1 138 1 is_stmt 0 view .LVU62
ARM GAS  T:\msys\tmp\ccHrqdzx.s 			page 8


 240 0000 2DE9F843 		push	{r3, r4, r5, r6, r7, r8, r9, lr}
 241              	.LCFI1:
 242              		.cfi_def_cfa_offset 32
 243              		.cfi_offset 3, -32
 244              		.cfi_offset 4, -28
 245              		.cfi_offset 5, -24
 246              		.cfi_offset 6, -20
 247              		.cfi_offset 7, -16
 248              		.cfi_offset 8, -12
 249              		.cfi_offset 9, -8
 250              		.cfi_offset 14, -4
 145:D:/fchai/work/i-cube/I-CUBE-HUAWEI/Middlewares/Third_Party/Huawei/iot_link/network/dtls/mbedtls/mbedtls-2.16.2/library\ssl_cache.c ****     mbedtls_ssl_cache_entry *cur, *prv;
 146:D:/fchai/work/i-cube/I-CUBE-HUAWEI/Middlewares/Third_Party/Huawei/iot_link/network/dtls/mbedtls/mbedtls-2.16.2/library\ssl_cache.c ****     int count = 0;
 147:D:/fchai/work/i-cube/I-CUBE-HUAWEI/Middlewares/Third_Party/Huawei/iot_link/network/dtls/mbedtls/mbedtls-2.16.2/library\ssl_cache.c **** 
 148:D:/fchai/work/i-cube/I-CUBE-HUAWEI/Middlewares/Third_Party/Huawei/iot_link/network/dtls/mbedtls/mbedtls-2.16.2/library\ssl_cache.c **** #if defined(MBEDTLS_THREADING_C)
 149:D:/fchai/work/i-cube/I-CUBE-HUAWEI/Middlewares/Third_Party/Huawei/iot_link/network/dtls/mbedtls/mbedtls-2.16.2/library\ssl_cache.c ****     if( ( ret = mbedtls_mutex_lock( &cache->mutex ) ) != 0 )
 150:D:/fchai/work/i-cube/I-CUBE-HUAWEI/Middlewares/Third_Party/Huawei/iot_link/network/dtls/mbedtls/mbedtls-2.16.2/library\ssl_cache.c ****         return( ret );
 151:D:/fchai/work/i-cube/I-CUBE-HUAWEI/Middlewares/Third_Party/Huawei/iot_link/network/dtls/mbedtls/mbedtls-2.16.2/library\ssl_cache.c **** #endif
 152:D:/fchai/work/i-cube/I-CUBE-HUAWEI/Middlewares/Third_Party/Huawei/iot_link/network/dtls/mbedtls/mbedtls-2.16.2/library\ssl_cache.c **** 
 153:D:/fchai/work/i-cube/I-CUBE-HUAWEI/Middlewares/Third_Party/Huawei/iot_link/network/dtls/mbedtls/mbedtls-2.16.2/library\ssl_cache.c ****     cur = cache->chain;
 251              		.loc 1 153 9 view .LVU63
 252 0004 D0F80090 		ldr	r9, [r0]
 138:D:/fchai/work/i-cube/I-CUBE-HUAWEI/Middlewares/Third_Party/Huawei/iot_link/network/dtls/mbedtls/mbedtls-2.16.2/library\ssl_cache.c ****     int ret = 1;
 253              		.loc 1 138 1 view .LVU64
 254 0008 8046     		mov	r8, r0
 255              	.LVL15:
 145:D:/fchai/work/i-cube/I-CUBE-HUAWEI/Middlewares/Third_Party/Huawei/iot_link/network/dtls/mbedtls/mbedtls-2.16.2/library\ssl_cache.c ****     mbedtls_ssl_cache_entry *cur, *prv;
 256              		.loc 1 145 5 is_stmt 1 view .LVU65
 146:D:/fchai/work/i-cube/I-CUBE-HUAWEI/Middlewares/Third_Party/Huawei/iot_link/network/dtls/mbedtls/mbedtls-2.16.2/library\ssl_cache.c **** 
 257              		.loc 1 146 5 view .LVU66
 258              		.loc 1 153 5 view .LVU67
 154:D:/fchai/work/i-cube/I-CUBE-HUAWEI/Middlewares/Third_Party/Huawei/iot_link/network/dtls/mbedtls/mbedtls-2.16.2/library\ssl_cache.c ****     prv = NULL;
 259              		.loc 1 154 5 view .LVU68
 155:D:/fchai/work/i-cube/I-CUBE-HUAWEI/Middlewares/Third_Party/Huawei/iot_link/network/dtls/mbedtls/mbedtls-2.16.2/library\ssl_cache.c **** 
 156:D:/fchai/work/i-cube/I-CUBE-HUAWEI/Middlewares/Third_Party/Huawei/iot_link/network/dtls/mbedtls/mbedtls-2.16.2/library\ssl_cache.c ****     while( cur != NULL )
 260              		.loc 1 156 5 view .LVU69
 261              		.loc 1 156 10 view .LVU70
 138:D:/fchai/work/i-cube/I-CUBE-HUAWEI/Middlewares/Third_Party/Huawei/iot_link/network/dtls/mbedtls/mbedtls-2.16.2/library\ssl_cache.c ****     int ret = 1;
 262              		.loc 1 138 1 is_stmt 0 view .LVU71
 263 000a 0F46     		mov	r7, r1
 264              		.loc 1 156 10 view .LVU72
 265 000c B9F1000F 		cmp	r9, #0
 266 0010 40D0     		beq	.L27
 267 0012 01F10C06 		add	r6, r1, #12
 268 0016 4C46     		mov	r4, r9
 146:D:/fchai/work/i-cube/I-CUBE-HUAWEI/Middlewares/Third_Party/Huawei/iot_link/network/dtls/mbedtls/mbedtls-2.16.2/library\ssl_cache.c **** 
 269              		.loc 1 146 9 view .LVU73
 270 0018 0025     		movs	r5, #0
 271 001a 03E0     		b	.L29
 272              	.LVL16:
 273              	.L59:
 157:D:/fchai/work/i-cube/I-CUBE-HUAWEI/Middlewares/Third_Party/Huawei/iot_link/network/dtls/mbedtls/mbedtls-2.16.2/library\ssl_cache.c ****     {
 158:D:/fchai/work/i-cube/I-CUBE-HUAWEI/Middlewares/Third_Party/Huawei/iot_link/network/dtls/mbedtls/mbedtls-2.16.2/library\ssl_cache.c ****         count++;
 159:D:/fchai/work/i-cube/I-CUBE-HUAWEI/Middlewares/Third_Party/Huawei/iot_link/network/dtls/mbedtls/mbedtls-2.16.2/library\ssl_cache.c **** 
 160:D:/fchai/work/i-cube/I-CUBE-HUAWEI/Middlewares/Third_Party/Huawei/iot_link/network/dtls/mbedtls/mbedtls-2.16.2/library\ssl_cache.c **** #if defined(MBEDTLS_HAVE_TIME)
 161:D:/fchai/work/i-cube/I-CUBE-HUAWEI/Middlewares/Third_Party/Huawei/iot_link/network/dtls/mbedtls/mbedtls-2.16.2/library\ssl_cache.c ****         if( cache->timeout != 0 &&
 162:D:/fchai/work/i-cube/I-CUBE-HUAWEI/Middlewares/Third_Party/Huawei/iot_link/network/dtls/mbedtls/mbedtls-2.16.2/library\ssl_cache.c ****             (int) ( t - cur->timestamp ) > cache->timeout )
ARM GAS  T:\msys\tmp\ccHrqdzx.s 			page 9


 163:D:/fchai/work/i-cube/I-CUBE-HUAWEI/Middlewares/Third_Party/Huawei/iot_link/network/dtls/mbedtls/mbedtls-2.16.2/library\ssl_cache.c ****         {
 164:D:/fchai/work/i-cube/I-CUBE-HUAWEI/Middlewares/Third_Party/Huawei/iot_link/network/dtls/mbedtls/mbedtls-2.16.2/library\ssl_cache.c ****             cur->timestamp = t;
 165:D:/fchai/work/i-cube/I-CUBE-HUAWEI/Middlewares/Third_Party/Huawei/iot_link/network/dtls/mbedtls/mbedtls-2.16.2/library\ssl_cache.c ****             break; /* expired, reuse this slot, update timestamp */
 166:D:/fchai/work/i-cube/I-CUBE-HUAWEI/Middlewares/Third_Party/Huawei/iot_link/network/dtls/mbedtls/mbedtls-2.16.2/library\ssl_cache.c ****         }
 167:D:/fchai/work/i-cube/I-CUBE-HUAWEI/Middlewares/Third_Party/Huawei/iot_link/network/dtls/mbedtls/mbedtls-2.16.2/library\ssl_cache.c **** #endif
 168:D:/fchai/work/i-cube/I-CUBE-HUAWEI/Middlewares/Third_Party/Huawei/iot_link/network/dtls/mbedtls/mbedtls-2.16.2/library\ssl_cache.c **** 
 169:D:/fchai/work/i-cube/I-CUBE-HUAWEI/Middlewares/Third_Party/Huawei/iot_link/network/dtls/mbedtls/mbedtls-2.16.2/library\ssl_cache.c ****         if( memcmp( session->id, cur->session.id, cur->session.id_len ) == 0 )
 170:D:/fchai/work/i-cube/I-CUBE-HUAWEI/Middlewares/Third_Party/Huawei/iot_link/network/dtls/mbedtls/mbedtls-2.16.2/library\ssl_cache.c ****             break; /* client reconnected, keep timestamp for session id */
 171:D:/fchai/work/i-cube/I-CUBE-HUAWEI/Middlewares/Third_Party/Huawei/iot_link/network/dtls/mbedtls/mbedtls-2.16.2/library\ssl_cache.c **** 
 172:D:/fchai/work/i-cube/I-CUBE-HUAWEI/Middlewares/Third_Party/Huawei/iot_link/network/dtls/mbedtls/mbedtls-2.16.2/library\ssl_cache.c **** #if defined(MBEDTLS_HAVE_TIME)
 173:D:/fchai/work/i-cube/I-CUBE-HUAWEI/Middlewares/Third_Party/Huawei/iot_link/network/dtls/mbedtls/mbedtls-2.16.2/library\ssl_cache.c ****         if( oldest == 0 || cur->timestamp < oldest )
 174:D:/fchai/work/i-cube/I-CUBE-HUAWEI/Middlewares/Third_Party/Huawei/iot_link/network/dtls/mbedtls/mbedtls-2.16.2/library\ssl_cache.c ****         {
 175:D:/fchai/work/i-cube/I-CUBE-HUAWEI/Middlewares/Third_Party/Huawei/iot_link/network/dtls/mbedtls/mbedtls-2.16.2/library\ssl_cache.c ****             oldest = cur->timestamp;
 176:D:/fchai/work/i-cube/I-CUBE-HUAWEI/Middlewares/Third_Party/Huawei/iot_link/network/dtls/mbedtls/mbedtls-2.16.2/library\ssl_cache.c ****             old = cur;
 177:D:/fchai/work/i-cube/I-CUBE-HUAWEI/Middlewares/Third_Party/Huawei/iot_link/network/dtls/mbedtls/mbedtls-2.16.2/library\ssl_cache.c ****         }
 178:D:/fchai/work/i-cube/I-CUBE-HUAWEI/Middlewares/Third_Party/Huawei/iot_link/network/dtls/mbedtls/mbedtls-2.16.2/library\ssl_cache.c **** #endif
 179:D:/fchai/work/i-cube/I-CUBE-HUAWEI/Middlewares/Third_Party/Huawei/iot_link/network/dtls/mbedtls/mbedtls-2.16.2/library\ssl_cache.c **** 
 180:D:/fchai/work/i-cube/I-CUBE-HUAWEI/Middlewares/Third_Party/Huawei/iot_link/network/dtls/mbedtls/mbedtls-2.16.2/library\ssl_cache.c ****         prv = cur;
 181:D:/fchai/work/i-cube/I-CUBE-HUAWEI/Middlewares/Third_Party/Huawei/iot_link/network/dtls/mbedtls/mbedtls-2.16.2/library\ssl_cache.c ****         cur = cur->next;
 274              		.loc 1 181 13 view .LVU74
 275 001c D4F88030 		ldr	r3, [r4, #128]
 276              	.LVL17:
 156:D:/fchai/work/i-cube/I-CUBE-HUAWEI/Middlewares/Third_Party/Huawei/iot_link/network/dtls/mbedtls/mbedtls-2.16.2/library\ssl_cache.c ****     {
 277              		.loc 1 156 10 is_stmt 1 view .LVU75
 278 0020 53B3     		cbz	r3, .L58
 156:D:/fchai/work/i-cube/I-CUBE-HUAWEI/Middlewares/Third_Party/Huawei/iot_link/network/dtls/mbedtls/mbedtls-2.16.2/library\ssl_cache.c ****     {
 279              		.loc 1 156 10 is_stmt 0 view .LVU76
 280 0022 1C46     		mov	r4, r3
 281              	.LVL18:
 282              	.L29:
 158:D:/fchai/work/i-cube/I-CUBE-HUAWEI/Middlewares/Third_Party/Huawei/iot_link/network/dtls/mbedtls/mbedtls-2.16.2/library\ssl_cache.c **** 
 283              		.loc 1 158 9 is_stmt 1 view .LVU77
 169:D:/fchai/work/i-cube/I-CUBE-HUAWEI/Middlewares/Third_Party/Huawei/iot_link/network/dtls/mbedtls/mbedtls-2.16.2/library\ssl_cache.c ****             break; /* client reconnected, keep timestamp for session id */
 284              		.loc 1 169 13 is_stmt 0 view .LVU78
 285 0024 A268     		ldr	r2, [r4, #8]
 286 0026 04F10C01 		add	r1, r4, #12
 287 002a 3046     		mov	r0, r6
 288 002c FFF7FEFF 		bl	memcmp
 289              	.LVL19:
 180:D:/fchai/work/i-cube/I-CUBE-HUAWEI/Middlewares/Third_Party/Huawei/iot_link/network/dtls/mbedtls/mbedtls-2.16.2/library\ssl_cache.c ****         cur = cur->next;
 290              		.loc 1 180 9 is_stmt 1 view .LVU79
 291              		.loc 1 181 9 view .LVU80
 158:D:/fchai/work/i-cube/I-CUBE-HUAWEI/Middlewares/Third_Party/Huawei/iot_link/network/dtls/mbedtls/mbedtls-2.16.2/library\ssl_cache.c **** 
 292              		.loc 1 158 14 is_stmt 0 view .LVU81
 293 0030 0135     		adds	r5, r5, #1
 294              	.LVL20:
 169:D:/fchai/work/i-cube/I-CUBE-HUAWEI/Middlewares/Third_Party/Huawei/iot_link/network/dtls/mbedtls/mbedtls-2.16.2/library\ssl_cache.c ****             break; /* client reconnected, keep timestamp for session id */
 295              		.loc 1 169 9 is_stmt 1 view .LVU82
 169:D:/fchai/work/i-cube/I-CUBE-HUAWEI/Middlewares/Third_Party/Huawei/iot_link/network/dtls/mbedtls/mbedtls-2.16.2/library\ssl_cache.c ****             break; /* client reconnected, keep timestamp for session id */
 296              		.loc 1 169 11 is_stmt 0 view .LVU83
 297 0032 0028     		cmp	r0, #0
 298 0034 F2D1     		bne	.L59
 299              	.LVL21:
 300              	.L28:
 182:D:/fchai/work/i-cube/I-CUBE-HUAWEI/Middlewares/Third_Party/Huawei/iot_link/network/dtls/mbedtls/mbedtls-2.16.2/library\ssl_cache.c ****     }
 183:D:/fchai/work/i-cube/I-CUBE-HUAWEI/Middlewares/Third_Party/Huawei/iot_link/network/dtls/mbedtls/mbedtls-2.16.2/library\ssl_cache.c **** 
 184:D:/fchai/work/i-cube/I-CUBE-HUAWEI/Middlewares/Third_Party/Huawei/iot_link/network/dtls/mbedtls/mbedtls-2.16.2/library\ssl_cache.c ****     if( cur == NULL )
ARM GAS  T:\msys\tmp\ccHrqdzx.s 			page 10


 185:D:/fchai/work/i-cube/I-CUBE-HUAWEI/Middlewares/Third_Party/Huawei/iot_link/network/dtls/mbedtls/mbedtls-2.16.2/library\ssl_cache.c ****     {
 186:D:/fchai/work/i-cube/I-CUBE-HUAWEI/Middlewares/Third_Party/Huawei/iot_link/network/dtls/mbedtls/mbedtls-2.16.2/library\ssl_cache.c **** #if defined(MBEDTLS_HAVE_TIME)
 187:D:/fchai/work/i-cube/I-CUBE-HUAWEI/Middlewares/Third_Party/Huawei/iot_link/network/dtls/mbedtls/mbedtls-2.16.2/library\ssl_cache.c ****         /*
 188:D:/fchai/work/i-cube/I-CUBE-HUAWEI/Middlewares/Third_Party/Huawei/iot_link/network/dtls/mbedtls/mbedtls-2.16.2/library\ssl_cache.c ****          * Reuse oldest entry if max_entries reached
 189:D:/fchai/work/i-cube/I-CUBE-HUAWEI/Middlewares/Third_Party/Huawei/iot_link/network/dtls/mbedtls/mbedtls-2.16.2/library\ssl_cache.c ****          */
 190:D:/fchai/work/i-cube/I-CUBE-HUAWEI/Middlewares/Third_Party/Huawei/iot_link/network/dtls/mbedtls/mbedtls-2.16.2/library\ssl_cache.c ****         if( count >= cache->max_entries )
 191:D:/fchai/work/i-cube/I-CUBE-HUAWEI/Middlewares/Third_Party/Huawei/iot_link/network/dtls/mbedtls/mbedtls-2.16.2/library\ssl_cache.c ****         {
 192:D:/fchai/work/i-cube/I-CUBE-HUAWEI/Middlewares/Third_Party/Huawei/iot_link/network/dtls/mbedtls/mbedtls-2.16.2/library\ssl_cache.c ****             if( old == NULL )
 193:D:/fchai/work/i-cube/I-CUBE-HUAWEI/Middlewares/Third_Party/Huawei/iot_link/network/dtls/mbedtls/mbedtls-2.16.2/library\ssl_cache.c ****             {
 194:D:/fchai/work/i-cube/I-CUBE-HUAWEI/Middlewares/Third_Party/Huawei/iot_link/network/dtls/mbedtls/mbedtls-2.16.2/library\ssl_cache.c ****                 ret = 1;
 195:D:/fchai/work/i-cube/I-CUBE-HUAWEI/Middlewares/Third_Party/Huawei/iot_link/network/dtls/mbedtls/mbedtls-2.16.2/library\ssl_cache.c ****                 goto exit;
 196:D:/fchai/work/i-cube/I-CUBE-HUAWEI/Middlewares/Third_Party/Huawei/iot_link/network/dtls/mbedtls/mbedtls-2.16.2/library\ssl_cache.c ****             }
 197:D:/fchai/work/i-cube/I-CUBE-HUAWEI/Middlewares/Third_Party/Huawei/iot_link/network/dtls/mbedtls/mbedtls-2.16.2/library\ssl_cache.c **** 
 198:D:/fchai/work/i-cube/I-CUBE-HUAWEI/Middlewares/Third_Party/Huawei/iot_link/network/dtls/mbedtls/mbedtls-2.16.2/library\ssl_cache.c ****             cur = old;
 199:D:/fchai/work/i-cube/I-CUBE-HUAWEI/Middlewares/Third_Party/Huawei/iot_link/network/dtls/mbedtls/mbedtls-2.16.2/library\ssl_cache.c ****         }
 200:D:/fchai/work/i-cube/I-CUBE-HUAWEI/Middlewares/Third_Party/Huawei/iot_link/network/dtls/mbedtls/mbedtls-2.16.2/library\ssl_cache.c **** #else /* MBEDTLS_HAVE_TIME */
 201:D:/fchai/work/i-cube/I-CUBE-HUAWEI/Middlewares/Third_Party/Huawei/iot_link/network/dtls/mbedtls/mbedtls-2.16.2/library\ssl_cache.c ****         /*
 202:D:/fchai/work/i-cube/I-CUBE-HUAWEI/Middlewares/Third_Party/Huawei/iot_link/network/dtls/mbedtls/mbedtls-2.16.2/library\ssl_cache.c ****          * Reuse first entry in chain if max_entries reached,
 203:D:/fchai/work/i-cube/I-CUBE-HUAWEI/Middlewares/Third_Party/Huawei/iot_link/network/dtls/mbedtls/mbedtls-2.16.2/library\ssl_cache.c ****          * but move to last place
 204:D:/fchai/work/i-cube/I-CUBE-HUAWEI/Middlewares/Third_Party/Huawei/iot_link/network/dtls/mbedtls/mbedtls-2.16.2/library\ssl_cache.c ****          */
 205:D:/fchai/work/i-cube/I-CUBE-HUAWEI/Middlewares/Third_Party/Huawei/iot_link/network/dtls/mbedtls/mbedtls-2.16.2/library\ssl_cache.c ****         if( count >= cache->max_entries )
 206:D:/fchai/work/i-cube/I-CUBE-HUAWEI/Middlewares/Third_Party/Huawei/iot_link/network/dtls/mbedtls/mbedtls-2.16.2/library\ssl_cache.c ****         {
 207:D:/fchai/work/i-cube/I-CUBE-HUAWEI/Middlewares/Third_Party/Huawei/iot_link/network/dtls/mbedtls/mbedtls-2.16.2/library\ssl_cache.c ****             if( cache->chain == NULL )
 208:D:/fchai/work/i-cube/I-CUBE-HUAWEI/Middlewares/Third_Party/Huawei/iot_link/network/dtls/mbedtls/mbedtls-2.16.2/library\ssl_cache.c ****             {
 209:D:/fchai/work/i-cube/I-CUBE-HUAWEI/Middlewares/Third_Party/Huawei/iot_link/network/dtls/mbedtls/mbedtls-2.16.2/library\ssl_cache.c ****                 ret = 1;
 210:D:/fchai/work/i-cube/I-CUBE-HUAWEI/Middlewares/Third_Party/Huawei/iot_link/network/dtls/mbedtls/mbedtls-2.16.2/library\ssl_cache.c ****                 goto exit;
 211:D:/fchai/work/i-cube/I-CUBE-HUAWEI/Middlewares/Third_Party/Huawei/iot_link/network/dtls/mbedtls/mbedtls-2.16.2/library\ssl_cache.c ****             }
 212:D:/fchai/work/i-cube/I-CUBE-HUAWEI/Middlewares/Third_Party/Huawei/iot_link/network/dtls/mbedtls/mbedtls-2.16.2/library\ssl_cache.c **** 
 213:D:/fchai/work/i-cube/I-CUBE-HUAWEI/Middlewares/Third_Party/Huawei/iot_link/network/dtls/mbedtls/mbedtls-2.16.2/library\ssl_cache.c ****             cur = cache->chain;
 214:D:/fchai/work/i-cube/I-CUBE-HUAWEI/Middlewares/Third_Party/Huawei/iot_link/network/dtls/mbedtls/mbedtls-2.16.2/library\ssl_cache.c ****             cache->chain = cur->next;
 215:D:/fchai/work/i-cube/I-CUBE-HUAWEI/Middlewares/Third_Party/Huawei/iot_link/network/dtls/mbedtls/mbedtls-2.16.2/library\ssl_cache.c ****             cur->next = NULL;
 216:D:/fchai/work/i-cube/I-CUBE-HUAWEI/Middlewares/Third_Party/Huawei/iot_link/network/dtls/mbedtls/mbedtls-2.16.2/library\ssl_cache.c ****             prv->next = cur;
 217:D:/fchai/work/i-cube/I-CUBE-HUAWEI/Middlewares/Third_Party/Huawei/iot_link/network/dtls/mbedtls/mbedtls-2.16.2/library\ssl_cache.c ****         }
 218:D:/fchai/work/i-cube/I-CUBE-HUAWEI/Middlewares/Third_Party/Huawei/iot_link/network/dtls/mbedtls/mbedtls-2.16.2/library\ssl_cache.c **** #endif /* MBEDTLS_HAVE_TIME */
 219:D:/fchai/work/i-cube/I-CUBE-HUAWEI/Middlewares/Third_Party/Huawei/iot_link/network/dtls/mbedtls/mbedtls-2.16.2/library\ssl_cache.c ****         else
 220:D:/fchai/work/i-cube/I-CUBE-HUAWEI/Middlewares/Third_Party/Huawei/iot_link/network/dtls/mbedtls/mbedtls-2.16.2/library\ssl_cache.c ****         {
 221:D:/fchai/work/i-cube/I-CUBE-HUAWEI/Middlewares/Third_Party/Huawei/iot_link/network/dtls/mbedtls/mbedtls-2.16.2/library\ssl_cache.c ****             /*
 222:D:/fchai/work/i-cube/I-CUBE-HUAWEI/Middlewares/Third_Party/Huawei/iot_link/network/dtls/mbedtls/mbedtls-2.16.2/library\ssl_cache.c ****              * max_entries not reached, create new entry
 223:D:/fchai/work/i-cube/I-CUBE-HUAWEI/Middlewares/Third_Party/Huawei/iot_link/network/dtls/mbedtls/mbedtls-2.16.2/library\ssl_cache.c ****              */
 224:D:/fchai/work/i-cube/I-CUBE-HUAWEI/Middlewares/Third_Party/Huawei/iot_link/network/dtls/mbedtls/mbedtls-2.16.2/library\ssl_cache.c ****             cur = mbedtls_calloc( 1, sizeof(mbedtls_ssl_cache_entry) );
 225:D:/fchai/work/i-cube/I-CUBE-HUAWEI/Middlewares/Third_Party/Huawei/iot_link/network/dtls/mbedtls/mbedtls-2.16.2/library\ssl_cache.c ****             if( cur == NULL )
 226:D:/fchai/work/i-cube/I-CUBE-HUAWEI/Middlewares/Third_Party/Huawei/iot_link/network/dtls/mbedtls/mbedtls-2.16.2/library\ssl_cache.c ****             {
 227:D:/fchai/work/i-cube/I-CUBE-HUAWEI/Middlewares/Third_Party/Huawei/iot_link/network/dtls/mbedtls/mbedtls-2.16.2/library\ssl_cache.c ****                 ret = 1;
 228:D:/fchai/work/i-cube/I-CUBE-HUAWEI/Middlewares/Third_Party/Huawei/iot_link/network/dtls/mbedtls/mbedtls-2.16.2/library\ssl_cache.c ****                 goto exit;
 229:D:/fchai/work/i-cube/I-CUBE-HUAWEI/Middlewares/Third_Party/Huawei/iot_link/network/dtls/mbedtls/mbedtls-2.16.2/library\ssl_cache.c ****             }
 230:D:/fchai/work/i-cube/I-CUBE-HUAWEI/Middlewares/Third_Party/Huawei/iot_link/network/dtls/mbedtls/mbedtls-2.16.2/library\ssl_cache.c **** 
 231:D:/fchai/work/i-cube/I-CUBE-HUAWEI/Middlewares/Third_Party/Huawei/iot_link/network/dtls/mbedtls/mbedtls-2.16.2/library\ssl_cache.c ****             if( prv == NULL )
 232:D:/fchai/work/i-cube/I-CUBE-HUAWEI/Middlewares/Third_Party/Huawei/iot_link/network/dtls/mbedtls/mbedtls-2.16.2/library\ssl_cache.c ****                 cache->chain = cur;
 233:D:/fchai/work/i-cube/I-CUBE-HUAWEI/Middlewares/Third_Party/Huawei/iot_link/network/dtls/mbedtls/mbedtls-2.16.2/library\ssl_cache.c ****             else
 234:D:/fchai/work/i-cube/I-CUBE-HUAWEI/Middlewares/Third_Party/Huawei/iot_link/network/dtls/mbedtls/mbedtls-2.16.2/library\ssl_cache.c ****                 prv->next = cur;
 235:D:/fchai/work/i-cube/I-CUBE-HUAWEI/Middlewares/Third_Party/Huawei/iot_link/network/dtls/mbedtls/mbedtls-2.16.2/library\ssl_cache.c ****         }
 236:D:/fchai/work/i-cube/I-CUBE-HUAWEI/Middlewares/Third_Party/Huawei/iot_link/network/dtls/mbedtls/mbedtls-2.16.2/library\ssl_cache.c **** 
 237:D:/fchai/work/i-cube/I-CUBE-HUAWEI/Middlewares/Third_Party/Huawei/iot_link/network/dtls/mbedtls/mbedtls-2.16.2/library\ssl_cache.c **** #if defined(MBEDTLS_HAVE_TIME)
 238:D:/fchai/work/i-cube/I-CUBE-HUAWEI/Middlewares/Third_Party/Huawei/iot_link/network/dtls/mbedtls/mbedtls-2.16.2/library\ssl_cache.c ****         cur->timestamp = t;
 239:D:/fchai/work/i-cube/I-CUBE-HUAWEI/Middlewares/Third_Party/Huawei/iot_link/network/dtls/mbedtls/mbedtls-2.16.2/library\ssl_cache.c **** #endif
 240:D:/fchai/work/i-cube/I-CUBE-HUAWEI/Middlewares/Third_Party/Huawei/iot_link/network/dtls/mbedtls/mbedtls-2.16.2/library\ssl_cache.c ****     }
 241:D:/fchai/work/i-cube/I-CUBE-HUAWEI/Middlewares/Third_Party/Huawei/iot_link/network/dtls/mbedtls/mbedtls-2.16.2/library\ssl_cache.c **** 
ARM GAS  T:\msys\tmp\ccHrqdzx.s 			page 11


 242:D:/fchai/work/i-cube/I-CUBE-HUAWEI/Middlewares/Third_Party/Huawei/iot_link/network/dtls/mbedtls/mbedtls-2.16.2/library\ssl_cache.c ****     memcpy( &cur->session, session, sizeof( mbedtls_ssl_session ) );
 301              		.loc 1 242 5 is_stmt 1 view .LVU84
 302 0036 7422     		movs	r2, #116
 303 0038 3946     		mov	r1, r7
 304 003a 2046     		mov	r0, r4
 305 003c FFF7FEFF 		bl	memcpy
 306              	.LVL22:
 243:D:/fchai/work/i-cube/I-CUBE-HUAWEI/Middlewares/Third_Party/Huawei/iot_link/network/dtls/mbedtls/mbedtls-2.16.2/library\ssl_cache.c **** 
 244:D:/fchai/work/i-cube/I-CUBE-HUAWEI/Middlewares/Third_Party/Huawei/iot_link/network/dtls/mbedtls/mbedtls-2.16.2/library\ssl_cache.c **** #if defined(MBEDTLS_X509_CRT_PARSE_C)
 245:D:/fchai/work/i-cube/I-CUBE-HUAWEI/Middlewares/Third_Party/Huawei/iot_link/network/dtls/mbedtls/mbedtls-2.16.2/library\ssl_cache.c ****     /*
 246:D:/fchai/work/i-cube/I-CUBE-HUAWEI/Middlewares/Third_Party/Huawei/iot_link/network/dtls/mbedtls/mbedtls-2.16.2/library\ssl_cache.c ****      * If we're reusing an entry, free its certificate first
 247:D:/fchai/work/i-cube/I-CUBE-HUAWEI/Middlewares/Third_Party/Huawei/iot_link/network/dtls/mbedtls/mbedtls-2.16.2/library\ssl_cache.c ****      */
 248:D:/fchai/work/i-cube/I-CUBE-HUAWEI/Middlewares/Third_Party/Huawei/iot_link/network/dtls/mbedtls/mbedtls-2.16.2/library\ssl_cache.c ****     if( cur->peer_cert.p != NULL )
 307              		.loc 1 248 5 view .LVU85
 308              		.loc 1 248 23 is_stmt 0 view .LVU86
 309 0040 E06F     		ldr	r0, [r4, #124]
 310              		.loc 1 248 7 view .LVU87
 311 0042 28B1     		cbz	r0, .L35
 249:D:/fchai/work/i-cube/I-CUBE-HUAWEI/Middlewares/Third_Party/Huawei/iot_link/network/dtls/mbedtls/mbedtls-2.16.2/library\ssl_cache.c ****     {
 250:D:/fchai/work/i-cube/I-CUBE-HUAWEI/Middlewares/Third_Party/Huawei/iot_link/network/dtls/mbedtls/mbedtls-2.16.2/library\ssl_cache.c ****         mbedtls_free( cur->peer_cert.p );
 312              		.loc 1 250 9 is_stmt 1 view .LVU88
 313 0044 FFF7FEFF 		bl	mbedtls_free
 314              	.LVL23:
 251:D:/fchai/work/i-cube/I-CUBE-HUAWEI/Middlewares/Third_Party/Huawei/iot_link/network/dtls/mbedtls/mbedtls-2.16.2/library\ssl_cache.c ****         memset( &cur->peer_cert, 0, sizeof(mbedtls_x509_buf) );
 315              		.loc 1 251 9 view .LVU89
 316 0048 0023     		movs	r3, #0
 317 004a 6367     		str	r3, [r4, #116]	@ unaligned
 318 004c A367     		str	r3, [r4, #120]	@ unaligned
 319 004e E367     		str	r3, [r4, #124]	@ unaligned
 320              	.L35:
 252:D:/fchai/work/i-cube/I-CUBE-HUAWEI/Middlewares/Third_Party/Huawei/iot_link/network/dtls/mbedtls/mbedtls-2.16.2/library\ssl_cache.c ****     }
 253:D:/fchai/work/i-cube/I-CUBE-HUAWEI/Middlewares/Third_Party/Huawei/iot_link/network/dtls/mbedtls/mbedtls-2.16.2/library\ssl_cache.c **** 
 254:D:/fchai/work/i-cube/I-CUBE-HUAWEI/Middlewares/Third_Party/Huawei/iot_link/network/dtls/mbedtls/mbedtls-2.16.2/library\ssl_cache.c ****     /*
 255:D:/fchai/work/i-cube/I-CUBE-HUAWEI/Middlewares/Third_Party/Huawei/iot_link/network/dtls/mbedtls/mbedtls-2.16.2/library\ssl_cache.c ****      * Store peer certificate
 256:D:/fchai/work/i-cube/I-CUBE-HUAWEI/Middlewares/Third_Party/Huawei/iot_link/network/dtls/mbedtls/mbedtls-2.16.2/library\ssl_cache.c ****      */
 257:D:/fchai/work/i-cube/I-CUBE-HUAWEI/Middlewares/Third_Party/Huawei/iot_link/network/dtls/mbedtls/mbedtls-2.16.2/library\ssl_cache.c ****     if( session->peer_cert != NULL )
 321              		.loc 1 257 5 view .LVU90
 322              		.loc 1 257 16 is_stmt 0 view .LVU91
 323 0050 F86D     		ldr	r0, [r7, #92]
 324              		.loc 1 257 7 view .LVU92
 325 0052 78B1     		cbz	r0, .L26
 258:D:/fchai/work/i-cube/I-CUBE-HUAWEI/Middlewares/Third_Party/Huawei/iot_link/network/dtls/mbedtls/mbedtls-2.16.2/library\ssl_cache.c ****     {
 259:D:/fchai/work/i-cube/I-CUBE-HUAWEI/Middlewares/Third_Party/Huawei/iot_link/network/dtls/mbedtls/mbedtls-2.16.2/library\ssl_cache.c ****         cur->peer_cert.p = mbedtls_calloc( 1, session->peer_cert->raw.len );
 326              		.loc 1 259 9 is_stmt 1 view .LVU93
 327              		.loc 1 259 28 is_stmt 0 view .LVU94
 328 0054 4168     		ldr	r1, [r0, #4]
 329 0056 0120     		movs	r0, #1
 330 0058 FFF7FEFF 		bl	mbedtls_calloc
 331              	.LVL24:
 332              		.loc 1 259 26 view .LVU95
 333 005c E067     		str	r0, [r4, #124]
 260:D:/fchai/work/i-cube/I-CUBE-HUAWEI/Middlewares/Third_Party/Huawei/iot_link/network/dtls/mbedtls/mbedtls-2.16.2/library\ssl_cache.c ****         if( cur->peer_cert.p == NULL )
 334              		.loc 1 260 9 is_stmt 1 view .LVU96
 335              		.loc 1 260 11 is_stmt 0 view .LVU97
 336 005e E0B1     		cbz	r0, .L31
 261:D:/fchai/work/i-cube/I-CUBE-HUAWEI/Middlewares/Third_Party/Huawei/iot_link/network/dtls/mbedtls/mbedtls-2.16.2/library\ssl_cache.c ****         {
 262:D:/fchai/work/i-cube/I-CUBE-HUAWEI/Middlewares/Third_Party/Huawei/iot_link/network/dtls/mbedtls/mbedtls-2.16.2/library\ssl_cache.c ****             ret = 1;
ARM GAS  T:\msys\tmp\ccHrqdzx.s 			page 12


 263:D:/fchai/work/i-cube/I-CUBE-HUAWEI/Middlewares/Third_Party/Huawei/iot_link/network/dtls/mbedtls/mbedtls-2.16.2/library\ssl_cache.c ****             goto exit;
 264:D:/fchai/work/i-cube/I-CUBE-HUAWEI/Middlewares/Third_Party/Huawei/iot_link/network/dtls/mbedtls/mbedtls-2.16.2/library\ssl_cache.c ****         }
 265:D:/fchai/work/i-cube/I-CUBE-HUAWEI/Middlewares/Third_Party/Huawei/iot_link/network/dtls/mbedtls/mbedtls-2.16.2/library\ssl_cache.c **** 
 266:D:/fchai/work/i-cube/I-CUBE-HUAWEI/Middlewares/Third_Party/Huawei/iot_link/network/dtls/mbedtls/mbedtls-2.16.2/library\ssl_cache.c ****         memcpy( cur->peer_cert.p, session->peer_cert->raw.p,
 337              		.loc 1 266 9 is_stmt 1 view .LVU98
 338              		.loc 1 266 42 is_stmt 0 view .LVU99
 339 0060 FB6D     		ldr	r3, [r7, #92]
 340              		.loc 1 266 9 view .LVU100
 341 0062 D3E90121 		ldrd	r2, r1, [r3, #4]
 342 0066 FFF7FEFF 		bl	memcpy
 343              	.LVL25:
 267:D:/fchai/work/i-cube/I-CUBE-HUAWEI/Middlewares/Third_Party/Huawei/iot_link/network/dtls/mbedtls/mbedtls-2.16.2/library\ssl_cache.c ****                 session->peer_cert->raw.len );
 268:D:/fchai/work/i-cube/I-CUBE-HUAWEI/Middlewares/Third_Party/Huawei/iot_link/network/dtls/mbedtls/mbedtls-2.16.2/library\ssl_cache.c ****         cur->peer_cert.len = session->peer_cert->raw.len;
 344              		.loc 1 268 9 is_stmt 1 view .LVU101
 345              		.loc 1 268 53 is_stmt 0 view .LVU102
 346 006a FB6D     		ldr	r3, [r7, #92]
 269:D:/fchai/work/i-cube/I-CUBE-HUAWEI/Middlewares/Third_Party/Huawei/iot_link/network/dtls/mbedtls/mbedtls-2.16.2/library\ssl_cache.c **** 
 270:D:/fchai/work/i-cube/I-CUBE-HUAWEI/Middlewares/Third_Party/Huawei/iot_link/network/dtls/mbedtls/mbedtls-2.16.2/library\ssl_cache.c ****         cur->session.peer_cert = NULL;
 347              		.loc 1 270 32 view .LVU103
 348 006c 0020     		movs	r0, #0
 268:D:/fchai/work/i-cube/I-CUBE-HUAWEI/Middlewares/Third_Party/Huawei/iot_link/network/dtls/mbedtls/mbedtls-2.16.2/library\ssl_cache.c **** 
 349              		.loc 1 268 28 view .LVU104
 350 006e 5B68     		ldr	r3, [r3, #4]
 351 0070 A367     		str	r3, [r4, #120]
 352              		.loc 1 270 9 is_stmt 1 view .LVU105
 353              		.loc 1 270 32 is_stmt 0 view .LVU106
 354 0072 E065     		str	r0, [r4, #92]
 355              	.L26:
 271:D:/fchai/work/i-cube/I-CUBE-HUAWEI/Middlewares/Third_Party/Huawei/iot_link/network/dtls/mbedtls/mbedtls-2.16.2/library\ssl_cache.c ****     }
 272:D:/fchai/work/i-cube/I-CUBE-HUAWEI/Middlewares/Third_Party/Huawei/iot_link/network/dtls/mbedtls/mbedtls-2.16.2/library\ssl_cache.c **** #endif /* MBEDTLS_X509_CRT_PARSE_C */
 273:D:/fchai/work/i-cube/I-CUBE-HUAWEI/Middlewares/Third_Party/Huawei/iot_link/network/dtls/mbedtls/mbedtls-2.16.2/library\ssl_cache.c **** 
 274:D:/fchai/work/i-cube/I-CUBE-HUAWEI/Middlewares/Third_Party/Huawei/iot_link/network/dtls/mbedtls/mbedtls-2.16.2/library\ssl_cache.c ****     ret = 0;
 275:D:/fchai/work/i-cube/I-CUBE-HUAWEI/Middlewares/Third_Party/Huawei/iot_link/network/dtls/mbedtls/mbedtls-2.16.2/library\ssl_cache.c **** 
 276:D:/fchai/work/i-cube/I-CUBE-HUAWEI/Middlewares/Third_Party/Huawei/iot_link/network/dtls/mbedtls/mbedtls-2.16.2/library\ssl_cache.c **** exit:
 277:D:/fchai/work/i-cube/I-CUBE-HUAWEI/Middlewares/Third_Party/Huawei/iot_link/network/dtls/mbedtls/mbedtls-2.16.2/library\ssl_cache.c **** #if defined(MBEDTLS_THREADING_C)
 278:D:/fchai/work/i-cube/I-CUBE-HUAWEI/Middlewares/Third_Party/Huawei/iot_link/network/dtls/mbedtls/mbedtls-2.16.2/library\ssl_cache.c ****     if( mbedtls_mutex_unlock( &cache->mutex ) != 0 )
 279:D:/fchai/work/i-cube/I-CUBE-HUAWEI/Middlewares/Third_Party/Huawei/iot_link/network/dtls/mbedtls/mbedtls-2.16.2/library\ssl_cache.c ****         ret = 1;
 280:D:/fchai/work/i-cube/I-CUBE-HUAWEI/Middlewares/Third_Party/Huawei/iot_link/network/dtls/mbedtls/mbedtls-2.16.2/library\ssl_cache.c **** #endif
 281:D:/fchai/work/i-cube/I-CUBE-HUAWEI/Middlewares/Third_Party/Huawei/iot_link/network/dtls/mbedtls/mbedtls-2.16.2/library\ssl_cache.c **** 
 282:D:/fchai/work/i-cube/I-CUBE-HUAWEI/Middlewares/Third_Party/Huawei/iot_link/network/dtls/mbedtls/mbedtls-2.16.2/library\ssl_cache.c ****     return( ret );
 283:D:/fchai/work/i-cube/I-CUBE-HUAWEI/Middlewares/Third_Party/Huawei/iot_link/network/dtls/mbedtls/mbedtls-2.16.2/library\ssl_cache.c **** }
 356              		.loc 1 283 1 view .LVU107
 357 0074 BDE8F883 		pop	{r3, r4, r5, r6, r7, r8, r9, pc}
 358              	.LVL26:
 359              	.L58:
 184:D:/fchai/work/i-cube/I-CUBE-HUAWEI/Middlewares/Third_Party/Huawei/iot_link/network/dtls/mbedtls/mbedtls-2.16.2/library\ssl_cache.c ****     {
 360              		.loc 1 184 5 is_stmt 1 view .LVU108
 205:D:/fchai/work/i-cube/I-CUBE-HUAWEI/Middlewares/Third_Party/Huawei/iot_link/network/dtls/mbedtls/mbedtls-2.16.2/library\ssl_cache.c ****         {
 361              		.loc 1 205 9 view .LVU109
 205:D:/fchai/work/i-cube/I-CUBE-HUAWEI/Middlewares/Third_Party/Huawei/iot_link/network/dtls/mbedtls/mbedtls-2.16.2/library\ssl_cache.c ****         {
 362              		.loc 1 205 11 is_stmt 0 view .LVU110
 363 0078 D8F80820 		ldr	r2, [r8, #8]
 364 007c 9542     		cmp	r5, r2
 365 007e 0FDB     		blt	.L60
 213:D:/fchai/work/i-cube/I-CUBE-HUAWEI/Middlewares/Third_Party/Huawei/iot_link/network/dtls/mbedtls/mbedtls-2.16.2/library\ssl_cache.c ****             cache->chain = cur->next;
 366              		.loc 1 213 13 is_stmt 1 view .LVU111
 367              	.LVL27:
ARM GAS  T:\msys\tmp\ccHrqdzx.s 			page 13


 214:D:/fchai/work/i-cube/I-CUBE-HUAWEI/Middlewares/Third_Party/Huawei/iot_link/network/dtls/mbedtls/mbedtls-2.16.2/library\ssl_cache.c ****             cur->next = NULL;
 368              		.loc 1 214 13 view .LVU112
 214:D:/fchai/work/i-cube/I-CUBE-HUAWEI/Middlewares/Third_Party/Huawei/iot_link/network/dtls/mbedtls/mbedtls-2.16.2/library\ssl_cache.c ****             cur->next = NULL;
 369              		.loc 1 214 26 is_stmt 0 view .LVU113
 370 0080 D9F88020 		ldr	r2, [r9, #128]
 371 0084 C8F80020 		str	r2, [r8]
 215:D:/fchai/work/i-cube/I-CUBE-HUAWEI/Middlewares/Third_Party/Huawei/iot_link/network/dtls/mbedtls/mbedtls-2.16.2/library\ssl_cache.c ****             prv->next = cur;
 372              		.loc 1 215 13 is_stmt 1 view .LVU114
 215:D:/fchai/work/i-cube/I-CUBE-HUAWEI/Middlewares/Third_Party/Huawei/iot_link/network/dtls/mbedtls/mbedtls-2.16.2/library\ssl_cache.c ****             prv->next = cur;
 373              		.loc 1 215 23 is_stmt 0 view .LVU115
 374 0088 C9F88030 		str	r3, [r9, #128]
 216:D:/fchai/work/i-cube/I-CUBE-HUAWEI/Middlewares/Third_Party/Huawei/iot_link/network/dtls/mbedtls/mbedtls-2.16.2/library\ssl_cache.c ****         }
 375              		.loc 1 216 13 is_stmt 1 view .LVU116
 216:D:/fchai/work/i-cube/I-CUBE-HUAWEI/Middlewares/Third_Party/Huawei/iot_link/network/dtls/mbedtls/mbedtls-2.16.2/library\ssl_cache.c ****         }
 376              		.loc 1 216 23 is_stmt 0 view .LVU117
 377 008c C4F88090 		str	r9, [r4, #128]
 378 0090 4C46     		mov	r4, r9
 379              	.LVL28:
 216:D:/fchai/work/i-cube/I-CUBE-HUAWEI/Middlewares/Third_Party/Huawei/iot_link/network/dtls/mbedtls/mbedtls-2.16.2/library\ssl_cache.c ****         }
 380              		.loc 1 216 23 view .LVU118
 381 0092 D0E7     		b	.L28
 382              	.L34:
 383              	.LVL29:
 384              	.L27:
 184:D:/fchai/work/i-cube/I-CUBE-HUAWEI/Middlewares/Third_Party/Huawei/iot_link/network/dtls/mbedtls/mbedtls-2.16.2/library\ssl_cache.c ****     {
 385              		.loc 1 184 5 is_stmt 1 view .LVU119
 205:D:/fchai/work/i-cube/I-CUBE-HUAWEI/Middlewares/Third_Party/Huawei/iot_link/network/dtls/mbedtls/mbedtls-2.16.2/library\ssl_cache.c ****         {
 386              		.loc 1 205 9 view .LVU120
 205:D:/fchai/work/i-cube/I-CUBE-HUAWEI/Middlewares/Third_Party/Huawei/iot_link/network/dtls/mbedtls/mbedtls-2.16.2/library\ssl_cache.c ****         {
 387              		.loc 1 205 11 is_stmt 0 view .LVU121
 388 0094 8368     		ldr	r3, [r0, #8]
 389 0096 002B     		cmp	r3, #0
 390 0098 0CDC     		bgt	.L61
 391              	.LVL30:
 392              	.L31:
 227:D:/fchai/work/i-cube/I-CUBE-HUAWEI/Middlewares/Third_Party/Huawei/iot_link/network/dtls/mbedtls/mbedtls-2.16.2/library\ssl_cache.c ****                 goto exit;
 393              		.loc 1 227 21 view .LVU122
 394 009a 0120     		movs	r0, #1
 395              		.loc 1 283 1 view .LVU123
 396 009c BDE8F883 		pop	{r3, r4, r5, r6, r7, r8, r9, pc}
 397              	.LVL31:
 398              	.L60:
 224:D:/fchai/work/i-cube/I-CUBE-HUAWEI/Middlewares/Third_Party/Huawei/iot_link/network/dtls/mbedtls/mbedtls-2.16.2/library\ssl_cache.c ****             if( cur == NULL )
 399              		.loc 1 224 13 is_stmt 1 view .LVU124
 224:D:/fchai/work/i-cube/I-CUBE-HUAWEI/Middlewares/Third_Party/Huawei/iot_link/network/dtls/mbedtls/mbedtls-2.16.2/library\ssl_cache.c ****             if( cur == NULL )
 400              		.loc 1 224 19 is_stmt 0 view .LVU125
 401 00a0 8421     		movs	r1, #132
 402 00a2 0120     		movs	r0, #1
 403 00a4 FFF7FEFF 		bl	mbedtls_calloc
 404              	.LVL32:
 225:D:/fchai/work/i-cube/I-CUBE-HUAWEI/Middlewares/Third_Party/Huawei/iot_link/network/dtls/mbedtls/mbedtls-2.16.2/library\ssl_cache.c ****             {
 405              		.loc 1 225 13 is_stmt 1 view .LVU126
 225:D:/fchai/work/i-cube/I-CUBE-HUAWEI/Middlewares/Third_Party/Huawei/iot_link/network/dtls/mbedtls/mbedtls-2.16.2/library\ssl_cache.c ****             {
 406              		.loc 1 225 15 is_stmt 0 view .LVU127
 407 00a8 0028     		cmp	r0, #0
 408 00aa F6D0     		beq	.L31
 231:D:/fchai/work/i-cube/I-CUBE-HUAWEI/Middlewares/Third_Party/Huawei/iot_link/network/dtls/mbedtls/mbedtls-2.16.2/library\ssl_cache.c ****                 cache->chain = cur;
ARM GAS  T:\msys\tmp\ccHrqdzx.s 			page 14


 409              		.loc 1 231 13 is_stmt 1 view .LVU128
 234:D:/fchai/work/i-cube/I-CUBE-HUAWEI/Middlewares/Third_Party/Huawei/iot_link/network/dtls/mbedtls/mbedtls-2.16.2/library\ssl_cache.c ****         }
 410              		.loc 1 234 17 view .LVU129
 234:D:/fchai/work/i-cube/I-CUBE-HUAWEI/Middlewares/Third_Party/Huawei/iot_link/network/dtls/mbedtls/mbedtls-2.16.2/library\ssl_cache.c ****         }
 411              		.loc 1 234 27 is_stmt 0 view .LVU130
 412 00ac C4F88000 		str	r0, [r4, #128]
 413 00b0 0446     		mov	r4, r0
 414              	.LVL33:
 234:D:/fchai/work/i-cube/I-CUBE-HUAWEI/Middlewares/Third_Party/Huawei/iot_link/network/dtls/mbedtls/mbedtls-2.16.2/library\ssl_cache.c ****         }
 415              		.loc 1 234 27 view .LVU131
 416 00b2 C0E7     		b	.L28
 417              	.LVL34:
 418              	.L61:
 224:D:/fchai/work/i-cube/I-CUBE-HUAWEI/Middlewares/Third_Party/Huawei/iot_link/network/dtls/mbedtls/mbedtls-2.16.2/library\ssl_cache.c ****             if( cur == NULL )
 419              		.loc 1 224 13 is_stmt 1 view .LVU132
 224:D:/fchai/work/i-cube/I-CUBE-HUAWEI/Middlewares/Third_Party/Huawei/iot_link/network/dtls/mbedtls/mbedtls-2.16.2/library\ssl_cache.c ****             if( cur == NULL )
 420              		.loc 1 224 19 is_stmt 0 view .LVU133
 421 00b4 8421     		movs	r1, #132
 422              	.LVL35:
 224:D:/fchai/work/i-cube/I-CUBE-HUAWEI/Middlewares/Third_Party/Huawei/iot_link/network/dtls/mbedtls/mbedtls-2.16.2/library\ssl_cache.c ****             if( cur == NULL )
 423              		.loc 1 224 19 view .LVU134
 424 00b6 0120     		movs	r0, #1
 425              	.LVL36:
 224:D:/fchai/work/i-cube/I-CUBE-HUAWEI/Middlewares/Third_Party/Huawei/iot_link/network/dtls/mbedtls/mbedtls-2.16.2/library\ssl_cache.c ****             if( cur == NULL )
 426              		.loc 1 224 19 view .LVU135
 427 00b8 FFF7FEFF 		bl	mbedtls_calloc
 428              	.LVL37:
 225:D:/fchai/work/i-cube/I-CUBE-HUAWEI/Middlewares/Third_Party/Huawei/iot_link/network/dtls/mbedtls/mbedtls-2.16.2/library\ssl_cache.c ****             {
 429              		.loc 1 225 13 is_stmt 1 view .LVU136
 225:D:/fchai/work/i-cube/I-CUBE-HUAWEI/Middlewares/Third_Party/Huawei/iot_link/network/dtls/mbedtls/mbedtls-2.16.2/library\ssl_cache.c ****             {
 430              		.loc 1 225 15 is_stmt 0 view .LVU137
 431 00bc 0446     		mov	r4, r0
 432 00be 0028     		cmp	r0, #0
 433 00c0 EBD0     		beq	.L31
 232:D:/fchai/work/i-cube/I-CUBE-HUAWEI/Middlewares/Third_Party/Huawei/iot_link/network/dtls/mbedtls/mbedtls-2.16.2/library\ssl_cache.c ****             else
 434              		.loc 1 232 17 is_stmt 1 view .LVU138
 232:D:/fchai/work/i-cube/I-CUBE-HUAWEI/Middlewares/Third_Party/Huawei/iot_link/network/dtls/mbedtls/mbedtls-2.16.2/library\ssl_cache.c ****             else
 435              		.loc 1 232 30 is_stmt 0 view .LVU139
 436 00c2 C8F80000 		str	r0, [r8]
 437 00c6 B6E7     		b	.L28
 438              		.cfi_endproc
 439              	.LFE20:
 441              		.section	.text.mbedtls_ssl_cache_set_max_entries,"ax",%progbits
 442              		.align	1
 443              		.p2align 2,,3
 444              		.global	mbedtls_ssl_cache_set_max_entries
 445              		.syntax unified
 446              		.thumb
 447              		.thumb_func
 448              		.fpu fpv4-sp-d16
 450              	mbedtls_ssl_cache_set_max_entries:
 451              	.LVL38:
 452              	.LFB21:
 284:D:/fchai/work/i-cube/I-CUBE-HUAWEI/Middlewares/Third_Party/Huawei/iot_link/network/dtls/mbedtls/mbedtls-2.16.2/library\ssl_cache.c **** 
 285:D:/fchai/work/i-cube/I-CUBE-HUAWEI/Middlewares/Third_Party/Huawei/iot_link/network/dtls/mbedtls/mbedtls-2.16.2/library\ssl_cache.c **** #if defined(MBEDTLS_HAVE_TIME)
 286:D:/fchai/work/i-cube/I-CUBE-HUAWEI/Middlewares/Third_Party/Huawei/iot_link/network/dtls/mbedtls/mbedtls-2.16.2/library\ssl_cache.c **** void mbedtls_ssl_cache_set_timeout( mbedtls_ssl_cache_context *cache, int timeout )
 287:D:/fchai/work/i-cube/I-CUBE-HUAWEI/Middlewares/Third_Party/Huawei/iot_link/network/dtls/mbedtls/mbedtls-2.16.2/library\ssl_cache.c **** {
ARM GAS  T:\msys\tmp\ccHrqdzx.s 			page 15


 288:D:/fchai/work/i-cube/I-CUBE-HUAWEI/Middlewares/Third_Party/Huawei/iot_link/network/dtls/mbedtls/mbedtls-2.16.2/library\ssl_cache.c ****     if( timeout < 0 ) timeout = 0;
 289:D:/fchai/work/i-cube/I-CUBE-HUAWEI/Middlewares/Third_Party/Huawei/iot_link/network/dtls/mbedtls/mbedtls-2.16.2/library\ssl_cache.c **** 
 290:D:/fchai/work/i-cube/I-CUBE-HUAWEI/Middlewares/Third_Party/Huawei/iot_link/network/dtls/mbedtls/mbedtls-2.16.2/library\ssl_cache.c ****     cache->timeout = timeout;
 291:D:/fchai/work/i-cube/I-CUBE-HUAWEI/Middlewares/Third_Party/Huawei/iot_link/network/dtls/mbedtls/mbedtls-2.16.2/library\ssl_cache.c **** }
 292:D:/fchai/work/i-cube/I-CUBE-HUAWEI/Middlewares/Third_Party/Huawei/iot_link/network/dtls/mbedtls/mbedtls-2.16.2/library\ssl_cache.c **** #endif /* MBEDTLS_HAVE_TIME */
 293:D:/fchai/work/i-cube/I-CUBE-HUAWEI/Middlewares/Third_Party/Huawei/iot_link/network/dtls/mbedtls/mbedtls-2.16.2/library\ssl_cache.c **** 
 294:D:/fchai/work/i-cube/I-CUBE-HUAWEI/Middlewares/Third_Party/Huawei/iot_link/network/dtls/mbedtls/mbedtls-2.16.2/library\ssl_cache.c **** void mbedtls_ssl_cache_set_max_entries( mbedtls_ssl_cache_context *cache, int max )
 295:D:/fchai/work/i-cube/I-CUBE-HUAWEI/Middlewares/Third_Party/Huawei/iot_link/network/dtls/mbedtls/mbedtls-2.16.2/library\ssl_cache.c **** {
 453              		.loc 1 295 1 is_stmt 1 view -0
 454              		.cfi_startproc
 455              		@ args = 0, pretend = 0, frame = 0
 456              		@ frame_needed = 0, uses_anonymous_args = 0
 457              		@ link register save eliminated.
 296:D:/fchai/work/i-cube/I-CUBE-HUAWEI/Middlewares/Third_Party/Huawei/iot_link/network/dtls/mbedtls/mbedtls-2.16.2/library\ssl_cache.c ****     if( max < 0 ) max = 0;
 458              		.loc 1 296 5 view .LVU141
 297:D:/fchai/work/i-cube/I-CUBE-HUAWEI/Middlewares/Third_Party/Huawei/iot_link/network/dtls/mbedtls/mbedtls-2.16.2/library\ssl_cache.c **** 
 298:D:/fchai/work/i-cube/I-CUBE-HUAWEI/Middlewares/Third_Party/Huawei/iot_link/network/dtls/mbedtls/mbedtls-2.16.2/library\ssl_cache.c ****     cache->max_entries = max;
 459              		.loc 1 298 5 view .LVU142
 460              		.loc 1 298 24 is_stmt 0 view .LVU143
 461 0000 21EAE171 		bic	r1, r1, r1, asr #31
 462              	.LVL39:
 463              		.loc 1 298 24 view .LVU144
 464 0004 8160     		str	r1, [r0, #8]
 299:D:/fchai/work/i-cube/I-CUBE-HUAWEI/Middlewares/Third_Party/Huawei/iot_link/network/dtls/mbedtls/mbedtls-2.16.2/library\ssl_cache.c **** }
 465              		.loc 1 299 1 view .LVU145
 466 0006 7047     		bx	lr
 467              		.cfi_endproc
 468              	.LFE21:
 470              		.section	.text.mbedtls_ssl_cache_free,"ax",%progbits
 471              		.align	1
 472              		.p2align 2,,3
 473              		.global	mbedtls_ssl_cache_free
 474              		.syntax unified
 475              		.thumb
 476              		.thumb_func
 477              		.fpu fpv4-sp-d16
 479              	mbedtls_ssl_cache_free:
 480              	.LVL40:
 481              	.LFB22:
 300:D:/fchai/work/i-cube/I-CUBE-HUAWEI/Middlewares/Third_Party/Huawei/iot_link/network/dtls/mbedtls/mbedtls-2.16.2/library\ssl_cache.c **** 
 301:D:/fchai/work/i-cube/I-CUBE-HUAWEI/Middlewares/Third_Party/Huawei/iot_link/network/dtls/mbedtls/mbedtls-2.16.2/library\ssl_cache.c **** void mbedtls_ssl_cache_free( mbedtls_ssl_cache_context *cache )
 302:D:/fchai/work/i-cube/I-CUBE-HUAWEI/Middlewares/Third_Party/Huawei/iot_link/network/dtls/mbedtls/mbedtls-2.16.2/library\ssl_cache.c **** {
 482              		.loc 1 302 1 is_stmt 1 view -0
 483              		.cfi_startproc
 484              		@ args = 0, pretend = 0, frame = 0
 485              		@ frame_needed = 0, uses_anonymous_args = 0
 303:D:/fchai/work/i-cube/I-CUBE-HUAWEI/Middlewares/Third_Party/Huawei/iot_link/network/dtls/mbedtls/mbedtls-2.16.2/library\ssl_cache.c ****     mbedtls_ssl_cache_entry *cur, *prv;
 486              		.loc 1 303 5 view .LVU147
 304:D:/fchai/work/i-cube/I-CUBE-HUAWEI/Middlewares/Third_Party/Huawei/iot_link/network/dtls/mbedtls/mbedtls-2.16.2/library\ssl_cache.c **** 
 305:D:/fchai/work/i-cube/I-CUBE-HUAWEI/Middlewares/Third_Party/Huawei/iot_link/network/dtls/mbedtls/mbedtls-2.16.2/library\ssl_cache.c ****     cur = cache->chain;
 487              		.loc 1 305 5 view .LVU148
 302:D:/fchai/work/i-cube/I-CUBE-HUAWEI/Middlewares/Third_Party/Huawei/iot_link/network/dtls/mbedtls/mbedtls-2.16.2/library\ssl_cache.c ****     mbedtls_ssl_cache_entry *cur, *prv;
 488              		.loc 1 302 1 is_stmt 0 view .LVU149
 489 0000 70B5     		push	{r4, r5, r6, lr}
 490              	.LCFI2:
 491              		.cfi_def_cfa_offset 16
 492              		.cfi_offset 4, -16
ARM GAS  T:\msys\tmp\ccHrqdzx.s 			page 16


 493              		.cfi_offset 5, -12
 494              		.cfi_offset 6, -8
 495              		.cfi_offset 14, -4
 496              		.loc 1 305 9 view .LVU150
 497 0002 0468     		ldr	r4, [r0]
 498              	.LVL41:
 306:D:/fchai/work/i-cube/I-CUBE-HUAWEI/Middlewares/Third_Party/Huawei/iot_link/network/dtls/mbedtls/mbedtls-2.16.2/library\ssl_cache.c **** 
 307:D:/fchai/work/i-cube/I-CUBE-HUAWEI/Middlewares/Third_Party/Huawei/iot_link/network/dtls/mbedtls/mbedtls-2.16.2/library\ssl_cache.c ****     while( cur != NULL )
 499              		.loc 1 307 5 is_stmt 1 view .LVU151
 500              		.loc 1 307 10 view .LVU152
 302:D:/fchai/work/i-cube/I-CUBE-HUAWEI/Middlewares/Third_Party/Huawei/iot_link/network/dtls/mbedtls/mbedtls-2.16.2/library\ssl_cache.c ****     mbedtls_ssl_cache_entry *cur, *prv;
 501              		.loc 1 302 1 is_stmt 0 view .LVU153
 502 0004 0646     		mov	r6, r0
 503              		.loc 1 307 10 view .LVU154
 504 0006 6CB1     		cbz	r4, .L64
 505              	.LVL42:
 506              	.L65:
 308:D:/fchai/work/i-cube/I-CUBE-HUAWEI/Middlewares/Third_Party/Huawei/iot_link/network/dtls/mbedtls/mbedtls-2.16.2/library\ssl_cache.c ****     {
 309:D:/fchai/work/i-cube/I-CUBE-HUAWEI/Middlewares/Third_Party/Huawei/iot_link/network/dtls/mbedtls/mbedtls-2.16.2/library\ssl_cache.c ****         prv = cur;
 507              		.loc 1 309 9 is_stmt 1 view .LVU155
 310:D:/fchai/work/i-cube/I-CUBE-HUAWEI/Middlewares/Third_Party/Huawei/iot_link/network/dtls/mbedtls/mbedtls-2.16.2/library\ssl_cache.c ****         cur = cur->next;
 508              		.loc 1 310 9 view .LVU156
 509 0008 2546     		mov	r5, r4
 311:D:/fchai/work/i-cube/I-CUBE-HUAWEI/Middlewares/Third_Party/Huawei/iot_link/network/dtls/mbedtls/mbedtls-2.16.2/library\ssl_cache.c **** 
 312:D:/fchai/work/i-cube/I-CUBE-HUAWEI/Middlewares/Third_Party/Huawei/iot_link/network/dtls/mbedtls/mbedtls-2.16.2/library\ssl_cache.c ****         mbedtls_ssl_session_free( &prv->session );
 510              		.loc 1 312 9 is_stmt 0 view .LVU157
 511 000a 2046     		mov	r0, r4
 310:D:/fchai/work/i-cube/I-CUBE-HUAWEI/Middlewares/Third_Party/Huawei/iot_link/network/dtls/mbedtls/mbedtls-2.16.2/library\ssl_cache.c ****         cur = cur->next;
 512              		.loc 1 310 13 view .LVU158
 513 000c D4F88040 		ldr	r4, [r4, #128]
 514              	.LVL43:
 515              		.loc 1 312 9 is_stmt 1 view .LVU159
 516 0010 FFF7FEFF 		bl	mbedtls_ssl_session_free
 517              	.LVL44:
 313:D:/fchai/work/i-cube/I-CUBE-HUAWEI/Middlewares/Third_Party/Huawei/iot_link/network/dtls/mbedtls/mbedtls-2.16.2/library\ssl_cache.c **** 
 314:D:/fchai/work/i-cube/I-CUBE-HUAWEI/Middlewares/Third_Party/Huawei/iot_link/network/dtls/mbedtls/mbedtls-2.16.2/library\ssl_cache.c **** #if defined(MBEDTLS_X509_CRT_PARSE_C)
 315:D:/fchai/work/i-cube/I-CUBE-HUAWEI/Middlewares/Third_Party/Huawei/iot_link/network/dtls/mbedtls/mbedtls-2.16.2/library\ssl_cache.c ****         mbedtls_free( prv->peer_cert.p );
 518              		.loc 1 315 9 view .LVU160
 519 0014 E86F     		ldr	r0, [r5, #124]
 520 0016 FFF7FEFF 		bl	mbedtls_free
 521              	.LVL45:
 316:D:/fchai/work/i-cube/I-CUBE-HUAWEI/Middlewares/Third_Party/Huawei/iot_link/network/dtls/mbedtls/mbedtls-2.16.2/library\ssl_cache.c **** #endif /* MBEDTLS_X509_CRT_PARSE_C */
 317:D:/fchai/work/i-cube/I-CUBE-HUAWEI/Middlewares/Third_Party/Huawei/iot_link/network/dtls/mbedtls/mbedtls-2.16.2/library\ssl_cache.c **** 
 318:D:/fchai/work/i-cube/I-CUBE-HUAWEI/Middlewares/Third_Party/Huawei/iot_link/network/dtls/mbedtls/mbedtls-2.16.2/library\ssl_cache.c ****         mbedtls_free( prv );
 522              		.loc 1 318 9 view .LVU161
 523 001a 2846     		mov	r0, r5
 524 001c FFF7FEFF 		bl	mbedtls_free
 525              	.LVL46:
 307:D:/fchai/work/i-cube/I-CUBE-HUAWEI/Middlewares/Third_Party/Huawei/iot_link/network/dtls/mbedtls/mbedtls-2.16.2/library\ssl_cache.c ****     {
 526              		.loc 1 307 10 view .LVU162
 527 0020 002C     		cmp	r4, #0
 528 0022 F1D1     		bne	.L65
 529              	.LVL47:
 530              	.L64:
 319:D:/fchai/work/i-cube/I-CUBE-HUAWEI/Middlewares/Third_Party/Huawei/iot_link/network/dtls/mbedtls/mbedtls-2.16.2/library\ssl_cache.c ****     }
 320:D:/fchai/work/i-cube/I-CUBE-HUAWEI/Middlewares/Third_Party/Huawei/iot_link/network/dtls/mbedtls/mbedtls-2.16.2/library\ssl_cache.c **** 
 321:D:/fchai/work/i-cube/I-CUBE-HUAWEI/Middlewares/Third_Party/Huawei/iot_link/network/dtls/mbedtls/mbedtls-2.16.2/library\ssl_cache.c **** #if defined(MBEDTLS_THREADING_C)
ARM GAS  T:\msys\tmp\ccHrqdzx.s 			page 17


 322:D:/fchai/work/i-cube/I-CUBE-HUAWEI/Middlewares/Third_Party/Huawei/iot_link/network/dtls/mbedtls/mbedtls-2.16.2/library\ssl_cache.c ****     mbedtls_mutex_free( &cache->mutex );
 323:D:/fchai/work/i-cube/I-CUBE-HUAWEI/Middlewares/Third_Party/Huawei/iot_link/network/dtls/mbedtls/mbedtls-2.16.2/library\ssl_cache.c **** #endif
 324:D:/fchai/work/i-cube/I-CUBE-HUAWEI/Middlewares/Third_Party/Huawei/iot_link/network/dtls/mbedtls/mbedtls-2.16.2/library\ssl_cache.c ****     cache->chain = NULL;
 531              		.loc 1 324 5 view .LVU163
 532              		.loc 1 324 18 is_stmt 0 view .LVU164
 533 0024 0023     		movs	r3, #0
 534 0026 3360     		str	r3, [r6]
 325:D:/fchai/work/i-cube/I-CUBE-HUAWEI/Middlewares/Third_Party/Huawei/iot_link/network/dtls/mbedtls/mbedtls-2.16.2/library\ssl_cache.c **** }
 535              		.loc 1 325 1 view .LVU165
 536 0028 70BD     		pop	{r4, r5, r6, pc}
 537              		.loc 1 325 1 view .LVU166
 538              		.cfi_endproc
 539              	.LFE22:
 541 002a 00BF     		.text
 542              	.Letext0:
 543              		.file 2 "t:\\msys\\3rd\\gcc-arm-none-eabi-9-2020-q2-update-win32\\arm-none-eabi\\include\\machine\
 544              		.file 3 "t:\\msys\\3rd\\gcc-arm-none-eabi-9-2020-q2-update-win32\\lib\\gcc\\arm-none-eabi\\9.3.1\\
 545              		.file 4 "t:\\msys\\3rd\\gcc-arm-none-eabi-9-2020-q2-update-win32\\arm-none-eabi\\include\\sys\\_ty
 546              		.file 5 "t:\\msys\\3rd\\gcc-arm-none-eabi-9-2020-q2-update-win32\\arm-none-eabi\\include\\sys\\ree
 547              		.file 6 "t:\\msys\\3rd\\gcc-arm-none-eabi-9-2020-q2-update-win32\\arm-none-eabi\\include\\sys\\loc
 548              		.file 7 "t:\\msys\\3rd\\gcc-arm-none-eabi-9-2020-q2-update-win32\\arm-none-eabi\\include\\sys\\_st
 549              		.file 8 "t:\\msys\\3rd\\gcc-arm-none-eabi-9-2020-q2-update-win32\\arm-none-eabi\\include\\stdlib.h
 550              		.file 9 "t:\\msys\\3rd\\gcc-arm-none-eabi-9-2020-q2-update-win32\\arm-none-eabi\\include\\time.h"
 551              		.file 10 "D:/fchai/work/i-cube/I-CUBE-HUAWEI/Middlewares/Third_Party/Huawei/iot_link/network/dtls/
 552              		.file 11 "D:/fchai/work/i-cube/I-CUBE-HUAWEI/Middlewares/Third_Party/Huawei/iot_link/network/dtls/
 553              		.file 12 "D:/fchai/work/i-cube/I-CUBE-HUAWEI/Middlewares/Third_Party/Huawei/iot_link/network/dtls/
 554              		.file 13 "D:/fchai/work/i-cube/I-CUBE-HUAWEI/Middlewares/Third_Party/Huawei/iot_link/network/dtls/
 555              		.file 14 "D:/fchai/work/i-cube/I-CUBE-HUAWEI/Middlewares/Third_Party/Huawei/iot_link/network/dtls/
 556              		.file 15 "D:/fchai/work/i-cube/I-CUBE-HUAWEI/Middlewares/Third_Party/Huawei/iot_link/network/dtls/
 557              		.file 16 "D:/fchai/work/i-cube/I-CUBE-HUAWEI/Middlewares/Third_Party/Huawei/iot_link/network/dtls/
 558              		.file 17 "D:/fchai/work/i-cube/I-CUBE-HUAWEI/Middlewares/Third_Party/Huawei/iot_link/network/dtls/
 559              		.file 18 "<built-in>"
ARM GAS  T:\msys\tmp\ccHrqdzx.s 			page 18


DEFINED SYMBOLS
                            *ABS*:00000000 ssl_cache.c
T:\msys\tmp\ccHrqdzx.s:18     .text.mbedtls_ssl_cache_init:00000000 $t
T:\msys\tmp\ccHrqdzx.s:27     .text.mbedtls_ssl_cache_init:00000000 mbedtls_ssl_cache_init
T:\msys\tmp\ccHrqdzx.s:51     .text.mbedtls_ssl_cache_init:00000010 $d
T:\msys\tmp\ccHrqdzx.s:56     .text.mbedtls_ssl_cache_get:00000000 $t
T:\msys\tmp\ccHrqdzx.s:64     .text.mbedtls_ssl_cache_get:00000000 mbedtls_ssl_cache_get
T:\msys\tmp\ccHrqdzx.s:222    .text.mbedtls_ssl_cache_set:00000000 $t
T:\msys\tmp\ccHrqdzx.s:230    .text.mbedtls_ssl_cache_set:00000000 mbedtls_ssl_cache_set
T:\msys\tmp\ccHrqdzx.s:442    .text.mbedtls_ssl_cache_set_max_entries:00000000 $t
T:\msys\tmp\ccHrqdzx.s:450    .text.mbedtls_ssl_cache_set_max_entries:00000000 mbedtls_ssl_cache_set_max_entries
T:\msys\tmp\ccHrqdzx.s:471    .text.mbedtls_ssl_cache_free:00000000 $t
T:\msys\tmp\ccHrqdzx.s:479    .text.mbedtls_ssl_cache_free:00000000 mbedtls_ssl_cache_free

UNDEFINED SYMBOLS
memcmp
mbedtls_calloc
mbedtls_x509_crt_init
mbedtls_x509_crt_parse
mbedtls_free
memcpy
mbedtls_ssl_session_free
