ARM GAS  T:\msys\tmp\ccPoNjWJ.s 			page 1


   1              		.cpu cortex-m4
   2              		.eabi_attribute 27, 1
   3              		.eabi_attribute 28, 1
   4              		.eabi_attribute 20, 1
   5              		.eabi_attribute 21, 1
   6              		.eabi_attribute 23, 3
   7              		.eabi_attribute 24, 1
   8              		.eabi_attribute 25, 1
   9              		.eabi_attribute 26, 1
  10              		.eabi_attribute 30, 2
  11              		.eabi_attribute 34, 1
  12              		.eabi_attribute 18, 4
  13              		.file	"entropy_hardware_poll.c"
  14              		.text
  15              	.Ltext0:
  16              		.cfi_sections	.debug_frame
  17              		.section	.text.mbedtls_hardware_poll,"ax",%progbits
  18              		.align	1
  19              		.p2align 2,,3
  20              		.global	mbedtls_hardware_poll
  21              		.arch armv7e-m
  22              		.syntax unified
  23              		.thumb
  24              		.thumb_func
  25              		.fpu fpv4-sp-d16
  27              	mbedtls_hardware_poll:
  28              	.LVL0:
  29              	.LFB0:
  30              		.file 1 "D:/fchai/work/i-cube/I-CUBE-HUAWEI/Middlewares/Third_Party/Huawei/iot_link/network/dtls/m
   1:D:/fchai/work/i-cube/I-CUBE-HUAWEI/Middlewares/Third_Party/Huawei/iot_link/network/dtls/mbedtls/mbedtls_port\entropy_hardware_poll.c **** /*----------------------------------------------------------------------------
   2:D:/fchai/work/i-cube/I-CUBE-HUAWEI/Middlewares/Third_Party/Huawei/iot_link/network/dtls/mbedtls/mbedtls_port\entropy_hardware_poll.c ****  * Copyright (c) <2016-2018>, <Huawei Technologies Co., Ltd>
   3:D:/fchai/work/i-cube/I-CUBE-HUAWEI/Middlewares/Third_Party/Huawei/iot_link/network/dtls/mbedtls/mbedtls_port\entropy_hardware_poll.c ****  * All rights reserved.
   4:D:/fchai/work/i-cube/I-CUBE-HUAWEI/Middlewares/Third_Party/Huawei/iot_link/network/dtls/mbedtls/mbedtls_port\entropy_hardware_poll.c ****  * Redistribution and use in source and binary forms, with or without modification,
   5:D:/fchai/work/i-cube/I-CUBE-HUAWEI/Middlewares/Third_Party/Huawei/iot_link/network/dtls/mbedtls/mbedtls_port\entropy_hardware_poll.c ****  * are permitted provided that the following conditions are met:
   6:D:/fchai/work/i-cube/I-CUBE-HUAWEI/Middlewares/Third_Party/Huawei/iot_link/network/dtls/mbedtls/mbedtls_port\entropy_hardware_poll.c ****  * 1. Redistributions of source code must retain the above copyright notice, this list of
   7:D:/fchai/work/i-cube/I-CUBE-HUAWEI/Middlewares/Third_Party/Huawei/iot_link/network/dtls/mbedtls/mbedtls_port\entropy_hardware_poll.c ****  * conditions and the following disclaimer.
   8:D:/fchai/work/i-cube/I-CUBE-HUAWEI/Middlewares/Third_Party/Huawei/iot_link/network/dtls/mbedtls/mbedtls_port\entropy_hardware_poll.c ****  * 2. Redistributions in binary form must reproduce the above copyright notice, this list
   9:D:/fchai/work/i-cube/I-CUBE-HUAWEI/Middlewares/Third_Party/Huawei/iot_link/network/dtls/mbedtls/mbedtls_port\entropy_hardware_poll.c ****  * of conditions and the following disclaimer in the documentation and/or other materials
  10:D:/fchai/work/i-cube/I-CUBE-HUAWEI/Middlewares/Third_Party/Huawei/iot_link/network/dtls/mbedtls/mbedtls_port\entropy_hardware_poll.c ****  * provided with the distribution.
  11:D:/fchai/work/i-cube/I-CUBE-HUAWEI/Middlewares/Third_Party/Huawei/iot_link/network/dtls/mbedtls/mbedtls_port\entropy_hardware_poll.c ****  * 3. Neither the name of the copyright holder nor the names of its contributors may be used
  12:D:/fchai/work/i-cube/I-CUBE-HUAWEI/Middlewares/Third_Party/Huawei/iot_link/network/dtls/mbedtls/mbedtls_port\entropy_hardware_poll.c ****  * to endorse or promote products derived from this software without specific prior written
  13:D:/fchai/work/i-cube/I-CUBE-HUAWEI/Middlewares/Third_Party/Huawei/iot_link/network/dtls/mbedtls/mbedtls_port\entropy_hardware_poll.c ****  * permission.
  14:D:/fchai/work/i-cube/I-CUBE-HUAWEI/Middlewares/Third_Party/Huawei/iot_link/network/dtls/mbedtls/mbedtls_port\entropy_hardware_poll.c ****  * THIS SOFTWARE IS PROVIDED BY THE COPYRIGHT HOLDERS AND CONTRIBUTORS
  15:D:/fchai/work/i-cube/I-CUBE-HUAWEI/Middlewares/Third_Party/Huawei/iot_link/network/dtls/mbedtls/mbedtls_port\entropy_hardware_poll.c ****  * "AS IS" AND ANY EXPRESS OR IMPLIED WARRANTIES, INCLUDING, BUT NOT LIMITED TO,
  16:D:/fchai/work/i-cube/I-CUBE-HUAWEI/Middlewares/Third_Party/Huawei/iot_link/network/dtls/mbedtls/mbedtls_port\entropy_hardware_poll.c ****  * THE IMPLIED WARRANTIES OF MERCHANTABILITY AND FITNESS FOR A PARTICULAR
  17:D:/fchai/work/i-cube/I-CUBE-HUAWEI/Middlewares/Third_Party/Huawei/iot_link/network/dtls/mbedtls/mbedtls_port\entropy_hardware_poll.c ****  * PURPOSE ARE DISCLAIMED. IN NO EVENT SHALL THE COPYRIGHT HOLDER OR
  18:D:/fchai/work/i-cube/I-CUBE-HUAWEI/Middlewares/Third_Party/Huawei/iot_link/network/dtls/mbedtls/mbedtls_port\entropy_hardware_poll.c ****  * CONTRIBUTORS BE LIABLE FOR ANY DIRECT, INDIRECT, INCIDENTAL, SPECIAL,
  19:D:/fchai/work/i-cube/I-CUBE-HUAWEI/Middlewares/Third_Party/Huawei/iot_link/network/dtls/mbedtls/mbedtls_port\entropy_hardware_poll.c ****  * EXEMPLARY, OR CONSEQUENTIAL DAMAGES (INCLUDING, BUT NOT LIMITED TO,
  20:D:/fchai/work/i-cube/I-CUBE-HUAWEI/Middlewares/Third_Party/Huawei/iot_link/network/dtls/mbedtls/mbedtls_port\entropy_hardware_poll.c ****  * PROCUREMENT OF SUBSTITUTE GOODS OR SERVICES; LOSS OF USE, DATA, OR PROFITS;
  21:D:/fchai/work/i-cube/I-CUBE-HUAWEI/Middlewares/Third_Party/Huawei/iot_link/network/dtls/mbedtls/mbedtls_port\entropy_hardware_poll.c ****  * OR BUSINESS INTERRUPTION) HOWEVER CAUSED AND ON ANY THEORY OF LIABILITY,
  22:D:/fchai/work/i-cube/I-CUBE-HUAWEI/Middlewares/Third_Party/Huawei/iot_link/network/dtls/mbedtls/mbedtls_port\entropy_hardware_poll.c ****  * WHETHER IN CONTRACT, STRICT LIABILITY, OR TORT (INCLUDING NEGLIGENCE OR
  23:D:/fchai/work/i-cube/I-CUBE-HUAWEI/Middlewares/Third_Party/Huawei/iot_link/network/dtls/mbedtls/mbedtls_port\entropy_hardware_poll.c ****  * OTHERWISE) ARISING IN ANY WAY OUT OF THE USE OF THIS SOFTWARE, EVEN IF
  24:D:/fchai/work/i-cube/I-CUBE-HUAWEI/Middlewares/Third_Party/Huawei/iot_link/network/dtls/mbedtls/mbedtls_port\entropy_hardware_poll.c ****  * ADVISED OF THE POSSIBILITY OF SUCH DAMAGE.
  25:D:/fchai/work/i-cube/I-CUBE-HUAWEI/Middlewares/Third_Party/Huawei/iot_link/network/dtls/mbedtls/mbedtls_port\entropy_hardware_poll.c ****  *---------------------------------------------------------------------------*/
  26:D:/fchai/work/i-cube/I-CUBE-HUAWEI/Middlewares/Third_Party/Huawei/iot_link/network/dtls/mbedtls/mbedtls_port\entropy_hardware_poll.c **** /*----------------------------------------------------------------------------
  27:D:/fchai/work/i-cube/I-CUBE-HUAWEI/Middlewares/Third_Party/Huawei/iot_link/network/dtls/mbedtls/mbedtls_port\entropy_hardware_poll.c ****  * Notice of Export Control Law
  28:D:/fchai/work/i-cube/I-CUBE-HUAWEI/Middlewares/Third_Party/Huawei/iot_link/network/dtls/mbedtls/mbedtls_port\entropy_hardware_poll.c ****  * ===============================================
ARM GAS  T:\msys\tmp\ccPoNjWJ.s 			page 2


  29:D:/fchai/work/i-cube/I-CUBE-HUAWEI/Middlewares/Third_Party/Huawei/iot_link/network/dtls/mbedtls/mbedtls_port\entropy_hardware_poll.c ****  * Huawei LiteOS may be subject to applicable export control laws and regulations, which might
  30:D:/fchai/work/i-cube/I-CUBE-HUAWEI/Middlewares/Third_Party/Huawei/iot_link/network/dtls/mbedtls/mbedtls_port\entropy_hardware_poll.c ****  * include those applicable to Huawei LiteOS of U.S. and the country in which you are located.
  31:D:/fchai/work/i-cube/I-CUBE-HUAWEI/Middlewares/Third_Party/Huawei/iot_link/network/dtls/mbedtls/mbedtls_port\entropy_hardware_poll.c ****  * Import, export and usage of Huawei LiteOS in any manner by you shall be in compliance with such
  32:D:/fchai/work/i-cube/I-CUBE-HUAWEI/Middlewares/Third_Party/Huawei/iot_link/network/dtls/mbedtls/mbedtls_port\entropy_hardware_poll.c ****  * applicable export control laws and regulations.
  33:D:/fchai/work/i-cube/I-CUBE-HUAWEI/Middlewares/Third_Party/Huawei/iot_link/network/dtls/mbedtls/mbedtls_port\entropy_hardware_poll.c ****  *---------------------------------------------------------------------------*/
  34:D:/fchai/work/i-cube/I-CUBE-HUAWEI/Middlewares/Third_Party/Huawei/iot_link/network/dtls/mbedtls/mbedtls_port\entropy_hardware_poll.c **** 
  35:D:/fchai/work/i-cube/I-CUBE-HUAWEI/Middlewares/Third_Party/Huawei/iot_link/network/dtls/mbedtls/mbedtls_port\entropy_hardware_poll.c **** 
  36:D:/fchai/work/i-cube/I-CUBE-HUAWEI/Middlewares/Third_Party/Huawei/iot_link/network/dtls/mbedtls/mbedtls_port\entropy_hardware_poll.c **** #include "mbedtls/entropy.h"
  37:D:/fchai/work/i-cube/I-CUBE-HUAWEI/Middlewares/Third_Party/Huawei/iot_link/network/dtls/mbedtls/mbedtls_port\entropy_hardware_poll.c **** 
  38:D:/fchai/work/i-cube/I-CUBE-HUAWEI/Middlewares/Third_Party/Huawei/iot_link/network/dtls/mbedtls/mbedtls_port\entropy_hardware_poll.c **** #include <link_misc.h>
  39:D:/fchai/work/i-cube/I-CUBE-HUAWEI/Middlewares/Third_Party/Huawei/iot_link/network/dtls/mbedtls/mbedtls_port\entropy_hardware_poll.c **** 
  40:D:/fchai/work/i-cube/I-CUBE-HUAWEI/Middlewares/Third_Party/Huawei/iot_link/network/dtls/mbedtls/mbedtls_port\entropy_hardware_poll.c **** int mbedtls_hardware_poll(void *data,
  41:D:/fchai/work/i-cube/I-CUBE-HUAWEI/Middlewares/Third_Party/Huawei/iot_link/network/dtls/mbedtls/mbedtls_port\entropy_hardware_poll.c ****                           unsigned char *output, size_t len, size_t *olen);
  42:D:/fchai/work/i-cube/I-CUBE-HUAWEI/Middlewares/Third_Party/Huawei/iot_link/network/dtls/mbedtls/mbedtls_port\entropy_hardware_poll.c **** int mbedtls_hardware_poll(void *data,
  43:D:/fchai/work/i-cube/I-CUBE-HUAWEI/Middlewares/Third_Party/Huawei/iot_link/network/dtls/mbedtls/mbedtls_port\entropy_hardware_poll.c ****                           unsigned char *output, size_t len, size_t *olen)
  44:D:/fchai/work/i-cube/I-CUBE-HUAWEI/Middlewares/Third_Party/Huawei/iot_link/network/dtls/mbedtls/mbedtls_port\entropy_hardware_poll.c **** {
  31              		.loc 1 44 1 view -0
  32              		.cfi_startproc
  33              		@ args = 0, pretend = 0, frame = 0
  34              		@ frame_needed = 0, uses_anonymous_args = 0
  45:D:/fchai/work/i-cube/I-CUBE-HUAWEI/Middlewares/Third_Party/Huawei/iot_link/network/dtls/mbedtls/mbedtls_port\entropy_hardware_poll.c ****     ((void)data);
  35              		.loc 1 45 5 view .LVU1
  46:D:/fchai/work/i-cube/I-CUBE-HUAWEI/Middlewares/Third_Party/Huawei/iot_link/network/dtls/mbedtls/mbedtls_port\entropy_hardware_poll.c ****     *olen = 0;
  36              		.loc 1 46 5 view .LVU2
  44:D:/fchai/work/i-cube/I-CUBE-HUAWEI/Middlewares/Third_Party/Huawei/iot_link/network/dtls/mbedtls/mbedtls_port\entropy_hardware_poll.c ****     ((void)data);
  37              		.loc 1 44 1 is_stmt 0 view .LVU3
  38 0000 38B5     		push	{r3, r4, r5, lr}
  39              	.LCFI0:
  40              		.cfi_def_cfa_offset 16
  41              		.cfi_offset 3, -16
  42              		.cfi_offset 4, -12
  43              		.cfi_offset 5, -8
  44              		.cfi_offset 14, -4
  44:D:/fchai/work/i-cube/I-CUBE-HUAWEI/Middlewares/Third_Party/Huawei/iot_link/network/dtls/mbedtls/mbedtls_port\entropy_hardware_poll.c ****     ((void)data);
  45              		.loc 1 44 1 view .LVU4
  46 0002 1C46     		mov	r4, r3
  47              		.loc 1 46 11 view .LVU5
  48 0004 0023     		movs	r3, #0
  49              	.LVL1:
  47:D:/fchai/work/i-cube/I-CUBE-HUAWEI/Middlewares/Third_Party/Huawei/iot_link/network/dtls/mbedtls/mbedtls_port\entropy_hardware_poll.c ****     if (0 != link_random(output, len))
  50              		.loc 1 47 14 view .LVU6
  51 0006 0846     		mov	r0, r1
  52              	.LVL2:
  46:D:/fchai/work/i-cube/I-CUBE-HUAWEI/Middlewares/Third_Party/Huawei/iot_link/network/dtls/mbedtls/mbedtls_port\entropy_hardware_poll.c ****     *olen = 0;
  53              		.loc 1 46 11 view .LVU7
  54 0008 2360     		str	r3, [r4]
  55              		.loc 1 47 5 is_stmt 1 view .LVU8
  56              		.loc 1 47 14 is_stmt 0 view .LVU9
  57 000a 1146     		mov	r1, r2
  58              	.LVL3:
  44:D:/fchai/work/i-cube/I-CUBE-HUAWEI/Middlewares/Third_Party/Huawei/iot_link/network/dtls/mbedtls/mbedtls_port\entropy_hardware_poll.c ****     ((void)data);
  59              		.loc 1 44 1 view .LVU10
  60 000c 1546     		mov	r5, r2
  61              		.loc 1 47 14 view .LVU11
  62 000e FFF7FEFF 		bl	link_random
  63              	.LVL4:
  64              		.loc 1 47 8 view .LVU12
ARM GAS  T:\msys\tmp\ccPoNjWJ.s 			page 3


  65 0012 08B9     		cbnz	r0, .L3
  48:D:/fchai/work/i-cube/I-CUBE-HUAWEI/Middlewares/Third_Party/Huawei/iot_link/network/dtls/mbedtls/mbedtls_port\entropy_hardware_poll.c ****         return MBEDTLS_ERR_ENTROPY_SOURCE_FAILED;
  49:D:/fchai/work/i-cube/I-CUBE-HUAWEI/Middlewares/Third_Party/Huawei/iot_link/network/dtls/mbedtls/mbedtls_port\entropy_hardware_poll.c ****     *olen = len;
  66              		.loc 1 49 5 is_stmt 1 view .LVU13
  67              		.loc 1 49 11 is_stmt 0 view .LVU14
  68 0014 2560     		str	r5, [r4]
  50:D:/fchai/work/i-cube/I-CUBE-HUAWEI/Middlewares/Third_Party/Huawei/iot_link/network/dtls/mbedtls/mbedtls_port\entropy_hardware_poll.c ****     return 0;
  69              		.loc 1 50 5 is_stmt 1 view .LVU15
  51:D:/fchai/work/i-cube/I-CUBE-HUAWEI/Middlewares/Third_Party/Huawei/iot_link/network/dtls/mbedtls/mbedtls_port\entropy_hardware_poll.c **** }
  70              		.loc 1 51 1 is_stmt 0 view .LVU16
  71 0016 38BD     		pop	{r3, r4, r5, pc}
  72              	.LVL5:
  73              	.L3:
  48:D:/fchai/work/i-cube/I-CUBE-HUAWEI/Middlewares/Third_Party/Huawei/iot_link/network/dtls/mbedtls/mbedtls_port\entropy_hardware_poll.c ****         return MBEDTLS_ERR_ENTROPY_SOURCE_FAILED;
  74              		.loc 1 48 16 view .LVU17
  75 0018 6FF03B00 		mvn	r0, #59
  76              		.loc 1 51 1 view .LVU18
  77 001c 38BD     		pop	{r3, r4, r5, pc}
  78              		.loc 1 51 1 view .LVU19
  79              		.cfi_endproc
  80              	.LFE0:
  82 001e 00BF     		.text
  83              	.Letext0:
  84              		.file 2 "t:\\msys\\3rd\\gcc-arm-none-eabi-9-2020-q2-update-win32\\lib\\gcc\\arm-none-eabi\\9.3.1\\
  85              		.file 3 "D:/fchai/work/i-cube/I-CUBE-HUAWEI/Middlewares/Third_Party/Huawei/iot_link/link_misc/link
ARM GAS  T:\msys\tmp\ccPoNjWJ.s 			page 4


DEFINED SYMBOLS
                            *ABS*:00000000 entropy_hardware_poll.c
T:\msys\tmp\ccPoNjWJ.s:18     .text.mbedtls_hardware_poll:00000000 $t
T:\msys\tmp\ccPoNjWJ.s:27     .text.mbedtls_hardware_poll:00000000 mbedtls_hardware_poll

UNDEFINED SYMBOLS
link_random
