ARM GAS  T:\msys\tmp\cc02UP6E.s 			page 1


   1              		.cpu cortex-m4
   2              		.eabi_attribute 27, 1
   3              		.eabi_attribute 28, 1
   4              		.eabi_attribute 20, 1
   5              		.eabi_attribute 21, 1
   6              		.eabi_attribute 23, 3
   7              		.eabi_attribute 24, 1
   8              		.eabi_attribute 25, 1
   9              		.eabi_attribute 26, 1
  10              		.eabi_attribute 30, 2
  11              		.eabi_attribute 34, 1
  12              		.eabi_attribute 18, 4
  13              		.file	"oc_mqtt_event.c"
  14              		.text
  15              	.Ltext0:
  16              		.cfi_sections	.debug_frame
  17              		.section	.rodata.oc_mqtt_report_version.str1.4,"aMS",%progbits,1
  18              		.align	2
  19              	.LC0:
  20 0000 73775F76 		.ascii	"sw_version\000"
  20      65727369 
  20      6F6E00
  21 000b 00       		.align	2
  22              	.LC1:
  23 000c 66775F76 		.ascii	"fw_version\000"
  23      65727369 
  23      6F6E00
  24 0017 00       		.align	2
  25              	.LC2:
  26 0018 76657273 		.ascii	"version_report\000"
  26      696F6E5F 
  26      7265706F 
  26      727400
  27 0027 00       		.align	2
  28              	.LC3:
  29 0028 246F7461 		.ascii	"$ota\000"
  29      00
  30              		.section	.text.oc_mqtt_report_version,"ax",%progbits
  31              		.align	1
  32              		.p2align 2,,3
  33              		.global	oc_mqtt_report_version
  34              		.arch armv7e-m
  35              		.syntax unified
  36              		.thumb
  37              		.thumb_func
  38              		.fpu fpv4-sp-d16
  40              	oc_mqtt_report_version:
  41              	.LVL0:
  42              	.LFB0:
  43              		.file 1 "D:/fchai/work/i-cube/I-CUBE-HUAWEI/Middlewares/Third_Party/Huawei/iot_link/oc/oc_mqtt/oc_
   1:D:/fchai/work/i-cube/I-CUBE-HUAWEI/Middlewares/Third_Party/Huawei/iot_link/oc/oc_mqtt/oc_mqtt_profile_v5\oc_mqtt_event.c **** /*----------------------------------------------------------------------------
   2:D:/fchai/work/i-cube/I-CUBE-HUAWEI/Middlewares/Third_Party/Huawei/iot_link/oc/oc_mqtt/oc_mqtt_profile_v5\oc_mqtt_event.c ****  * Copyright (c) <2018>, <Huawei Technologies Co., Ltd>
   3:D:/fchai/work/i-cube/I-CUBE-HUAWEI/Middlewares/Third_Party/Huawei/iot_link/oc/oc_mqtt/oc_mqtt_profile_v5\oc_mqtt_event.c ****  * All rights reserved.
   4:D:/fchai/work/i-cube/I-CUBE-HUAWEI/Middlewares/Third_Party/Huawei/iot_link/oc/oc_mqtt/oc_mqtt_profile_v5\oc_mqtt_event.c ****  * Redistribution and use in source and binary forms, with or without modification,
   5:D:/fchai/work/i-cube/I-CUBE-HUAWEI/Middlewares/Third_Party/Huawei/iot_link/oc/oc_mqtt/oc_mqtt_profile_v5\oc_mqtt_event.c ****  * are permitted provided that the following conditions are met:
   6:D:/fchai/work/i-cube/I-CUBE-HUAWEI/Middlewares/Third_Party/Huawei/iot_link/oc/oc_mqtt/oc_mqtt_profile_v5\oc_mqtt_event.c ****  * 1. Redistributions of source code must retain the above copyright notice, this list of
   7:D:/fchai/work/i-cube/I-CUBE-HUAWEI/Middlewares/Third_Party/Huawei/iot_link/oc/oc_mqtt/oc_mqtt_profile_v5\oc_mqtt_event.c ****  * conditions and the following disclaimer.
ARM GAS  T:\msys\tmp\cc02UP6E.s 			page 2


   8:D:/fchai/work/i-cube/I-CUBE-HUAWEI/Middlewares/Third_Party/Huawei/iot_link/oc/oc_mqtt/oc_mqtt_profile_v5\oc_mqtt_event.c ****  * 2. Redistributions in binary form must reproduce the above copyright notice, this list
   9:D:/fchai/work/i-cube/I-CUBE-HUAWEI/Middlewares/Third_Party/Huawei/iot_link/oc/oc_mqtt/oc_mqtt_profile_v5\oc_mqtt_event.c ****  * of conditions and the following disclaimer in the documentation and/or other materials
  10:D:/fchai/work/i-cube/I-CUBE-HUAWEI/Middlewares/Third_Party/Huawei/iot_link/oc/oc_mqtt/oc_mqtt_profile_v5\oc_mqtt_event.c ****  * provided with the distribution.
  11:D:/fchai/work/i-cube/I-CUBE-HUAWEI/Middlewares/Third_Party/Huawei/iot_link/oc/oc_mqtt/oc_mqtt_profile_v5\oc_mqtt_event.c ****  * 3. Neither the name of the copyright holder nor the names of its contributors may be used
  12:D:/fchai/work/i-cube/I-CUBE-HUAWEI/Middlewares/Third_Party/Huawei/iot_link/oc/oc_mqtt/oc_mqtt_profile_v5\oc_mqtt_event.c ****  * to endorse or promote products derived from this software without specific prior written
  13:D:/fchai/work/i-cube/I-CUBE-HUAWEI/Middlewares/Third_Party/Huawei/iot_link/oc/oc_mqtt/oc_mqtt_profile_v5\oc_mqtt_event.c ****  * permission.
  14:D:/fchai/work/i-cube/I-CUBE-HUAWEI/Middlewares/Third_Party/Huawei/iot_link/oc/oc_mqtt/oc_mqtt_profile_v5\oc_mqtt_event.c ****  * THIS SOFTWARE IS PROVIDED BY THE COPYRIGHT HOLDERS AND CONTRIBUTORS
  15:D:/fchai/work/i-cube/I-CUBE-HUAWEI/Middlewares/Third_Party/Huawei/iot_link/oc/oc_mqtt/oc_mqtt_profile_v5\oc_mqtt_event.c ****  * "AS IS" AND ANY EXPRESS OR IMPLIED WARRANTIES, INCLUDING, BUT NOT LIMITED TO,
  16:D:/fchai/work/i-cube/I-CUBE-HUAWEI/Middlewares/Third_Party/Huawei/iot_link/oc/oc_mqtt/oc_mqtt_profile_v5\oc_mqtt_event.c ****  * THE IMPLIED WARRANTIES OF MERCHANTABILITY AND FITNESS FOR A PARTICULAR
  17:D:/fchai/work/i-cube/I-CUBE-HUAWEI/Middlewares/Third_Party/Huawei/iot_link/oc/oc_mqtt/oc_mqtt_profile_v5\oc_mqtt_event.c ****  * PURPOSE ARE DISCLAIMED. IN NO EVENT SHALL THE COPYRIGHT HOLDER OR
  18:D:/fchai/work/i-cube/I-CUBE-HUAWEI/Middlewares/Third_Party/Huawei/iot_link/oc/oc_mqtt/oc_mqtt_profile_v5\oc_mqtt_event.c ****  * CONTRIBUTORS BE LIABLE FOR ANY DIRECT, INDIRECT, INCIDENTAL, SPECIAL,
  19:D:/fchai/work/i-cube/I-CUBE-HUAWEI/Middlewares/Third_Party/Huawei/iot_link/oc/oc_mqtt/oc_mqtt_profile_v5\oc_mqtt_event.c ****  * EXEMPLARY, OR CONSEQUENTIAL DAMAGES (INCLUDING, BUT NOT LIMITED TO,
  20:D:/fchai/work/i-cube/I-CUBE-HUAWEI/Middlewares/Third_Party/Huawei/iot_link/oc/oc_mqtt/oc_mqtt_profile_v5\oc_mqtt_event.c ****  * PROCUREMENT OF SUBSTITUTE GOODS OR SERVICES; LOSS OF USE, DATA, OR PROFITS;
  21:D:/fchai/work/i-cube/I-CUBE-HUAWEI/Middlewares/Third_Party/Huawei/iot_link/oc/oc_mqtt/oc_mqtt_profile_v5\oc_mqtt_event.c ****  * OR BUSINESS INTERRUPTION) HOWEVER CAUSED AND ON ANY THEORY OF LIABILITY,
  22:D:/fchai/work/i-cube/I-CUBE-HUAWEI/Middlewares/Third_Party/Huawei/iot_link/oc/oc_mqtt/oc_mqtt_profile_v5\oc_mqtt_event.c ****  * WHETHER IN CONTRACT, STRICT LIABILITY, OR TORT (INCLUDING NEGLIGENCE OR
  23:D:/fchai/work/i-cube/I-CUBE-HUAWEI/Middlewares/Third_Party/Huawei/iot_link/oc/oc_mqtt/oc_mqtt_profile_v5\oc_mqtt_event.c ****  * OTHERWISE) ARISING IN ANY WAY OUT OF THE USE OF THIS SOFTWARE, EVEN IF
  24:D:/fchai/work/i-cube/I-CUBE-HUAWEI/Middlewares/Third_Party/Huawei/iot_link/oc/oc_mqtt/oc_mqtt_profile_v5\oc_mqtt_event.c ****  * ADVISED OF THE POSSIBILITY OF SUCH DAMAGE.
  25:D:/fchai/work/i-cube/I-CUBE-HUAWEI/Middlewares/Third_Party/Huawei/iot_link/oc/oc_mqtt/oc_mqtt_profile_v5\oc_mqtt_event.c ****  *---------------------------------------------------------------------------*/
  26:D:/fchai/work/i-cube/I-CUBE-HUAWEI/Middlewares/Third_Party/Huawei/iot_link/oc/oc_mqtt/oc_mqtt_profile_v5\oc_mqtt_event.c **** /*----------------------------------------------------------------------------
  27:D:/fchai/work/i-cube/I-CUBE-HUAWEI/Middlewares/Third_Party/Huawei/iot_link/oc/oc_mqtt/oc_mqtt_profile_v5\oc_mqtt_event.c ****  * Notice of Export Control Law
  28:D:/fchai/work/i-cube/I-CUBE-HUAWEI/Middlewares/Third_Party/Huawei/iot_link/oc/oc_mqtt/oc_mqtt_profile_v5\oc_mqtt_event.c ****  * ===============================================
  29:D:/fchai/work/i-cube/I-CUBE-HUAWEI/Middlewares/Third_Party/Huawei/iot_link/oc/oc_mqtt/oc_mqtt_profile_v5\oc_mqtt_event.c ****  * Huawei LiteOS may be subject to applicable export control laws and regulations, which might
  30:D:/fchai/work/i-cube/I-CUBE-HUAWEI/Middlewares/Third_Party/Huawei/iot_link/oc/oc_mqtt/oc_mqtt_profile_v5\oc_mqtt_event.c ****  * include those applicable to Huawei LiteOS of U.S. and the country in which you are located.
  31:D:/fchai/work/i-cube/I-CUBE-HUAWEI/Middlewares/Third_Party/Huawei/iot_link/oc/oc_mqtt/oc_mqtt_profile_v5\oc_mqtt_event.c ****  * Import, export and usage of Huawei LiteOS in any manner by you shall be in compliance with such
  32:D:/fchai/work/i-cube/I-CUBE-HUAWEI/Middlewares/Third_Party/Huawei/iot_link/oc/oc_mqtt/oc_mqtt_profile_v5\oc_mqtt_event.c ****  * applicable export control laws and regulations.
  33:D:/fchai/work/i-cube/I-CUBE-HUAWEI/Middlewares/Third_Party/Huawei/iot_link/oc/oc_mqtt/oc_mqtt_profile_v5\oc_mqtt_event.c ****  *---------------------------------------------------------------------------*/
  34:D:/fchai/work/i-cube/I-CUBE-HUAWEI/Middlewares/Third_Party/Huawei/iot_link/oc/oc_mqtt/oc_mqtt_profile_v5\oc_mqtt_event.c **** /**
  35:D:/fchai/work/i-cube/I-CUBE-HUAWEI/Middlewares/Third_Party/Huawei/iot_link/oc/oc_mqtt/oc_mqtt_profile_v5\oc_mqtt_event.c ****  *  DATE                      INSTRUCTION
  36:D:/fchai/work/i-cube/I-CUBE-HUAWEI/Middlewares/Third_Party/Huawei/iot_link/oc/oc_mqtt/oc_mqtt_profile_v5\oc_mqtt_event.c ****  *  2020-07-21 18:43   The first version
  37:D:/fchai/work/i-cube/I-CUBE-HUAWEI/Middlewares/Third_Party/Huawei/iot_link/oc/oc_mqtt/oc_mqtt_profile_v5\oc_mqtt_event.c ****  *
  38:D:/fchai/work/i-cube/I-CUBE-HUAWEI/Middlewares/Third_Party/Huawei/iot_link/oc/oc_mqtt/oc_mqtt_profile_v5\oc_mqtt_event.c ****  */
  39:D:/fchai/work/i-cube/I-CUBE-HUAWEI/Middlewares/Third_Party/Huawei/iot_link/oc/oc_mqtt/oc_mqtt_profile_v5\oc_mqtt_event.c **** 
  40:D:/fchai/work/i-cube/I-CUBE-HUAWEI/Middlewares/Third_Party/Huawei/iot_link/oc/oc_mqtt/oc_mqtt_profile_v5\oc_mqtt_event.c **** #include <oc_mqtt_event.h>
  41:D:/fchai/work/i-cube/I-CUBE-HUAWEI/Middlewares/Third_Party/Huawei/iot_link/oc/oc_mqtt/oc_mqtt_profile_v5\oc_mqtt_event.c **** #include <oc_mqtt_profile.h>
  42:D:/fchai/work/i-cube/I-CUBE-HUAWEI/Middlewares/Third_Party/Huawei/iot_link/oc/oc_mqtt/oc_mqtt_profile_v5\oc_mqtt_event.c **** 
  43:D:/fchai/work/i-cube/I-CUBE-HUAWEI/Middlewares/Third_Party/Huawei/iot_link/oc/oc_mqtt/oc_mqtt_profile_v5\oc_mqtt_event.c **** /**
  44:D:/fchai/work/i-cube/I-CUBE-HUAWEI/Middlewares/Third_Party/Huawei/iot_link/oc/oc_mqtt/oc_mqtt_profile_v5\oc_mqtt_event.c **** Topic: $oc/devices/{device_id}/sys/events/up
  45:D:/fchai/work/i-cube/I-CUBE-HUAWEI/Middlewares/Third_Party/Huawei/iot_link/oc/oc_mqtt/oc_mqtt_profile_v5\oc_mqtt_event.c **** 数据格式：
  46:D:/fchai/work/i-cube/I-CUBE-HUAWEI/Middlewares/Third_Party/Huawei/iot_link/oc/oc_mqtt/oc_mqtt_profile_v5\oc_mqtt_event.c **** {
  47:D:/fchai/work/i-cube/I-CUBE-HUAWEI/Middlewares/Third_Party/Huawei/iot_link/oc/oc_mqtt/oc_mqtt_profile_v5\oc_mqtt_event.c ****     "object_device_id": "{object_device_id}",
  48:D:/fchai/work/i-cube/I-CUBE-HUAWEI/Middlewares/Third_Party/Huawei/iot_link/oc/oc_mqtt/oc_mqtt_profile_v5\oc_mqtt_event.c ****     "services": [{
  49:D:/fchai/work/i-cube/I-CUBE-HUAWEI/Middlewares/Third_Party/Huawei/iot_link/oc/oc_mqtt/oc_mqtt_profile_v5\oc_mqtt_event.c ****         "service_id": "$ota",
  50:D:/fchai/work/i-cube/I-CUBE-HUAWEI/Middlewares/Third_Party/Huawei/iot_link/oc/oc_mqtt/oc_mqtt_profile_v5\oc_mqtt_event.c ****         "event_type": "version_report",
  51:D:/fchai/work/i-cube/I-CUBE-HUAWEI/Middlewares/Third_Party/Huawei/iot_link/oc/oc_mqtt/oc_mqtt_profile_v5\oc_mqtt_event.c ****         "event_time": "20151212T121212Z",
  52:D:/fchai/work/i-cube/I-CUBE-HUAWEI/Middlewares/Third_Party/Huawei/iot_link/oc/oc_mqtt/oc_mqtt_profile_v5\oc_mqtt_event.c ****         "paras": {
  53:D:/fchai/work/i-cube/I-CUBE-HUAWEI/Middlewares/Third_Party/Huawei/iot_link/oc/oc_mqtt/oc_mqtt_profile_v5\oc_mqtt_event.c ****             "sw_version": "v1.0",
  54:D:/fchai/work/i-cube/I-CUBE-HUAWEI/Middlewares/Third_Party/Huawei/iot_link/oc/oc_mqtt/oc_mqtt_profile_v5\oc_mqtt_event.c ****             "fw_version": "v1.0"
  55:D:/fchai/work/i-cube/I-CUBE-HUAWEI/Middlewares/Third_Party/Huawei/iot_link/oc/oc_mqtt/oc_mqtt_profile_v5\oc_mqtt_event.c ****         }
  56:D:/fchai/work/i-cube/I-CUBE-HUAWEI/Middlewares/Third_Party/Huawei/iot_link/oc/oc_mqtt/oc_mqtt_profile_v5\oc_mqtt_event.c ****     }]
  57:D:/fchai/work/i-cube/I-CUBE-HUAWEI/Middlewares/Third_Party/Huawei/iot_link/oc/oc_mqtt/oc_mqtt_profile_v5\oc_mqtt_event.c **** }
  58:D:/fchai/work/i-cube/I-CUBE-HUAWEI/Middlewares/Third_Party/Huawei/iot_link/oc/oc_mqtt/oc_mqtt_profile_v5\oc_mqtt_event.c **** */
  59:D:/fchai/work/i-cube/I-CUBE-HUAWEI/Middlewares/Third_Party/Huawei/iot_link/oc/oc_mqtt/oc_mqtt_profile_v5\oc_mqtt_event.c **** ///< you could use this function to report the software or firmware version
  60:D:/fchai/work/i-cube/I-CUBE-HUAWEI/Middlewares/Third_Party/Huawei/iot_link/oc/oc_mqtt/oc_mqtt_profile_v5\oc_mqtt_event.c **** int oc_mqtt_report_version(const char *deviceID,const char *objectDeviceID, const char *softVersion
  61:D:/fchai/work/i-cube/I-CUBE-HUAWEI/Middlewares/Third_Party/Huawei/iot_link/oc/oc_mqtt/oc_mqtt_profile_v5\oc_mqtt_event.c **** {
  44              		.loc 1 61 1 view -0
  45              		.cfi_startproc
  46              		@ args = 0, pretend = 0, frame = 56
ARM GAS  T:\msys\tmp\cc02UP6E.s 			page 3


  47              		@ frame_needed = 0, uses_anonymous_args = 0
  62:D:/fchai/work/i-cube/I-CUBE-HUAWEI/Middlewares/Third_Party/Huawei/iot_link/oc/oc_mqtt/oc_mqtt_profile_v5\oc_mqtt_event.c ****     int ret = -1;
  48              		.loc 1 62 5 view .LVU1
  63:D:/fchai/work/i-cube/I-CUBE-HUAWEI/Middlewares/Third_Party/Huawei/iot_link/oc/oc_mqtt/oc_mqtt_profile_v5\oc_mqtt_event.c ****     oc_mqtt_profile_kv_t    firmVer;
  49              		.loc 1 63 5 view .LVU2
  64:D:/fchai/work/i-cube/I-CUBE-HUAWEI/Middlewares/Third_Party/Huawei/iot_link/oc/oc_mqtt/oc_mqtt_profile_v5\oc_mqtt_event.c ****     oc_mqtt_profile_kv_t    softVer;
  50              		.loc 1 64 5 view .LVU3
  65:D:/fchai/work/i-cube/I-CUBE-HUAWEI/Middlewares/Third_Party/Huawei/iot_link/oc/oc_mqtt/oc_mqtt_profile_v5\oc_mqtt_event.c ****     oc_mqtt_profile_kv_t *cur = NULL;
  51              		.loc 1 65 5 view .LVU4
  66:D:/fchai/work/i-cube/I-CUBE-HUAWEI/Middlewares/Third_Party/Huawei/iot_link/oc/oc_mqtt/oc_mqtt_profile_v5\oc_mqtt_event.c ****     oc_mqtt_profile_event_t event;
  52              		.loc 1 66 5 view .LVU5
  67:D:/fchai/work/i-cube/I-CUBE-HUAWEI/Middlewares/Third_Party/Huawei/iot_link/oc/oc_mqtt/oc_mqtt_profile_v5\oc_mqtt_event.c **** 
  68:D:/fchai/work/i-cube/I-CUBE-HUAWEI/Middlewares/Third_Party/Huawei/iot_link/oc/oc_mqtt/oc_mqtt_profile_v5\oc_mqtt_event.c ****     if(softVersion != NULL){
  53              		.loc 1 68 5 view .LVU6
  61:D:/fchai/work/i-cube/I-CUBE-HUAWEI/Middlewares/Third_Party/Huawei/iot_link/oc/oc_mqtt/oc_mqtt_profile_v5\oc_mqtt_event.c ****     int ret = -1;
  54              		.loc 1 61 1 is_stmt 0 view .LVU7
  55 0000 30B5     		push	{r4, r5, lr}
  56              	.LCFI0:
  57              		.cfi_def_cfa_offset 12
  58              		.cfi_offset 4, -12
  59              		.cfi_offset 5, -8
  60              		.cfi_offset 14, -4
  61 0002 8FB0     		sub	sp, sp, #60
  62              	.LCFI1:
  63              		.cfi_def_cfa_offset 72
  64              		.loc 1 68 7 view .LVU8
  65 0004 42B1     		cbz	r2, .L2
  69:D:/fchai/work/i-cube/I-CUBE-HUAWEI/Middlewares/Third_Party/Huawei/iot_link/oc/oc_mqtt/oc_mqtt_profile_v5\oc_mqtt_event.c ****         softVer.key = CN_OC_JSON_KEY_SWVERSION;
  66              		.loc 1 69 9 is_stmt 1 view .LVU9
  67              		.loc 1 69 21 is_stmt 0 view .LVU10
  68 0006 0F4D     		ldr	r5, .L12
  70:D:/fchai/work/i-cube/I-CUBE-HUAWEI/Middlewares/Third_Party/Huawei/iot_link/oc/oc_mqtt/oc_mqtt_profile_v5\oc_mqtt_event.c ****         softVer.type = EN_OC_MQTT_PROFILE_VALUE_STRING;
  71:D:/fchai/work/i-cube/I-CUBE-HUAWEI/Middlewares/Third_Party/Huawei/iot_link/oc/oc_mqtt/oc_mqtt_profile_v5\oc_mqtt_event.c ****         softVer.value = (void *)softVersion;
  69              		.loc 1 71 23 view .LVU11
  70 0008 0892     		str	r2, [sp, #32]
  70:D:/fchai/work/i-cube/I-CUBE-HUAWEI/Middlewares/Third_Party/Huawei/iot_link/oc/oc_mqtt/oc_mqtt_profile_v5\oc_mqtt_event.c ****         softVer.type = EN_OC_MQTT_PROFILE_VALUE_STRING;
  71              		.loc 1 70 22 view .LVU12
  72 000a 0424     		movs	r4, #4
  72:D:/fchai/work/i-cube/I-CUBE-HUAWEI/Middlewares/Third_Party/Huawei/iot_link/oc/oc_mqtt/oc_mqtt_profile_v5\oc_mqtt_event.c ****         softVer.nxt = cur;
  73              		.loc 1 72 21 view .LVU13
  74 000c 0022     		movs	r2, #0
  75              	.LVL1:
  76              		.loc 1 72 21 view .LVU14
  77 000e 0592     		str	r2, [sp, #20]
  69:D:/fchai/work/i-cube/I-CUBE-HUAWEI/Middlewares/Third_Party/Huawei/iot_link/oc/oc_mqtt/oc_mqtt_profile_v5\oc_mqtt_event.c ****         softVer.key = CN_OC_JSON_KEY_SWVERSION;
  78              		.loc 1 69 21 view .LVU15
  79 0010 0695     		str	r5, [sp, #24]
  70:D:/fchai/work/i-cube/I-CUBE-HUAWEI/Middlewares/Third_Party/Huawei/iot_link/oc/oc_mqtt/oc_mqtt_profile_v5\oc_mqtt_event.c ****         softVer.type = EN_OC_MQTT_PROFILE_VALUE_STRING;
  80              		.loc 1 70 9 is_stmt 1 view .LVU16
  70:D:/fchai/work/i-cube/I-CUBE-HUAWEI/Middlewares/Third_Party/Huawei/iot_link/oc/oc_mqtt/oc_mqtt_profile_v5\oc_mqtt_event.c ****         softVer.type = EN_OC_MQTT_PROFILE_VALUE_STRING;
  81              		.loc 1 70 22 is_stmt 0 view .LVU17
  82 0012 8DF81C40 		strb	r4, [sp, #28]
  71:D:/fchai/work/i-cube/I-CUBE-HUAWEI/Middlewares/Third_Party/Huawei/iot_link/oc/oc_mqtt/oc_mqtt_profile_v5\oc_mqtt_event.c ****         softVer.nxt = cur;
  83              		.loc 1 71 9 is_stmt 1 view .LVU18
  84              		.loc 1 72 9 view .LVU19
  73:D:/fchai/work/i-cube/I-CUBE-HUAWEI/Middlewares/Third_Party/Huawei/iot_link/oc/oc_mqtt/oc_mqtt_profile_v5\oc_mqtt_event.c ****         cur = &softVer;
  85              		.loc 1 73 9 view .LVU20
ARM GAS  T:\msys\tmp\cc02UP6E.s 			page 4


  86              	.LVL2:
  87              		.loc 1 73 13 is_stmt 0 view .LVU21
  88 0016 05AA     		add	r2, sp, #20
  89              	.LVL3:
  90              	.L2:
  74:D:/fchai/work/i-cube/I-CUBE-HUAWEI/Middlewares/Third_Party/Huawei/iot_link/oc/oc_mqtt/oc_mqtt_profile_v5\oc_mqtt_event.c ****     }
  75:D:/fchai/work/i-cube/I-CUBE-HUAWEI/Middlewares/Third_Party/Huawei/iot_link/oc/oc_mqtt/oc_mqtt_profile_v5\oc_mqtt_event.c **** 
  76:D:/fchai/work/i-cube/I-CUBE-HUAWEI/Middlewares/Third_Party/Huawei/iot_link/oc/oc_mqtt/oc_mqtt_profile_v5\oc_mqtt_event.c ****     if(firmVersion != NULL){
  91              		.loc 1 76 5 is_stmt 1 view .LVU22
  92              		.loc 1 76 7 is_stmt 0 view .LVU23
  93 0018 3BB1     		cbz	r3, .L3
  77:D:/fchai/work/i-cube/I-CUBE-HUAWEI/Middlewares/Third_Party/Huawei/iot_link/oc/oc_mqtt/oc_mqtt_profile_v5\oc_mqtt_event.c ****         firmVer.key =  CN_OC_JSON_KEY_FWVERSION;
  94              		.loc 1 77 9 is_stmt 1 view .LVU24
  95              		.loc 1 77 21 is_stmt 0 view .LVU25
  96 001a 0B4C     		ldr	r4, .L12+4
  78:D:/fchai/work/i-cube/I-CUBE-HUAWEI/Middlewares/Third_Party/Huawei/iot_link/oc/oc_mqtt/oc_mqtt_profile_v5\oc_mqtt_event.c ****         firmVer.type = EN_OC_MQTT_PROFILE_VALUE_STRING;
  79:D:/fchai/work/i-cube/I-CUBE-HUAWEI/Middlewares/Third_Party/Huawei/iot_link/oc/oc_mqtt/oc_mqtt_profile_v5\oc_mqtt_event.c ****         firmVer.value = (void *)firmVersion;
  80:D:/fchai/work/i-cube/I-CUBE-HUAWEI/Middlewares/Third_Party/Huawei/iot_link/oc/oc_mqtt/oc_mqtt_profile_v5\oc_mqtt_event.c ****         firmVer.nxt = cur;
  97              		.loc 1 80 21 view .LVU26
  98 001c 0192     		str	r2, [sp, #4]
  78:D:/fchai/work/i-cube/I-CUBE-HUAWEI/Middlewares/Third_Party/Huawei/iot_link/oc/oc_mqtt/oc_mqtt_profile_v5\oc_mqtt_event.c ****         firmVer.type = EN_OC_MQTT_PROFILE_VALUE_STRING;
  99              		.loc 1 78 22 view .LVU27
 100 001e 0422     		movs	r2, #4
 101              	.LVL4:
  78:D:/fchai/work/i-cube/I-CUBE-HUAWEI/Middlewares/Third_Party/Huawei/iot_link/oc/oc_mqtt/oc_mqtt_profile_v5\oc_mqtt_event.c ****         firmVer.type = EN_OC_MQTT_PROFILE_VALUE_STRING;
 102              		.loc 1 78 22 view .LVU28
 103 0020 8DF80C20 		strb	r2, [sp, #12]
  79:D:/fchai/work/i-cube/I-CUBE-HUAWEI/Middlewares/Third_Party/Huawei/iot_link/oc/oc_mqtt/oc_mqtt_profile_v5\oc_mqtt_event.c ****         firmVer.nxt = cur;
 104              		.loc 1 79 23 view .LVU29
 105 0024 0493     		str	r3, [sp, #16]
  77:D:/fchai/work/i-cube/I-CUBE-HUAWEI/Middlewares/Third_Party/Huawei/iot_link/oc/oc_mqtt/oc_mqtt_profile_v5\oc_mqtt_event.c ****         firmVer.key =  CN_OC_JSON_KEY_FWVERSION;
 106              		.loc 1 77 21 view .LVU30
 107 0026 0294     		str	r4, [sp, #8]
  78:D:/fchai/work/i-cube/I-CUBE-HUAWEI/Middlewares/Third_Party/Huawei/iot_link/oc/oc_mqtt/oc_mqtt_profile_v5\oc_mqtt_event.c ****         firmVer.type = EN_OC_MQTT_PROFILE_VALUE_STRING;
 108              		.loc 1 78 9 is_stmt 1 view .LVU31
  79:D:/fchai/work/i-cube/I-CUBE-HUAWEI/Middlewares/Third_Party/Huawei/iot_link/oc/oc_mqtt/oc_mqtt_profile_v5\oc_mqtt_event.c ****         firmVer.nxt = cur;
 109              		.loc 1 79 9 view .LVU32
 110              		.loc 1 80 9 view .LVU33
  81:D:/fchai/work/i-cube/I-CUBE-HUAWEI/Middlewares/Third_Party/Huawei/iot_link/oc/oc_mqtt/oc_mqtt_profile_v5\oc_mqtt_event.c ****         cur = &firmVer;
 111              		.loc 1 81 9 view .LVU34
 112              	.LVL5:
 113              		.loc 1 81 13 is_stmt 0 view .LVU35
 114 0028 6A44     		add	r2, sp, r2
 115              	.LVL6:
 116              	.L3:
  82:D:/fchai/work/i-cube/I-CUBE-HUAWEI/Middlewares/Third_Party/Huawei/iot_link/oc/oc_mqtt/oc_mqtt_profile_v5\oc_mqtt_event.c ****     }
  83:D:/fchai/work/i-cube/I-CUBE-HUAWEI/Middlewares/Third_Party/Huawei/iot_link/oc/oc_mqtt/oc_mqtt_profile_v5\oc_mqtt_event.c **** 
  84:D:/fchai/work/i-cube/I-CUBE-HUAWEI/Middlewares/Third_Party/Huawei/iot_link/oc/oc_mqtt/oc_mqtt_profile_v5\oc_mqtt_event.c ****     event.object_device_id = (char *)objectDeviceID;
 117              		.loc 1 84 5 is_stmt 1 view .LVU36
  85:D:/fchai/work/i-cube/I-CUBE-HUAWEI/Middlewares/Third_Party/Huawei/iot_link/oc/oc_mqtt/oc_mqtt_profile_v5\oc_mqtt_event.c ****     event.event_time = NULL;
  86:D:/fchai/work/i-cube/I-CUBE-HUAWEI/Middlewares/Third_Party/Huawei/iot_link/oc/oc_mqtt/oc_mqtt_profile_v5\oc_mqtt_event.c ****     event.event_type = CN_OC_MQTT_EVENTTYPE_VERSIONREPORT;
  87:D:/fchai/work/i-cube/I-CUBE-HUAWEI/Middlewares/Third_Party/Huawei/iot_link/oc/oc_mqtt/oc_mqtt_profile_v5\oc_mqtt_event.c ****     event.service_id = "$ota";
 118              		.loc 1 87 22 is_stmt 0 view .LVU37
 119 002a 084B     		ldr	r3, .L12+8
 120              	.LVL7:
  86:D:/fchai/work/i-cube/I-CUBE-HUAWEI/Middlewares/Third_Party/Huawei/iot_link/oc/oc_mqtt/oc_mqtt_profile_v5\oc_mqtt_event.c ****     event.service_id = "$ota";
 121              		.loc 1 86 22 view .LVU38
ARM GAS  T:\msys\tmp\cc02UP6E.s 			page 5


 122 002c 084C     		ldr	r4, .L12+12
  84:D:/fchai/work/i-cube/I-CUBE-HUAWEI/Middlewares/Third_Party/Huawei/iot_link/oc/oc_mqtt/oc_mqtt_profile_v5\oc_mqtt_event.c ****     event.event_time = NULL;
 123              		.loc 1 84 28 view .LVU39
 124 002e 0991     		str	r1, [sp, #36]
  85:D:/fchai/work/i-cube/I-CUBE-HUAWEI/Middlewares/Third_Party/Huawei/iot_link/oc/oc_mqtt/oc_mqtt_profile_v5\oc_mqtt_event.c ****     event.event_time = NULL;
 125              		.loc 1 85 5 is_stmt 1 view .LVU40
  85:D:/fchai/work/i-cube/I-CUBE-HUAWEI/Middlewares/Third_Party/Huawei/iot_link/oc/oc_mqtt/oc_mqtt_profile_v5\oc_mqtt_event.c ****     event.event_time = NULL;
 126              		.loc 1 85 22 is_stmt 0 view .LVU41
 127 0030 0025     		movs	r5, #0
  88:D:/fchai/work/i-cube/I-CUBE-HUAWEI/Middlewares/Third_Party/Huawei/iot_link/oc/oc_mqtt/oc_mqtt_profile_v5\oc_mqtt_event.c ****     event.paras = cur;
  89:D:/fchai/work/i-cube/I-CUBE-HUAWEI/Middlewares/Third_Party/Huawei/iot_link/oc/oc_mqtt/oc_mqtt_profile_v5\oc_mqtt_event.c **** 
  90:D:/fchai/work/i-cube/I-CUBE-HUAWEI/Middlewares/Third_Party/Huawei/iot_link/oc/oc_mqtt/oc_mqtt_profile_v5\oc_mqtt_event.c ****     ret = oc_mqtt_profile_reportevent((char *)deviceID, &event);
 128              		.loc 1 90 11 view .LVU42
 129 0032 09A9     		add	r1, sp, #36
 130              	.LVL8:
  85:D:/fchai/work/i-cube/I-CUBE-HUAWEI/Middlewares/Third_Party/Huawei/iot_link/oc/oc_mqtt/oc_mqtt_profile_v5\oc_mqtt_event.c ****     event.event_type = CN_OC_MQTT_EVENTTYPE_VERSIONREPORT;
 131              		.loc 1 85 22 view .LVU43
 132 0034 CDE90C52 		strd	r5, r2, [sp, #48]
  86:D:/fchai/work/i-cube/I-CUBE-HUAWEI/Middlewares/Third_Party/Huawei/iot_link/oc/oc_mqtt/oc_mqtt_profile_v5\oc_mqtt_event.c ****     event.service_id = "$ota";
 133              		.loc 1 86 5 is_stmt 1 view .LVU44
  87:D:/fchai/work/i-cube/I-CUBE-HUAWEI/Middlewares/Third_Party/Huawei/iot_link/oc/oc_mqtt/oc_mqtt_profile_v5\oc_mqtt_event.c ****     event.paras = cur;
 134              		.loc 1 87 22 is_stmt 0 view .LVU45
 135 0038 CDE90A34 		strd	r3, r4, [sp, #40]
  88:D:/fchai/work/i-cube/I-CUBE-HUAWEI/Middlewares/Third_Party/Huawei/iot_link/oc/oc_mqtt/oc_mqtt_profile_v5\oc_mqtt_event.c **** 
 136              		.loc 1 88 5 is_stmt 1 view .LVU46
 137              		.loc 1 90 5 view .LVU47
 138              		.loc 1 90 11 is_stmt 0 view .LVU48
 139 003c FFF7FEFF 		bl	oc_mqtt_profile_reportevent
 140              	.LVL9:
  91:D:/fchai/work/i-cube/I-CUBE-HUAWEI/Middlewares/Third_Party/Huawei/iot_link/oc/oc_mqtt/oc_mqtt_profile_v5\oc_mqtt_event.c **** 
  92:D:/fchai/work/i-cube/I-CUBE-HUAWEI/Middlewares/Third_Party/Huawei/iot_link/oc/oc_mqtt/oc_mqtt_profile_v5\oc_mqtt_event.c ****     return ret;
 141              		.loc 1 92 5 is_stmt 1 view .LVU49
  93:D:/fchai/work/i-cube/I-CUBE-HUAWEI/Middlewares/Third_Party/Huawei/iot_link/oc/oc_mqtt/oc_mqtt_profile_v5\oc_mqtt_event.c **** }
 142              		.loc 1 93 1 is_stmt 0 view .LVU50
 143 0040 0FB0     		add	sp, sp, #60
 144              	.LCFI2:
 145              		.cfi_def_cfa_offset 12
 146              		@ sp needed
 147 0042 30BD     		pop	{r4, r5, pc}
 148              	.L13:
 149              		.align	2
 150              	.L12:
 151 0044 00000000 		.word	.LC0
 152 0048 0C000000 		.word	.LC1
 153 004c 28000000 		.word	.LC3
 154 0050 18000000 		.word	.LC2
 155              		.cfi_endproc
 156              	.LFE0:
 158              		.section	.rodata.oc_mqtt_report_upgradeprogress.str1.4,"aMS",%progbits,1
 159              		.align	2
 160              	.LC4:
 161 0000 72657375 		.ascii	"result_code\000"
 161      6C745F63 
 161      6F646500 
 162              		.align	2
 163              	.LC5:
 164 000c 76657273 		.ascii	"version\000"
ARM GAS  T:\msys\tmp\cc02UP6E.s 			page 6


 164      696F6E00 
 165              		.align	2
 166              	.LC6:
 167 0014 70726F67 		.ascii	"progress\000"
 167      72657373 
 167      00
 168 001d 000000   		.align	2
 169              	.LC7:
 170 0020 75706772 		.ascii	"upgrade_progress_report\000"
 170      6164655F 
 170      70726F67 
 170      72657373 
 170      5F726570 
 171              		.section	.text.oc_mqtt_report_upgradeprogress,"ax",%progbits
 172              		.align	1
 173              		.p2align 2,,3
 174              		.global	oc_mqtt_report_upgradeprogress
 175              		.syntax unified
 176              		.thumb
 177              		.thumb_func
 178              		.fpu fpv4-sp-d16
 180              	oc_mqtt_report_upgradeprogress:
 181              	.LVL10:
 182              	.LFB1:
  94:D:/fchai/work/i-cube/I-CUBE-HUAWEI/Middlewares/Third_Party/Huawei/iot_link/oc/oc_mqtt/oc_mqtt_profile_v5\oc_mqtt_event.c **** 
  95:D:/fchai/work/i-cube/I-CUBE-HUAWEI/Middlewares/Third_Party/Huawei/iot_link/oc/oc_mqtt/oc_mqtt_profile_v5\oc_mqtt_event.c **** 
  96:D:/fchai/work/i-cube/I-CUBE-HUAWEI/Middlewares/Third_Party/Huawei/iot_link/oc/oc_mqtt/oc_mqtt_profile_v5\oc_mqtt_event.c **** 
  97:D:/fchai/work/i-cube/I-CUBE-HUAWEI/Middlewares/Third_Party/Huawei/iot_link/oc/oc_mqtt/oc_mqtt_profile_v5\oc_mqtt_event.c **** ///< data format
  98:D:/fchai/work/i-cube/I-CUBE-HUAWEI/Middlewares/Third_Party/Huawei/iot_link/oc/oc_mqtt/oc_mqtt_profile_v5\oc_mqtt_event.c **** //Topic: $oc/devices/{device_id}/sys/events/up
  99:D:/fchai/work/i-cube/I-CUBE-HUAWEI/Middlewares/Third_Party/Huawei/iot_link/oc/oc_mqtt/oc_mqtt_profile_v5\oc_mqtt_event.c **** //{
 100:D:/fchai/work/i-cube/I-CUBE-HUAWEI/Middlewares/Third_Party/Huawei/iot_link/oc/oc_mqtt/oc_mqtt_profile_v5\oc_mqtt_event.c **** //    "object_device_id": "{object_device_id}",
 101:D:/fchai/work/i-cube/I-CUBE-HUAWEI/Middlewares/Third_Party/Huawei/iot_link/oc/oc_mqtt/oc_mqtt_profile_v5\oc_mqtt_event.c **** //    "services": [{
 102:D:/fchai/work/i-cube/I-CUBE-HUAWEI/Middlewares/Third_Party/Huawei/iot_link/oc/oc_mqtt/oc_mqtt_profile_v5\oc_mqtt_event.c **** //        "service_id": "$ota",
 103:D:/fchai/work/i-cube/I-CUBE-HUAWEI/Middlewares/Third_Party/Huawei/iot_link/oc/oc_mqtt/oc_mqtt_profile_v5\oc_mqtt_event.c **** //        "event_type": "upgrade_progress_report",
 104:D:/fchai/work/i-cube/I-CUBE-HUAWEI/Middlewares/Third_Party/Huawei/iot_link/oc/oc_mqtt/oc_mqtt_profile_v5\oc_mqtt_event.c **** //        "event_time": "20151212T121212Z",
 105:D:/fchai/work/i-cube/I-CUBE-HUAWEI/Middlewares/Third_Party/Huawei/iot_link/oc/oc_mqtt/oc_mqtt_profile_v5\oc_mqtt_event.c **** //        "paras": {
 106:D:/fchai/work/i-cube/I-CUBE-HUAWEI/Middlewares/Third_Party/Huawei/iot_link/oc/oc_mqtt/oc_mqtt_profile_v5\oc_mqtt_event.c **** //            "result_code": 0,
 107:D:/fchai/work/i-cube/I-CUBE-HUAWEI/Middlewares/Third_Party/Huawei/iot_link/oc/oc_mqtt/oc_mqtt_profile_v5\oc_mqtt_event.c **** //            "progress": 80,
 108:D:/fchai/work/i-cube/I-CUBE-HUAWEI/Middlewares/Third_Party/Huawei/iot_link/oc/oc_mqtt/oc_mqtt_profile_v5\oc_mqtt_event.c **** //            "version": "V2.0",
 109:D:/fchai/work/i-cube/I-CUBE-HUAWEI/Middlewares/Third_Party/Huawei/iot_link/oc/oc_mqtt/oc_mqtt_profile_v5\oc_mqtt_event.c **** //            "description": "upgrade processing"
 110:D:/fchai/work/i-cube/I-CUBE-HUAWEI/Middlewares/Third_Party/Huawei/iot_link/oc/oc_mqtt/oc_mqtt_profile_v5\oc_mqtt_event.c **** //        }
 111:D:/fchai/work/i-cube/I-CUBE-HUAWEI/Middlewares/Third_Party/Huawei/iot_link/oc/oc_mqtt/oc_mqtt_profile_v5\oc_mqtt_event.c **** //    }]
 112:D:/fchai/work/i-cube/I-CUBE-HUAWEI/Middlewares/Third_Party/Huawei/iot_link/oc/oc_mqtt/oc_mqtt_profile_v5\oc_mqtt_event.c **** //}
 113:D:/fchai/work/i-cube/I-CUBE-HUAWEI/Middlewares/Third_Party/Huawei/iot_link/oc/oc_mqtt/oc_mqtt_profile_v5\oc_mqtt_event.c **** int oc_mqtt_report_upgradeprogress(const char *deviceID, const char *objectDeviceID, int upgraderet
 114:D:/fchai/work/i-cube/I-CUBE-HUAWEI/Middlewares/Third_Party/Huawei/iot_link/oc/oc_mqtt/oc_mqtt_profile_v5\oc_mqtt_event.c **** {
 183              		.loc 1 114 1 is_stmt 1 view -0
 184              		.cfi_startproc
 185              		@ args = 4, pretend = 0, frame = 80
 186              		@ frame_needed = 0, uses_anonymous_args = 0
 115:D:/fchai/work/i-cube/I-CUBE-HUAWEI/Middlewares/Third_Party/Huawei/iot_link/oc/oc_mqtt/oc_mqtt_profile_v5\oc_mqtt_event.c ****     int ret = -1;
 187              		.loc 1 115 5 view .LVU52
 116:D:/fchai/work/i-cube/I-CUBE-HUAWEI/Middlewares/Third_Party/Huawei/iot_link/oc/oc_mqtt/oc_mqtt_profile_v5\oc_mqtt_event.c ****     oc_mqtt_profile_kv_t    prog;
 188              		.loc 1 116 5 view .LVU53
 117:D:/fchai/work/i-cube/I-CUBE-HUAWEI/Middlewares/Third_Party/Huawei/iot_link/oc/oc_mqtt/oc_mqtt_profile_v5\oc_mqtt_event.c ****     oc_mqtt_profile_kv_t    resultCode;
 189              		.loc 1 117 5 view .LVU54
 118:D:/fchai/work/i-cube/I-CUBE-HUAWEI/Middlewares/Third_Party/Huawei/iot_link/oc/oc_mqtt/oc_mqtt_profile_v5\oc_mqtt_event.c ****     oc_mqtt_profile_kv_t    ver;
 190              		.loc 1 118 5 view .LVU55
ARM GAS  T:\msys\tmp\cc02UP6E.s 			page 7


 119:D:/fchai/work/i-cube/I-CUBE-HUAWEI/Middlewares/Third_Party/Huawei/iot_link/oc/oc_mqtt/oc_mqtt_profile_v5\oc_mqtt_event.c ****     oc_mqtt_profile_kv_t   *cur = NULL;
 191              		.loc 1 119 5 view .LVU56
 120:D:/fchai/work/i-cube/I-CUBE-HUAWEI/Middlewares/Third_Party/Huawei/iot_link/oc/oc_mqtt/oc_mqtt_profile_v5\oc_mqtt_event.c ****     oc_mqtt_profile_event_t event;
 192              		.loc 1 120 5 view .LVU57
 121:D:/fchai/work/i-cube/I-CUBE-HUAWEI/Middlewares/Third_Party/Huawei/iot_link/oc/oc_mqtt/oc_mqtt_profile_v5\oc_mqtt_event.c **** 
 122:D:/fchai/work/i-cube/I-CUBE-HUAWEI/Middlewares/Third_Party/Huawei/iot_link/oc/oc_mqtt/oc_mqtt_profile_v5\oc_mqtt_event.c ****     resultCode.key = CN_OC_JSON_KEY_RESULTCODE;
 193              		.loc 1 122 5 view .LVU58
 114:D:/fchai/work/i-cube/I-CUBE-HUAWEI/Middlewares/Third_Party/Huawei/iot_link/oc/oc_mqtt/oc_mqtt_profile_v5\oc_mqtt_event.c ****     int ret = -1;
 194              		.loc 1 114 1 is_stmt 0 view .LVU59
 195 0000 30B5     		push	{r4, r5, lr}
 196              	.LCFI3:
 197              		.cfi_def_cfa_offset 12
 198              		.cfi_offset 4, -12
 199              		.cfi_offset 5, -8
 200              		.cfi_offset 14, -4
 201 0002 95B0     		sub	sp, sp, #84
 202              	.LCFI4:
 203              		.cfi_def_cfa_offset 96
 204              		.loc 1 122 20 view .LVU60
 205 0004 164D     		ldr	r5, .L19
 114:D:/fchai/work/i-cube/I-CUBE-HUAWEI/Middlewares/Third_Party/Huawei/iot_link/oc/oc_mqtt/oc_mqtt_profile_v5\oc_mqtt_event.c ****     int ret = -1;
 206              		.loc 1 114 1 view .LVU61
 207 0006 0192     		str	r2, [sp, #4]
 123:D:/fchai/work/i-cube/I-CUBE-HUAWEI/Middlewares/Third_Party/Huawei/iot_link/oc/oc_mqtt/oc_mqtt_profile_v5\oc_mqtt_event.c ****     resultCode.type = EN_OC_MQTT_PROFILE_VALUE_INT;
 124:D:/fchai/work/i-cube/I-CUBE-HUAWEI/Middlewares/Third_Party/Huawei/iot_link/oc/oc_mqtt/oc_mqtt_profile_v5\oc_mqtt_event.c ****     resultCode.value = &upgraderet;
 208              		.loc 1 124 22 view .LVU62
 209 0008 01AC     		add	r4, sp, #4
 123:D:/fchai/work/i-cube/I-CUBE-HUAWEI/Middlewares/Third_Party/Huawei/iot_link/oc/oc_mqtt/oc_mqtt_profile_v5\oc_mqtt_event.c ****     resultCode.type = EN_OC_MQTT_PROFILE_VALUE_INT;
 210              		.loc 1 123 21 view .LVU63
 211 000a 0022     		movs	r2, #0
 212              	.LVL11:
 122:D:/fchai/work/i-cube/I-CUBE-HUAWEI/Middlewares/Third_Party/Huawei/iot_link/oc/oc_mqtt/oc_mqtt_profile_v5\oc_mqtt_event.c ****     resultCode.type = EN_OC_MQTT_PROFILE_VALUE_INT;
 213              		.loc 1 122 20 view .LVU64
 214 000c 0895     		str	r5, [sp, #32]
 123:D:/fchai/work/i-cube/I-CUBE-HUAWEI/Middlewares/Third_Party/Huawei/iot_link/oc/oc_mqtt/oc_mqtt_profile_v5\oc_mqtt_event.c ****     resultCode.type = EN_OC_MQTT_PROFILE_VALUE_INT;
 215              		.loc 1 123 5 is_stmt 1 view .LVU65
 123:D:/fchai/work/i-cube/I-CUBE-HUAWEI/Middlewares/Third_Party/Huawei/iot_link/oc/oc_mqtt/oc_mqtt_profile_v5\oc_mqtt_event.c ****     resultCode.type = EN_OC_MQTT_PROFILE_VALUE_INT;
 216              		.loc 1 123 21 is_stmt 0 view .LVU66
 217 000e 8DF82420 		strb	r2, [sp, #36]
 218              		.loc 1 124 5 is_stmt 1 view .LVU67
 125:D:/fchai/work/i-cube/I-CUBE-HUAWEI/Middlewares/Third_Party/Huawei/iot_link/oc/oc_mqtt/oc_mqtt_profile_v5\oc_mqtt_event.c ****     resultCode.nxt = cur;
 219              		.loc 1 125 20 is_stmt 0 view .LVU68
 220 0012 0792     		str	r2, [sp, #28]
 124:D:/fchai/work/i-cube/I-CUBE-HUAWEI/Middlewares/Third_Party/Huawei/iot_link/oc/oc_mqtt/oc_mqtt_profile_v5\oc_mqtt_event.c ****     resultCode.nxt = cur;
 221              		.loc 1 124 22 view .LVU69
 222 0014 0A94     		str	r4, [sp, #40]
 223              		.loc 1 125 5 is_stmt 1 view .LVU70
 126:D:/fchai/work/i-cube/I-CUBE-HUAWEI/Middlewares/Third_Party/Huawei/iot_link/oc/oc_mqtt/oc_mqtt_profile_v5\oc_mqtt_event.c ****     cur = &resultCode;
 224              		.loc 1 126 5 view .LVU71
 225              	.LVL12:
 127:D:/fchai/work/i-cube/I-CUBE-HUAWEI/Middlewares/Third_Party/Huawei/iot_link/oc/oc_mqtt/oc_mqtt_profile_v5\oc_mqtt_event.c **** 
 128:D:/fchai/work/i-cube/I-CUBE-HUAWEI/Middlewares/Third_Party/Huawei/iot_link/oc/oc_mqtt/oc_mqtt_profile_v5\oc_mqtt_event.c ****     if(version != NULL){
 226              		.loc 1 128 5 view .LVU72
 227              		.loc 1 128 7 is_stmt 0 view .LVU73
 228 0016 03B3     		cbz	r3, .L17
 129:D:/fchai/work/i-cube/I-CUBE-HUAWEI/Middlewares/Third_Party/Huawei/iot_link/oc/oc_mqtt/oc_mqtt_profile_v5\oc_mqtt_event.c ****         ver.key =  CN_OC_JSON_KEY_VERSION;
 229              		.loc 1 129 9 is_stmt 1 view .LVU74
ARM GAS  T:\msys\tmp\cc02UP6E.s 			page 8


 230              		.loc 1 129 17 is_stmt 0 view .LVU75
 231 0018 124C     		ldr	r4, .L19+4
 232              	.LVL13:
 130:D:/fchai/work/i-cube/I-CUBE-HUAWEI/Middlewares/Third_Party/Huawei/iot_link/oc/oc_mqtt/oc_mqtt_profile_v5\oc_mqtt_event.c ****         ver.type = EN_OC_MQTT_PROFILE_VALUE_INT;
 233              		.loc 1 130 18 view .LVU76
 234 001a 8DF83420 		strb	r2, [sp, #52]
 131:D:/fchai/work/i-cube/I-CUBE-HUAWEI/Middlewares/Third_Party/Huawei/iot_link/oc/oc_mqtt/oc_mqtt_profile_v5\oc_mqtt_event.c ****         ver.value =(void *) version;
 132:D:/fchai/work/i-cube/I-CUBE-HUAWEI/Middlewares/Third_Party/Huawei/iot_link/oc/oc_mqtt/oc_mqtt_profile_v5\oc_mqtt_event.c ****         ver.nxt = cur;
 235              		.loc 1 132 17 view .LVU77
 236 001e 07AA     		add	r2, sp, #28
 237              	.LVL14:
 238              		.loc 1 132 17 view .LVU78
 239 0020 CDE90B24 		strd	r2, r4, [sp, #44]
 133:D:/fchai/work/i-cube/I-CUBE-HUAWEI/Middlewares/Third_Party/Huawei/iot_link/oc/oc_mqtt/oc_mqtt_profile_v5\oc_mqtt_event.c ****         cur = &ver;
 240              		.loc 1 133 9 is_stmt 1 view .LVU79
 241              	.LVL15:
 131:D:/fchai/work/i-cube/I-CUBE-HUAWEI/Middlewares/Third_Party/Huawei/iot_link/oc/oc_mqtt/oc_mqtt_profile_v5\oc_mqtt_event.c ****         ver.value =(void *) version;
 242              		.loc 1 131 19 is_stmt 0 view .LVU80
 243 0024 0E93     		str	r3, [sp, #56]
 244              		.loc 1 133 13 view .LVU81
 245 0026 0BAB     		add	r3, sp, #44
 246              	.LVL16:
 247              	.L15:
 134:D:/fchai/work/i-cube/I-CUBE-HUAWEI/Middlewares/Third_Party/Huawei/iot_link/oc/oc_mqtt/oc_mqtt_profile_v5\oc_mqtt_event.c ****     }
 135:D:/fchai/work/i-cube/I-CUBE-HUAWEI/Middlewares/Third_Party/Huawei/iot_link/oc/oc_mqtt/oc_mqtt_profile_v5\oc_mqtt_event.c **** 
 136:D:/fchai/work/i-cube/I-CUBE-HUAWEI/Middlewares/Third_Party/Huawei/iot_link/oc/oc_mqtt/oc_mqtt_profile_v5\oc_mqtt_event.c ****     if((progress >= 0)&& (progress <= 100)){
 248              		.loc 1 136 5 is_stmt 1 view .LVU82
 249              		.loc 1 136 7 is_stmt 0 view .LVU83
 250 0028 189A     		ldr	r2, [sp, #96]
 251 002a 642A     		cmp	r2, #100
 252 002c 08D8     		bhi	.L16
 137:D:/fchai/work/i-cube/I-CUBE-HUAWEI/Middlewares/Third_Party/Huawei/iot_link/oc/oc_mqtt/oc_mqtt_profile_v5\oc_mqtt_event.c ****         prog.key =  CN_OC_JSON_KEY_PROGRESS;
 253              		.loc 1 137 9 is_stmt 1 view .LVU84
 254              		.loc 1 137 18 is_stmt 0 view .LVU85
 255 002e 0E4A     		ldr	r2, .L19+8
 138:D:/fchai/work/i-cube/I-CUBE-HUAWEI/Middlewares/Third_Party/Huawei/iot_link/oc/oc_mqtt/oc_mqtt_profile_v5\oc_mqtt_event.c ****         prog.type = EN_OC_MQTT_PROFILE_VALUE_INT;
 139:D:/fchai/work/i-cube/I-CUBE-HUAWEI/Middlewares/Third_Party/Huawei/iot_link/oc/oc_mqtt/oc_mqtt_profile_v5\oc_mqtt_event.c ****         prog.value = &progress;
 140:D:/fchai/work/i-cube/I-CUBE-HUAWEI/Middlewares/Third_Party/Huawei/iot_link/oc/oc_mqtt/oc_mqtt_profile_v5\oc_mqtt_event.c ****         prog.nxt = cur;
 256              		.loc 1 140 18 view .LVU86
 257 0030 0393     		str	r3, [sp, #12]
 139:D:/fchai/work/i-cube/I-CUBE-HUAWEI/Middlewares/Third_Party/Huawei/iot_link/oc/oc_mqtt/oc_mqtt_profile_v5\oc_mqtt_event.c ****         prog.nxt = cur;
 258              		.loc 1 139 20 view .LVU87
 259 0032 18AC     		add	r4, sp, #96
 260              	.LVL17:
 138:D:/fchai/work/i-cube/I-CUBE-HUAWEI/Middlewares/Third_Party/Huawei/iot_link/oc/oc_mqtt/oc_mqtt_profile_v5\oc_mqtt_event.c ****         prog.type = EN_OC_MQTT_PROFILE_VALUE_INT;
 261              		.loc 1 138 19 view .LVU88
 262 0034 0023     		movs	r3, #0
 263              	.LVL18:
 138:D:/fchai/work/i-cube/I-CUBE-HUAWEI/Middlewares/Third_Party/Huawei/iot_link/oc/oc_mqtt/oc_mqtt_profile_v5\oc_mqtt_event.c ****         prog.type = EN_OC_MQTT_PROFILE_VALUE_INT;
 264              		.loc 1 138 19 view .LVU89
 265 0036 8DF81430 		strb	r3, [sp, #20]
 139:D:/fchai/work/i-cube/I-CUBE-HUAWEI/Middlewares/Third_Party/Huawei/iot_link/oc/oc_mqtt/oc_mqtt_profile_v5\oc_mqtt_event.c ****         prog.nxt = cur;
 266              		.loc 1 139 20 view .LVU90
 267 003a 0694     		str	r4, [sp, #24]
 137:D:/fchai/work/i-cube/I-CUBE-HUAWEI/Middlewares/Third_Party/Huawei/iot_link/oc/oc_mqtt/oc_mqtt_profile_v5\oc_mqtt_event.c ****         prog.key =  CN_OC_JSON_KEY_PROGRESS;
 268              		.loc 1 137 18 view .LVU91
 269 003c 0492     		str	r2, [sp, #16]
ARM GAS  T:\msys\tmp\cc02UP6E.s 			page 9


 138:D:/fchai/work/i-cube/I-CUBE-HUAWEI/Middlewares/Third_Party/Huawei/iot_link/oc/oc_mqtt/oc_mqtt_profile_v5\oc_mqtt_event.c ****         prog.type = EN_OC_MQTT_PROFILE_VALUE_INT;
 270              		.loc 1 138 9 is_stmt 1 view .LVU92
 139:D:/fchai/work/i-cube/I-CUBE-HUAWEI/Middlewares/Third_Party/Huawei/iot_link/oc/oc_mqtt/oc_mqtt_profile_v5\oc_mqtt_event.c ****         prog.nxt = cur;
 271              		.loc 1 139 9 view .LVU93
 272              		.loc 1 140 9 view .LVU94
 141:D:/fchai/work/i-cube/I-CUBE-HUAWEI/Middlewares/Third_Party/Huawei/iot_link/oc/oc_mqtt/oc_mqtt_profile_v5\oc_mqtt_event.c ****         cur = &prog;
 273              		.loc 1 141 9 view .LVU95
 274              	.LVL19:
 275              		.loc 1 141 13 is_stmt 0 view .LVU96
 276 003e 03AB     		add	r3, sp, #12
 277              	.LVL20:
 278              	.L16:
 142:D:/fchai/work/i-cube/I-CUBE-HUAWEI/Middlewares/Third_Party/Huawei/iot_link/oc/oc_mqtt/oc_mqtt_profile_v5\oc_mqtt_event.c ****     }
 143:D:/fchai/work/i-cube/I-CUBE-HUAWEI/Middlewares/Third_Party/Huawei/iot_link/oc/oc_mqtt/oc_mqtt_profile_v5\oc_mqtt_event.c **** 
 144:D:/fchai/work/i-cube/I-CUBE-HUAWEI/Middlewares/Third_Party/Huawei/iot_link/oc/oc_mqtt/oc_mqtt_profile_v5\oc_mqtt_event.c ****     event.object_device_id = (char *)objectDeviceID;
 279              		.loc 1 144 5 is_stmt 1 view .LVU97
 145:D:/fchai/work/i-cube/I-CUBE-HUAWEI/Middlewares/Third_Party/Huawei/iot_link/oc/oc_mqtt/oc_mqtt_profile_v5\oc_mqtt_event.c ****     event.event_time = NULL;
 146:D:/fchai/work/i-cube/I-CUBE-HUAWEI/Middlewares/Third_Party/Huawei/iot_link/oc/oc_mqtt/oc_mqtt_profile_v5\oc_mqtt_event.c ****     event.event_type = CN_OC_MQTT_EVENTTYPE_UPGRADEPROGRESSREPORT;
 147:D:/fchai/work/i-cube/I-CUBE-HUAWEI/Middlewares/Third_Party/Huawei/iot_link/oc/oc_mqtt/oc_mqtt_profile_v5\oc_mqtt_event.c ****     event.service_id = "$ota";
 280              		.loc 1 147 22 is_stmt 0 view .LVU98
 281 0040 0A4A     		ldr	r2, .L19+12
 146:D:/fchai/work/i-cube/I-CUBE-HUAWEI/Middlewares/Third_Party/Huawei/iot_link/oc/oc_mqtt/oc_mqtt_profile_v5\oc_mqtt_event.c ****     event.service_id = "$ota";
 282              		.loc 1 146 22 view .LVU99
 283 0042 0B4C     		ldr	r4, .L19+16
 144:D:/fchai/work/i-cube/I-CUBE-HUAWEI/Middlewares/Third_Party/Huawei/iot_link/oc/oc_mqtt/oc_mqtt_profile_v5\oc_mqtt_event.c ****     event.event_time = NULL;
 284              		.loc 1 144 28 view .LVU100
 285 0044 0F91     		str	r1, [sp, #60]
 145:D:/fchai/work/i-cube/I-CUBE-HUAWEI/Middlewares/Third_Party/Huawei/iot_link/oc/oc_mqtt/oc_mqtt_profile_v5\oc_mqtt_event.c ****     event.event_time = NULL;
 286              		.loc 1 145 5 is_stmt 1 view .LVU101
 145:D:/fchai/work/i-cube/I-CUBE-HUAWEI/Middlewares/Third_Party/Huawei/iot_link/oc/oc_mqtt/oc_mqtt_profile_v5\oc_mqtt_event.c ****     event.event_time = NULL;
 287              		.loc 1 145 22 is_stmt 0 view .LVU102
 288 0046 0025     		movs	r5, #0
 148:D:/fchai/work/i-cube/I-CUBE-HUAWEI/Middlewares/Third_Party/Huawei/iot_link/oc/oc_mqtt/oc_mqtt_profile_v5\oc_mqtt_event.c ****     event.paras = cur;
 149:D:/fchai/work/i-cube/I-CUBE-HUAWEI/Middlewares/Third_Party/Huawei/iot_link/oc/oc_mqtt/oc_mqtt_profile_v5\oc_mqtt_event.c **** 
 150:D:/fchai/work/i-cube/I-CUBE-HUAWEI/Middlewares/Third_Party/Huawei/iot_link/oc/oc_mqtt/oc_mqtt_profile_v5\oc_mqtt_event.c ****     ret = oc_mqtt_profile_reportevent((char *)deviceID, &event);
 289              		.loc 1 150 11 view .LVU103
 290 0048 0FA9     		add	r1, sp, #60
 291              	.LVL21:
 145:D:/fchai/work/i-cube/I-CUBE-HUAWEI/Middlewares/Third_Party/Huawei/iot_link/oc/oc_mqtt/oc_mqtt_profile_v5\oc_mqtt_event.c ****     event.event_type = CN_OC_MQTT_EVENTTYPE_UPGRADEPROGRESSREPORT;
 292              		.loc 1 145 22 view .LVU104
 293 004a CDE91253 		strd	r5, r3, [sp, #72]
 146:D:/fchai/work/i-cube/I-CUBE-HUAWEI/Middlewares/Third_Party/Huawei/iot_link/oc/oc_mqtt/oc_mqtt_profile_v5\oc_mqtt_event.c ****     event.service_id = "$ota";
 294              		.loc 1 146 5 is_stmt 1 view .LVU105
 147:D:/fchai/work/i-cube/I-CUBE-HUAWEI/Middlewares/Third_Party/Huawei/iot_link/oc/oc_mqtt/oc_mqtt_profile_v5\oc_mqtt_event.c ****     event.paras = cur;
 295              		.loc 1 147 22 is_stmt 0 view .LVU106
 296 004e CDE91024 		strd	r2, r4, [sp, #64]
 148:D:/fchai/work/i-cube/I-CUBE-HUAWEI/Middlewares/Third_Party/Huawei/iot_link/oc/oc_mqtt/oc_mqtt_profile_v5\oc_mqtt_event.c **** 
 297              		.loc 1 148 5 is_stmt 1 view .LVU107
 298              		.loc 1 150 5 view .LVU108
 299              		.loc 1 150 11 is_stmt 0 view .LVU109
 300 0052 FFF7FEFF 		bl	oc_mqtt_profile_reportevent
 301              	.LVL22:
 151:D:/fchai/work/i-cube/I-CUBE-HUAWEI/Middlewares/Third_Party/Huawei/iot_link/oc/oc_mqtt/oc_mqtt_profile_v5\oc_mqtt_event.c **** 
 152:D:/fchai/work/i-cube/I-CUBE-HUAWEI/Middlewares/Third_Party/Huawei/iot_link/oc/oc_mqtt/oc_mqtt_profile_v5\oc_mqtt_event.c ****     return ret;
 302              		.loc 1 152 5 is_stmt 1 view .LVU110
 153:D:/fchai/work/i-cube/I-CUBE-HUAWEI/Middlewares/Third_Party/Huawei/iot_link/oc/oc_mqtt/oc_mqtt_profile_v5\oc_mqtt_event.c **** }
 303              		.loc 1 153 1 is_stmt 0 view .LVU111
ARM GAS  T:\msys\tmp\cc02UP6E.s 			page 10


 304 0056 15B0     		add	sp, sp, #84
 305              	.LCFI5:
 306              		.cfi_remember_state
 307              		.cfi_def_cfa_offset 12
 308              		@ sp needed
 309 0058 30BD     		pop	{r4, r5, pc}
 310              	.LVL23:
 311              	.L17:
 312              	.LCFI6:
 313              		.cfi_restore_state
 126:D:/fchai/work/i-cube/I-CUBE-HUAWEI/Middlewares/Third_Party/Huawei/iot_link/oc/oc_mqtt/oc_mqtt_profile_v5\oc_mqtt_event.c **** 
 314              		.loc 1 126 9 view .LVU112
 315 005a 07AB     		add	r3, sp, #28
 316              	.LVL24:
 126:D:/fchai/work/i-cube/I-CUBE-HUAWEI/Middlewares/Third_Party/Huawei/iot_link/oc/oc_mqtt/oc_mqtt_profile_v5\oc_mqtt_event.c **** 
 317              		.loc 1 126 9 view .LVU113
 318 005c E4E7     		b	.L15
 319              	.L20:
 320 005e 00BF     		.align	2
 321              	.L19:
 322 0060 00000000 		.word	.LC4
 323 0064 0C000000 		.word	.LC5
 324 0068 14000000 		.word	.LC6
 325 006c 28000000 		.word	.LC3
 326 0070 20000000 		.word	.LC7
 327              		.cfi_endproc
 328              	.LFE1:
 330              		.text
 331              	.Letext0:
 332              		.file 2 "D:/fchai/work/i-cube/I-CUBE-HUAWEI/Middlewares/Third_Party/Huawei/iot_link/oc/oc_mqtt/oc_
ARM GAS  T:\msys\tmp\cc02UP6E.s 			page 11


DEFINED SYMBOLS
                            *ABS*:00000000 oc_mqtt_event.c
T:\msys\tmp\cc02UP6E.s:18     .rodata.oc_mqtt_report_version.str1.4:00000000 $d
T:\msys\tmp\cc02UP6E.s:31     .text.oc_mqtt_report_version:00000000 $t
T:\msys\tmp\cc02UP6E.s:40     .text.oc_mqtt_report_version:00000000 oc_mqtt_report_version
T:\msys\tmp\cc02UP6E.s:151    .text.oc_mqtt_report_version:00000044 $d
T:\msys\tmp\cc02UP6E.s:159    .rodata.oc_mqtt_report_upgradeprogress.str1.4:00000000 $d
T:\msys\tmp\cc02UP6E.s:172    .text.oc_mqtt_report_upgradeprogress:00000000 $t
T:\msys\tmp\cc02UP6E.s:180    .text.oc_mqtt_report_upgradeprogress:00000000 oc_mqtt_report_upgradeprogress
T:\msys\tmp\cc02UP6E.s:322    .text.oc_mqtt_report_upgradeprogress:00000060 $d

UNDEFINED SYMBOLS
oc_mqtt_profile_reportevent
