ARM GAS  T:\msys\tmp\ccVkb3e5.s 			page 1


   1              		.cpu cortex-m4
   2              		.eabi_attribute 27, 1
   3              		.eabi_attribute 28, 1
   4              		.eabi_attribute 20, 1
   5              		.eabi_attribute 21, 1
   6              		.eabi_attribute 23, 3
   7              		.eabi_attribute 24, 1
   8              		.eabi_attribute 25, 1
   9              		.eabi_attribute 26, 1
  10              		.eabi_attribute 30, 2
  11              		.eabi_attribute 34, 1
  12              		.eabi_attribute 18, 4
  13              		.file	"stm32l4xx_hal_dma_ex.c"
  14              		.text
  15              	.Ltext0:
  16              		.cfi_sections	.debug_frame
  17              	.Letext0:
  18              		.file 1 "t:\\msys\\3rd\\gcc-arm-none-eabi-9-2020-q2-update-win32\\arm-none-eabi\\include\\machine\
  19              		.file 2 "t:\\msys\\3rd\\gcc-arm-none-eabi-9-2020-q2-update-win32\\arm-none-eabi\\include\\sys\\_st
  20              		.file 3 "D:/fchai/work/i-cube/I-CUBE-HUAWEI/Middlewares/Third_Party/Huawei/iot_link/os/liteos/arch
  21              		.file 4 "D:/fchai/work/i-cube/I-CUBE-HUAWEI/Drivers/CMSIS/Device/ST/STM32L4xx/Include/system_stm32
  22              		.file 5 "D:/fchai/work/i-cube/I-CUBE-HUAWEI/Drivers/STM32L4xx_HAL_Driver/Inc/stm32l4xx_hal_def.h"
  23              		.file 6 "D:/fchai/work/i-cube/I-CUBE-HUAWEI/Drivers/STM32L4xx_HAL_Driver/Inc/stm32l4xx_hal_flash.h
  24              		.file 7 "D:/fchai/work/i-cube/I-CUBE-HUAWEI/Drivers/STM32L4xx_HAL_Driver/Inc/stm32l4xx_hal.h"
ARM GAS  T:\msys\tmp\ccVkb3e5.s 			page 2


DEFINED SYMBOLS
                            *ABS*:00000000 stm32l4xx_hal_dma_ex.c

NO UNDEFINED SYMBOLS
