ARM GAS  T:\msys\tmp\ccvJmOmt.s 			page 1


   1              		.cpu cortex-m4
   2              		.eabi_attribute 27, 1
   3              		.eabi_attribute 28, 1
   4              		.eabi_attribute 20, 1
   5              		.eabi_attribute 21, 1
   6              		.eabi_attribute 23, 3
   7              		.eabi_attribute 24, 1
   8              		.eabi_attribute 25, 1
   9              		.eabi_attribute 26, 1
  10              		.eabi_attribute 30, 2
  11              		.eabi_attribute 34, 1
  12              		.eabi_attribute 18, 4
  13              		.file	"stm32l4xx_hal_i2c_ex.c"
  14              		.text
  15              	.Ltext0:
  16              		.cfi_sections	.debug_frame
  17              		.section	.text.HAL_I2CEx_ConfigAnalogFilter,"ax",%progbits
  18              		.align	1
  19              		.p2align 2,,3
  20              		.global	HAL_I2CEx_ConfigAnalogFilter
  21              		.arch armv7e-m
  22              		.syntax unified
  23              		.thumb
  24              		.thumb_func
  25              		.fpu fpv4-sp-d16
  27              	HAL_I2CEx_ConfigAnalogFilter:
  28              	.LVL0:
  29              	.LFB123:
  30              		.file 1 "D:/fchai/work/i-cube/I-CUBE-HUAWEI/Drivers/STM32L4xx_HAL_Driver/Src/stm32l4xx_hal_i2c_ex.
   1:D:/fchai/work/i-cube/I-CUBE-HUAWEI/Drivers/STM32L4xx_HAL_Driver/Src\stm32l4xx_hal_i2c_ex.c **** /**
   2:D:/fchai/work/i-cube/I-CUBE-HUAWEI/Drivers/STM32L4xx_HAL_Driver/Src\stm32l4xx_hal_i2c_ex.c ****   ******************************************************************************
   3:D:/fchai/work/i-cube/I-CUBE-HUAWEI/Drivers/STM32L4xx_HAL_Driver/Src\stm32l4xx_hal_i2c_ex.c ****   * @file    stm32l4xx_hal_i2c_ex.c
   4:D:/fchai/work/i-cube/I-CUBE-HUAWEI/Drivers/STM32L4xx_HAL_Driver/Src\stm32l4xx_hal_i2c_ex.c ****   * @author  MCD Application Team
   5:D:/fchai/work/i-cube/I-CUBE-HUAWEI/Drivers/STM32L4xx_HAL_Driver/Src\stm32l4xx_hal_i2c_ex.c ****   * @brief   I2C Extended HAL module driver.
   6:D:/fchai/work/i-cube/I-CUBE-HUAWEI/Drivers/STM32L4xx_HAL_Driver/Src\stm32l4xx_hal_i2c_ex.c ****   *          This file provides firmware functions to manage the following
   7:D:/fchai/work/i-cube/I-CUBE-HUAWEI/Drivers/STM32L4xx_HAL_Driver/Src\stm32l4xx_hal_i2c_ex.c ****   *          functionalities of I2C Extended peripheral:
   8:D:/fchai/work/i-cube/I-CUBE-HUAWEI/Drivers/STM32L4xx_HAL_Driver/Src\stm32l4xx_hal_i2c_ex.c ****   *           + Extended features functions
   9:D:/fchai/work/i-cube/I-CUBE-HUAWEI/Drivers/STM32L4xx_HAL_Driver/Src\stm32l4xx_hal_i2c_ex.c ****   *
  10:D:/fchai/work/i-cube/I-CUBE-HUAWEI/Drivers/STM32L4xx_HAL_Driver/Src\stm32l4xx_hal_i2c_ex.c ****   @verbatim
  11:D:/fchai/work/i-cube/I-CUBE-HUAWEI/Drivers/STM32L4xx_HAL_Driver/Src\stm32l4xx_hal_i2c_ex.c ****   ==============================================================================
  12:D:/fchai/work/i-cube/I-CUBE-HUAWEI/Drivers/STM32L4xx_HAL_Driver/Src\stm32l4xx_hal_i2c_ex.c ****                ##### I2C peripheral Extended features  #####
  13:D:/fchai/work/i-cube/I-CUBE-HUAWEI/Drivers/STM32L4xx_HAL_Driver/Src\stm32l4xx_hal_i2c_ex.c ****   ==============================================================================
  14:D:/fchai/work/i-cube/I-CUBE-HUAWEI/Drivers/STM32L4xx_HAL_Driver/Src\stm32l4xx_hal_i2c_ex.c **** 
  15:D:/fchai/work/i-cube/I-CUBE-HUAWEI/Drivers/STM32L4xx_HAL_Driver/Src\stm32l4xx_hal_i2c_ex.c ****   [..] Comparing to other previous devices, the I2C interface for STM32L4xx
  16:D:/fchai/work/i-cube/I-CUBE-HUAWEI/Drivers/STM32L4xx_HAL_Driver/Src\stm32l4xx_hal_i2c_ex.c ****        devices contains the following additional features
  17:D:/fchai/work/i-cube/I-CUBE-HUAWEI/Drivers/STM32L4xx_HAL_Driver/Src\stm32l4xx_hal_i2c_ex.c **** 
  18:D:/fchai/work/i-cube/I-CUBE-HUAWEI/Drivers/STM32L4xx_HAL_Driver/Src\stm32l4xx_hal_i2c_ex.c ****        (+) Possibility to disable or enable Analog Noise Filter
  19:D:/fchai/work/i-cube/I-CUBE-HUAWEI/Drivers/STM32L4xx_HAL_Driver/Src\stm32l4xx_hal_i2c_ex.c ****        (+) Use of a configured Digital Noise Filter
  20:D:/fchai/work/i-cube/I-CUBE-HUAWEI/Drivers/STM32L4xx_HAL_Driver/Src\stm32l4xx_hal_i2c_ex.c ****        (+) Disable or enable wakeup from Stop mode(s)
  21:D:/fchai/work/i-cube/I-CUBE-HUAWEI/Drivers/STM32L4xx_HAL_Driver/Src\stm32l4xx_hal_i2c_ex.c ****        (+) Disable or enable Fast Mode Plus
  22:D:/fchai/work/i-cube/I-CUBE-HUAWEI/Drivers/STM32L4xx_HAL_Driver/Src\stm32l4xx_hal_i2c_ex.c **** 
  23:D:/fchai/work/i-cube/I-CUBE-HUAWEI/Drivers/STM32L4xx_HAL_Driver/Src\stm32l4xx_hal_i2c_ex.c ****                      ##### How to use this driver #####
  24:D:/fchai/work/i-cube/I-CUBE-HUAWEI/Drivers/STM32L4xx_HAL_Driver/Src\stm32l4xx_hal_i2c_ex.c ****   ==============================================================================
  25:D:/fchai/work/i-cube/I-CUBE-HUAWEI/Drivers/STM32L4xx_HAL_Driver/Src\stm32l4xx_hal_i2c_ex.c ****   [..] This driver provides functions to configure Noise Filter and Wake Up Feature
  26:D:/fchai/work/i-cube/I-CUBE-HUAWEI/Drivers/STM32L4xx_HAL_Driver/Src\stm32l4xx_hal_i2c_ex.c ****     (#) Configure I2C Analog noise filter using the function HAL_I2CEx_ConfigAnalogFilter()
  27:D:/fchai/work/i-cube/I-CUBE-HUAWEI/Drivers/STM32L4xx_HAL_Driver/Src\stm32l4xx_hal_i2c_ex.c ****     (#) Configure I2C Digital noise filter using the function HAL_I2CEx_ConfigDigitalFilter()
  28:D:/fchai/work/i-cube/I-CUBE-HUAWEI/Drivers/STM32L4xx_HAL_Driver/Src\stm32l4xx_hal_i2c_ex.c ****     (#) Configure the enable or disable of I2C Wake Up Mode using the functions :
ARM GAS  T:\msys\tmp\ccvJmOmt.s 			page 2


  29:D:/fchai/work/i-cube/I-CUBE-HUAWEI/Drivers/STM32L4xx_HAL_Driver/Src\stm32l4xx_hal_i2c_ex.c ****           (++) HAL_I2CEx_EnableWakeUp()
  30:D:/fchai/work/i-cube/I-CUBE-HUAWEI/Drivers/STM32L4xx_HAL_Driver/Src\stm32l4xx_hal_i2c_ex.c ****           (++) HAL_I2CEx_DisableWakeUp()
  31:D:/fchai/work/i-cube/I-CUBE-HUAWEI/Drivers/STM32L4xx_HAL_Driver/Src\stm32l4xx_hal_i2c_ex.c ****     (#) Configure the enable or disable of fast mode plus driving capability using the functions :
  32:D:/fchai/work/i-cube/I-CUBE-HUAWEI/Drivers/STM32L4xx_HAL_Driver/Src\stm32l4xx_hal_i2c_ex.c ****           (++) HAL_I2CEx_EnableFastModePlus()
  33:D:/fchai/work/i-cube/I-CUBE-HUAWEI/Drivers/STM32L4xx_HAL_Driver/Src\stm32l4xx_hal_i2c_ex.c ****           (++) HAL_I2CEx_DisableFastModePlus()
  34:D:/fchai/work/i-cube/I-CUBE-HUAWEI/Drivers/STM32L4xx_HAL_Driver/Src\stm32l4xx_hal_i2c_ex.c ****   @endverbatim
  35:D:/fchai/work/i-cube/I-CUBE-HUAWEI/Drivers/STM32L4xx_HAL_Driver/Src\stm32l4xx_hal_i2c_ex.c ****   ******************************************************************************
  36:D:/fchai/work/i-cube/I-CUBE-HUAWEI/Drivers/STM32L4xx_HAL_Driver/Src\stm32l4xx_hal_i2c_ex.c ****   * @attention
  37:D:/fchai/work/i-cube/I-CUBE-HUAWEI/Drivers/STM32L4xx_HAL_Driver/Src\stm32l4xx_hal_i2c_ex.c ****   *
  38:D:/fchai/work/i-cube/I-CUBE-HUAWEI/Drivers/STM32L4xx_HAL_Driver/Src\stm32l4xx_hal_i2c_ex.c ****   * <h2><center>&copy; Copyright (c) 2017 STMicroelectronics.
  39:D:/fchai/work/i-cube/I-CUBE-HUAWEI/Drivers/STM32L4xx_HAL_Driver/Src\stm32l4xx_hal_i2c_ex.c ****   * All rights reserved.</center></h2>
  40:D:/fchai/work/i-cube/I-CUBE-HUAWEI/Drivers/STM32L4xx_HAL_Driver/Src\stm32l4xx_hal_i2c_ex.c ****   *
  41:D:/fchai/work/i-cube/I-CUBE-HUAWEI/Drivers/STM32L4xx_HAL_Driver/Src\stm32l4xx_hal_i2c_ex.c ****   * This software component is licensed by ST under BSD 3-Clause license,
  42:D:/fchai/work/i-cube/I-CUBE-HUAWEI/Drivers/STM32L4xx_HAL_Driver/Src\stm32l4xx_hal_i2c_ex.c ****   * the "License"; You may not use this file except in compliance with the
  43:D:/fchai/work/i-cube/I-CUBE-HUAWEI/Drivers/STM32L4xx_HAL_Driver/Src\stm32l4xx_hal_i2c_ex.c ****   * License. You may obtain a copy of the License at:
  44:D:/fchai/work/i-cube/I-CUBE-HUAWEI/Drivers/STM32L4xx_HAL_Driver/Src\stm32l4xx_hal_i2c_ex.c ****   *                        opensource.org/licenses/BSD-3-Clause
  45:D:/fchai/work/i-cube/I-CUBE-HUAWEI/Drivers/STM32L4xx_HAL_Driver/Src\stm32l4xx_hal_i2c_ex.c ****   *
  46:D:/fchai/work/i-cube/I-CUBE-HUAWEI/Drivers/STM32L4xx_HAL_Driver/Src\stm32l4xx_hal_i2c_ex.c ****   ******************************************************************************
  47:D:/fchai/work/i-cube/I-CUBE-HUAWEI/Drivers/STM32L4xx_HAL_Driver/Src\stm32l4xx_hal_i2c_ex.c ****   */
  48:D:/fchai/work/i-cube/I-CUBE-HUAWEI/Drivers/STM32L4xx_HAL_Driver/Src\stm32l4xx_hal_i2c_ex.c **** 
  49:D:/fchai/work/i-cube/I-CUBE-HUAWEI/Drivers/STM32L4xx_HAL_Driver/Src\stm32l4xx_hal_i2c_ex.c **** /* Includes ------------------------------------------------------------------*/
  50:D:/fchai/work/i-cube/I-CUBE-HUAWEI/Drivers/STM32L4xx_HAL_Driver/Src\stm32l4xx_hal_i2c_ex.c **** #include "stm32l4xx_hal.h"
  51:D:/fchai/work/i-cube/I-CUBE-HUAWEI/Drivers/STM32L4xx_HAL_Driver/Src\stm32l4xx_hal_i2c_ex.c **** 
  52:D:/fchai/work/i-cube/I-CUBE-HUAWEI/Drivers/STM32L4xx_HAL_Driver/Src\stm32l4xx_hal_i2c_ex.c **** /** @addtogroup STM32L4xx_HAL_Driver
  53:D:/fchai/work/i-cube/I-CUBE-HUAWEI/Drivers/STM32L4xx_HAL_Driver/Src\stm32l4xx_hal_i2c_ex.c ****   * @{
  54:D:/fchai/work/i-cube/I-CUBE-HUAWEI/Drivers/STM32L4xx_HAL_Driver/Src\stm32l4xx_hal_i2c_ex.c ****   */
  55:D:/fchai/work/i-cube/I-CUBE-HUAWEI/Drivers/STM32L4xx_HAL_Driver/Src\stm32l4xx_hal_i2c_ex.c **** 
  56:D:/fchai/work/i-cube/I-CUBE-HUAWEI/Drivers/STM32L4xx_HAL_Driver/Src\stm32l4xx_hal_i2c_ex.c **** /** @defgroup I2CEx I2CEx
  57:D:/fchai/work/i-cube/I-CUBE-HUAWEI/Drivers/STM32L4xx_HAL_Driver/Src\stm32l4xx_hal_i2c_ex.c ****   * @brief I2C Extended HAL module driver
  58:D:/fchai/work/i-cube/I-CUBE-HUAWEI/Drivers/STM32L4xx_HAL_Driver/Src\stm32l4xx_hal_i2c_ex.c ****   * @{
  59:D:/fchai/work/i-cube/I-CUBE-HUAWEI/Drivers/STM32L4xx_HAL_Driver/Src\stm32l4xx_hal_i2c_ex.c ****   */
  60:D:/fchai/work/i-cube/I-CUBE-HUAWEI/Drivers/STM32L4xx_HAL_Driver/Src\stm32l4xx_hal_i2c_ex.c **** 
  61:D:/fchai/work/i-cube/I-CUBE-HUAWEI/Drivers/STM32L4xx_HAL_Driver/Src\stm32l4xx_hal_i2c_ex.c **** #ifdef HAL_I2C_MODULE_ENABLED
  62:D:/fchai/work/i-cube/I-CUBE-HUAWEI/Drivers/STM32L4xx_HAL_Driver/Src\stm32l4xx_hal_i2c_ex.c **** 
  63:D:/fchai/work/i-cube/I-CUBE-HUAWEI/Drivers/STM32L4xx_HAL_Driver/Src\stm32l4xx_hal_i2c_ex.c **** /* Private typedef -----------------------------------------------------------*/
  64:D:/fchai/work/i-cube/I-CUBE-HUAWEI/Drivers/STM32L4xx_HAL_Driver/Src\stm32l4xx_hal_i2c_ex.c **** /* Private define ------------------------------------------------------------*/
  65:D:/fchai/work/i-cube/I-CUBE-HUAWEI/Drivers/STM32L4xx_HAL_Driver/Src\stm32l4xx_hal_i2c_ex.c **** /* Private macro -------------------------------------------------------------*/
  66:D:/fchai/work/i-cube/I-CUBE-HUAWEI/Drivers/STM32L4xx_HAL_Driver/Src\stm32l4xx_hal_i2c_ex.c **** /* Private variables ---------------------------------------------------------*/
  67:D:/fchai/work/i-cube/I-CUBE-HUAWEI/Drivers/STM32L4xx_HAL_Driver/Src\stm32l4xx_hal_i2c_ex.c **** /* Private function prototypes -----------------------------------------------*/
  68:D:/fchai/work/i-cube/I-CUBE-HUAWEI/Drivers/STM32L4xx_HAL_Driver/Src\stm32l4xx_hal_i2c_ex.c **** /* Private functions ---------------------------------------------------------*/
  69:D:/fchai/work/i-cube/I-CUBE-HUAWEI/Drivers/STM32L4xx_HAL_Driver/Src\stm32l4xx_hal_i2c_ex.c **** 
  70:D:/fchai/work/i-cube/I-CUBE-HUAWEI/Drivers/STM32L4xx_HAL_Driver/Src\stm32l4xx_hal_i2c_ex.c **** /** @defgroup I2CEx_Exported_Functions I2C Extended Exported Functions
  71:D:/fchai/work/i-cube/I-CUBE-HUAWEI/Drivers/STM32L4xx_HAL_Driver/Src\stm32l4xx_hal_i2c_ex.c ****   * @{
  72:D:/fchai/work/i-cube/I-CUBE-HUAWEI/Drivers/STM32L4xx_HAL_Driver/Src\stm32l4xx_hal_i2c_ex.c ****   */
  73:D:/fchai/work/i-cube/I-CUBE-HUAWEI/Drivers/STM32L4xx_HAL_Driver/Src\stm32l4xx_hal_i2c_ex.c **** 
  74:D:/fchai/work/i-cube/I-CUBE-HUAWEI/Drivers/STM32L4xx_HAL_Driver/Src\stm32l4xx_hal_i2c_ex.c **** /** @defgroup I2CEx_Exported_Functions_Group1 Extended features functions
  75:D:/fchai/work/i-cube/I-CUBE-HUAWEI/Drivers/STM32L4xx_HAL_Driver/Src\stm32l4xx_hal_i2c_ex.c ****   * @brief    Extended features functions
  76:D:/fchai/work/i-cube/I-CUBE-HUAWEI/Drivers/STM32L4xx_HAL_Driver/Src\stm32l4xx_hal_i2c_ex.c ****  *
  77:D:/fchai/work/i-cube/I-CUBE-HUAWEI/Drivers/STM32L4xx_HAL_Driver/Src\stm32l4xx_hal_i2c_ex.c **** @verbatim
  78:D:/fchai/work/i-cube/I-CUBE-HUAWEI/Drivers/STM32L4xx_HAL_Driver/Src\stm32l4xx_hal_i2c_ex.c ****  ===============================================================================
  79:D:/fchai/work/i-cube/I-CUBE-HUAWEI/Drivers/STM32L4xx_HAL_Driver/Src\stm32l4xx_hal_i2c_ex.c ****                       ##### Extended features functions #####
  80:D:/fchai/work/i-cube/I-CUBE-HUAWEI/Drivers/STM32L4xx_HAL_Driver/Src\stm32l4xx_hal_i2c_ex.c ****  ===============================================================================
  81:D:/fchai/work/i-cube/I-CUBE-HUAWEI/Drivers/STM32L4xx_HAL_Driver/Src\stm32l4xx_hal_i2c_ex.c ****     [..] This section provides functions allowing to:
  82:D:/fchai/work/i-cube/I-CUBE-HUAWEI/Drivers/STM32L4xx_HAL_Driver/Src\stm32l4xx_hal_i2c_ex.c ****       (+) Configure Noise Filters
  83:D:/fchai/work/i-cube/I-CUBE-HUAWEI/Drivers/STM32L4xx_HAL_Driver/Src\stm32l4xx_hal_i2c_ex.c ****       (+) Configure Wake Up Feature
  84:D:/fchai/work/i-cube/I-CUBE-HUAWEI/Drivers/STM32L4xx_HAL_Driver/Src\stm32l4xx_hal_i2c_ex.c ****       (+) Configure Fast Mode Plus
  85:D:/fchai/work/i-cube/I-CUBE-HUAWEI/Drivers/STM32L4xx_HAL_Driver/Src\stm32l4xx_hal_i2c_ex.c **** 
ARM GAS  T:\msys\tmp\ccvJmOmt.s 			page 3


  86:D:/fchai/work/i-cube/I-CUBE-HUAWEI/Drivers/STM32L4xx_HAL_Driver/Src\stm32l4xx_hal_i2c_ex.c **** @endverbatim
  87:D:/fchai/work/i-cube/I-CUBE-HUAWEI/Drivers/STM32L4xx_HAL_Driver/Src\stm32l4xx_hal_i2c_ex.c ****   * @{
  88:D:/fchai/work/i-cube/I-CUBE-HUAWEI/Drivers/STM32L4xx_HAL_Driver/Src\stm32l4xx_hal_i2c_ex.c ****   */
  89:D:/fchai/work/i-cube/I-CUBE-HUAWEI/Drivers/STM32L4xx_HAL_Driver/Src\stm32l4xx_hal_i2c_ex.c **** 
  90:D:/fchai/work/i-cube/I-CUBE-HUAWEI/Drivers/STM32L4xx_HAL_Driver/Src\stm32l4xx_hal_i2c_ex.c **** /**
  91:D:/fchai/work/i-cube/I-CUBE-HUAWEI/Drivers/STM32L4xx_HAL_Driver/Src\stm32l4xx_hal_i2c_ex.c ****   * @brief  Configure I2C Analog noise filter.
  92:D:/fchai/work/i-cube/I-CUBE-HUAWEI/Drivers/STM32L4xx_HAL_Driver/Src\stm32l4xx_hal_i2c_ex.c ****   * @param  hi2c Pointer to a I2C_HandleTypeDef structure that contains
  93:D:/fchai/work/i-cube/I-CUBE-HUAWEI/Drivers/STM32L4xx_HAL_Driver/Src\stm32l4xx_hal_i2c_ex.c ****   *                the configuration information for the specified I2Cx peripheral.
  94:D:/fchai/work/i-cube/I-CUBE-HUAWEI/Drivers/STM32L4xx_HAL_Driver/Src\stm32l4xx_hal_i2c_ex.c ****   * @param  AnalogFilter New state of the Analog filter.
  95:D:/fchai/work/i-cube/I-CUBE-HUAWEI/Drivers/STM32L4xx_HAL_Driver/Src\stm32l4xx_hal_i2c_ex.c ****   * @retval HAL status
  96:D:/fchai/work/i-cube/I-CUBE-HUAWEI/Drivers/STM32L4xx_HAL_Driver/Src\stm32l4xx_hal_i2c_ex.c ****   */
  97:D:/fchai/work/i-cube/I-CUBE-HUAWEI/Drivers/STM32L4xx_HAL_Driver/Src\stm32l4xx_hal_i2c_ex.c **** HAL_StatusTypeDef HAL_I2CEx_ConfigAnalogFilter(I2C_HandleTypeDef *hi2c, uint32_t AnalogFilter)
  98:D:/fchai/work/i-cube/I-CUBE-HUAWEI/Drivers/STM32L4xx_HAL_Driver/Src\stm32l4xx_hal_i2c_ex.c **** {
  31              		.loc 1 98 1 view -0
  32              		.cfi_startproc
  33              		@ args = 0, pretend = 0, frame = 0
  34              		@ frame_needed = 0, uses_anonymous_args = 0
  35              		@ link register save eliminated.
  99:D:/fchai/work/i-cube/I-CUBE-HUAWEI/Drivers/STM32L4xx_HAL_Driver/Src\stm32l4xx_hal_i2c_ex.c ****   /* Check the parameters */
 100:D:/fchai/work/i-cube/I-CUBE-HUAWEI/Drivers/STM32L4xx_HAL_Driver/Src\stm32l4xx_hal_i2c_ex.c ****   assert_param(IS_I2C_ALL_INSTANCE(hi2c->Instance));
  36              		.loc 1 100 3 view .LVU1
 101:D:/fchai/work/i-cube/I-CUBE-HUAWEI/Drivers/STM32L4xx_HAL_Driver/Src\stm32l4xx_hal_i2c_ex.c ****   assert_param(IS_I2C_ANALOG_FILTER(AnalogFilter));
  37              		.loc 1 101 3 view .LVU2
 102:D:/fchai/work/i-cube/I-CUBE-HUAWEI/Drivers/STM32L4xx_HAL_Driver/Src\stm32l4xx_hal_i2c_ex.c **** 
 103:D:/fchai/work/i-cube/I-CUBE-HUAWEI/Drivers/STM32L4xx_HAL_Driver/Src\stm32l4xx_hal_i2c_ex.c ****   if (hi2c->State == HAL_I2C_STATE_READY)
  38              		.loc 1 103 3 view .LVU3
  39              		.loc 1 103 11 is_stmt 0 view .LVU4
  40 0000 90F84120 		ldrb	r2, [r0, #65]	@ zero_extendqisi2
  41              		.loc 1 103 6 view .LVU5
  42 0004 202A     		cmp	r2, #32
  43 0006 21D1     		bne	.L3
  98:D:/fchai/work/i-cube/I-CUBE-HUAWEI/Drivers/STM32L4xx_HAL_Driver/Src\stm32l4xx_hal_i2c_ex.c ****   /* Check the parameters */
  44              		.loc 1 98 1 view .LVU6
  45 0008 30B4     		push	{r4, r5}
  46              	.LCFI0:
  47              		.cfi_def_cfa_offset 8
  48              		.cfi_offset 4, -8
  49              		.cfi_offset 5, -4
  50 000a D4B2     		uxtb	r4, r2
 104:D:/fchai/work/i-cube/I-CUBE-HUAWEI/Drivers/STM32L4xx_HAL_Driver/Src\stm32l4xx_hal_i2c_ex.c ****   {
 105:D:/fchai/work/i-cube/I-CUBE-HUAWEI/Drivers/STM32L4xx_HAL_Driver/Src\stm32l4xx_hal_i2c_ex.c ****     /* Process Locked */
 106:D:/fchai/work/i-cube/I-CUBE-HUAWEI/Drivers/STM32L4xx_HAL_Driver/Src\stm32l4xx_hal_i2c_ex.c ****     __HAL_LOCK(hi2c);
  51              		.loc 1 106 5 is_stmt 1 view .LVU7
  52              		.loc 1 106 5 view .LVU8
  53 000c 90F84020 		ldrb	r2, [r0, #64]	@ zero_extendqisi2
  54 0010 012A     		cmp	r2, #1
  55 0012 0346     		mov	r3, r0
  56 0014 1CD0     		beq	.L4
  57              		.loc 1 106 5 discriminator 2 view .LVU9
  58              		.loc 1 106 5 discriminator 2 view .LVU10
 107:D:/fchai/work/i-cube/I-CUBE-HUAWEI/Drivers/STM32L4xx_HAL_Driver/Src\stm32l4xx_hal_i2c_ex.c **** 
 108:D:/fchai/work/i-cube/I-CUBE-HUAWEI/Drivers/STM32L4xx_HAL_Driver/Src\stm32l4xx_hal_i2c_ex.c ****     hi2c->State = HAL_I2C_STATE_BUSY;
  59              		.loc 1 108 5 discriminator 2 view .LVU11
 109:D:/fchai/work/i-cube/I-CUBE-HUAWEI/Drivers/STM32L4xx_HAL_Driver/Src\stm32l4xx_hal_i2c_ex.c **** 
 110:D:/fchai/work/i-cube/I-CUBE-HUAWEI/Drivers/STM32L4xx_HAL_Driver/Src\stm32l4xx_hal_i2c_ex.c ****     /* Disable the selected I2C peripheral */
 111:D:/fchai/work/i-cube/I-CUBE-HUAWEI/Drivers/STM32L4xx_HAL_Driver/Src\stm32l4xx_hal_i2c_ex.c ****     __HAL_I2C_DISABLE(hi2c);
  60              		.loc 1 111 5 is_stmt 0 discriminator 2 view .LVU12
ARM GAS  T:\msys\tmp\ccvJmOmt.s 			page 4


  61 0016 1A68     		ldr	r2, [r3]
 108:D:/fchai/work/i-cube/I-CUBE-HUAWEI/Drivers/STM32L4xx_HAL_Driver/Src\stm32l4xx_hal_i2c_ex.c **** 
  62              		.loc 1 108 17 discriminator 2 view .LVU13
  63 0018 2420     		movs	r0, #36
  64              	.LVL1:
 108:D:/fchai/work/i-cube/I-CUBE-HUAWEI/Drivers/STM32L4xx_HAL_Driver/Src\stm32l4xx_hal_i2c_ex.c **** 
  65              		.loc 1 108 17 discriminator 2 view .LVU14
  66 001a 83F84100 		strb	r0, [r3, #65]
  67              		.loc 1 111 5 is_stmt 1 discriminator 2 view .LVU15
  68 001e 1068     		ldr	r0, [r2]
  69 0020 20F00100 		bic	r0, r0, #1
  70 0024 1060     		str	r0, [r2]
 112:D:/fchai/work/i-cube/I-CUBE-HUAWEI/Drivers/STM32L4xx_HAL_Driver/Src\stm32l4xx_hal_i2c_ex.c **** 
 113:D:/fchai/work/i-cube/I-CUBE-HUAWEI/Drivers/STM32L4xx_HAL_Driver/Src\stm32l4xx_hal_i2c_ex.c ****     /* Reset I2Cx ANOFF bit */
 114:D:/fchai/work/i-cube/I-CUBE-HUAWEI/Drivers/STM32L4xx_HAL_Driver/Src\stm32l4xx_hal_i2c_ex.c ****     hi2c->Instance->CR1 &= ~(I2C_CR1_ANFOFF);
  71              		.loc 1 114 5 discriminator 2 view .LVU16
  72              		.loc 1 114 25 is_stmt 0 discriminator 2 view .LVU17
  73 0026 1068     		ldr	r0, [r2]
  74 0028 20F48050 		bic	r0, r0, #4096
  75 002c 1060     		str	r0, [r2]
 115:D:/fchai/work/i-cube/I-CUBE-HUAWEI/Drivers/STM32L4xx_HAL_Driver/Src\stm32l4xx_hal_i2c_ex.c **** 
 116:D:/fchai/work/i-cube/I-CUBE-HUAWEI/Drivers/STM32L4xx_HAL_Driver/Src\stm32l4xx_hal_i2c_ex.c ****     /* Set analog filter bit*/
 117:D:/fchai/work/i-cube/I-CUBE-HUAWEI/Drivers/STM32L4xx_HAL_Driver/Src\stm32l4xx_hal_i2c_ex.c ****     hi2c->Instance->CR1 |= AnalogFilter;
  76              		.loc 1 117 5 is_stmt 1 discriminator 2 view .LVU18
  77              		.loc 1 117 25 is_stmt 0 discriminator 2 view .LVU19
  78 002e 1068     		ldr	r0, [r2]
  79 0030 0143     		orrs	r1, r1, r0
  80              	.LVL2:
  81              		.loc 1 117 25 discriminator 2 view .LVU20
  82 0032 1160     		str	r1, [r2]
 118:D:/fchai/work/i-cube/I-CUBE-HUAWEI/Drivers/STM32L4xx_HAL_Driver/Src\stm32l4xx_hal_i2c_ex.c **** 
 119:D:/fchai/work/i-cube/I-CUBE-HUAWEI/Drivers/STM32L4xx_HAL_Driver/Src\stm32l4xx_hal_i2c_ex.c ****     __HAL_I2C_ENABLE(hi2c);
  83              		.loc 1 119 5 is_stmt 1 discriminator 2 view .LVU21
  84 0034 1168     		ldr	r1, [r2]
 120:D:/fchai/work/i-cube/I-CUBE-HUAWEI/Drivers/STM32L4xx_HAL_Driver/Src\stm32l4xx_hal_i2c_ex.c **** 
 121:D:/fchai/work/i-cube/I-CUBE-HUAWEI/Drivers/STM32L4xx_HAL_Driver/Src\stm32l4xx_hal_i2c_ex.c ****     hi2c->State = HAL_I2C_STATE_READY;
 122:D:/fchai/work/i-cube/I-CUBE-HUAWEI/Drivers/STM32L4xx_HAL_Driver/Src\stm32l4xx_hal_i2c_ex.c **** 
 123:D:/fchai/work/i-cube/I-CUBE-HUAWEI/Drivers/STM32L4xx_HAL_Driver/Src\stm32l4xx_hal_i2c_ex.c ****     /* Process Unlocked */
 124:D:/fchai/work/i-cube/I-CUBE-HUAWEI/Drivers/STM32L4xx_HAL_Driver/Src\stm32l4xx_hal_i2c_ex.c ****     __HAL_UNLOCK(hi2c);
  85              		.loc 1 124 5 is_stmt 0 discriminator 2 view .LVU22
  86 0036 0025     		movs	r5, #0
 119:D:/fchai/work/i-cube/I-CUBE-HUAWEI/Drivers/STM32L4xx_HAL_Driver/Src\stm32l4xx_hal_i2c_ex.c **** 
  87              		.loc 1 119 5 discriminator 2 view .LVU23
  88 0038 41F00101 		orr	r1, r1, #1
  89 003c 1160     		str	r1, [r2]
 121:D:/fchai/work/i-cube/I-CUBE-HUAWEI/Drivers/STM32L4xx_HAL_Driver/Src\stm32l4xx_hal_i2c_ex.c **** 
  90              		.loc 1 121 5 is_stmt 1 discriminator 2 view .LVU24
 121:D:/fchai/work/i-cube/I-CUBE-HUAWEI/Drivers/STM32L4xx_HAL_Driver/Src\stm32l4xx_hal_i2c_ex.c **** 
  91              		.loc 1 121 17 is_stmt 0 discriminator 2 view .LVU25
  92 003e 83F84140 		strb	r4, [r3, #65]
  93              		.loc 1 124 5 is_stmt 1 discriminator 2 view .LVU26
  94              		.loc 1 124 5 discriminator 2 view .LVU27
  95 0042 83F84050 		strb	r5, [r3, #64]
  96              		.loc 1 124 5 discriminator 2 view .LVU28
 125:D:/fchai/work/i-cube/I-CUBE-HUAWEI/Drivers/STM32L4xx_HAL_Driver/Src\stm32l4xx_hal_i2c_ex.c **** 
 126:D:/fchai/work/i-cube/I-CUBE-HUAWEI/Drivers/STM32L4xx_HAL_Driver/Src\stm32l4xx_hal_i2c_ex.c ****     return HAL_OK;
  97              		.loc 1 126 5 discriminator 2 view .LVU29
ARM GAS  T:\msys\tmp\ccvJmOmt.s 			page 5


  98              		.loc 1 126 12 is_stmt 0 discriminator 2 view .LVU30
  99 0046 2846     		mov	r0, r5
 127:D:/fchai/work/i-cube/I-CUBE-HUAWEI/Drivers/STM32L4xx_HAL_Driver/Src\stm32l4xx_hal_i2c_ex.c ****   }
 128:D:/fchai/work/i-cube/I-CUBE-HUAWEI/Drivers/STM32L4xx_HAL_Driver/Src\stm32l4xx_hal_i2c_ex.c ****   else
 129:D:/fchai/work/i-cube/I-CUBE-HUAWEI/Drivers/STM32L4xx_HAL_Driver/Src\stm32l4xx_hal_i2c_ex.c ****   {
 130:D:/fchai/work/i-cube/I-CUBE-HUAWEI/Drivers/STM32L4xx_HAL_Driver/Src\stm32l4xx_hal_i2c_ex.c ****     return HAL_BUSY;
 131:D:/fchai/work/i-cube/I-CUBE-HUAWEI/Drivers/STM32L4xx_HAL_Driver/Src\stm32l4xx_hal_i2c_ex.c ****   }
 132:D:/fchai/work/i-cube/I-CUBE-HUAWEI/Drivers/STM32L4xx_HAL_Driver/Src\stm32l4xx_hal_i2c_ex.c **** }
 100              		.loc 1 132 1 discriminator 2 view .LVU31
 101 0048 30BC     		pop	{r4, r5}
 102              	.LCFI1:
 103              		.cfi_restore 5
 104              		.cfi_restore 4
 105              		.cfi_def_cfa_offset 0
 106 004a 7047     		bx	lr
 107              	.LVL3:
 108              	.L3:
 130:D:/fchai/work/i-cube/I-CUBE-HUAWEI/Drivers/STM32L4xx_HAL_Driver/Src\stm32l4xx_hal_i2c_ex.c ****   }
 109              		.loc 1 130 12 view .LVU32
 110 004c 0220     		movs	r0, #2
 111              	.LVL4:
 112              		.loc 1 132 1 view .LVU33
 113 004e 7047     		bx	lr
 114              	.LVL5:
 115              	.L4:
 116              	.LCFI2:
 117              		.cfi_def_cfa_offset 8
 118              		.cfi_offset 4, -8
 119              		.cfi_offset 5, -4
 130:D:/fchai/work/i-cube/I-CUBE-HUAWEI/Drivers/STM32L4xx_HAL_Driver/Src\stm32l4xx_hal_i2c_ex.c ****   }
 120              		.loc 1 130 12 view .LVU34
 121 0050 0220     		movs	r0, #2
 122              	.LVL6:
 123              		.loc 1 132 1 view .LVU35
 124 0052 30BC     		pop	{r4, r5}
 125              	.LCFI3:
 126              		.cfi_restore 5
 127              		.cfi_restore 4
 128              		.cfi_def_cfa_offset 0
 129 0054 7047     		bx	lr
 130              		.cfi_endproc
 131              	.LFE123:
 133 0056 00BF     		.section	.text.HAL_I2CEx_ConfigDigitalFilter,"ax",%progbits
 134              		.align	1
 135              		.p2align 2,,3
 136              		.global	HAL_I2CEx_ConfigDigitalFilter
 137              		.syntax unified
 138              		.thumb
 139              		.thumb_func
 140              		.fpu fpv4-sp-d16
 142              	HAL_I2CEx_ConfigDigitalFilter:
 143              	.LVL7:
 144              	.LFB124:
 133:D:/fchai/work/i-cube/I-CUBE-HUAWEI/Drivers/STM32L4xx_HAL_Driver/Src\stm32l4xx_hal_i2c_ex.c **** 
 134:D:/fchai/work/i-cube/I-CUBE-HUAWEI/Drivers/STM32L4xx_HAL_Driver/Src\stm32l4xx_hal_i2c_ex.c **** /**
 135:D:/fchai/work/i-cube/I-CUBE-HUAWEI/Drivers/STM32L4xx_HAL_Driver/Src\stm32l4xx_hal_i2c_ex.c ****   * @brief  Configure I2C Digital noise filter.
 136:D:/fchai/work/i-cube/I-CUBE-HUAWEI/Drivers/STM32L4xx_HAL_Driver/Src\stm32l4xx_hal_i2c_ex.c ****   * @param  hi2c Pointer to a I2C_HandleTypeDef structure that contains
ARM GAS  T:\msys\tmp\ccvJmOmt.s 			page 6


 137:D:/fchai/work/i-cube/I-CUBE-HUAWEI/Drivers/STM32L4xx_HAL_Driver/Src\stm32l4xx_hal_i2c_ex.c ****   *                the configuration information for the specified I2Cx peripheral.
 138:D:/fchai/work/i-cube/I-CUBE-HUAWEI/Drivers/STM32L4xx_HAL_Driver/Src\stm32l4xx_hal_i2c_ex.c ****   * @param  DigitalFilter Coefficient of digital noise filter between Min_Data=0x00 and Max_Data=0x
 139:D:/fchai/work/i-cube/I-CUBE-HUAWEI/Drivers/STM32L4xx_HAL_Driver/Src\stm32l4xx_hal_i2c_ex.c ****   * @retval HAL status
 140:D:/fchai/work/i-cube/I-CUBE-HUAWEI/Drivers/STM32L4xx_HAL_Driver/Src\stm32l4xx_hal_i2c_ex.c ****   */
 141:D:/fchai/work/i-cube/I-CUBE-HUAWEI/Drivers/STM32L4xx_HAL_Driver/Src\stm32l4xx_hal_i2c_ex.c **** HAL_StatusTypeDef HAL_I2CEx_ConfigDigitalFilter(I2C_HandleTypeDef *hi2c, uint32_t DigitalFilter)
 142:D:/fchai/work/i-cube/I-CUBE-HUAWEI/Drivers/STM32L4xx_HAL_Driver/Src\stm32l4xx_hal_i2c_ex.c **** {
 145              		.loc 1 142 1 is_stmt 1 view -0
 146              		.cfi_startproc
 147              		@ args = 0, pretend = 0, frame = 0
 148              		@ frame_needed = 0, uses_anonymous_args = 0
 149              		@ link register save eliminated.
 143:D:/fchai/work/i-cube/I-CUBE-HUAWEI/Drivers/STM32L4xx_HAL_Driver/Src\stm32l4xx_hal_i2c_ex.c ****   uint32_t tmpreg;
 150              		.loc 1 143 3 view .LVU37
 144:D:/fchai/work/i-cube/I-CUBE-HUAWEI/Drivers/STM32L4xx_HAL_Driver/Src\stm32l4xx_hal_i2c_ex.c **** 
 145:D:/fchai/work/i-cube/I-CUBE-HUAWEI/Drivers/STM32L4xx_HAL_Driver/Src\stm32l4xx_hal_i2c_ex.c ****   /* Check the parameters */
 146:D:/fchai/work/i-cube/I-CUBE-HUAWEI/Drivers/STM32L4xx_HAL_Driver/Src\stm32l4xx_hal_i2c_ex.c ****   assert_param(IS_I2C_ALL_INSTANCE(hi2c->Instance));
 151              		.loc 1 146 3 view .LVU38
 147:D:/fchai/work/i-cube/I-CUBE-HUAWEI/Drivers/STM32L4xx_HAL_Driver/Src\stm32l4xx_hal_i2c_ex.c ****   assert_param(IS_I2C_DIGITAL_FILTER(DigitalFilter));
 152              		.loc 1 147 3 view .LVU39
 148:D:/fchai/work/i-cube/I-CUBE-HUAWEI/Drivers/STM32L4xx_HAL_Driver/Src\stm32l4xx_hal_i2c_ex.c **** 
 149:D:/fchai/work/i-cube/I-CUBE-HUAWEI/Drivers/STM32L4xx_HAL_Driver/Src\stm32l4xx_hal_i2c_ex.c ****   if (hi2c->State == HAL_I2C_STATE_READY)
 153              		.loc 1 149 3 view .LVU40
 154              		.loc 1 149 11 is_stmt 0 view .LVU41
 155 0000 90F84120 		ldrb	r2, [r0, #65]	@ zero_extendqisi2
 156              		.loc 1 149 6 view .LVU42
 157 0004 202A     		cmp	r2, #32
 158 0006 20D1     		bne	.L12
 142:D:/fchai/work/i-cube/I-CUBE-HUAWEI/Drivers/STM32L4xx_HAL_Driver/Src\stm32l4xx_hal_i2c_ex.c ****   uint32_t tmpreg;
 159              		.loc 1 142 1 view .LVU43
 160 0008 30B4     		push	{r4, r5}
 161              	.LCFI4:
 162              		.cfi_def_cfa_offset 8
 163              		.cfi_offset 4, -8
 164              		.cfi_offset 5, -4
 165 000a D5B2     		uxtb	r5, r2
 150:D:/fchai/work/i-cube/I-CUBE-HUAWEI/Drivers/STM32L4xx_HAL_Driver/Src\stm32l4xx_hal_i2c_ex.c ****   {
 151:D:/fchai/work/i-cube/I-CUBE-HUAWEI/Drivers/STM32L4xx_HAL_Driver/Src\stm32l4xx_hal_i2c_ex.c ****     /* Process Locked */
 152:D:/fchai/work/i-cube/I-CUBE-HUAWEI/Drivers/STM32L4xx_HAL_Driver/Src\stm32l4xx_hal_i2c_ex.c ****     __HAL_LOCK(hi2c);
 166              		.loc 1 152 5 is_stmt 1 view .LVU44
 167              		.loc 1 152 5 view .LVU45
 168 000c 90F84020 		ldrb	r2, [r0, #64]	@ zero_extendqisi2
 169 0010 012A     		cmp	r2, #1
 170 0012 0346     		mov	r3, r0
 171 0014 1BD0     		beq	.L13
 172              		.loc 1 152 5 discriminator 2 view .LVU46
 173              		.loc 1 152 5 discriminator 2 view .LVU47
 153:D:/fchai/work/i-cube/I-CUBE-HUAWEI/Drivers/STM32L4xx_HAL_Driver/Src\stm32l4xx_hal_i2c_ex.c **** 
 154:D:/fchai/work/i-cube/I-CUBE-HUAWEI/Drivers/STM32L4xx_HAL_Driver/Src\stm32l4xx_hal_i2c_ex.c ****     hi2c->State = HAL_I2C_STATE_BUSY;
 174              		.loc 1 154 5 discriminator 2 view .LVU48
 155:D:/fchai/work/i-cube/I-CUBE-HUAWEI/Drivers/STM32L4xx_HAL_Driver/Src\stm32l4xx_hal_i2c_ex.c **** 
 156:D:/fchai/work/i-cube/I-CUBE-HUAWEI/Drivers/STM32L4xx_HAL_Driver/Src\stm32l4xx_hal_i2c_ex.c ****     /* Disable the selected I2C peripheral */
 157:D:/fchai/work/i-cube/I-CUBE-HUAWEI/Drivers/STM32L4xx_HAL_Driver/Src\stm32l4xx_hal_i2c_ex.c ****     __HAL_I2C_DISABLE(hi2c);
 175              		.loc 1 157 5 is_stmt 0 discriminator 2 view .LVU49
 176 0016 1A68     		ldr	r2, [r3]
 154:D:/fchai/work/i-cube/I-CUBE-HUAWEI/Drivers/STM32L4xx_HAL_Driver/Src\stm32l4xx_hal_i2c_ex.c **** 
 177              		.loc 1 154 17 discriminator 2 view .LVU50
 178 0018 2420     		movs	r0, #36
ARM GAS  T:\msys\tmp\ccvJmOmt.s 			page 7


 179              	.LVL8:
 154:D:/fchai/work/i-cube/I-CUBE-HUAWEI/Drivers/STM32L4xx_HAL_Driver/Src\stm32l4xx_hal_i2c_ex.c **** 
 180              		.loc 1 154 17 discriminator 2 view .LVU51
 181 001a 83F84100 		strb	r0, [r3, #65]
 182              		.loc 1 157 5 is_stmt 1 discriminator 2 view .LVU52
 183 001e 1068     		ldr	r0, [r2]
 184 0020 20F00100 		bic	r0, r0, #1
 185 0024 1060     		str	r0, [r2]
 158:D:/fchai/work/i-cube/I-CUBE-HUAWEI/Drivers/STM32L4xx_HAL_Driver/Src\stm32l4xx_hal_i2c_ex.c **** 
 159:D:/fchai/work/i-cube/I-CUBE-HUAWEI/Drivers/STM32L4xx_HAL_Driver/Src\stm32l4xx_hal_i2c_ex.c ****     /* Get the old register value */
 160:D:/fchai/work/i-cube/I-CUBE-HUAWEI/Drivers/STM32L4xx_HAL_Driver/Src\stm32l4xx_hal_i2c_ex.c ****     tmpreg = hi2c->Instance->CR1;
 186              		.loc 1 160 5 discriminator 2 view .LVU53
 187              		.loc 1 160 12 is_stmt 0 discriminator 2 view .LVU54
 188 0026 1068     		ldr	r0, [r2]
 189              	.LVL9:
 161:D:/fchai/work/i-cube/I-CUBE-HUAWEI/Drivers/STM32L4xx_HAL_Driver/Src\stm32l4xx_hal_i2c_ex.c **** 
 162:D:/fchai/work/i-cube/I-CUBE-HUAWEI/Drivers/STM32L4xx_HAL_Driver/Src\stm32l4xx_hal_i2c_ex.c ****     /* Reset I2Cx DNF bits [11:8] */
 163:D:/fchai/work/i-cube/I-CUBE-HUAWEI/Drivers/STM32L4xx_HAL_Driver/Src\stm32l4xx_hal_i2c_ex.c ****     tmpreg &= ~(I2C_CR1_DNF);
 190              		.loc 1 163 5 is_stmt 1 discriminator 2 view .LVU55
 191              		.loc 1 163 12 is_stmt 0 discriminator 2 view .LVU56
 192 0028 20F47060 		bic	r0, r0, #3840
 193              	.LVL10:
 164:D:/fchai/work/i-cube/I-CUBE-HUAWEI/Drivers/STM32L4xx_HAL_Driver/Src\stm32l4xx_hal_i2c_ex.c **** 
 165:D:/fchai/work/i-cube/I-CUBE-HUAWEI/Drivers/STM32L4xx_HAL_Driver/Src\stm32l4xx_hal_i2c_ex.c ****     /* Set I2Cx DNF coefficient */
 166:D:/fchai/work/i-cube/I-CUBE-HUAWEI/Drivers/STM32L4xx_HAL_Driver/Src\stm32l4xx_hal_i2c_ex.c ****     tmpreg |= DigitalFilter << 8U;
 194              		.loc 1 166 5 is_stmt 1 discriminator 2 view .LVU57
 195              		.loc 1 166 12 is_stmt 0 discriminator 2 view .LVU58
 196 002c 40EA0121 		orr	r1, r0, r1, lsl #8
 197              	.LVL11:
 167:D:/fchai/work/i-cube/I-CUBE-HUAWEI/Drivers/STM32L4xx_HAL_Driver/Src\stm32l4xx_hal_i2c_ex.c **** 
 168:D:/fchai/work/i-cube/I-CUBE-HUAWEI/Drivers/STM32L4xx_HAL_Driver/Src\stm32l4xx_hal_i2c_ex.c ****     /* Store the new register value */
 169:D:/fchai/work/i-cube/I-CUBE-HUAWEI/Drivers/STM32L4xx_HAL_Driver/Src\stm32l4xx_hal_i2c_ex.c ****     hi2c->Instance->CR1 = tmpreg;
 198              		.loc 1 169 5 is_stmt 1 discriminator 2 view .LVU59
 199              		.loc 1 169 25 is_stmt 0 discriminator 2 view .LVU60
 200 0030 1160     		str	r1, [r2]
 170:D:/fchai/work/i-cube/I-CUBE-HUAWEI/Drivers/STM32L4xx_HAL_Driver/Src\stm32l4xx_hal_i2c_ex.c **** 
 171:D:/fchai/work/i-cube/I-CUBE-HUAWEI/Drivers/STM32L4xx_HAL_Driver/Src\stm32l4xx_hal_i2c_ex.c ****     __HAL_I2C_ENABLE(hi2c);
 201              		.loc 1 171 5 is_stmt 1 discriminator 2 view .LVU61
 202 0032 1168     		ldr	r1, [r2]
 203              	.LVL12:
 172:D:/fchai/work/i-cube/I-CUBE-HUAWEI/Drivers/STM32L4xx_HAL_Driver/Src\stm32l4xx_hal_i2c_ex.c **** 
 173:D:/fchai/work/i-cube/I-CUBE-HUAWEI/Drivers/STM32L4xx_HAL_Driver/Src\stm32l4xx_hal_i2c_ex.c ****     hi2c->State = HAL_I2C_STATE_READY;
 174:D:/fchai/work/i-cube/I-CUBE-HUAWEI/Drivers/STM32L4xx_HAL_Driver/Src\stm32l4xx_hal_i2c_ex.c **** 
 175:D:/fchai/work/i-cube/I-CUBE-HUAWEI/Drivers/STM32L4xx_HAL_Driver/Src\stm32l4xx_hal_i2c_ex.c ****     /* Process Unlocked */
 176:D:/fchai/work/i-cube/I-CUBE-HUAWEI/Drivers/STM32L4xx_HAL_Driver/Src\stm32l4xx_hal_i2c_ex.c ****     __HAL_UNLOCK(hi2c);
 204              		.loc 1 176 5 is_stmt 0 discriminator 2 view .LVU62
 205 0034 0024     		movs	r4, #0
 171:D:/fchai/work/i-cube/I-CUBE-HUAWEI/Drivers/STM32L4xx_HAL_Driver/Src\stm32l4xx_hal_i2c_ex.c **** 
 206              		.loc 1 171 5 discriminator 2 view .LVU63
 207 0036 41F00101 		orr	r1, r1, #1
 208 003a 1160     		str	r1, [r2]
 209              	.LVL13:
 173:D:/fchai/work/i-cube/I-CUBE-HUAWEI/Drivers/STM32L4xx_HAL_Driver/Src\stm32l4xx_hal_i2c_ex.c **** 
 210              		.loc 1 173 5 is_stmt 1 discriminator 2 view .LVU64
 173:D:/fchai/work/i-cube/I-CUBE-HUAWEI/Drivers/STM32L4xx_HAL_Driver/Src\stm32l4xx_hal_i2c_ex.c **** 
 211              		.loc 1 173 17 is_stmt 0 discriminator 2 view .LVU65
 212 003c 83F84150 		strb	r5, [r3, #65]
ARM GAS  T:\msys\tmp\ccvJmOmt.s 			page 8


 213              		.loc 1 176 5 is_stmt 1 discriminator 2 view .LVU66
 214              		.loc 1 176 5 discriminator 2 view .LVU67
 215 0040 83F84040 		strb	r4, [r3, #64]
 216              		.loc 1 176 5 discriminator 2 view .LVU68
 177:D:/fchai/work/i-cube/I-CUBE-HUAWEI/Drivers/STM32L4xx_HAL_Driver/Src\stm32l4xx_hal_i2c_ex.c **** 
 178:D:/fchai/work/i-cube/I-CUBE-HUAWEI/Drivers/STM32L4xx_HAL_Driver/Src\stm32l4xx_hal_i2c_ex.c ****     return HAL_OK;
 217              		.loc 1 178 5 discriminator 2 view .LVU69
 218              		.loc 1 178 12 is_stmt 0 discriminator 2 view .LVU70
 219 0044 2046     		mov	r0, r4
 220              	.LVL14:
 179:D:/fchai/work/i-cube/I-CUBE-HUAWEI/Drivers/STM32L4xx_HAL_Driver/Src\stm32l4xx_hal_i2c_ex.c ****   }
 180:D:/fchai/work/i-cube/I-CUBE-HUAWEI/Drivers/STM32L4xx_HAL_Driver/Src\stm32l4xx_hal_i2c_ex.c ****   else
 181:D:/fchai/work/i-cube/I-CUBE-HUAWEI/Drivers/STM32L4xx_HAL_Driver/Src\stm32l4xx_hal_i2c_ex.c ****   {
 182:D:/fchai/work/i-cube/I-CUBE-HUAWEI/Drivers/STM32L4xx_HAL_Driver/Src\stm32l4xx_hal_i2c_ex.c ****     return HAL_BUSY;
 183:D:/fchai/work/i-cube/I-CUBE-HUAWEI/Drivers/STM32L4xx_HAL_Driver/Src\stm32l4xx_hal_i2c_ex.c ****   }
 184:D:/fchai/work/i-cube/I-CUBE-HUAWEI/Drivers/STM32L4xx_HAL_Driver/Src\stm32l4xx_hal_i2c_ex.c **** }
 221              		.loc 1 184 1 discriminator 2 view .LVU71
 222 0046 30BC     		pop	{r4, r5}
 223              	.LCFI5:
 224              		.cfi_restore 5
 225              		.cfi_restore 4
 226              		.cfi_def_cfa_offset 0
 227 0048 7047     		bx	lr
 228              	.LVL15:
 229              	.L12:
 182:D:/fchai/work/i-cube/I-CUBE-HUAWEI/Drivers/STM32L4xx_HAL_Driver/Src\stm32l4xx_hal_i2c_ex.c ****   }
 230              		.loc 1 182 12 view .LVU72
 231 004a 0220     		movs	r0, #2
 232              	.LVL16:
 233              		.loc 1 184 1 view .LVU73
 234 004c 7047     		bx	lr
 235              	.LVL17:
 236              	.L13:
 237              	.LCFI6:
 238              		.cfi_def_cfa_offset 8
 239              		.cfi_offset 4, -8
 240              		.cfi_offset 5, -4
 182:D:/fchai/work/i-cube/I-CUBE-HUAWEI/Drivers/STM32L4xx_HAL_Driver/Src\stm32l4xx_hal_i2c_ex.c ****   }
 241              		.loc 1 182 12 view .LVU74
 242 004e 0220     		movs	r0, #2
 243              	.LVL18:
 244              		.loc 1 184 1 view .LVU75
 245 0050 30BC     		pop	{r4, r5}
 246              	.LCFI7:
 247              		.cfi_restore 5
 248              		.cfi_restore 4
 249              		.cfi_def_cfa_offset 0
 250 0052 7047     		bx	lr
 251              		.cfi_endproc
 252              	.LFE124:
 254              		.section	.text.HAL_I2CEx_EnableWakeUp,"ax",%progbits
 255              		.align	1
 256              		.p2align 2,,3
 257              		.global	HAL_I2CEx_EnableWakeUp
 258              		.syntax unified
 259              		.thumb
 260              		.thumb_func
ARM GAS  T:\msys\tmp\ccvJmOmt.s 			page 9


 261              		.fpu fpv4-sp-d16
 263              	HAL_I2CEx_EnableWakeUp:
 264              	.LVL19:
 265              	.LFB125:
 185:D:/fchai/work/i-cube/I-CUBE-HUAWEI/Drivers/STM32L4xx_HAL_Driver/Src\stm32l4xx_hal_i2c_ex.c **** 
 186:D:/fchai/work/i-cube/I-CUBE-HUAWEI/Drivers/STM32L4xx_HAL_Driver/Src\stm32l4xx_hal_i2c_ex.c **** /**
 187:D:/fchai/work/i-cube/I-CUBE-HUAWEI/Drivers/STM32L4xx_HAL_Driver/Src\stm32l4xx_hal_i2c_ex.c ****   * @brief  Enable I2C wakeup from Stop mode(s).
 188:D:/fchai/work/i-cube/I-CUBE-HUAWEI/Drivers/STM32L4xx_HAL_Driver/Src\stm32l4xx_hal_i2c_ex.c ****   * @param  hi2c Pointer to a I2C_HandleTypeDef structure that contains
 189:D:/fchai/work/i-cube/I-CUBE-HUAWEI/Drivers/STM32L4xx_HAL_Driver/Src\stm32l4xx_hal_i2c_ex.c ****   *                the configuration information for the specified I2Cx peripheral.
 190:D:/fchai/work/i-cube/I-CUBE-HUAWEI/Drivers/STM32L4xx_HAL_Driver/Src\stm32l4xx_hal_i2c_ex.c ****   * @retval HAL status
 191:D:/fchai/work/i-cube/I-CUBE-HUAWEI/Drivers/STM32L4xx_HAL_Driver/Src\stm32l4xx_hal_i2c_ex.c ****   */
 192:D:/fchai/work/i-cube/I-CUBE-HUAWEI/Drivers/STM32L4xx_HAL_Driver/Src\stm32l4xx_hal_i2c_ex.c **** HAL_StatusTypeDef HAL_I2CEx_EnableWakeUp(I2C_HandleTypeDef *hi2c)
 193:D:/fchai/work/i-cube/I-CUBE-HUAWEI/Drivers/STM32L4xx_HAL_Driver/Src\stm32l4xx_hal_i2c_ex.c **** {
 266              		.loc 1 193 1 is_stmt 1 view -0
 267              		.cfi_startproc
 268              		@ args = 0, pretend = 0, frame = 0
 269              		@ frame_needed = 0, uses_anonymous_args = 0
 270              		@ link register save eliminated.
 194:D:/fchai/work/i-cube/I-CUBE-HUAWEI/Drivers/STM32L4xx_HAL_Driver/Src\stm32l4xx_hal_i2c_ex.c ****   /* Check the parameters */
 195:D:/fchai/work/i-cube/I-CUBE-HUAWEI/Drivers/STM32L4xx_HAL_Driver/Src\stm32l4xx_hal_i2c_ex.c ****   assert_param(IS_I2C_WAKEUP_FROMSTOP_INSTANCE(hi2c->Instance));
 271              		.loc 1 195 3 view .LVU77
 196:D:/fchai/work/i-cube/I-CUBE-HUAWEI/Drivers/STM32L4xx_HAL_Driver/Src\stm32l4xx_hal_i2c_ex.c **** 
 197:D:/fchai/work/i-cube/I-CUBE-HUAWEI/Drivers/STM32L4xx_HAL_Driver/Src\stm32l4xx_hal_i2c_ex.c ****   if (hi2c->State == HAL_I2C_STATE_READY)
 272              		.loc 1 197 3 view .LVU78
 273              		.loc 1 197 11 is_stmt 0 view .LVU79
 274 0000 90F84120 		ldrb	r2, [r0, #65]	@ zero_extendqisi2
 275              		.loc 1 197 6 view .LVU80
 276 0004 202A     		cmp	r2, #32
 277 0006 1ED1     		bne	.L20
 193:D:/fchai/work/i-cube/I-CUBE-HUAWEI/Drivers/STM32L4xx_HAL_Driver/Src\stm32l4xx_hal_i2c_ex.c ****   /* Check the parameters */
 278              		.loc 1 193 1 view .LVU81
 279 0008 30B4     		push	{r4, r5}
 280              	.LCFI8:
 281              		.cfi_def_cfa_offset 8
 282              		.cfi_offset 4, -8
 283              		.cfi_offset 5, -4
 284 000a D5B2     		uxtb	r5, r2
 198:D:/fchai/work/i-cube/I-CUBE-HUAWEI/Drivers/STM32L4xx_HAL_Driver/Src\stm32l4xx_hal_i2c_ex.c ****   {
 199:D:/fchai/work/i-cube/I-CUBE-HUAWEI/Drivers/STM32L4xx_HAL_Driver/Src\stm32l4xx_hal_i2c_ex.c ****     /* Process Locked */
 200:D:/fchai/work/i-cube/I-CUBE-HUAWEI/Drivers/STM32L4xx_HAL_Driver/Src\stm32l4xx_hal_i2c_ex.c ****     __HAL_LOCK(hi2c);
 285              		.loc 1 200 5 is_stmt 1 view .LVU82
 286              		.loc 1 200 5 view .LVU83
 287 000c 90F84020 		ldrb	r2, [r0, #64]	@ zero_extendqisi2
 288 0010 012A     		cmp	r2, #1
 289 0012 0346     		mov	r3, r0
 290 0014 19D0     		beq	.L21
 291              		.loc 1 200 5 discriminator 2 view .LVU84
 292              		.loc 1 200 5 discriminator 2 view .LVU85
 201:D:/fchai/work/i-cube/I-CUBE-HUAWEI/Drivers/STM32L4xx_HAL_Driver/Src\stm32l4xx_hal_i2c_ex.c **** 
 202:D:/fchai/work/i-cube/I-CUBE-HUAWEI/Drivers/STM32L4xx_HAL_Driver/Src\stm32l4xx_hal_i2c_ex.c ****     hi2c->State = HAL_I2C_STATE_BUSY;
 293              		.loc 1 202 5 discriminator 2 view .LVU86
 203:D:/fchai/work/i-cube/I-CUBE-HUAWEI/Drivers/STM32L4xx_HAL_Driver/Src\stm32l4xx_hal_i2c_ex.c **** 
 204:D:/fchai/work/i-cube/I-CUBE-HUAWEI/Drivers/STM32L4xx_HAL_Driver/Src\stm32l4xx_hal_i2c_ex.c ****     /* Disable the selected I2C peripheral */
 205:D:/fchai/work/i-cube/I-CUBE-HUAWEI/Drivers/STM32L4xx_HAL_Driver/Src\stm32l4xx_hal_i2c_ex.c ****     __HAL_I2C_DISABLE(hi2c);
 294              		.loc 1 205 5 is_stmt 0 discriminator 2 view .LVU87
 295 0016 0268     		ldr	r2, [r0]
 202:D:/fchai/work/i-cube/I-CUBE-HUAWEI/Drivers/STM32L4xx_HAL_Driver/Src\stm32l4xx_hal_i2c_ex.c **** 
ARM GAS  T:\msys\tmp\ccvJmOmt.s 			page 10


 296              		.loc 1 202 17 discriminator 2 view .LVU88
 297 0018 2421     		movs	r1, #36
 298 001a 80F84110 		strb	r1, [r0, #65]
 299              		.loc 1 205 5 is_stmt 1 discriminator 2 view .LVU89
 300 001e 1168     		ldr	r1, [r2]
 301 0020 21F00101 		bic	r1, r1, #1
 302 0024 1160     		str	r1, [r2]
 206:D:/fchai/work/i-cube/I-CUBE-HUAWEI/Drivers/STM32L4xx_HAL_Driver/Src\stm32l4xx_hal_i2c_ex.c **** 
 207:D:/fchai/work/i-cube/I-CUBE-HUAWEI/Drivers/STM32L4xx_HAL_Driver/Src\stm32l4xx_hal_i2c_ex.c ****     /* Enable wakeup from stop mode */
 208:D:/fchai/work/i-cube/I-CUBE-HUAWEI/Drivers/STM32L4xx_HAL_Driver/Src\stm32l4xx_hal_i2c_ex.c ****     hi2c->Instance->CR1 |= I2C_CR1_WUPEN;
 303              		.loc 1 208 5 discriminator 2 view .LVU90
 304              		.loc 1 208 25 is_stmt 0 discriminator 2 view .LVU91
 305 0026 1168     		ldr	r1, [r2]
 306 0028 41F48021 		orr	r1, r1, #262144
 307 002c 1160     		str	r1, [r2]
 209:D:/fchai/work/i-cube/I-CUBE-HUAWEI/Drivers/STM32L4xx_HAL_Driver/Src\stm32l4xx_hal_i2c_ex.c **** 
 210:D:/fchai/work/i-cube/I-CUBE-HUAWEI/Drivers/STM32L4xx_HAL_Driver/Src\stm32l4xx_hal_i2c_ex.c ****     __HAL_I2C_ENABLE(hi2c);
 308              		.loc 1 210 5 is_stmt 1 discriminator 2 view .LVU92
 309 002e 1168     		ldr	r1, [r2]
 211:D:/fchai/work/i-cube/I-CUBE-HUAWEI/Drivers/STM32L4xx_HAL_Driver/Src\stm32l4xx_hal_i2c_ex.c **** 
 212:D:/fchai/work/i-cube/I-CUBE-HUAWEI/Drivers/STM32L4xx_HAL_Driver/Src\stm32l4xx_hal_i2c_ex.c ****     hi2c->State = HAL_I2C_STATE_READY;
 213:D:/fchai/work/i-cube/I-CUBE-HUAWEI/Drivers/STM32L4xx_HAL_Driver/Src\stm32l4xx_hal_i2c_ex.c **** 
 214:D:/fchai/work/i-cube/I-CUBE-HUAWEI/Drivers/STM32L4xx_HAL_Driver/Src\stm32l4xx_hal_i2c_ex.c ****     /* Process Unlocked */
 215:D:/fchai/work/i-cube/I-CUBE-HUAWEI/Drivers/STM32L4xx_HAL_Driver/Src\stm32l4xx_hal_i2c_ex.c ****     __HAL_UNLOCK(hi2c);
 310              		.loc 1 215 5 is_stmt 0 discriminator 2 view .LVU93
 311 0030 0024     		movs	r4, #0
 210:D:/fchai/work/i-cube/I-CUBE-HUAWEI/Drivers/STM32L4xx_HAL_Driver/Src\stm32l4xx_hal_i2c_ex.c **** 
 312              		.loc 1 210 5 discriminator 2 view .LVU94
 313 0032 41F00101 		orr	r1, r1, #1
 314 0036 1160     		str	r1, [r2]
 212:D:/fchai/work/i-cube/I-CUBE-HUAWEI/Drivers/STM32L4xx_HAL_Driver/Src\stm32l4xx_hal_i2c_ex.c **** 
 315              		.loc 1 212 5 is_stmt 1 discriminator 2 view .LVU95
 212:D:/fchai/work/i-cube/I-CUBE-HUAWEI/Drivers/STM32L4xx_HAL_Driver/Src\stm32l4xx_hal_i2c_ex.c **** 
 316              		.loc 1 212 17 is_stmt 0 discriminator 2 view .LVU96
 317 0038 83F84150 		strb	r5, [r3, #65]
 318              		.loc 1 215 5 is_stmt 1 discriminator 2 view .LVU97
 319              		.loc 1 215 5 discriminator 2 view .LVU98
 320 003c 83F84040 		strb	r4, [r3, #64]
 321              		.loc 1 215 5 discriminator 2 view .LVU99
 216:D:/fchai/work/i-cube/I-CUBE-HUAWEI/Drivers/STM32L4xx_HAL_Driver/Src\stm32l4xx_hal_i2c_ex.c **** 
 217:D:/fchai/work/i-cube/I-CUBE-HUAWEI/Drivers/STM32L4xx_HAL_Driver/Src\stm32l4xx_hal_i2c_ex.c ****     return HAL_OK;
 322              		.loc 1 217 5 discriminator 2 view .LVU100
 323              		.loc 1 217 12 is_stmt 0 discriminator 2 view .LVU101
 324 0040 2046     		mov	r0, r4
 325              	.LVL20:
 218:D:/fchai/work/i-cube/I-CUBE-HUAWEI/Drivers/STM32L4xx_HAL_Driver/Src\stm32l4xx_hal_i2c_ex.c ****   }
 219:D:/fchai/work/i-cube/I-CUBE-HUAWEI/Drivers/STM32L4xx_HAL_Driver/Src\stm32l4xx_hal_i2c_ex.c ****   else
 220:D:/fchai/work/i-cube/I-CUBE-HUAWEI/Drivers/STM32L4xx_HAL_Driver/Src\stm32l4xx_hal_i2c_ex.c ****   {
 221:D:/fchai/work/i-cube/I-CUBE-HUAWEI/Drivers/STM32L4xx_HAL_Driver/Src\stm32l4xx_hal_i2c_ex.c ****     return HAL_BUSY;
 222:D:/fchai/work/i-cube/I-CUBE-HUAWEI/Drivers/STM32L4xx_HAL_Driver/Src\stm32l4xx_hal_i2c_ex.c ****   }
 223:D:/fchai/work/i-cube/I-CUBE-HUAWEI/Drivers/STM32L4xx_HAL_Driver/Src\stm32l4xx_hal_i2c_ex.c **** }
 326              		.loc 1 223 1 discriminator 2 view .LVU102
 327 0042 30BC     		pop	{r4, r5}
 328              	.LCFI9:
 329              		.cfi_restore 5
 330              		.cfi_restore 4
 331              		.cfi_def_cfa_offset 0
ARM GAS  T:\msys\tmp\ccvJmOmt.s 			page 11


 332 0044 7047     		bx	lr
 333              	.LVL21:
 334              	.L20:
 221:D:/fchai/work/i-cube/I-CUBE-HUAWEI/Drivers/STM32L4xx_HAL_Driver/Src\stm32l4xx_hal_i2c_ex.c ****   }
 335              		.loc 1 221 12 view .LVU103
 336 0046 0220     		movs	r0, #2
 337              	.LVL22:
 338              		.loc 1 223 1 view .LVU104
 339 0048 7047     		bx	lr
 340              	.LVL23:
 341              	.L21:
 342              	.LCFI10:
 343              		.cfi_def_cfa_offset 8
 344              		.cfi_offset 4, -8
 345              		.cfi_offset 5, -4
 221:D:/fchai/work/i-cube/I-CUBE-HUAWEI/Drivers/STM32L4xx_HAL_Driver/Src\stm32l4xx_hal_i2c_ex.c ****   }
 346              		.loc 1 221 12 view .LVU105
 347 004a 0220     		movs	r0, #2
 348              	.LVL24:
 349              		.loc 1 223 1 view .LVU106
 350 004c 30BC     		pop	{r4, r5}
 351              	.LCFI11:
 352              		.cfi_restore 5
 353              		.cfi_restore 4
 354              		.cfi_def_cfa_offset 0
 355 004e 7047     		bx	lr
 356              		.cfi_endproc
 357              	.LFE125:
 359              		.section	.text.HAL_I2CEx_DisableWakeUp,"ax",%progbits
 360              		.align	1
 361              		.p2align 2,,3
 362              		.global	HAL_I2CEx_DisableWakeUp
 363              		.syntax unified
 364              		.thumb
 365              		.thumb_func
 366              		.fpu fpv4-sp-d16
 368              	HAL_I2CEx_DisableWakeUp:
 369              	.LVL25:
 370              	.LFB126:
 224:D:/fchai/work/i-cube/I-CUBE-HUAWEI/Drivers/STM32L4xx_HAL_Driver/Src\stm32l4xx_hal_i2c_ex.c **** 
 225:D:/fchai/work/i-cube/I-CUBE-HUAWEI/Drivers/STM32L4xx_HAL_Driver/Src\stm32l4xx_hal_i2c_ex.c **** /**
 226:D:/fchai/work/i-cube/I-CUBE-HUAWEI/Drivers/STM32L4xx_HAL_Driver/Src\stm32l4xx_hal_i2c_ex.c ****   * @brief  Disable I2C wakeup from Stop mode(s).
 227:D:/fchai/work/i-cube/I-CUBE-HUAWEI/Drivers/STM32L4xx_HAL_Driver/Src\stm32l4xx_hal_i2c_ex.c ****   * @param  hi2c Pointer to a I2C_HandleTypeDef structure that contains
 228:D:/fchai/work/i-cube/I-CUBE-HUAWEI/Drivers/STM32L4xx_HAL_Driver/Src\stm32l4xx_hal_i2c_ex.c ****   *                the configuration information for the specified I2Cx peripheral.
 229:D:/fchai/work/i-cube/I-CUBE-HUAWEI/Drivers/STM32L4xx_HAL_Driver/Src\stm32l4xx_hal_i2c_ex.c ****   * @retval HAL status
 230:D:/fchai/work/i-cube/I-CUBE-HUAWEI/Drivers/STM32L4xx_HAL_Driver/Src\stm32l4xx_hal_i2c_ex.c ****   */
 231:D:/fchai/work/i-cube/I-CUBE-HUAWEI/Drivers/STM32L4xx_HAL_Driver/Src\stm32l4xx_hal_i2c_ex.c **** HAL_StatusTypeDef HAL_I2CEx_DisableWakeUp(I2C_HandleTypeDef *hi2c)
 232:D:/fchai/work/i-cube/I-CUBE-HUAWEI/Drivers/STM32L4xx_HAL_Driver/Src\stm32l4xx_hal_i2c_ex.c **** {
 371              		.loc 1 232 1 is_stmt 1 view -0
 372              		.cfi_startproc
 373              		@ args = 0, pretend = 0, frame = 0
 374              		@ frame_needed = 0, uses_anonymous_args = 0
 375              		@ link register save eliminated.
 233:D:/fchai/work/i-cube/I-CUBE-HUAWEI/Drivers/STM32L4xx_HAL_Driver/Src\stm32l4xx_hal_i2c_ex.c ****   /* Check the parameters */
 234:D:/fchai/work/i-cube/I-CUBE-HUAWEI/Drivers/STM32L4xx_HAL_Driver/Src\stm32l4xx_hal_i2c_ex.c ****   assert_param(IS_I2C_WAKEUP_FROMSTOP_INSTANCE(hi2c->Instance));
 376              		.loc 1 234 3 view .LVU108
 235:D:/fchai/work/i-cube/I-CUBE-HUAWEI/Drivers/STM32L4xx_HAL_Driver/Src\stm32l4xx_hal_i2c_ex.c **** 
ARM GAS  T:\msys\tmp\ccvJmOmt.s 			page 12


 236:D:/fchai/work/i-cube/I-CUBE-HUAWEI/Drivers/STM32L4xx_HAL_Driver/Src\stm32l4xx_hal_i2c_ex.c ****   if (hi2c->State == HAL_I2C_STATE_READY)
 377              		.loc 1 236 3 view .LVU109
 378              		.loc 1 236 11 is_stmt 0 view .LVU110
 379 0000 90F84120 		ldrb	r2, [r0, #65]	@ zero_extendqisi2
 380              		.loc 1 236 6 view .LVU111
 381 0004 202A     		cmp	r2, #32
 382 0006 1ED1     		bne	.L28
 232:D:/fchai/work/i-cube/I-CUBE-HUAWEI/Drivers/STM32L4xx_HAL_Driver/Src\stm32l4xx_hal_i2c_ex.c ****   /* Check the parameters */
 383              		.loc 1 232 1 view .LVU112
 384 0008 30B4     		push	{r4, r5}
 385              	.LCFI12:
 386              		.cfi_def_cfa_offset 8
 387              		.cfi_offset 4, -8
 388              		.cfi_offset 5, -4
 389 000a D5B2     		uxtb	r5, r2
 237:D:/fchai/work/i-cube/I-CUBE-HUAWEI/Drivers/STM32L4xx_HAL_Driver/Src\stm32l4xx_hal_i2c_ex.c ****   {
 238:D:/fchai/work/i-cube/I-CUBE-HUAWEI/Drivers/STM32L4xx_HAL_Driver/Src\stm32l4xx_hal_i2c_ex.c ****     /* Process Locked */
 239:D:/fchai/work/i-cube/I-CUBE-HUAWEI/Drivers/STM32L4xx_HAL_Driver/Src\stm32l4xx_hal_i2c_ex.c ****     __HAL_LOCK(hi2c);
 390              		.loc 1 239 5 is_stmt 1 view .LVU113
 391              		.loc 1 239 5 view .LVU114
 392 000c 90F84020 		ldrb	r2, [r0, #64]	@ zero_extendqisi2
 393 0010 012A     		cmp	r2, #1
 394 0012 0346     		mov	r3, r0
 395 0014 19D0     		beq	.L29
 396              		.loc 1 239 5 discriminator 2 view .LVU115
 397              		.loc 1 239 5 discriminator 2 view .LVU116
 240:D:/fchai/work/i-cube/I-CUBE-HUAWEI/Drivers/STM32L4xx_HAL_Driver/Src\stm32l4xx_hal_i2c_ex.c **** 
 241:D:/fchai/work/i-cube/I-CUBE-HUAWEI/Drivers/STM32L4xx_HAL_Driver/Src\stm32l4xx_hal_i2c_ex.c ****     hi2c->State = HAL_I2C_STATE_BUSY;
 398              		.loc 1 241 5 discriminator 2 view .LVU117
 242:D:/fchai/work/i-cube/I-CUBE-HUAWEI/Drivers/STM32L4xx_HAL_Driver/Src\stm32l4xx_hal_i2c_ex.c **** 
 243:D:/fchai/work/i-cube/I-CUBE-HUAWEI/Drivers/STM32L4xx_HAL_Driver/Src\stm32l4xx_hal_i2c_ex.c ****     /* Disable the selected I2C peripheral */
 244:D:/fchai/work/i-cube/I-CUBE-HUAWEI/Drivers/STM32L4xx_HAL_Driver/Src\stm32l4xx_hal_i2c_ex.c ****     __HAL_I2C_DISABLE(hi2c);
 399              		.loc 1 244 5 is_stmt 0 discriminator 2 view .LVU118
 400 0016 0268     		ldr	r2, [r0]
 241:D:/fchai/work/i-cube/I-CUBE-HUAWEI/Drivers/STM32L4xx_HAL_Driver/Src\stm32l4xx_hal_i2c_ex.c **** 
 401              		.loc 1 241 17 discriminator 2 view .LVU119
 402 0018 2421     		movs	r1, #36
 403 001a 80F84110 		strb	r1, [r0, #65]
 404              		.loc 1 244 5 is_stmt 1 discriminator 2 view .LVU120
 405 001e 1168     		ldr	r1, [r2]
 406 0020 21F00101 		bic	r1, r1, #1
 407 0024 1160     		str	r1, [r2]
 245:D:/fchai/work/i-cube/I-CUBE-HUAWEI/Drivers/STM32L4xx_HAL_Driver/Src\stm32l4xx_hal_i2c_ex.c **** 
 246:D:/fchai/work/i-cube/I-CUBE-HUAWEI/Drivers/STM32L4xx_HAL_Driver/Src\stm32l4xx_hal_i2c_ex.c ****     /* Enable wakeup from stop mode */
 247:D:/fchai/work/i-cube/I-CUBE-HUAWEI/Drivers/STM32L4xx_HAL_Driver/Src\stm32l4xx_hal_i2c_ex.c ****     hi2c->Instance->CR1 &= ~(I2C_CR1_WUPEN);
 408              		.loc 1 247 5 discriminator 2 view .LVU121
 409              		.loc 1 247 25 is_stmt 0 discriminator 2 view .LVU122
 410 0026 1168     		ldr	r1, [r2]
 411 0028 21F48021 		bic	r1, r1, #262144
 412 002c 1160     		str	r1, [r2]
 248:D:/fchai/work/i-cube/I-CUBE-HUAWEI/Drivers/STM32L4xx_HAL_Driver/Src\stm32l4xx_hal_i2c_ex.c **** 
 249:D:/fchai/work/i-cube/I-CUBE-HUAWEI/Drivers/STM32L4xx_HAL_Driver/Src\stm32l4xx_hal_i2c_ex.c ****     __HAL_I2C_ENABLE(hi2c);
 413              		.loc 1 249 5 is_stmt 1 discriminator 2 view .LVU123
 414 002e 1168     		ldr	r1, [r2]
 250:D:/fchai/work/i-cube/I-CUBE-HUAWEI/Drivers/STM32L4xx_HAL_Driver/Src\stm32l4xx_hal_i2c_ex.c **** 
 251:D:/fchai/work/i-cube/I-CUBE-HUAWEI/Drivers/STM32L4xx_HAL_Driver/Src\stm32l4xx_hal_i2c_ex.c ****     hi2c->State = HAL_I2C_STATE_READY;
 252:D:/fchai/work/i-cube/I-CUBE-HUAWEI/Drivers/STM32L4xx_HAL_Driver/Src\stm32l4xx_hal_i2c_ex.c **** 
ARM GAS  T:\msys\tmp\ccvJmOmt.s 			page 13


 253:D:/fchai/work/i-cube/I-CUBE-HUAWEI/Drivers/STM32L4xx_HAL_Driver/Src\stm32l4xx_hal_i2c_ex.c ****     /* Process Unlocked */
 254:D:/fchai/work/i-cube/I-CUBE-HUAWEI/Drivers/STM32L4xx_HAL_Driver/Src\stm32l4xx_hal_i2c_ex.c ****     __HAL_UNLOCK(hi2c);
 415              		.loc 1 254 5 is_stmt 0 discriminator 2 view .LVU124
 416 0030 0024     		movs	r4, #0
 249:D:/fchai/work/i-cube/I-CUBE-HUAWEI/Drivers/STM32L4xx_HAL_Driver/Src\stm32l4xx_hal_i2c_ex.c **** 
 417              		.loc 1 249 5 discriminator 2 view .LVU125
 418 0032 41F00101 		orr	r1, r1, #1
 419 0036 1160     		str	r1, [r2]
 251:D:/fchai/work/i-cube/I-CUBE-HUAWEI/Drivers/STM32L4xx_HAL_Driver/Src\stm32l4xx_hal_i2c_ex.c **** 
 420              		.loc 1 251 5 is_stmt 1 discriminator 2 view .LVU126
 251:D:/fchai/work/i-cube/I-CUBE-HUAWEI/Drivers/STM32L4xx_HAL_Driver/Src\stm32l4xx_hal_i2c_ex.c **** 
 421              		.loc 1 251 17 is_stmt 0 discriminator 2 view .LVU127
 422 0038 83F84150 		strb	r5, [r3, #65]
 423              		.loc 1 254 5 is_stmt 1 discriminator 2 view .LVU128
 424              		.loc 1 254 5 discriminator 2 view .LVU129
 425 003c 83F84040 		strb	r4, [r3, #64]
 426              		.loc 1 254 5 discriminator 2 view .LVU130
 255:D:/fchai/work/i-cube/I-CUBE-HUAWEI/Drivers/STM32L4xx_HAL_Driver/Src\stm32l4xx_hal_i2c_ex.c **** 
 256:D:/fchai/work/i-cube/I-CUBE-HUAWEI/Drivers/STM32L4xx_HAL_Driver/Src\stm32l4xx_hal_i2c_ex.c ****     return HAL_OK;
 427              		.loc 1 256 5 discriminator 2 view .LVU131
 428              		.loc 1 256 12 is_stmt 0 discriminator 2 view .LVU132
 429 0040 2046     		mov	r0, r4
 430              	.LVL26:
 257:D:/fchai/work/i-cube/I-CUBE-HUAWEI/Drivers/STM32L4xx_HAL_Driver/Src\stm32l4xx_hal_i2c_ex.c ****   }
 258:D:/fchai/work/i-cube/I-CUBE-HUAWEI/Drivers/STM32L4xx_HAL_Driver/Src\stm32l4xx_hal_i2c_ex.c ****   else
 259:D:/fchai/work/i-cube/I-CUBE-HUAWEI/Drivers/STM32L4xx_HAL_Driver/Src\stm32l4xx_hal_i2c_ex.c ****   {
 260:D:/fchai/work/i-cube/I-CUBE-HUAWEI/Drivers/STM32L4xx_HAL_Driver/Src\stm32l4xx_hal_i2c_ex.c ****     return HAL_BUSY;
 261:D:/fchai/work/i-cube/I-CUBE-HUAWEI/Drivers/STM32L4xx_HAL_Driver/Src\stm32l4xx_hal_i2c_ex.c ****   }
 262:D:/fchai/work/i-cube/I-CUBE-HUAWEI/Drivers/STM32L4xx_HAL_Driver/Src\stm32l4xx_hal_i2c_ex.c **** }
 431              		.loc 1 262 1 discriminator 2 view .LVU133
 432 0042 30BC     		pop	{r4, r5}
 433              	.LCFI13:
 434              		.cfi_restore 5
 435              		.cfi_restore 4
 436              		.cfi_def_cfa_offset 0
 437 0044 7047     		bx	lr
 438              	.LVL27:
 439              	.L28:
 260:D:/fchai/work/i-cube/I-CUBE-HUAWEI/Drivers/STM32L4xx_HAL_Driver/Src\stm32l4xx_hal_i2c_ex.c ****   }
 440              		.loc 1 260 12 view .LVU134
 441 0046 0220     		movs	r0, #2
 442              	.LVL28:
 443              		.loc 1 262 1 view .LVU135
 444 0048 7047     		bx	lr
 445              	.LVL29:
 446              	.L29:
 447              	.LCFI14:
 448              		.cfi_def_cfa_offset 8
 449              		.cfi_offset 4, -8
 450              		.cfi_offset 5, -4
 260:D:/fchai/work/i-cube/I-CUBE-HUAWEI/Drivers/STM32L4xx_HAL_Driver/Src\stm32l4xx_hal_i2c_ex.c ****   }
 451              		.loc 1 260 12 view .LVU136
 452 004a 0220     		movs	r0, #2
 453              	.LVL30:
 454              		.loc 1 262 1 view .LVU137
 455 004c 30BC     		pop	{r4, r5}
 456              	.LCFI15:
ARM GAS  T:\msys\tmp\ccvJmOmt.s 			page 14


 457              		.cfi_restore 5
 458              		.cfi_restore 4
 459              		.cfi_def_cfa_offset 0
 460 004e 7047     		bx	lr
 461              		.cfi_endproc
 462              	.LFE126:
 464              		.section	.text.HAL_I2CEx_EnableFastModePlus,"ax",%progbits
 465              		.align	1
 466              		.p2align 2,,3
 467              		.global	HAL_I2CEx_EnableFastModePlus
 468              		.syntax unified
 469              		.thumb
 470              		.thumb_func
 471              		.fpu fpv4-sp-d16
 473              	HAL_I2CEx_EnableFastModePlus:
 474              	.LVL31:
 475              	.LFB127:
 263:D:/fchai/work/i-cube/I-CUBE-HUAWEI/Drivers/STM32L4xx_HAL_Driver/Src\stm32l4xx_hal_i2c_ex.c **** 
 264:D:/fchai/work/i-cube/I-CUBE-HUAWEI/Drivers/STM32L4xx_HAL_Driver/Src\stm32l4xx_hal_i2c_ex.c **** /**
 265:D:/fchai/work/i-cube/I-CUBE-HUAWEI/Drivers/STM32L4xx_HAL_Driver/Src\stm32l4xx_hal_i2c_ex.c ****   * @brief Enable the I2C fast mode plus driving capability.
 266:D:/fchai/work/i-cube/I-CUBE-HUAWEI/Drivers/STM32L4xx_HAL_Driver/Src\stm32l4xx_hal_i2c_ex.c ****   * @param ConfigFastModePlus Selects the pin.
 267:D:/fchai/work/i-cube/I-CUBE-HUAWEI/Drivers/STM32L4xx_HAL_Driver/Src\stm32l4xx_hal_i2c_ex.c ****   *   This parameter can be one of the @ref I2CEx_FastModePlus values
 268:D:/fchai/work/i-cube/I-CUBE-HUAWEI/Drivers/STM32L4xx_HAL_Driver/Src\stm32l4xx_hal_i2c_ex.c ****   * @note  For I2C1, fast mode plus driving capability can be enabled on all selected
 269:D:/fchai/work/i-cube/I-CUBE-HUAWEI/Drivers/STM32L4xx_HAL_Driver/Src\stm32l4xx_hal_i2c_ex.c ****   *        I2C1 pins using I2C_FASTMODEPLUS_I2C1 parameter or independently
 270:D:/fchai/work/i-cube/I-CUBE-HUAWEI/Drivers/STM32L4xx_HAL_Driver/Src\stm32l4xx_hal_i2c_ex.c ****   *        on each one of the following pins PB6, PB7, PB8 and PB9.
 271:D:/fchai/work/i-cube/I-CUBE-HUAWEI/Drivers/STM32L4xx_HAL_Driver/Src\stm32l4xx_hal_i2c_ex.c ****   * @note  For remaining I2C1 pins (PA14, PA15...) fast mode plus driving capability
 272:D:/fchai/work/i-cube/I-CUBE-HUAWEI/Drivers/STM32L4xx_HAL_Driver/Src\stm32l4xx_hal_i2c_ex.c ****   *        can be enabled only by using I2C_FASTMODEPLUS_I2C1 parameter.
 273:D:/fchai/work/i-cube/I-CUBE-HUAWEI/Drivers/STM32L4xx_HAL_Driver/Src\stm32l4xx_hal_i2c_ex.c ****   * @note  For all I2C2 pins fast mode plus driving capability can be enabled
 274:D:/fchai/work/i-cube/I-CUBE-HUAWEI/Drivers/STM32L4xx_HAL_Driver/Src\stm32l4xx_hal_i2c_ex.c ****   *        only by using I2C_FASTMODEPLUS_I2C2 parameter.
 275:D:/fchai/work/i-cube/I-CUBE-HUAWEI/Drivers/STM32L4xx_HAL_Driver/Src\stm32l4xx_hal_i2c_ex.c ****   * @note  For all I2C3 pins fast mode plus driving capability can be enabled
 276:D:/fchai/work/i-cube/I-CUBE-HUAWEI/Drivers/STM32L4xx_HAL_Driver/Src\stm32l4xx_hal_i2c_ex.c ****   *        only by using I2C_FASTMODEPLUS_I2C3 parameter.
 277:D:/fchai/work/i-cube/I-CUBE-HUAWEI/Drivers/STM32L4xx_HAL_Driver/Src\stm32l4xx_hal_i2c_ex.c ****   * @note  For all I2C4 pins fast mode plus driving capability can be enabled
 278:D:/fchai/work/i-cube/I-CUBE-HUAWEI/Drivers/STM32L4xx_HAL_Driver/Src\stm32l4xx_hal_i2c_ex.c ****   *        only by using I2C_FASTMODEPLUS_I2C4 parameter.
 279:D:/fchai/work/i-cube/I-CUBE-HUAWEI/Drivers/STM32L4xx_HAL_Driver/Src\stm32l4xx_hal_i2c_ex.c ****   * @retval None
 280:D:/fchai/work/i-cube/I-CUBE-HUAWEI/Drivers/STM32L4xx_HAL_Driver/Src\stm32l4xx_hal_i2c_ex.c ****   */
 281:D:/fchai/work/i-cube/I-CUBE-HUAWEI/Drivers/STM32L4xx_HAL_Driver/Src\stm32l4xx_hal_i2c_ex.c **** void HAL_I2CEx_EnableFastModePlus(uint32_t ConfigFastModePlus)
 282:D:/fchai/work/i-cube/I-CUBE-HUAWEI/Drivers/STM32L4xx_HAL_Driver/Src\stm32l4xx_hal_i2c_ex.c **** {
 476              		.loc 1 282 1 is_stmt 1 view -0
 477              		.cfi_startproc
 478              		@ args = 0, pretend = 0, frame = 8
 479              		@ frame_needed = 0, uses_anonymous_args = 0
 480              		@ link register save eliminated.
 283:D:/fchai/work/i-cube/I-CUBE-HUAWEI/Drivers/STM32L4xx_HAL_Driver/Src\stm32l4xx_hal_i2c_ex.c ****   /* Check the parameter */
 284:D:/fchai/work/i-cube/I-CUBE-HUAWEI/Drivers/STM32L4xx_HAL_Driver/Src\stm32l4xx_hal_i2c_ex.c ****   assert_param(IS_I2C_FASTMODEPLUS(ConfigFastModePlus));
 481              		.loc 1 284 3 view .LVU139
 285:D:/fchai/work/i-cube/I-CUBE-HUAWEI/Drivers/STM32L4xx_HAL_Driver/Src\stm32l4xx_hal_i2c_ex.c **** 
 286:D:/fchai/work/i-cube/I-CUBE-HUAWEI/Drivers/STM32L4xx_HAL_Driver/Src\stm32l4xx_hal_i2c_ex.c ****   /* Enable SYSCFG clock */
 287:D:/fchai/work/i-cube/I-CUBE-HUAWEI/Drivers/STM32L4xx_HAL_Driver/Src\stm32l4xx_hal_i2c_ex.c ****   __HAL_RCC_SYSCFG_CLK_ENABLE();
 482              		.loc 1 287 3 view .LVU140
 483              	.LBB2:
 484              		.loc 1 287 3 view .LVU141
 485              		.loc 1 287 3 view .LVU142
 486 0000 084B     		ldr	r3, .L36
 487              	.LBE2:
 288:D:/fchai/work/i-cube/I-CUBE-HUAWEI/Drivers/STM32L4xx_HAL_Driver/Src\stm32l4xx_hal_i2c_ex.c **** 
 289:D:/fchai/work/i-cube/I-CUBE-HUAWEI/Drivers/STM32L4xx_HAL_Driver/Src\stm32l4xx_hal_i2c_ex.c ****   /* Enable fast mode plus driving capability for selected pin */
 290:D:/fchai/work/i-cube/I-CUBE-HUAWEI/Drivers/STM32L4xx_HAL_Driver/Src\stm32l4xx_hal_i2c_ex.c ****   SET_BIT(SYSCFG->CFGR1, (uint32_t)ConfigFastModePlus);
ARM GAS  T:\msys\tmp\ccvJmOmt.s 			page 15


 488              		.loc 1 290 3 is_stmt 0 view .LVU143
 489 0002 0949     		ldr	r1, .L36+4
 490              	.LBB3:
 287:D:/fchai/work/i-cube/I-CUBE-HUAWEI/Drivers/STM32L4xx_HAL_Driver/Src\stm32l4xx_hal_i2c_ex.c **** 
 491              		.loc 1 287 3 view .LVU144
 492 0004 1A6E     		ldr	r2, [r3, #96]
 493 0006 42F00102 		orr	r2, r2, #1
 494 000a 1A66     		str	r2, [r3, #96]
 287:D:/fchai/work/i-cube/I-CUBE-HUAWEI/Drivers/STM32L4xx_HAL_Driver/Src\stm32l4xx_hal_i2c_ex.c **** 
 495              		.loc 1 287 3 is_stmt 1 view .LVU145
 496 000c 1B6E     		ldr	r3, [r3, #96]
 497              	.LBE3:
 282:D:/fchai/work/i-cube/I-CUBE-HUAWEI/Drivers/STM32L4xx_HAL_Driver/Src\stm32l4xx_hal_i2c_ex.c ****   /* Check the parameter */
 498              		.loc 1 282 1 is_stmt 0 view .LVU146
 499 000e 82B0     		sub	sp, sp, #8
 500              	.LCFI16:
 501              		.cfi_def_cfa_offset 8
 502              	.LBB4:
 287:D:/fchai/work/i-cube/I-CUBE-HUAWEI/Drivers/STM32L4xx_HAL_Driver/Src\stm32l4xx_hal_i2c_ex.c **** 
 503              		.loc 1 287 3 view .LVU147
 504 0010 03F00103 		and	r3, r3, #1
 505 0014 0193     		str	r3, [sp, #4]
 287:D:/fchai/work/i-cube/I-CUBE-HUAWEI/Drivers/STM32L4xx_HAL_Driver/Src\stm32l4xx_hal_i2c_ex.c **** 
 506              		.loc 1 287 3 is_stmt 1 view .LVU148
 507 0016 019B     		ldr	r3, [sp, #4]
 508              	.LBE4:
 287:D:/fchai/work/i-cube/I-CUBE-HUAWEI/Drivers/STM32L4xx_HAL_Driver/Src\stm32l4xx_hal_i2c_ex.c **** 
 509              		.loc 1 287 3 view .LVU149
 510              		.loc 1 290 3 view .LVU150
 511 0018 4B68     		ldr	r3, [r1, #4]
 512 001a 1843     		orrs	r0, r0, r3
 513              	.LVL32:
 514              		.loc 1 290 3 is_stmt 0 view .LVU151
 515 001c 4860     		str	r0, [r1, #4]
 291:D:/fchai/work/i-cube/I-CUBE-HUAWEI/Drivers/STM32L4xx_HAL_Driver/Src\stm32l4xx_hal_i2c_ex.c **** }
 516              		.loc 1 291 1 view .LVU152
 517 001e 02B0     		add	sp, sp, #8
 518              	.LCFI17:
 519              		.cfi_def_cfa_offset 0
 520              		@ sp needed
 521 0020 7047     		bx	lr
 522              	.L37:
 523 0022 00BF     		.align	2
 524              	.L36:
 525 0024 00100240 		.word	1073876992
 526 0028 00000140 		.word	1073807360
 527              		.cfi_endproc
 528              	.LFE127:
 530              		.section	.text.HAL_I2CEx_DisableFastModePlus,"ax",%progbits
 531              		.align	1
 532              		.p2align 2,,3
 533              		.global	HAL_I2CEx_DisableFastModePlus
 534              		.syntax unified
 535              		.thumb
 536              		.thumb_func
 537              		.fpu fpv4-sp-d16
 539              	HAL_I2CEx_DisableFastModePlus:
ARM GAS  T:\msys\tmp\ccvJmOmt.s 			page 16


 540              	.LVL33:
 541              	.LFB128:
 292:D:/fchai/work/i-cube/I-CUBE-HUAWEI/Drivers/STM32L4xx_HAL_Driver/Src\stm32l4xx_hal_i2c_ex.c **** 
 293:D:/fchai/work/i-cube/I-CUBE-HUAWEI/Drivers/STM32L4xx_HAL_Driver/Src\stm32l4xx_hal_i2c_ex.c **** /**
 294:D:/fchai/work/i-cube/I-CUBE-HUAWEI/Drivers/STM32L4xx_HAL_Driver/Src\stm32l4xx_hal_i2c_ex.c ****   * @brief Disable the I2C fast mode plus driving capability.
 295:D:/fchai/work/i-cube/I-CUBE-HUAWEI/Drivers/STM32L4xx_HAL_Driver/Src\stm32l4xx_hal_i2c_ex.c ****   * @param ConfigFastModePlus Selects the pin.
 296:D:/fchai/work/i-cube/I-CUBE-HUAWEI/Drivers/STM32L4xx_HAL_Driver/Src\stm32l4xx_hal_i2c_ex.c ****   *   This parameter can be one of the @ref I2CEx_FastModePlus values
 297:D:/fchai/work/i-cube/I-CUBE-HUAWEI/Drivers/STM32L4xx_HAL_Driver/Src\stm32l4xx_hal_i2c_ex.c ****   * @note  For I2C1, fast mode plus driving capability can be disabled on all selected
 298:D:/fchai/work/i-cube/I-CUBE-HUAWEI/Drivers/STM32L4xx_HAL_Driver/Src\stm32l4xx_hal_i2c_ex.c ****   *        I2C1 pins using I2C_FASTMODEPLUS_I2C1 parameter or independently
 299:D:/fchai/work/i-cube/I-CUBE-HUAWEI/Drivers/STM32L4xx_HAL_Driver/Src\stm32l4xx_hal_i2c_ex.c ****   *        on each one of the following pins PB6, PB7, PB8 and PB9.
 300:D:/fchai/work/i-cube/I-CUBE-HUAWEI/Drivers/STM32L4xx_HAL_Driver/Src\stm32l4xx_hal_i2c_ex.c ****   * @note  For remaining I2C1 pins (PA14, PA15...) fast mode plus driving capability
 301:D:/fchai/work/i-cube/I-CUBE-HUAWEI/Drivers/STM32L4xx_HAL_Driver/Src\stm32l4xx_hal_i2c_ex.c ****   *        can be disabled only by using I2C_FASTMODEPLUS_I2C1 parameter.
 302:D:/fchai/work/i-cube/I-CUBE-HUAWEI/Drivers/STM32L4xx_HAL_Driver/Src\stm32l4xx_hal_i2c_ex.c ****   * @note  For all I2C2 pins fast mode plus driving capability can be disabled
 303:D:/fchai/work/i-cube/I-CUBE-HUAWEI/Drivers/STM32L4xx_HAL_Driver/Src\stm32l4xx_hal_i2c_ex.c ****   *        only by using I2C_FASTMODEPLUS_I2C2 parameter.
 304:D:/fchai/work/i-cube/I-CUBE-HUAWEI/Drivers/STM32L4xx_HAL_Driver/Src\stm32l4xx_hal_i2c_ex.c ****   * @note  For all I2C3 pins fast mode plus driving capability can be disabled
 305:D:/fchai/work/i-cube/I-CUBE-HUAWEI/Drivers/STM32L4xx_HAL_Driver/Src\stm32l4xx_hal_i2c_ex.c ****   *        only by using I2C_FASTMODEPLUS_I2C3 parameter.
 306:D:/fchai/work/i-cube/I-CUBE-HUAWEI/Drivers/STM32L4xx_HAL_Driver/Src\stm32l4xx_hal_i2c_ex.c ****   * @note  For all I2C4 pins fast mode plus driving capability can be disabled
 307:D:/fchai/work/i-cube/I-CUBE-HUAWEI/Drivers/STM32L4xx_HAL_Driver/Src\stm32l4xx_hal_i2c_ex.c ****   *        only by using I2C_FASTMODEPLUS_I2C4 parameter.
 308:D:/fchai/work/i-cube/I-CUBE-HUAWEI/Drivers/STM32L4xx_HAL_Driver/Src\stm32l4xx_hal_i2c_ex.c ****   * @retval None
 309:D:/fchai/work/i-cube/I-CUBE-HUAWEI/Drivers/STM32L4xx_HAL_Driver/Src\stm32l4xx_hal_i2c_ex.c ****   */
 310:D:/fchai/work/i-cube/I-CUBE-HUAWEI/Drivers/STM32L4xx_HAL_Driver/Src\stm32l4xx_hal_i2c_ex.c **** void HAL_I2CEx_DisableFastModePlus(uint32_t ConfigFastModePlus)
 311:D:/fchai/work/i-cube/I-CUBE-HUAWEI/Drivers/STM32L4xx_HAL_Driver/Src\stm32l4xx_hal_i2c_ex.c **** {
 542              		.loc 1 311 1 is_stmt 1 view -0
 543              		.cfi_startproc
 544              		@ args = 0, pretend = 0, frame = 8
 545              		@ frame_needed = 0, uses_anonymous_args = 0
 546              		@ link register save eliminated.
 312:D:/fchai/work/i-cube/I-CUBE-HUAWEI/Drivers/STM32L4xx_HAL_Driver/Src\stm32l4xx_hal_i2c_ex.c ****   /* Check the parameter */
 313:D:/fchai/work/i-cube/I-CUBE-HUAWEI/Drivers/STM32L4xx_HAL_Driver/Src\stm32l4xx_hal_i2c_ex.c ****   assert_param(IS_I2C_FASTMODEPLUS(ConfigFastModePlus));
 547              		.loc 1 313 3 view .LVU154
 314:D:/fchai/work/i-cube/I-CUBE-HUAWEI/Drivers/STM32L4xx_HAL_Driver/Src\stm32l4xx_hal_i2c_ex.c **** 
 315:D:/fchai/work/i-cube/I-CUBE-HUAWEI/Drivers/STM32L4xx_HAL_Driver/Src\stm32l4xx_hal_i2c_ex.c ****   /* Enable SYSCFG clock */
 316:D:/fchai/work/i-cube/I-CUBE-HUAWEI/Drivers/STM32L4xx_HAL_Driver/Src\stm32l4xx_hal_i2c_ex.c ****   __HAL_RCC_SYSCFG_CLK_ENABLE();
 548              		.loc 1 316 3 view .LVU155
 549              	.LBB5:
 550              		.loc 1 316 3 view .LVU156
 551              		.loc 1 316 3 view .LVU157
 552 0000 084B     		ldr	r3, .L40
 553              	.LBE5:
 317:D:/fchai/work/i-cube/I-CUBE-HUAWEI/Drivers/STM32L4xx_HAL_Driver/Src\stm32l4xx_hal_i2c_ex.c **** 
 318:D:/fchai/work/i-cube/I-CUBE-HUAWEI/Drivers/STM32L4xx_HAL_Driver/Src\stm32l4xx_hal_i2c_ex.c ****   /* Disable fast mode plus driving capability for selected pin */
 319:D:/fchai/work/i-cube/I-CUBE-HUAWEI/Drivers/STM32L4xx_HAL_Driver/Src\stm32l4xx_hal_i2c_ex.c ****   CLEAR_BIT(SYSCFG->CFGR1, (uint32_t)ConfigFastModePlus);
 554              		.loc 1 319 3 is_stmt 0 view .LVU158
 555 0002 0949     		ldr	r1, .L40+4
 556              	.LBB6:
 316:D:/fchai/work/i-cube/I-CUBE-HUAWEI/Drivers/STM32L4xx_HAL_Driver/Src\stm32l4xx_hal_i2c_ex.c **** 
 557              		.loc 1 316 3 view .LVU159
 558 0004 1A6E     		ldr	r2, [r3, #96]
 559 0006 42F00102 		orr	r2, r2, #1
 560 000a 1A66     		str	r2, [r3, #96]
 316:D:/fchai/work/i-cube/I-CUBE-HUAWEI/Drivers/STM32L4xx_HAL_Driver/Src\stm32l4xx_hal_i2c_ex.c **** 
 561              		.loc 1 316 3 is_stmt 1 view .LVU160
 562 000c 1B6E     		ldr	r3, [r3, #96]
 563              	.LBE6:
 311:D:/fchai/work/i-cube/I-CUBE-HUAWEI/Drivers/STM32L4xx_HAL_Driver/Src\stm32l4xx_hal_i2c_ex.c ****   /* Check the parameter */
 564              		.loc 1 311 1 is_stmt 0 view .LVU161
 565 000e 82B0     		sub	sp, sp, #8
ARM GAS  T:\msys\tmp\ccvJmOmt.s 			page 17


 566              	.LCFI18:
 567              		.cfi_def_cfa_offset 8
 568              	.LBB7:
 316:D:/fchai/work/i-cube/I-CUBE-HUAWEI/Drivers/STM32L4xx_HAL_Driver/Src\stm32l4xx_hal_i2c_ex.c **** 
 569              		.loc 1 316 3 view .LVU162
 570 0010 03F00103 		and	r3, r3, #1
 571 0014 0193     		str	r3, [sp, #4]
 316:D:/fchai/work/i-cube/I-CUBE-HUAWEI/Drivers/STM32L4xx_HAL_Driver/Src\stm32l4xx_hal_i2c_ex.c **** 
 572              		.loc 1 316 3 is_stmt 1 view .LVU163
 573 0016 019B     		ldr	r3, [sp, #4]
 574              	.LBE7:
 316:D:/fchai/work/i-cube/I-CUBE-HUAWEI/Drivers/STM32L4xx_HAL_Driver/Src\stm32l4xx_hal_i2c_ex.c **** 
 575              		.loc 1 316 3 view .LVU164
 576              		.loc 1 319 3 view .LVU165
 577 0018 4B68     		ldr	r3, [r1, #4]
 578 001a 23EA0000 		bic	r0, r3, r0
 579              	.LVL34:
 580              		.loc 1 319 3 is_stmt 0 view .LVU166
 581 001e 4860     		str	r0, [r1, #4]
 320:D:/fchai/work/i-cube/I-CUBE-HUAWEI/Drivers/STM32L4xx_HAL_Driver/Src\stm32l4xx_hal_i2c_ex.c **** }
 582              		.loc 1 320 1 view .LVU167
 583 0020 02B0     		add	sp, sp, #8
 584              	.LCFI19:
 585              		.cfi_def_cfa_offset 0
 586              		@ sp needed
 587 0022 7047     		bx	lr
 588              	.L41:
 589              		.align	2
 590              	.L40:
 591 0024 00100240 		.word	1073876992
 592 0028 00000140 		.word	1073807360
 593              		.cfi_endproc
 594              	.LFE128:
 596              		.text
 597              	.Letext0:
 598              		.file 2 "t:\\msys\\3rd\\gcc-arm-none-eabi-9-2020-q2-update-win32\\arm-none-eabi\\include\\machine\
 599              		.file 3 "t:\\msys\\3rd\\gcc-arm-none-eabi-9-2020-q2-update-win32\\arm-none-eabi\\include\\sys\\_st
 600              		.file 4 "D:/fchai/work/i-cube/I-CUBE-HUAWEI/Middlewares/Third_Party/Huawei/iot_link/os/liteos/arch
 601              		.file 5 "D:/fchai/work/i-cube/I-CUBE-HUAWEI/Drivers/CMSIS/Device/ST/STM32L4xx/Include/system_stm32
 602              		.file 6 "D:/fchai/work/i-cube/I-CUBE-HUAWEI/Drivers/CMSIS/Device/ST/STM32L4xx/Include/stm32l496xx.
 603              		.file 7 "D:/fchai/work/i-cube/I-CUBE-HUAWEI/Drivers/STM32L4xx_HAL_Driver/Inc/stm32l4xx_hal_def.h"
 604              		.file 8 "D:/fchai/work/i-cube/I-CUBE-HUAWEI/Drivers/STM32L4xx_HAL_Driver/Inc/stm32l4xx_hal_dma.h"
 605              		.file 9 "D:/fchai/work/i-cube/I-CUBE-HUAWEI/Drivers/STM32L4xx_HAL_Driver/Inc/stm32l4xx_hal_flash.h
 606              		.file 10 "D:/fchai/work/i-cube/I-CUBE-HUAWEI/Drivers/STM32L4xx_HAL_Driver/Inc/stm32l4xx_hal_i2c.h"
 607              		.file 11 "D:/fchai/work/i-cube/I-CUBE-HUAWEI/Drivers/STM32L4xx_HAL_Driver/Inc/stm32l4xx_hal.h"
ARM GAS  T:\msys\tmp\ccvJmOmt.s 			page 18


DEFINED SYMBOLS
                            *ABS*:00000000 stm32l4xx_hal_i2c_ex.c
T:\msys\tmp\ccvJmOmt.s:18     .text.HAL_I2CEx_ConfigAnalogFilter:00000000 $t
T:\msys\tmp\ccvJmOmt.s:27     .text.HAL_I2CEx_ConfigAnalogFilter:00000000 HAL_I2CEx_ConfigAnalogFilter
T:\msys\tmp\ccvJmOmt.s:134    .text.HAL_I2CEx_ConfigDigitalFilter:00000000 $t
T:\msys\tmp\ccvJmOmt.s:142    .text.HAL_I2CEx_ConfigDigitalFilter:00000000 HAL_I2CEx_ConfigDigitalFilter
T:\msys\tmp\ccvJmOmt.s:255    .text.HAL_I2CEx_EnableWakeUp:00000000 $t
T:\msys\tmp\ccvJmOmt.s:263    .text.HAL_I2CEx_EnableWakeUp:00000000 HAL_I2CEx_EnableWakeUp
T:\msys\tmp\ccvJmOmt.s:360    .text.HAL_I2CEx_DisableWakeUp:00000000 $t
T:\msys\tmp\ccvJmOmt.s:368    .text.HAL_I2CEx_DisableWakeUp:00000000 HAL_I2CEx_DisableWakeUp
T:\msys\tmp\ccvJmOmt.s:465    .text.HAL_I2CEx_EnableFastModePlus:00000000 $t
T:\msys\tmp\ccvJmOmt.s:473    .text.HAL_I2CEx_EnableFastModePlus:00000000 HAL_I2CEx_EnableFastModePlus
T:\msys\tmp\ccvJmOmt.s:525    .text.HAL_I2CEx_EnableFastModePlus:00000024 $d
T:\msys\tmp\ccvJmOmt.s:531    .text.HAL_I2CEx_DisableFastModePlus:00000000 $t
T:\msys\tmp\ccvJmOmt.s:539    .text.HAL_I2CEx_DisableFastModePlus:00000000 HAL_I2CEx_DisableFastModePlus
T:\msys\tmp\ccvJmOmt.s:591    .text.HAL_I2CEx_DisableFastModePlus:00000024 $d

NO UNDEFINED SYMBOLS
